 [ 2-20-2019, 12:57:56 AM ] info: /robots.txt
 [ 2-20-2019, 12:57:56 AM ] brower: mozilla/5.0 (compatible; mj12bot/v1.4.8; http://mj12bot.com/)
 [ 2-20-2019, 12:57:56 AM ] pid: 21717

 [ 2-20-2019, 12:58:00 AM ] info: /
 [ 2-20-2019, 12:58:00 AM ] brower: mozilla/5.0 (compatible; mj12bot/v1.4.8; http://mj12bot.com/)
 [ 2-20-2019, 12:58:00 AM ] pid: 21717

 [ 2-20-2019, 1:06:45 AM ] info: /mosc/
 [ 2-20-2019, 1:06:45 AM ] brower: mozilla/5.0 (windows nt 6.1; win64; x64) applewebkit/537.36 (khtml, like gecko) chrome/68.0.3440.106 safari/537.36
 [ 2-20-2019, 1:06:45 AM ] pid: 21717

 [ 2-20-2019, 1:06:45 AM ] info: /mosc/login
 [ 2-20-2019, 1:06:45 AM ] brower: mozilla/5.0 (windows nt 6.1; win64; x64) applewebkit/537.36 (khtml, like gecko) chrome/68.0.3440.106 safari/537.36
 [ 2-20-2019, 1:06:45 AM ] pid: 21717

 [ 2-20-2019, 1:06:56 AM ] info: /mosc/login
 [ 2-20-2019, 1:06:56 AM ] brower: mozilla/5.0 (windows nt 6.1; win64; x64) applewebkit/537.36 (khtml, like gecko) chrome/68.0.3440.106 safari/537.36
 [ 2-20-2019, 1:06:56 AM ] pid: 21717

 [ 2-20-2019, 1:06:56 AM ] info: /mosc
 [ 2-20-2019, 1:06:56 AM ] brower: mozilla/5.0 (windows nt 6.1; win64; x64) applewebkit/537.36 (khtml, like gecko) chrome/68.0.3440.106 safari/537.36
 [ 2-20-2019, 1:06:56 AM ] pid: 21717

 [ 2-20-2019, 1:06:56 AM ] info: /mosc/home
 [ 2-20-2019, 1:06:56 AM ] brower: mozilla/5.0 (windows nt 6.1; win64; x64) applewebkit/537.36 (khtml, like gecko) chrome/68.0.3440.106 safari/537.36
 [ 2-20-2019, 1:06:56 AM ] pid: 21717

 [ 2-20-2019, 1:06:57 AM ] info: /mosc/home/allCount/
 [ 2-20-2019, 1:06:57 AM ] brower: mozilla/5.0 (windows nt 6.1; win64; x64) applewebkit/537.36 (khtml, like gecko) chrome/68.0.3440.106 safari/537.36
 [ 2-20-2019, 1:06:57 AM ] pid: 21717

 [ 2-20-2019, 1:06:57 AM ] info: /mosc/home/readCount/
 [ 2-20-2019, 1:06:57 AM ] brower: mozilla/5.0 (windows nt 6.1; win64; x64) applewebkit/537.36 (khtml, like gecko) chrome/68.0.3440.106 safari/537.36
 [ 2-20-2019, 1:06:57 AM ] pid: 21717

 [ 2-20-2019, 1:06:57 AM ] info: /mosc/home/allColumn/
 [ 2-20-2019, 1:06:57 AM ] brower: mozilla/5.0 (windows nt 6.1; win64; x64) applewebkit/537.36 (khtml, like gecko) chrome/68.0.3440.106 safari/537.36
 [ 2-20-2019, 1:06:57 AM ] pid: 21717

 [ 2-20-2019, 1:06:57 AM ] info: /mosc/home/allUser/
 [ 2-20-2019, 1:06:57 AM ] brower: mozilla/5.0 (windows nt 6.1; win64; x64) applewebkit/537.36 (khtml, like gecko) chrome/68.0.3440.106 safari/537.36
 [ 2-20-2019, 1:06:57 AM ] pid: 21717

 [ 2-20-2019, 1:06:57 AM ] info: /mosc/home/readColumn/
 [ 2-20-2019, 1:06:57 AM ] brower: mozilla/5.0 (windows nt 6.1; win64; x64) applewebkit/537.36 (khtml, like gecko) chrome/68.0.3440.106 safari/537.36
 [ 2-20-2019, 1:06:57 AM ] pid: 21717

 [ 2-20-2019, 1:12:55 AM ] info: /mosc/column
 [ 2-20-2019, 1:12:55 AM ] brower: mozilla/5.0 (windows nt 6.1; win64; x64) applewebkit/537.36 (khtml, like gecko) chrome/68.0.3440.106 safari/537.36
 [ 2-20-2019, 1:12:55 AM ] pid: 21717

 [ 2-20-2019, 1:12:56 AM ] info: /mosc/column/count
 [ 2-20-2019, 1:12:56 AM ] brower: mozilla/5.0 (windows nt 6.1; win64; x64) applewebkit/537.36 (khtml, like gecko) chrome/68.0.3440.106 safari/537.36
 [ 2-20-2019, 1:12:56 AM ] pid: 21717

 [ 2-20-2019, 1:12:56 AM ] info: /mosc/api/column?page=1&limit=10
 [ 2-20-2019, 1:12:56 AM ] brower: mozilla/5.0 (windows nt 6.1; win64; x64) applewebkit/537.36 (khtml, like gecko) chrome/68.0.3440.106 safari/537.36
 [ 2-20-2019, 1:12:56 AM ] pid: 21717

 [ 2-20-2019, 1:13:00 AM ] info: /mosc/article_list?id=5bf8f96de460b854d5e92ab3
 [ 2-20-2019, 1:13:00 AM ] brower: mozilla/5.0 (windows nt 6.1; win64; x64) applewebkit/537.36 (khtml, like gecko) chrome/68.0.3440.106 safari/537.36
 [ 2-20-2019, 1:13:00 AM ] pid: 21717

 [ 2-20-2019, 1:13:01 AM ] info: /mosc/article_list/count?id=5bf8f96de460b854d5e92ab3
 [ 2-20-2019, 1:13:01 AM ] brower: mozilla/5.0 (windows nt 6.1; win64; x64) applewebkit/537.36 (khtml, like gecko) chrome/68.0.3440.106 safari/537.36
 [ 2-20-2019, 1:13:01 AM ] pid: 21717

 [ 2-20-2019, 1:13:01 AM ] info: /mosc/article_list/article/5bf8f96de460b854d5e92ab3?page=1&limit=10
 [ 2-20-2019, 1:13:01 AM ] brower: mozilla/5.0 (windows nt 6.1; win64; x64) applewebkit/537.36 (khtml, like gecko) chrome/68.0.3440.106 safari/537.36
 [ 2-20-2019, 1:13:01 AM ] pid: 21717

 [ 2-20-2019, 1:13:02 AM ] info: /mosc/article_editor/5c6bbb41e460b854d5e92ab7?listPage=1
 [ 2-20-2019, 1:13:02 AM ] brower: mozilla/5.0 (windows nt 6.1; win64; x64) applewebkit/537.36 (khtml, like gecko) chrome/68.0.3440.106 safari/537.36
 [ 2-20-2019, 1:13:02 AM ] pid: 21717

 [ 2-20-2019, 1:51:11 AM ] info: /robots.txt
 [ 2-20-2019, 1:51:11 AM ] brower: mozilla/5.0 (compatible; googlebot/2.1; +http://www.google.com/bot.html)
 [ 2-20-2019, 1:51:11 AM ] pid: 21717

 [ 2-20-2019, 1:51:12 AM ] info: /
 [ 2-20-2019, 1:51:12 AM ] brower: mozilla/5.0 (compatible; googlebot/2.1; +http://www.google.com/bot.html)
 [ 2-20-2019, 1:51:12 AM ] pid: 21717

 [ 2-20-2019, 2:23:18 AM ] info: /mosc/article_editor/5c6bbb41e460b854d5e92ab7
 [ 2-20-2019, 2:23:18 AM ] brower: mozilla/5.0 (windows nt 6.1; win64; x64) applewebkit/537.36 (khtml, like gecko) chrome/68.0.3440.106 safari/537.36
 [ 2-20-2019, 2:23:18 AM ] pid: 21717

 [ 2-20-2019, 2:23:18 AM ] info: /mosc/article_list?id=5bf8f96de460b854d5e92ab3
 [ 2-20-2019, 2:23:18 AM ] brower: mozilla/5.0 (windows nt 6.1; win64; x64) applewebkit/537.36 (khtml, like gecko) chrome/68.0.3440.106 safari/537.36
 [ 2-20-2019, 2:23:18 AM ] pid: 21717

 [ 2-20-2019, 2:23:20 AM ] info: /mosc/article_list/count?id=5bf8f96de460b854d5e92ab3
 [ 2-20-2019, 2:23:20 AM ] brower: mozilla/5.0 (windows nt 6.1; win64; x64) applewebkit/537.36 (khtml, like gecko) chrome/68.0.3440.106 safari/537.36
 [ 2-20-2019, 2:23:20 AM ] pid: 21717

 [ 2-20-2019, 2:23:20 AM ] info: /mosc/article_list/article/5bf8f96de460b854d5e92ab3?page=1&limit=10
 [ 2-20-2019, 2:23:20 AM ] brower: mozilla/5.0 (windows nt 6.1; win64; x64) applewebkit/537.36 (khtml, like gecko) chrome/68.0.3440.106 safari/537.36
 [ 2-20-2019, 2:23:20 AM ] pid: 21717

 [ 2-20-2019, 2:23:22 AM ] info: /mosc/article_editor/5c6bbb41e460b854d5e92ab7?listPage=1
 [ 2-20-2019, 2:23:22 AM ] brower: mozilla/5.0 (windows nt 6.1; win64; x64) applewebkit/537.36 (khtml, like gecko) chrome/68.0.3440.106 safari/537.36
 [ 2-20-2019, 2:23:22 AM ] pid: 21717

 [ 2-20-2019, 2:31:15 AM ] info: /robots.txt
 [ 2-20-2019, 2:31:15 AM ] brower: mozilla/5.0 (compatible; bingbot/2.0; +http://www.bing.com/bingbot.htm)
 [ 2-20-2019, 2:31:15 AM ] pid: 21717

 [ 2-20-2019, 2:33:05 AM ] info: /mosc/article_editor/5c6bbb41e460b854d5e92ab7
 [ 2-20-2019, 2:33:05 AM ] brower: mozilla/5.0 (windows nt 6.1; win64; x64) applewebkit/537.36 (khtml, like gecko) chrome/68.0.3440.106 safari/537.36
 [ 2-20-2019, 2:33:05 AM ] pid: 21717

 [ 2-20-2019, 2:33:06 AM ] info: /mosc/article_list?id=5bf8f96de460b854d5e92ab3
 [ 2-20-2019, 2:33:06 AM ] brower: mozilla/5.0 (windows nt 6.1; win64; x64) applewebkit/537.36 (khtml, like gecko) chrome/68.0.3440.106 safari/537.36
 [ 2-20-2019, 2:33:06 AM ] pid: 21717

 [ 2-20-2019, 2:33:07 AM ] info: /mosc/article_list/count?id=5bf8f96de460b854d5e92ab3
 [ 2-20-2019, 2:33:07 AM ] brower: mozilla/5.0 (windows nt 6.1; win64; x64) applewebkit/537.36 (khtml, like gecko) chrome/68.0.3440.106 safari/537.36
 [ 2-20-2019, 2:33:07 AM ] pid: 21717

 [ 2-20-2019, 2:33:07 AM ] info: /mosc/article_list/article/5bf8f96de460b854d5e92ab3?page=1&limit=10
 [ 2-20-2019, 2:33:07 AM ] brower: mozilla/5.0 (windows nt 6.1; win64; x64) applewebkit/537.36 (khtml, like gecko) chrome/68.0.3440.106 safari/537.36
 [ 2-20-2019, 2:33:07 AM ] pid: 21717

 [ 2-20-2019, 2:33:08 AM ] info: /mosc/article_editor/5c6bbb41e460b854d5e92ab7?listPage=1
 [ 2-20-2019, 2:33:08 AM ] brower: mozilla/5.0 (windows nt 6.1; win64; x64) applewebkit/537.36 (khtml, like gecko) chrome/68.0.3440.106 safari/537.36
 [ 2-20-2019, 2:33:08 AM ] pid: 21717

 [ 2-20-2019, 2:33:16 AM ] info: /mosc/article_editor/5c6bbb41e460b854d5e92ab7
 [ 2-20-2019, 2:33:16 AM ] brower: mozilla/5.0 (windows nt 6.1; win64; x64) applewebkit/537.36 (khtml, like gecko) chrome/68.0.3440.106 safari/537.36
 [ 2-20-2019, 2:33:16 AM ] pid: 21717

 [ 2-20-2019, 2:33:19 AM ] info: /mosc/article_editor/5c6bbb41e460b854d5e92ab7
 [ 2-20-2019, 2:33:19 AM ] brower: mozilla/5.0 (windows nt 6.1; win64; x64) applewebkit/537.36 (khtml, like gecko) chrome/68.0.3440.106 safari/537.36
 [ 2-20-2019, 2:33:19 AM ] pid: 21717

 [ 2-20-2019, 2:33:19 AM ] info: /mosc/article_list?id=5bf8f96de460b854d5e92ab3
 [ 2-20-2019, 2:33:19 AM ] brower: mozilla/5.0 (windows nt 6.1; win64; x64) applewebkit/537.36 (khtml, like gecko) chrome/68.0.3440.106 safari/537.36
 [ 2-20-2019, 2:33:19 AM ] pid: 21717

 [ 2-20-2019, 2:33:23 AM ] info: /mosc/article_list/count?id=5bf8f96de460b854d5e92ab3
 [ 2-20-2019, 2:33:23 AM ] brower: mozilla/5.0 (windows nt 6.1; win64; x64) applewebkit/537.36 (khtml, like gecko) chrome/68.0.3440.106 safari/537.36
 [ 2-20-2019, 2:33:23 AM ] pid: 21717

 [ 2-20-2019, 2:33:24 AM ] info: /mosc/article_list/article/5bf8f96de460b854d5e92ab3?page=1&limit=10
 [ 2-20-2019, 2:33:24 AM ] brower: mozilla/5.0 (windows nt 6.1; win64; x64) applewebkit/537.36 (khtml, like gecko) chrome/68.0.3440.106 safari/537.36
 [ 2-20-2019, 2:33:24 AM ] pid: 21717

 [ 2-20-2019, 2:33:28 AM ] info: /mosc
 [ 2-20-2019, 2:33:28 AM ] brower: mozilla/5.0 (windows nt 6.1; win64; x64) applewebkit/537.36 (khtml, like gecko) chrome/68.0.3440.106 safari/537.36
 [ 2-20-2019, 2:33:28 AM ] pid: 21717

 [ 2-20-2019, 2:33:28 AM ] info: /mosc/home
 [ 2-20-2019, 2:33:28 AM ] brower: mozilla/5.0 (windows nt 6.1; win64; x64) applewebkit/537.36 (khtml, like gecko) chrome/68.0.3440.106 safari/537.36
 [ 2-20-2019, 2:33:28 AM ] pid: 21717

 [ 2-20-2019, 2:33:29 AM ] info: /mosc/home/allCount/
 [ 2-20-2019, 2:33:29 AM ] brower: mozilla/5.0 (windows nt 6.1; win64; x64) applewebkit/537.36 (khtml, like gecko) chrome/68.0.3440.106 safari/537.36
 [ 2-20-2019, 2:33:29 AM ] pid: 21717

 [ 2-20-2019, 2:33:29 AM ] info: /mosc/home/allUser/
 [ 2-20-2019, 2:33:29 AM ] brower: mozilla/5.0 (windows nt 6.1; win64; x64) applewebkit/537.36 (khtml, like gecko) chrome/68.0.3440.106 safari/537.36
 [ 2-20-2019, 2:33:29 AM ] pid: 21717

 [ 2-20-2019, 2:33:29 AM ] info: /mosc/home/readCount/
 [ 2-20-2019, 2:33:29 AM ] brower: mozilla/5.0 (windows nt 6.1; win64; x64) applewebkit/537.36 (khtml, like gecko) chrome/68.0.3440.106 safari/537.36
 [ 2-20-2019, 2:33:29 AM ] pid: 21717

 [ 2-20-2019, 2:33:29 AM ] info: /mosc/home/readColumn/
 [ 2-20-2019, 2:33:29 AM ] brower: mozilla/5.0 (windows nt 6.1; win64; x64) applewebkit/537.36 (khtml, like gecko) chrome/68.0.3440.106 safari/537.36
 [ 2-20-2019, 2:33:29 AM ] pid: 21717

 [ 2-20-2019, 2:33:29 AM ] info: /mosc/home/allColumn/
 [ 2-20-2019, 2:33:29 AM ] brower: mozilla/5.0 (windows nt 6.1; win64; x64) applewebkit/537.36 (khtml, like gecko) chrome/68.0.3440.106 safari/537.36
 [ 2-20-2019, 2:33:29 AM ] pid: 21717

 [ 2-20-2019, 2:33:34 AM ] info: /
 [ 2-20-2019, 2:33:34 AM ] brower: mozilla/5.0 (windows nt 6.1; win64; x64) applewebkit/537.36 (khtml, like gecko) chrome/68.0.3440.106 safari/537.36
 [ 2-20-2019, 2:33:34 AM ] pid: 21717

 [ 2-20-2019, 2:33:36 AM ] info: /index/column?page=1&limit=10
 [ 2-20-2019, 2:33:36 AM ] brower: mozilla/5.0 (windows nt 6.1; win64; x64) applewebkit/537.36 (khtml, like gecko) chrome/68.0.3440.106 safari/537.36
 [ 2-20-2019, 2:33:36 AM ] pid: 21717

 [ 2-20-2019, 2:33:36 AM ] info: /index/article_list?id=5bf8f96de460b854d5e92ab3
 [ 2-20-2019, 2:33:36 AM ] brower: mozilla/5.0 (windows nt 6.1; win64; x64) applewebkit/537.36 (khtml, like gecko) chrome/68.0.3440.106 safari/537.36
 [ 2-20-2019, 2:33:36 AM ] pid: 21717

 [ 2-20-2019, 2:33:37 AM ] info: /index/article/5bf901bae460b854d5e92ab4
 [ 2-20-2019, 2:33:37 AM ] brower: mozilla/5.0 (windows nt 6.1; win64; x64) applewebkit/537.36 (khtml, like gecko) chrome/68.0.3440.106 safari/537.36
 [ 2-20-2019, 2:33:37 AM ] pid: 21717

 [ 2-20-2019, 2:33:37 AM ] info: /index/share/count/5bf901bae460b854d5e92ab4
 [ 2-20-2019, 2:33:37 AM ] brower: mozilla/5.0 (windows nt 6.1; win64; x64) applewebkit/537.36 (khtml, like gecko) chrome/68.0.3440.106 safari/537.36
 [ 2-20-2019, 2:33:37 AM ] pid: 21717

 [ 2-20-2019, 2:33:37 AM ] info: /index/share/5bf901bae460b854d5e92ab4?page=1&limit=6
 [ 2-20-2019, 2:33:37 AM ] brower: mozilla/5.0 (windows nt 6.1; win64; x64) applewebkit/537.36 (khtml, like gecko) chrome/68.0.3440.106 safari/537.36
 [ 2-20-2019, 2:33:37 AM ] pid: 21717

 [ 2-20-2019, 2:33:38 AM ] info: /index/article/5c6bbb41e460b854d5e92ab7
 [ 2-20-2019, 2:33:38 AM ] brower: mozilla/5.0 (windows nt 6.1; win64; x64) applewebkit/537.36 (khtml, like gecko) chrome/68.0.3440.106 safari/537.36
 [ 2-20-2019, 2:33:38 AM ] pid: 21717

 [ 2-20-2019, 2:33:39 AM ] info: /index/share/count/5c6bbb41e460b854d5e92ab7
 [ 2-20-2019, 2:33:39 AM ] brower: mozilla/5.0 (windows nt 6.1; win64; x64) applewebkit/537.36 (khtml, like gecko) chrome/68.0.3440.106 safari/537.36
 [ 2-20-2019, 2:33:39 AM ] pid: 21717

 [ 2-20-2019, 2:33:39 AM ] info: /index/share/5c6bbb41e460b854d5e92ab7?page=1&limit=6
 [ 2-20-2019, 2:33:39 AM ] brower: mozilla/5.0 (windows nt 6.1; win64; x64) applewebkit/537.36 (khtml, like gecko) chrome/68.0.3440.106 safari/537.36
 [ 2-20-2019, 2:33:39 AM ] pid: 21717

 [ 2-20-2019, 2:38:04 AM ] info: /
 [ 2-20-2019, 2:38:04 AM ] brower: mozilla/5.0 (windows nt 6.1; win64; x64) applewebkit/537.36 (khtml, like gecko) chrome/40.0.2214.85 safari/537.36
 [ 2-20-2019, 2:38:04 AM ] pid: 21717

 [ 2-20-2019, 2:38:25 AM ] info: /index/article_list?id=5bdfe8ac781fbb13961f3d39
 [ 2-20-2019, 2:38:25 AM ] brower: mozilla/5.0 (windows nt 6.1; win64; x64) applewebkit/537.36 (khtml, like gecko) chrome/68.0.3440.106 safari/537.36
 [ 2-20-2019, 2:38:25 AM ] pid: 21717

 [ 2-20-2019, 2:38:25 AM ] info: /index/article/5bdfeb4e781fbb13961f3d3a
 [ 2-20-2019, 2:38:25 AM ] brower: mozilla/5.0 (windows nt 6.1; win64; x64) applewebkit/537.36 (khtml, like gecko) chrome/68.0.3440.106 safari/537.36
 [ 2-20-2019, 2:38:25 AM ] pid: 21717

 [ 2-20-2019, 2:38:26 AM ] info: /index/share/count/5bdfeb4e781fbb13961f3d3a
 [ 2-20-2019, 2:38:26 AM ] brower: mozilla/5.0 (windows nt 6.1; win64; x64) applewebkit/537.36 (khtml, like gecko) chrome/68.0.3440.106 safari/537.36
 [ 2-20-2019, 2:38:26 AM ] pid: 21717

 [ 2-20-2019, 2:38:26 AM ] info: /index/share/5bdfeb4e781fbb13961f3d3a?page=1&limit=6
 [ 2-20-2019, 2:38:26 AM ] brower: mozilla/5.0 (windows nt 6.1; win64; x64) applewebkit/537.36 (khtml, like gecko) chrome/68.0.3440.106 safari/537.36
 [ 2-20-2019, 2:38:26 AM ] pid: 21717

 [ 2-20-2019, 2:38:41 AM ] info: /index/article/5be014d16b00a62aff906da2
 [ 2-20-2019, 2:38:41 AM ] brower: mozilla/5.0 (windows nt 6.1; win64; x64) applewebkit/537.36 (khtml, like gecko) chrome/68.0.3440.106 safari/537.36
 [ 2-20-2019, 2:38:41 AM ] pid: 21717

 [ 2-20-2019, 2:38:41 AM ] info: /index/share/count/5be014d16b00a62aff906da2
 [ 2-20-2019, 2:38:41 AM ] brower: mozilla/5.0 (windows nt 6.1; win64; x64) applewebkit/537.36 (khtml, like gecko) chrome/68.0.3440.106 safari/537.36
 [ 2-20-2019, 2:38:41 AM ] pid: 21717

 [ 2-20-2019, 2:38:41 AM ] info: /index/share/5be014d16b00a62aff906da2?page=1&limit=6
 [ 2-20-2019, 2:38:41 AM ] brower: mozilla/5.0 (windows nt 6.1; win64; x64) applewebkit/537.36 (khtml, like gecko) chrome/68.0.3440.106 safari/537.36
 [ 2-20-2019, 2:38:41 AM ] pid: 21717

 [ 2-20-2019, 2:38:42 AM ] info: /index/article/5bee6cdae460b854d5e92ab0
 [ 2-20-2019, 2:38:42 AM ] brower: mozilla/5.0 (windows nt 6.1; win64; x64) applewebkit/537.36 (khtml, like gecko) chrome/68.0.3440.106 safari/537.36
 [ 2-20-2019, 2:38:42 AM ] pid: 21717

 [ 2-20-2019, 2:38:42 AM ] info: /index/share/count/5bee6cdae460b854d5e92ab0
 [ 2-20-2019, 2:38:42 AM ] brower: mozilla/5.0 (windows nt 6.1; win64; x64) applewebkit/537.36 (khtml, like gecko) chrome/68.0.3440.106 safari/537.36
 [ 2-20-2019, 2:38:42 AM ] pid: 21717

 [ 2-20-2019, 2:38:42 AM ] info: /index/share/5bee6cdae460b854d5e92ab0?page=1&limit=6
 [ 2-20-2019, 2:38:42 AM ] brower: mozilla/5.0 (windows nt 6.1; win64; x64) applewebkit/537.36 (khtml, like gecko) chrome/68.0.3440.106 safari/537.36
 [ 2-20-2019, 2:38:42 AM ] pid: 21717

 [ 2-20-2019, 2:40:12 AM ] info: /index/article_list?id=5bf8f96de460b854d5e92ab3
 [ 2-20-2019, 2:40:12 AM ] brower: mozilla/5.0 (windows nt 6.1; win64; x64) applewebkit/537.36 (khtml, like gecko) chrome/68.0.3440.106 safari/537.36
 [ 2-20-2019, 2:40:12 AM ] pid: 21717

 [ 2-20-2019, 2:40:12 AM ] info: /index/article/5bf901bae460b854d5e92ab4
 [ 2-20-2019, 2:40:12 AM ] brower: mozilla/5.0 (windows nt 6.1; win64; x64) applewebkit/537.36 (khtml, like gecko) chrome/68.0.3440.106 safari/537.36
 [ 2-20-2019, 2:40:12 AM ] pid: 21717

 [ 2-20-2019, 2:40:12 AM ] info: /index/share/count/5bf901bae460b854d5e92ab4
 [ 2-20-2019, 2:40:12 AM ] brower: mozilla/5.0 (windows nt 6.1; win64; x64) applewebkit/537.36 (khtml, like gecko) chrome/68.0.3440.106 safari/537.36
 [ 2-20-2019, 2:40:12 AM ] pid: 21717

 [ 2-20-2019, 2:40:12 AM ] info: /index/share/5bf901bae460b854d5e92ab4?page=1&limit=6
 [ 2-20-2019, 2:40:12 AM ] brower: mozilla/5.0 (windows nt 6.1; win64; x64) applewebkit/537.36 (khtml, like gecko) chrome/68.0.3440.106 safari/537.36
 [ 2-20-2019, 2:40:12 AM ] pid: 21717

 [ 2-20-2019, 2:40:15 AM ] info: /index/article_list?id=5bdfe8ac781fbb13961f3d39
 [ 2-20-2019, 2:40:15 AM ] brower: mozilla/5.0 (windows nt 6.1; win64; x64) applewebkit/537.36 (khtml, like gecko) chrome/68.0.3440.106 safari/537.36
 [ 2-20-2019, 2:40:15 AM ] pid: 21717

 [ 2-20-2019, 2:40:15 AM ] info: /index/article/5bdfeb4e781fbb13961f3d3a
 [ 2-20-2019, 2:40:15 AM ] brower: mozilla/5.0 (windows nt 6.1; win64; x64) applewebkit/537.36 (khtml, like gecko) chrome/68.0.3440.106 safari/537.36
 [ 2-20-2019, 2:40:15 AM ] pid: 21717

 [ 2-20-2019, 2:40:15 AM ] info: /index/share/count/5bdfeb4e781fbb13961f3d3a
 [ 2-20-2019, 2:40:15 AM ] brower: mozilla/5.0 (windows nt 6.1; win64; x64) applewebkit/537.36 (khtml, like gecko) chrome/68.0.3440.106 safari/537.36
 [ 2-20-2019, 2:40:15 AM ] pid: 21717

 [ 2-20-2019, 2:40:15 AM ] info: /index/share/5bdfeb4e781fbb13961f3d3a?page=1&limit=6
 [ 2-20-2019, 2:40:15 AM ] brower: mozilla/5.0 (windows nt 6.1; win64; x64) applewebkit/537.36 (khtml, like gecko) chrome/68.0.3440.106 safari/537.36
 [ 2-20-2019, 2:40:15 AM ] pid: 21717

 [ 2-20-2019, 2:40:17 AM ] info: /index/article/5bee6cdae460b854d5e92ab0
 [ 2-20-2019, 2:40:17 AM ] brower: mozilla/5.0 (windows nt 6.1; win64; x64) applewebkit/537.36 (khtml, like gecko) chrome/68.0.3440.106 safari/537.36
 [ 2-20-2019, 2:40:17 AM ] pid: 21717

 [ 2-20-2019, 2:40:18 AM ] info: /index/share/count/5bee6cdae460b854d5e92ab0
 [ 2-20-2019, 2:40:18 AM ] brower: mozilla/5.0 (windows nt 6.1; win64; x64) applewebkit/537.36 (khtml, like gecko) chrome/68.0.3440.106 safari/537.36
 [ 2-20-2019, 2:40:18 AM ] pid: 21717

 [ 2-20-2019, 2:40:18 AM ] info: /index/share/5bee6cdae460b854d5e92ab0?page=1&limit=6
 [ 2-20-2019, 2:40:18 AM ] brower: mozilla/5.0 (windows nt 6.1; win64; x64) applewebkit/537.36 (khtml, like gecko) chrome/68.0.3440.106 safari/537.36
 [ 2-20-2019, 2:40:18 AM ] pid: 21717

 [ 2-20-2019, 2:40:21 AM ] info: /index/article/5be014d16b00a62aff906da2
 [ 2-20-2019, 2:40:21 AM ] brower: mozilla/5.0 (windows nt 6.1; win64; x64) applewebkit/537.36 (khtml, like gecko) chrome/68.0.3440.106 safari/537.36
 [ 2-20-2019, 2:40:21 AM ] pid: 21717

 [ 2-20-2019, 2:40:21 AM ] info: /index/share/count/5be014d16b00a62aff906da2
 [ 2-20-2019, 2:40:21 AM ] brower: mozilla/5.0 (windows nt 6.1; win64; x64) applewebkit/537.36 (khtml, like gecko) chrome/68.0.3440.106 safari/537.36
 [ 2-20-2019, 2:40:21 AM ] pid: 21717

 [ 2-20-2019, 2:40:21 AM ] info: /index/share/5be014d16b00a62aff906da2?page=1&limit=6
 [ 2-20-2019, 2:40:21 AM ] brower: mozilla/5.0 (windows nt 6.1; win64; x64) applewebkit/537.36 (khtml, like gecko) chrome/68.0.3440.106 safari/537.36
 [ 2-20-2019, 2:40:21 AM ] pid: 21717

 [ 2-20-2019, 2:40:22 AM ] info: /index/article/5bdfeb4e781fbb13961f3d3a
 [ 2-20-2019, 2:40:22 AM ] brower: mozilla/5.0 (windows nt 6.1; win64; x64) applewebkit/537.36 (khtml, like gecko) chrome/68.0.3440.106 safari/537.36
 [ 2-20-2019, 2:40:22 AM ] pid: 21717

 [ 2-20-2019, 2:40:22 AM ] info: /index/share/count/5bdfeb4e781fbb13961f3d3a
 [ 2-20-2019, 2:40:22 AM ] brower: mozilla/5.0 (windows nt 6.1; win64; x64) applewebkit/537.36 (khtml, like gecko) chrome/68.0.3440.106 safari/537.36
 [ 2-20-2019, 2:40:22 AM ] pid: 21717

 [ 2-20-2019, 2:40:22 AM ] info: /index/share/5bdfeb4e781fbb13961f3d3a?page=1&limit=6
 [ 2-20-2019, 2:40:22 AM ] brower: mozilla/5.0 (windows nt 6.1; win64; x64) applewebkit/537.36 (khtml, like gecko) chrome/68.0.3440.106 safari/537.36
 [ 2-20-2019, 2:40:22 AM ] pid: 21717

 [ 2-20-2019, 2:40:23 AM ] info: /index/article_list?id=5bf8f96de460b854d5e92ab3
 [ 2-20-2019, 2:40:23 AM ] brower: mozilla/5.0 (windows nt 6.1; win64; x64) applewebkit/537.36 (khtml, like gecko) chrome/68.0.3440.106 safari/537.36
 [ 2-20-2019, 2:40:23 AM ] pid: 21717

 [ 2-20-2019, 2:40:24 AM ] info: /index/article/5bf901bae460b854d5e92ab4
 [ 2-20-2019, 2:40:24 AM ] brower: mozilla/5.0 (windows nt 6.1; win64; x64) applewebkit/537.36 (khtml, like gecko) chrome/68.0.3440.106 safari/537.36
 [ 2-20-2019, 2:40:24 AM ] pid: 21717

 [ 2-20-2019, 2:40:24 AM ] info: /index/share/count/5bf901bae460b854d5e92ab4
 [ 2-20-2019, 2:40:24 AM ] brower: mozilla/5.0 (windows nt 6.1; win64; x64) applewebkit/537.36 (khtml, like gecko) chrome/68.0.3440.106 safari/537.36
 [ 2-20-2019, 2:40:24 AM ] pid: 21717

 [ 2-20-2019, 2:40:24 AM ] info: /index/share/5bf901bae460b854d5e92ab4?page=1&limit=6
 [ 2-20-2019, 2:40:24 AM ] brower: mozilla/5.0 (windows nt 6.1; win64; x64) applewebkit/537.36 (khtml, like gecko) chrome/68.0.3440.106 safari/537.36
 [ 2-20-2019, 2:40:24 AM ] pid: 21717

 [ 2-20-2019, 2:45:10 AM ] info: /mosc/column
 [ 2-20-2019, 2:45:10 AM ] brower: mozilla/5.0 (windows nt 6.1; win64; x64) applewebkit/537.36 (khtml, like gecko) chrome/68.0.3440.106 safari/537.36
 [ 2-20-2019, 2:45:10 AM ] pid: 21717

 [ 2-20-2019, 2:45:12 AM ] info: /mosc/column/count
 [ 2-20-2019, 2:45:12 AM ] brower: mozilla/5.0 (windows nt 6.1; win64; x64) applewebkit/537.36 (khtml, like gecko) chrome/68.0.3440.106 safari/537.36
 [ 2-20-2019, 2:45:12 AM ] pid: 21717

 [ 2-20-2019, 2:45:12 AM ] info: /mosc/api/column?page=1&limit=10
 [ 2-20-2019, 2:45:12 AM ] brower: mozilla/5.0 (windows nt 6.1; win64; x64) applewebkit/537.36 (khtml, like gecko) chrome/68.0.3440.106 safari/537.36
 [ 2-20-2019, 2:45:12 AM ] pid: 21717

 [ 2-20-2019, 2:45:14 AM ] info: /mosc/article_list?id=5bf8f96de460b854d5e92ab3
 [ 2-20-2019, 2:45:14 AM ] brower: mozilla/5.0 (windows nt 6.1; win64; x64) applewebkit/537.36 (khtml, like gecko) chrome/68.0.3440.106 safari/537.36
 [ 2-20-2019, 2:45:14 AM ] pid: 21717

 [ 2-20-2019, 2:45:15 AM ] info: /mosc/article_list/count?id=5bf8f96de460b854d5e92ab3
 [ 2-20-2019, 2:45:15 AM ] brower: mozilla/5.0 (windows nt 6.1; win64; x64) applewebkit/537.36 (khtml, like gecko) chrome/68.0.3440.106 safari/537.36
 [ 2-20-2019, 2:45:15 AM ] pid: 21717

 [ 2-20-2019, 2:45:15 AM ] info: /mosc/article_list/article/5bf8f96de460b854d5e92ab3?page=1&limit=10
 [ 2-20-2019, 2:45:15 AM ] brower: mozilla/5.0 (windows nt 6.1; win64; x64) applewebkit/537.36 (khtml, like gecko) chrome/68.0.3440.106 safari/537.36
 [ 2-20-2019, 2:45:15 AM ] pid: 21717

 [ 2-20-2019, 2:45:17 AM ] info: /mosc/article_editor/5c6bbb41e460b854d5e92ab7?listPage=1
 [ 2-20-2019, 2:45:17 AM ] brower: mozilla/5.0 (windows nt 6.1; win64; x64) applewebkit/537.36 (khtml, like gecko) chrome/68.0.3440.106 safari/537.36
 [ 2-20-2019, 2:45:17 AM ] pid: 21717

 [ 2-20-2019, 2:52:08 AM ] info: /mosc/article_editor/5c6bbb41e460b854d5e92ab7
 [ 2-20-2019, 2:52:08 AM ] brower: mozilla/5.0 (windows nt 6.1; win64; x64) applewebkit/537.36 (khtml, like gecko) chrome/68.0.3440.106 safari/537.36
 [ 2-20-2019, 2:52:08 AM ] pid: 21717

 [ 2-20-2019, 2:52:08 AM ] info: /mosc/article_list?id=5bf8f96de460b854d5e92ab3
 [ 2-20-2019, 2:52:08 AM ] brower: mozilla/5.0 (windows nt 6.1; win64; x64) applewebkit/537.36 (khtml, like gecko) chrome/68.0.3440.106 safari/537.36
 [ 2-20-2019, 2:52:08 AM ] pid: 21717

 [ 2-20-2019, 2:52:09 AM ] info: /mosc/article_list/count?id=5bf8f96de460b854d5e92ab3
 [ 2-20-2019, 2:52:09 AM ] brower: mozilla/5.0 (windows nt 6.1; win64; x64) applewebkit/537.36 (khtml, like gecko) chrome/68.0.3440.106 safari/537.36
 [ 2-20-2019, 2:52:09 AM ] pid: 21717

 [ 2-20-2019, 2:52:09 AM ] info: /mosc/article_list/article/5bf8f96de460b854d5e92ab3?page=1&limit=10
 [ 2-20-2019, 2:52:09 AM ] brower: mozilla/5.0 (windows nt 6.1; win64; x64) applewebkit/537.36 (khtml, like gecko) chrome/68.0.3440.106 safari/537.36
 [ 2-20-2019, 2:52:09 AM ] pid: 21717

 [ 2-20-2019, 2:52:11 AM ] info: /
 [ 2-20-2019, 2:52:11 AM ] brower: mozilla/5.0 (windows nt 6.1; win64; x64) applewebkit/537.36 (khtml, like gecko) chrome/68.0.3440.106 safari/537.36
 [ 2-20-2019, 2:52:11 AM ] pid: 21717

 [ 2-20-2019, 2:52:12 AM ] info: /index/column?page=1&limit=10
 [ 2-20-2019, 2:52:12 AM ] brower: mozilla/5.0 (windows nt 6.1; win64; x64) applewebkit/537.36 (khtml, like gecko) chrome/68.0.3440.106 safari/537.36
 [ 2-20-2019, 2:52:12 AM ] pid: 21717

 [ 2-20-2019, 2:52:13 AM ] info: /index/article_list?id=5bf8f96de460b854d5e92ab3
 [ 2-20-2019, 2:52:13 AM ] brower: mozilla/5.0 (windows nt 6.1; win64; x64) applewebkit/537.36 (khtml, like gecko) chrome/68.0.3440.106 safari/537.36
 [ 2-20-2019, 2:52:13 AM ] pid: 21717

 [ 2-20-2019, 2:52:13 AM ] info: /index/article/5bf901bae460b854d5e92ab4
 [ 2-20-2019, 2:52:13 AM ] brower: mozilla/5.0 (windows nt 6.1; win64; x64) applewebkit/537.36 (khtml, like gecko) chrome/68.0.3440.106 safari/537.36
 [ 2-20-2019, 2:52:13 AM ] pid: 21717

 [ 2-20-2019, 2:52:13 AM ] info: /index/share/count/5bf901bae460b854d5e92ab4
 [ 2-20-2019, 2:52:13 AM ] brower: mozilla/5.0 (windows nt 6.1; win64; x64) applewebkit/537.36 (khtml, like gecko) chrome/68.0.3440.106 safari/537.36
 [ 2-20-2019, 2:52:13 AM ] pid: 21717

 [ 2-20-2019, 2:52:13 AM ] info: /index/share/5bf901bae460b854d5e92ab4?page=1&limit=6
 [ 2-20-2019, 2:52:13 AM ] brower: mozilla/5.0 (windows nt 6.1; win64; x64) applewebkit/537.36 (khtml, like gecko) chrome/68.0.3440.106 safari/537.36
 [ 2-20-2019, 2:52:13 AM ] pid: 21717

 [ 2-20-2019, 2:52:14 AM ] info: /index/article/5c6bbb41e460b854d5e92ab7
 [ 2-20-2019, 2:52:14 AM ] brower: mozilla/5.0 (windows nt 6.1; win64; x64) applewebkit/537.36 (khtml, like gecko) chrome/68.0.3440.106 safari/537.36
 [ 2-20-2019, 2:52:14 AM ] pid: 21717

 [ 2-20-2019, 2:52:14 AM ] info: /index/share/count/5c6bbb41e460b854d5e92ab7
 [ 2-20-2019, 2:52:14 AM ] brower: mozilla/5.0 (windows nt 6.1; win64; x64) applewebkit/537.36 (khtml, like gecko) chrome/68.0.3440.106 safari/537.36
 [ 2-20-2019, 2:52:14 AM ] pid: 21717

 [ 2-20-2019, 2:52:15 AM ] info: /index/share/5c6bbb41e460b854d5e92ab7?page=1&limit=6
 [ 2-20-2019, 2:52:15 AM ] brower: mozilla/5.0 (windows nt 6.1; win64; x64) applewebkit/537.36 (khtml, like gecko) chrome/68.0.3440.106 safari/537.36
 [ 2-20-2019, 2:52:15 AM ] pid: 21717

 [ 2-20-2019, 2:53:47 AM ] info: /index/share
 [ 2-20-2019, 2:53:47 AM ] brower: mozilla/5.0 (windows nt 6.1; win64; x64) applewebkit/537.36 (khtml, like gecko) chrome/68.0.3440.106 safari/537.36
 [ 2-20-2019, 2:53:47 AM ] pid: 21717

 [ 2-20-2019, 3:33:49 AM ] info: /mosc/article_editor?column=5bf8f96de460b854d5e92ab3
 [ 2-20-2019, 3:33:49 AM ] brower: mozilla/5.0 (windows nt 6.1; win64; x64) applewebkit/537.36 (khtml, like gecko) chrome/68.0.3440.106 safari/537.36
 [ 2-20-2019, 3:33:49 AM ] pid: 21717

 [ 2-20-2019, 3:33:51 AM ] info: /mosc/article_list/count?id=5bf8f96de460b854d5e92ab3
 [ 2-20-2019, 3:33:51 AM ] brower: mozilla/5.0 (windows nt 6.1; win64; x64) applewebkit/537.36 (khtml, like gecko) chrome/68.0.3440.106 safari/537.36
 [ 2-20-2019, 3:33:51 AM ] pid: 21717

 [ 2-20-2019, 3:33:51 AM ] info: /mosc/article_list/article/5bf8f96de460b854d5e92ab3?page=1&limit=10
 [ 2-20-2019, 3:33:51 AM ] brower: mozilla/5.0 (windows nt 6.1; win64; x64) applewebkit/537.36 (khtml, like gecko) chrome/68.0.3440.106 safari/537.36
 [ 2-20-2019, 3:33:51 AM ] pid: 21717

 [ 2-20-2019, 3:33:53 AM ] info: /mosc/article_editor/5c6bbb41e460b854d5e92ab7?listPage=1
 [ 2-20-2019, 3:33:53 AM ] brower: mozilla/5.0 (windows nt 6.1; win64; x64) applewebkit/537.36 (khtml, like gecko) chrome/68.0.3440.106 safari/537.36
 [ 2-20-2019, 3:33:53 AM ] pid: 21717

 [ 2-20-2019, 3:33:57 AM ] info: /mosc/article_list/count?id=5bf8f96de460b854d5e92ab3
 [ 2-20-2019, 3:33:57 AM ] brower: mozilla/5.0 (windows nt 6.1; win64; x64) applewebkit/537.36 (khtml, like gecko) chrome/68.0.3440.106 safari/537.36
 [ 2-20-2019, 3:33:57 AM ] pid: 21717

 [ 2-20-2019, 3:33:58 AM ] info: /mosc/article_editor?column=5bf8f96de460b854d5e92ab3
 [ 2-20-2019, 3:33:58 AM ] brower: mozilla/5.0 (windows nt 6.1; win64; x64) applewebkit/537.36 (khtml, like gecko) chrome/68.0.3440.106 safari/537.36
 [ 2-20-2019, 3:33:58 AM ] pid: 21717

 [ 2-20-2019, 3:34:13 AM ] info: /mosc/article_editor/
 [ 2-20-2019, 3:34:13 AM ] brower: mozilla/5.0 (windows nt 6.1; win64; x64) applewebkit/537.36 (khtml, like gecko) chrome/68.0.3440.106 safari/537.36
 [ 2-20-2019, 3:34:13 AM ] pid: 21717

 [ 2-20-2019, 3:34:13 AM ] info: /mosc/article_list?id=5bf8f96de460b854d5e92ab3
 [ 2-20-2019, 3:34:13 AM ] brower: mozilla/5.0 (windows nt 6.1; win64; x64) applewebkit/537.36 (khtml, like gecko) chrome/68.0.3440.106 safari/537.36
 [ 2-20-2019, 3:34:13 AM ] pid: 21717

 [ 2-20-2019, 3:34:14 AM ] info: /mosc/article_list/count?id=5bf8f96de460b854d5e92ab3
 [ 2-20-2019, 3:34:14 AM ] brower: mozilla/5.0 (windows nt 6.1; win64; x64) applewebkit/537.36 (khtml, like gecko) chrome/68.0.3440.106 safari/537.36
 [ 2-20-2019, 3:34:14 AM ] pid: 21717

 [ 2-20-2019, 3:34:14 AM ] info: /mosc/article_list/article/5bf8f96de460b854d5e92ab3?page=1&limit=10
 [ 2-20-2019, 3:34:14 AM ] brower: mozilla/5.0 (windows nt 6.1; win64; x64) applewebkit/537.36 (khtml, like gecko) chrome/68.0.3440.106 safari/537.36
 [ 2-20-2019, 3:34:14 AM ] pid: 21717

 [ 2-20-2019, 3:34:15 AM ] info: /mosc/column?page=1
 [ 2-20-2019, 3:34:15 AM ] brower: mozilla/5.0 (windows nt 6.1; win64; x64) applewebkit/537.36 (khtml, like gecko) chrome/68.0.3440.106 safari/537.36
 [ 2-20-2019, 3:34:15 AM ] pid: 21717

 [ 2-20-2019, 3:34:16 AM ] info: /mosc/column/count
 [ 2-20-2019, 3:34:16 AM ] brower: mozilla/5.0 (windows nt 6.1; win64; x64) applewebkit/537.36 (khtml, like gecko) chrome/68.0.3440.106 safari/537.36
 [ 2-20-2019, 3:34:16 AM ] pid: 21717

 [ 2-20-2019, 3:34:17 AM ] info: /mosc/api/column?page=1&limit=10
 [ 2-20-2019, 3:34:17 AM ] brower: mozilla/5.0 (windows nt 6.1; win64; x64) applewebkit/537.36 (khtml, like gecko) chrome/68.0.3440.106 safari/537.36
 [ 2-20-2019, 3:34:17 AM ] pid: 21717

 [ 2-20-2019, 3:34:19 AM ] info: /mosc/article_list?id=5bf8f96de460b854d5e92ab3
 [ 2-20-2019, 3:34:19 AM ] brower: mozilla/5.0 (windows nt 6.1; win64; x64) applewebkit/537.36 (khtml, like gecko) chrome/68.0.3440.106 safari/537.36
 [ 2-20-2019, 3:34:19 AM ] pid: 21717

 [ 2-20-2019, 3:34:20 AM ] info: /mosc/article_list/count?id=5bf8f96de460b854d5e92ab3
 [ 2-20-2019, 3:34:20 AM ] brower: mozilla/5.0 (windows nt 6.1; win64; x64) applewebkit/537.36 (khtml, like gecko) chrome/68.0.3440.106 safari/537.36
 [ 2-20-2019, 3:34:20 AM ] pid: 21717

 [ 2-20-2019, 3:34:20 AM ] info: /mosc/article_list/article/5bf8f96de460b854d5e92ab3?page=1&limit=10
 [ 2-20-2019, 3:34:20 AM ] brower: mozilla/5.0 (windows nt 6.1; win64; x64) applewebkit/537.36 (khtml, like gecko) chrome/68.0.3440.106 safari/537.36
 [ 2-20-2019, 3:34:20 AM ] pid: 21717

 [ 2-20-2019, 3:34:22 AM ] info: /mosc/article_editor/5c6bbb41e460b854d5e92ab7?listPage=1
 [ 2-20-2019, 3:34:22 AM ] brower: mozilla/5.0 (windows nt 6.1; win64; x64) applewebkit/537.36 (khtml, like gecko) chrome/68.0.3440.106 safari/537.36
 [ 2-20-2019, 3:34:22 AM ] pid: 21717

 [ 2-20-2019, 3:34:26 AM ] info: /mosc/article_list/count?id=5bf8f96de460b854d5e92ab3
 [ 2-20-2019, 3:34:26 AM ] brower: mozilla/5.0 (windows nt 6.1; win64; x64) applewebkit/537.36 (khtml, like gecko) chrome/68.0.3440.106 safari/537.36
 [ 2-20-2019, 3:34:26 AM ] pid: 21717

 [ 2-20-2019, 3:34:26 AM ] info: /mosc/article_list/article/5bf8f96de460b854d5e92ab3?page=1&limit=10
 [ 2-20-2019, 3:34:26 AM ] brower: mozilla/5.0 (windows nt 6.1; win64; x64) applewebkit/537.36 (khtml, like gecko) chrome/68.0.3440.106 safari/537.36
 [ 2-20-2019, 3:34:26 AM ] pid: 21717

 [ 2-20-2019, 3:34:27 AM ] info: /mosc/article_editor/5c6d1105e460b854d5e92ab8?listPage=1
 [ 2-20-2019, 3:34:27 AM ] brower: mozilla/5.0 (windows nt 6.1; win64; x64) applewebkit/537.36 (khtml, like gecko) chrome/68.0.3440.106 safari/537.36
 [ 2-20-2019, 3:34:27 AM ] pid: 21717

 [ 2-20-2019, 3:34:32 AM ] info: /mosc/article_editor/5c6d1105e460b854d5e92ab8
 [ 2-20-2019, 3:34:32 AM ] brower: mozilla/5.0 (windows nt 6.1; win64; x64) applewebkit/537.36 (khtml, like gecko) chrome/68.0.3440.106 safari/537.36
 [ 2-20-2019, 3:34:32 AM ] pid: 21717

 [ 2-20-2019, 3:34:32 AM ] info: /mosc/article_list?id=5bf8f96de460b854d5e92ab3
 [ 2-20-2019, 3:34:32 AM ] brower: mozilla/5.0 (windows nt 6.1; win64; x64) applewebkit/537.36 (khtml, like gecko) chrome/68.0.3440.106 safari/537.36
 [ 2-20-2019, 3:34:32 AM ] pid: 21717

 [ 2-20-2019, 3:34:33 AM ] info: /mosc/article_list/count?id=5bf8f96de460b854d5e92ab3
 [ 2-20-2019, 3:34:33 AM ] brower: mozilla/5.0 (windows nt 6.1; win64; x64) applewebkit/537.36 (khtml, like gecko) chrome/68.0.3440.106 safari/537.36
 [ 2-20-2019, 3:34:33 AM ] pid: 21717

 [ 2-20-2019, 3:34:33 AM ] info: /mosc/article_list/article/5bf8f96de460b854d5e92ab3?page=1&limit=10
 [ 2-20-2019, 3:34:33 AM ] brower: mozilla/5.0 (windows nt 6.1; win64; x64) applewebkit/537.36 (khtml, like gecko) chrome/68.0.3440.106 safari/537.36
 [ 2-20-2019, 3:34:33 AM ] pid: 21717

 [ 2-20-2019, 3:35:20 AM ] info: /mosc/article_editor/5c6d1105e460b854d5e92ab8?listPage=1
 [ 2-20-2019, 3:35:20 AM ] brower: mozilla/5.0 (windows nt 6.1; win64; x64) applewebkit/537.36 (khtml, like gecko) chrome/68.0.3440.106 safari/537.36
 [ 2-20-2019, 3:35:20 AM ] pid: 21717

 [ 2-20-2019, 3:39:18 AM ] info: /
 [ 2-20-2019, 3:39:18 AM ] brower: mozilla/5.0 (iphone; cpu iphone os 9_3_4 like mac os x) applewebkit/601.1.46 (khtml, like gecko) mobile/13g35 qq/6.5.3.410 v1_iph_sq_6.5.3_1_app_a pixel/750 core/uiwebview nettype/2g mem/117
 [ 2-20-2019, 3:39:18 AM ] pid: 21717

 [ 2-20-2019, 3:39:28 AM ] info: /?tdsourcetag=s_pcqq_aiomsg
 [ 2-20-2019, 3:39:28 AM ] brower: mozilla/5.0 (windows nt 6.1; wow64) applewebkit/537.36 (khtml, like gecko) chrome/70.0.3538.77 safari/537.36
 [ 2-20-2019, 3:39:28 AM ] pid: 21717

 [ 2-20-2019, 3:39:32 AM ] info: /index/column?page=1&limit=10
 [ 2-20-2019, 3:39:32 AM ] brower: mozilla/5.0 (windows nt 6.1; wow64) applewebkit/537.36 (khtml, like gecko) chrome/70.0.3538.77 safari/537.36
 [ 2-20-2019, 3:39:32 AM ] pid: 21717

 [ 2-20-2019, 3:39:32 AM ] info: /index/article_list?id=5bf8f96de460b854d5e92ab3
 [ 2-20-2019, 3:39:32 AM ] brower: mozilla/5.0 (windows nt 6.1; wow64) applewebkit/537.36 (khtml, like gecko) chrome/70.0.3538.77 safari/537.36
 [ 2-20-2019, 3:39:32 AM ] pid: 21717

 [ 2-20-2019, 3:39:32 AM ] info: /index/article/5bf901bae460b854d5e92ab4
 [ 2-20-2019, 3:39:32 AM ] brower: mozilla/5.0 (windows nt 6.1; wow64) applewebkit/537.36 (khtml, like gecko) chrome/70.0.3538.77 safari/537.36
 [ 2-20-2019, 3:39:32 AM ] pid: 21717

 [ 2-20-2019, 3:39:32 AM ] info: /index/share/count/5bf901bae460b854d5e92ab4
 [ 2-20-2019, 3:39:32 AM ] brower: mozilla/5.0 (windows nt 6.1; wow64) applewebkit/537.36 (khtml, like gecko) chrome/70.0.3538.77 safari/537.36
 [ 2-20-2019, 3:39:32 AM ] pid: 21717

 [ 2-20-2019, 3:39:33 AM ] info: /index/share/5bf901bae460b854d5e92ab4?page=1&limit=6
 [ 2-20-2019, 3:39:33 AM ] brower: mozilla/5.0 (windows nt 6.1; wow64) applewebkit/537.36 (khtml, like gecko) chrome/70.0.3538.77 safari/537.36
 [ 2-20-2019, 3:39:33 AM ] pid: 21717

 [ 2-20-2019, 3:39:46 AM ] info: /?tdsourcetag=s_pcqq_aiomsg
 [ 2-20-2019, 3:39:46 AM ] brower: mozilla/5.0 (windows nt 6.1) applewebkit/537.36 (khtml, like gecko) chrome/36.0.1985.125 safari/537.36
 [ 2-20-2019, 3:39:46 AM ] pid: 21717

 [ 2-20-2019, 3:40:07 AM ] info: /mosc/user_list
 [ 2-20-2019, 3:40:07 AM ] brower: mozilla/5.0 (windows nt 6.1; win64; x64) applewebkit/537.36 (khtml, like gecko) chrome/68.0.3440.106 safari/537.36
 [ 2-20-2019, 3:40:07 AM ] pid: 21717

 [ 2-20-2019, 3:40:08 AM ] info: /mosc/user_list/count
 [ 2-20-2019, 3:40:08 AM ] brower: mozilla/5.0 (windows nt 6.1; win64; x64) applewebkit/537.36 (khtml, like gecko) chrome/68.0.3440.106 safari/537.36
 [ 2-20-2019, 3:40:08 AM ] pid: 21717

 [ 2-20-2019, 3:40:08 AM ] info: /mosc/user_list/api?page=1&limit=10
 [ 2-20-2019, 3:40:08 AM ] brower: mozilla/5.0 (windows nt 6.1; win64; x64) applewebkit/537.36 (khtml, like gecko) chrome/68.0.3440.106 safari/537.36
 [ 2-20-2019, 3:40:08 AM ] pid: 21717

 [ 2-20-2019, 3:40:14 AM ] info: /mosc
 [ 2-20-2019, 3:40:14 AM ] brower: mozilla/5.0 (iphone; cpu iphone os 9_3_4 like mac os x) applewebkit/601.1.46 (khtml, like gecko) mobile/13g35 qq/6.5.3.410 v1_iph_sq_6.5.3_1_app_a pixel/750 core/uiwebview nettype/2g mem/117
 [ 2-20-2019, 3:40:14 AM ] pid: 21717

 [ 2-20-2019, 3:40:15 AM ] info: /mosc
 [ 2-20-2019, 3:40:15 AM ] brower: wget/1.12 (linux-gnu)
 [ 2-20-2019, 3:40:15 AM ] pid: 21717

 [ 2-20-2019, 3:40:15 AM ] info: /mosc/login
 [ 2-20-2019, 3:40:15 AM ] brower: mozilla/5.0 (iphone; cpu iphone os 9_3_4 like mac os x) applewebkit/601.1.46 (khtml, like gecko) mobile/13g35 qq/6.5.3.410 v1_iph_sq_6.5.3_1_app_a pixel/750 core/uiwebview nettype/2g mem/117
 [ 2-20-2019, 3:40:15 AM ] pid: 21717

 [ 2-20-2019, 3:40:16 AM ] info: /mosc/login
 [ 2-20-2019, 3:40:16 AM ] brower: wget/1.12 (linux-gnu)
 [ 2-20-2019, 3:40:16 AM ] pid: 21717

 [ 2-20-2019, 3:40:22 AM ] info: /
 [ 2-20-2019, 3:40:22 AM ] brower: mozilla/5.0 (iphone; cpu iphone os 11_0 like mac os x) applewebkit/604.1.38 (khtml, like gecko) version/11.0 mobile/15a372 safari/604.1
 [ 2-20-2019, 3:40:22 AM ] pid: 21717

 [ 2-20-2019, 3:40:24 AM ] info: /mosc
 [ 2-20-2019, 3:40:24 AM ] brower: mozilla/5.0 (linux; u; android 4.4.4; zh-cn; mx4 pro build/ktu84p) applewebkit/534.30 (khtml, like gecko) version/4.0 mobile safari/534.30
 [ 2-20-2019, 3:40:24 AM ] pid: 21717

 [ 2-20-2019, 3:40:25 AM ] info: /mosc/login
 [ 2-20-2019, 3:40:25 AM ] brower: mozilla/5.0 (linux; u; android 4.4.4; zh-cn; mx4 pro build/ktu84p) applewebkit/534.30 (khtml, like gecko) version/4.0 mobile safari/534.30
 [ 2-20-2019, 3:40:25 AM ] pid: 21717

 [ 2-20-2019, 3:40:26 AM ] info: /mosc?tdsourcetag=s_pcqq_aiomsg
 [ 2-20-2019, 3:40:26 AM ] brower: mozilla/5.0 (windows nt 6.1; wow64) applewebkit/537.36 (khtml, like gecko) chrome/70.0.3538.77 safari/537.36
 [ 2-20-2019, 3:40:26 AM ] pid: 21717

 [ 2-20-2019, 3:40:27 AM ] info: /mosc/login
 [ 2-20-2019, 3:40:27 AM ] brower: mozilla/5.0 (windows nt 6.1; wow64) applewebkit/537.36 (khtml, like gecko) chrome/70.0.3538.77 safari/537.36
 [ 2-20-2019, 3:40:27 AM ] pid: 21717

 [ 2-20-2019, 3:40:30 AM ] info: /mosc/user_list/puser
 [ 2-20-2019, 3:40:30 AM ] brower: mozilla/5.0 (windows nt 6.1; win64; x64) applewebkit/537.36 (khtml, like gecko) chrome/68.0.3440.106 safari/537.36
 [ 2-20-2019, 3:40:30 AM ] pid: 21717

 [ 2-20-2019, 3:40:30 AM ] info: /mosc/user_list/count
 [ 2-20-2019, 3:40:30 AM ] brower: mozilla/5.0 (windows nt 6.1; win64; x64) applewebkit/537.36 (khtml, like gecko) chrome/68.0.3440.106 safari/537.36
 [ 2-20-2019, 3:40:30 AM ] pid: 21717

 [ 2-20-2019, 3:40:30 AM ] info: /mosc/user_list/api?page=1&limit=10
 [ 2-20-2019, 3:40:30 AM ] brower: mozilla/5.0 (windows nt 6.1; win64; x64) applewebkit/537.36 (khtml, like gecko) chrome/68.0.3440.106 safari/537.36
 [ 2-20-2019, 3:40:30 AM ] pid: 21717

 [ 2-20-2019, 3:40:49 AM ] info: /mosc/login
 [ 2-20-2019, 3:40:49 AM ] brower: mozilla/5.0 (windows nt 6.1; wow64) applewebkit/537.36 (khtml, like gecko) chrome/70.0.3538.77 safari/537.36
 [ 2-20-2019, 3:40:49 AM ] pid: 21717

 [ 2-20-2019, 3:40:49 AM ] info: /mosc/login
 [ 2-20-2019, 3:40:49 AM ] brower: mozilla/5.0 (windows nt 6.1; wow64) applewebkit/537.36 (khtml, like gecko) chrome/70.0.3538.77 safari/537.36
 [ 2-20-2019, 3:40:49 AM ] pid: 21717

 [ 2-20-2019, 3:40:57 AM ] info: /mosc?tdsourcetag=s_pcqq_aiomsg
 [ 2-20-2019, 3:40:57 AM ] brower: mozilla/5.0 (windows nt 6.1) applewebkit/537.36 (khtml, like gecko) chrome/36.0.1985.125 safari/537.36
 [ 2-20-2019, 3:40:57 AM ] pid: 21717

 [ 2-20-2019, 3:40:57 AM ] info: /mosc/login
 [ 2-20-2019, 3:40:57 AM ] brower: mozilla/5.0 (windows nt 6.1; wow64) applewebkit/537.36 (khtml, like gecko) chrome/70.0.3538.77 safari/537.36
 [ 2-20-2019, 3:40:57 AM ] pid: 21717

 [ 2-20-2019, 3:40:58 AM ] info: /mosc/login
 [ 2-20-2019, 3:40:58 AM ] brower: mozilla/5.0 (windows nt 6.1; wow64) applewebkit/537.36 (khtml, like gecko) chrome/70.0.3538.77 safari/537.36
 [ 2-20-2019, 3:40:58 AM ] pid: 21717

 [ 2-20-2019, 3:41:00 AM ] info: /mosc/user_list/update
 [ 2-20-2019, 3:41:00 AM ] brower: mozilla/5.0 (windows nt 6.1; win64; x64) applewebkit/537.36 (khtml, like gecko) chrome/68.0.3440.106 safari/537.36
 [ 2-20-2019, 3:41:00 AM ] pid: 21717

 [ 2-20-2019, 3:41:03 AM ] info: /mosc/message
 [ 2-20-2019, 3:41:03 AM ] brower: mozilla/5.0 (windows nt 6.1; win64; x64) applewebkit/537.36 (khtml, like gecko) chrome/68.0.3440.106 safari/537.36
 [ 2-20-2019, 3:41:03 AM ] pid: 21717

 [ 2-20-2019, 3:41:05 AM ] info: /mosc/user_list
 [ 2-20-2019, 3:41:05 AM ] brower: mozilla/5.0 (windows nt 6.1; win64; x64) applewebkit/537.36 (khtml, like gecko) chrome/68.0.3440.106 safari/537.36
 [ 2-20-2019, 3:41:05 AM ] pid: 21717

 [ 2-20-2019, 3:41:06 AM ] info: /mosc/user_list/count
 [ 2-20-2019, 3:41:06 AM ] brower: mozilla/5.0 (windows nt 6.1; win64; x64) applewebkit/537.36 (khtml, like gecko) chrome/68.0.3440.106 safari/537.36
 [ 2-20-2019, 3:41:06 AM ] pid: 21717

 [ 2-20-2019, 3:41:06 AM ] info: /mosc/user_list/api?page=1&limit=10
 [ 2-20-2019, 3:41:06 AM ] brower: mozilla/5.0 (windows nt 6.1; win64; x64) applewebkit/537.36 (khtml, like gecko) chrome/68.0.3440.106 safari/537.36
 [ 2-20-2019, 3:41:06 AM ] pid: 21717

 [ 2-20-2019, 3:41:08 AM ] info: /mosc/login
 [ 2-20-2019, 3:41:08 AM ] brower: mozilla/5.0 (windows nt 6.1; wow64) applewebkit/537.36 (khtml, like gecko) chrome/70.0.3538.77 safari/537.36
 [ 2-20-2019, 3:41:08 AM ] pid: 21717

 [ 2-20-2019, 3:41:08 AM ] info: /mosc
 [ 2-20-2019, 3:41:08 AM ] brower: mozilla/5.0 (windows nt 6.1; wow64) applewebkit/537.36 (khtml, like gecko) chrome/70.0.3538.77 safari/537.36
 [ 2-20-2019, 3:41:08 AM ] pid: 21717

 [ 2-20-2019, 3:41:09 AM ] info: /mosc/home
 [ 2-20-2019, 3:41:09 AM ] brower: mozilla/5.0 (windows nt 6.1; wow64) applewebkit/537.36 (khtml, like gecko) chrome/70.0.3538.77 safari/537.36
 [ 2-20-2019, 3:41:09 AM ] pid: 21717

 [ 2-20-2019, 3:41:09 AM ] info: /mosc/home/allCount/
 [ 2-20-2019, 3:41:09 AM ] brower: mozilla/5.0 (windows nt 6.1; wow64) applewebkit/537.36 (khtml, like gecko) chrome/70.0.3538.77 safari/537.36
 [ 2-20-2019, 3:41:09 AM ] pid: 21717

 [ 2-20-2019, 3:41:09 AM ] info: /mosc/home/allUser/
 [ 2-20-2019, 3:41:09 AM ] brower: mozilla/5.0 (windows nt 6.1; wow64) applewebkit/537.36 (khtml, like gecko) chrome/70.0.3538.77 safari/537.36
 [ 2-20-2019, 3:41:09 AM ] pid: 21717

 [ 2-20-2019, 3:41:09 AM ] info: /mosc/home/readCount/
 [ 2-20-2019, 3:41:09 AM ] brower: mozilla/5.0 (windows nt 6.1; wow64) applewebkit/537.36 (khtml, like gecko) chrome/70.0.3538.77 safari/537.36
 [ 2-20-2019, 3:41:09 AM ] pid: 21717

 [ 2-20-2019, 3:41:09 AM ] info: /mosc/home/allColumn/
 [ 2-20-2019, 3:41:09 AM ] brower: mozilla/5.0 (windows nt 6.1; wow64) applewebkit/537.36 (khtml, like gecko) chrome/70.0.3538.77 safari/537.36
 [ 2-20-2019, 3:41:09 AM ] pid: 21717

 [ 2-20-2019, 3:41:09 AM ] info: /mosc/home/readColumn/
 [ 2-20-2019, 3:41:09 AM ] brower: mozilla/5.0 (windows nt 6.1; wow64) applewebkit/537.36 (khtml, like gecko) chrome/70.0.3538.77 safari/537.36
 [ 2-20-2019, 3:41:09 AM ] pid: 21717

 [ 2-20-2019, 3:41:12 AM ] info: /mosc/login
 [ 2-20-2019, 3:41:12 AM ] brower: mozilla/5.0 (windows nt 6.1) applewebkit/537.36 (khtml, like gecko) chrome/36.0.1985.125 safari/537.36
 [ 2-20-2019, 3:41:12 AM ] pid: 21717

 [ 2-20-2019, 3:41:20 AM ] info: /mosc/column
 [ 2-20-2019, 3:41:20 AM ] brower: mozilla/5.0 (windows nt 6.1; wow64) applewebkit/537.36 (khtml, like gecko) chrome/70.0.3538.77 safari/537.36
 [ 2-20-2019, 3:41:20 AM ] pid: 21717

 [ 2-20-2019, 3:41:21 AM ] info: /mosc/column/count
 [ 2-20-2019, 3:41:21 AM ] brower: mozilla/5.0 (windows nt 6.1; wow64) applewebkit/537.36 (khtml, like gecko) chrome/70.0.3538.77 safari/537.36
 [ 2-20-2019, 3:41:21 AM ] pid: 21717

 [ 2-20-2019, 3:41:21 AM ] info: /mosc/api/column?page=1&limit=10
 [ 2-20-2019, 3:41:21 AM ] brower: mozilla/5.0 (windows nt 6.1; wow64) applewebkit/537.36 (khtml, like gecko) chrome/70.0.3538.77 safari/537.36
 [ 2-20-2019, 3:41:21 AM ] pid: 21717

 [ 2-20-2019, 3:41:22 AM ] info: /mosc/message
 [ 2-20-2019, 3:41:22 AM ] brower: mozilla/5.0 (windows nt 6.1; wow64) applewebkit/537.36 (khtml, like gecko) chrome/70.0.3538.77 safari/537.36
 [ 2-20-2019, 3:41:22 AM ] pid: 21717

 [ 2-20-2019, 3:41:23 AM ] info: /mosc/home
 [ 2-20-2019, 3:41:23 AM ] brower: mozilla/5.0 (windows nt 6.1; wow64) applewebkit/537.36 (khtml, like gecko) chrome/70.0.3538.77 safari/537.36
 [ 2-20-2019, 3:41:23 AM ] pid: 21717

 [ 2-20-2019, 3:41:23 AM ] info: /mosc/home/allCount/
 [ 2-20-2019, 3:41:23 AM ] brower: mozilla/5.0 (windows nt 6.1; wow64) applewebkit/537.36 (khtml, like gecko) chrome/70.0.3538.77 safari/537.36
 [ 2-20-2019, 3:41:23 AM ] pid: 21717

 [ 2-20-2019, 3:41:23 AM ] info: /mosc/home/allColumn/
 [ 2-20-2019, 3:41:23 AM ] brower: mozilla/5.0 (windows nt 6.1; wow64) applewebkit/537.36 (khtml, like gecko) chrome/70.0.3538.77 safari/537.36
 [ 2-20-2019, 3:41:23 AM ] pid: 21717

 [ 2-20-2019, 3:41:23 AM ] info: /mosc/home/readColumn/
 [ 2-20-2019, 3:41:23 AM ] brower: mozilla/5.0 (windows nt 6.1; wow64) applewebkit/537.36 (khtml, like gecko) chrome/70.0.3538.77 safari/537.36
 [ 2-20-2019, 3:41:23 AM ] pid: 21717

 [ 2-20-2019, 3:41:23 AM ] info: /mosc/home/readCount/
 [ 2-20-2019, 3:41:23 AM ] brower: mozilla/5.0 (windows nt 6.1; wow64) applewebkit/537.36 (khtml, like gecko) chrome/70.0.3538.77 safari/537.36
 [ 2-20-2019, 3:41:23 AM ] pid: 21717

 [ 2-20-2019, 3:41:23 AM ] info: /mosc/home/allUser/
 [ 2-20-2019, 3:41:23 AM ] brower: mozilla/5.0 (windows nt 6.1; wow64) applewebkit/537.36 (khtml, like gecko) chrome/70.0.3538.77 safari/537.36
 [ 2-20-2019, 3:41:23 AM ] pid: 21717

 [ 2-20-2019, 3:41:26 AM ] info: /mosc?tdsourcetag=s_pcqq_aiomsg
 [ 2-20-2019, 3:41:26 AM ] brower: mozilla/5.0 (windows nt 6.1) applewebkit/537.36 (khtml, like gecko) chrome/36.0.1985.125 safari/537.36
 [ 2-20-2019, 3:41:26 AM ] pid: 21717

 [ 2-20-2019, 3:41:31 AM ] info: /mosc/login
 [ 2-20-2019, 3:41:31 AM ] brower: mozilla/5.0 (windows nt 6.1) applewebkit/537.36 (khtml, like gecko) chrome/36.0.1985.125 safari/537.36
 [ 2-20-2019, 3:41:31 AM ] pid: 21717

 [ 2-20-2019, 3:43:43 AM ] info: /mosc/column
 [ 2-20-2019, 3:43:43 AM ] brower: mozilla/5.0 (windows nt 6.1; wow64) applewebkit/537.36 (khtml, like gecko) chrome/70.0.3538.77 safari/537.36
 [ 2-20-2019, 3:43:43 AM ] pid: 21717

 [ 2-20-2019, 3:43:44 AM ] info: /mosc/column/count
 [ 2-20-2019, 3:43:44 AM ] brower: mozilla/5.0 (windows nt 6.1; wow64) applewebkit/537.36 (khtml, like gecko) chrome/70.0.3538.77 safari/537.36
 [ 2-20-2019, 3:43:44 AM ] pid: 21717

 [ 2-20-2019, 3:43:44 AM ] info: /mosc/api/column?page=1&limit=10
 [ 2-20-2019, 3:43:44 AM ] brower: mozilla/5.0 (windows nt 6.1; wow64) applewebkit/537.36 (khtml, like gecko) chrome/70.0.3538.77 safari/537.36
 [ 2-20-2019, 3:43:44 AM ] pid: 21717

 [ 2-20-2019, 3:43:46 AM ] info: /mosc/message
 [ 2-20-2019, 3:43:46 AM ] brower: mozilla/5.0 (windows nt 6.1; wow64) applewebkit/537.36 (khtml, like gecko) chrome/70.0.3538.77 safari/537.36
 [ 2-20-2019, 3:43:46 AM ] pid: 21717

 [ 2-20-2019, 3:43:48 AM ] info: /mosc/user_list
 [ 2-20-2019, 3:43:48 AM ] brower: mozilla/5.0 (windows nt 6.1; wow64) applewebkit/537.36 (khtml, like gecko) chrome/70.0.3538.77 safari/537.36
 [ 2-20-2019, 3:43:48 AM ] pid: 21717

 [ 2-20-2019, 3:43:48 AM ] info: /mosc/views
 [ 2-20-2019, 3:43:48 AM ] brower: mozilla/5.0 (windows nt 6.1; wow64) applewebkit/537.36 (khtml, like gecko) chrome/70.0.3538.77 safari/537.36
 [ 2-20-2019, 3:43:48 AM ] pid: 21717

 [ 2-20-2019, 3:43:52 AM ] info: /mosc/system
 [ 2-20-2019, 3:43:52 AM ] brower: mozilla/5.0 (windows nt 6.1; wow64) applewebkit/537.36 (khtml, like gecko) chrome/70.0.3538.77 safari/537.36
 [ 2-20-2019, 3:43:52 AM ] pid: 21717

 [ 2-20-2019, 3:43:57 AM ] info: /mosc/clearsession
 [ 2-20-2019, 3:43:57 AM ] brower: mozilla/5.0 (windows nt 6.1; wow64) applewebkit/537.36 (khtml, like gecko) chrome/70.0.3538.77 safari/537.36
 [ 2-20-2019, 3:43:57 AM ] pid: 21717

 [ 2-20-2019, 3:46:04 AM ] info: /mosc/column
 [ 2-20-2019, 3:46:04 AM ] brower: mozilla/5.0 (windows nt 6.1; wow64) applewebkit/537.36 (khtml, like gecko) chrome/70.0.3538.77 safari/537.36
 [ 2-20-2019, 3:46:04 AM ] pid: 21717

 [ 2-20-2019, 3:46:05 AM ] info: /mosc/column/count
 [ 2-20-2019, 3:46:05 AM ] brower: mozilla/5.0 (windows nt 6.1; wow64) applewebkit/537.36 (khtml, like gecko) chrome/70.0.3538.77 safari/537.36
 [ 2-20-2019, 3:46:05 AM ] pid: 21717

 [ 2-20-2019, 3:46:05 AM ] info: /mosc/api/column?page=1&limit=10
 [ 2-20-2019, 3:46:05 AM ] brower: mozilla/5.0 (windows nt 6.1; wow64) applewebkit/537.36 (khtml, like gecko) chrome/70.0.3538.77 safari/537.36
 [ 2-20-2019, 3:46:05 AM ] pid: 21717

 [ 2-20-2019, 3:46:06 AM ] info: /mosc/message
 [ 2-20-2019, 3:46:06 AM ] brower: mozilla/5.0 (windows nt 6.1; wow64) applewebkit/537.36 (khtml, like gecko) chrome/70.0.3538.77 safari/537.36
 [ 2-20-2019, 3:46:06 AM ] pid: 21717

 [ 2-20-2019, 3:46:38 AM ] info: /mosc/column
 [ 2-20-2019, 3:46:38 AM ] brower: mozilla/5.0 (windows nt 6.1; win64; x64) applewebkit/537.36 (khtml, like gecko) chrome/68.0.3440.106 safari/537.36
 [ 2-20-2019, 3:46:38 AM ] pid: 21717

 [ 2-20-2019, 3:46:38 AM ] info: /mosc/login
 [ 2-20-2019, 3:46:38 AM ] brower: mozilla/5.0 (windows nt 6.1; win64; x64) applewebkit/537.36 (khtml, like gecko) chrome/68.0.3440.106 safari/537.36
 [ 2-20-2019, 3:46:38 AM ] pid: 21717

 [ 2-20-2019, 3:46:42 AM ] info: /mosc
 [ 2-20-2019, 3:46:42 AM ] brower: mozilla/5.0 (windows nt 6.1; win64; x64) applewebkit/537.36 (khtml, like gecko) chrome/68.0.3440.106 safari/537.36
 [ 2-20-2019, 3:46:42 AM ] pid: 21717

 [ 2-20-2019, 3:46:43 AM ] info: /mosc/login
 [ 2-20-2019, 3:46:43 AM ] brower: mozilla/5.0 (windows nt 6.1; win64; x64) applewebkit/537.36 (khtml, like gecko) chrome/68.0.3440.106 safari/537.36
 [ 2-20-2019, 3:46:43 AM ] pid: 21717

 [ 2-20-2019, 3:46:52 AM ] info: /mosc/login
 [ 2-20-2019, 3:46:52 AM ] brower: mozilla/5.0 (windows nt 6.1; win64; x64) applewebkit/537.36 (khtml, like gecko) chrome/68.0.3440.106 safari/537.36
 [ 2-20-2019, 3:46:52 AM ] pid: 21717

 [ 2-20-2019, 3:46:52 AM ] info: /mosc
 [ 2-20-2019, 3:46:52 AM ] brower: mozilla/5.0 (windows nt 6.1; win64; x64) applewebkit/537.36 (khtml, like gecko) chrome/68.0.3440.106 safari/537.36
 [ 2-20-2019, 3:46:52 AM ] pid: 21717

 [ 2-20-2019, 3:46:53 AM ] info: /mosc/home
 [ 2-20-2019, 3:46:53 AM ] brower: mozilla/5.0 (windows nt 6.1; win64; x64) applewebkit/537.36 (khtml, like gecko) chrome/68.0.3440.106 safari/537.36
 [ 2-20-2019, 3:46:53 AM ] pid: 21717

 [ 2-20-2019, 3:46:53 AM ] info: /mosc/home/allCount/
 [ 2-20-2019, 3:46:53 AM ] brower: mozilla/5.0 (windows nt 6.1; win64; x64) applewebkit/537.36 (khtml, like gecko) chrome/68.0.3440.106 safari/537.36
 [ 2-20-2019, 3:46:53 AM ] pid: 21717

 [ 2-20-2019, 3:46:53 AM ] info: /mosc/home/readCount/
 [ 2-20-2019, 3:46:53 AM ] brower: mozilla/5.0 (windows nt 6.1; win64; x64) applewebkit/537.36 (khtml, like gecko) chrome/68.0.3440.106 safari/537.36
 [ 2-20-2019, 3:46:53 AM ] pid: 21717

 [ 2-20-2019, 3:46:53 AM ] info: /mosc/home/allColumn/
 [ 2-20-2019, 3:46:53 AM ] brower: mozilla/5.0 (windows nt 6.1; win64; x64) applewebkit/537.36 (khtml, like gecko) chrome/68.0.3440.106 safari/537.36
 [ 2-20-2019, 3:46:53 AM ] pid: 21717

 [ 2-20-2019, 3:46:53 AM ] info: /mosc/home/readColumn/
 [ 2-20-2019, 3:46:53 AM ] brower: mozilla/5.0 (windows nt 6.1; win64; x64) applewebkit/537.36 (khtml, like gecko) chrome/68.0.3440.106 safari/537.36
 [ 2-20-2019, 3:46:53 AM ] pid: 21717

 [ 2-20-2019, 3:46:53 AM ] info: /mosc/home/allUser/
 [ 2-20-2019, 3:46:53 AM ] brower: mozilla/5.0 (windows nt 6.1; win64; x64) applewebkit/537.36 (khtml, like gecko) chrome/68.0.3440.106 safari/537.36
 [ 2-20-2019, 3:46:53 AM ] pid: 21717

 [ 2-20-2019, 3:55:43 AM ] info: /posts/592ae4f0cf647126d92a6c4e
 [ 2-20-2019, 3:55:43 AM ] brower: mozilla/5.0 (compatible; baiduspider/2.0; +http://www.baidu.com/search/spider.html)
 [ 2-20-2019, 3:55:43 AM ] pid: 21717

 [ 2-20-2019, 3:55:45 AM ] info: /robots.txt
 [ 2-20-2019, 3:55:45 AM ] brower: mozilla/5.0 (windows nt 5.1; rv:6.0.2) gecko/20100101 firefox/6.0.2
 [ 2-20-2019, 3:55:45 AM ] pid: 21717

 [ 2-20-2019, 3:58:49 AM ] info: /mosc/column
 [ 2-20-2019, 3:58:49 AM ] brower: mozilla/5.0 (windows nt 6.1; win64; x64) applewebkit/537.36 (khtml, like gecko) chrome/68.0.3440.106 safari/537.36
 [ 2-20-2019, 3:58:49 AM ] pid: 21717

 [ 2-20-2019, 3:58:50 AM ] info: /mosc/column/count
 [ 2-20-2019, 3:58:50 AM ] brower: mozilla/5.0 (windows nt 6.1; win64; x64) applewebkit/537.36 (khtml, like gecko) chrome/68.0.3440.106 safari/537.36
 [ 2-20-2019, 3:58:50 AM ] pid: 21717

 [ 2-20-2019, 3:58:50 AM ] info: /mosc/api/column?page=1&limit=10
 [ 2-20-2019, 3:58:50 AM ] brower: mozilla/5.0 (windows nt 6.1; win64; x64) applewebkit/537.36 (khtml, like gecko) chrome/68.0.3440.106 safari/537.36
 [ 2-20-2019, 3:58:50 AM ] pid: 21717

 [ 2-20-2019, 3:58:52 AM ] info: /mosc/article_list?id=5bf8f96de460b854d5e92ab3
 [ 2-20-2019, 3:58:52 AM ] brower: mozilla/5.0 (windows nt 6.1; win64; x64) applewebkit/537.36 (khtml, like gecko) chrome/68.0.3440.106 safari/537.36
 [ 2-20-2019, 3:58:52 AM ] pid: 21717

 [ 2-20-2019, 3:58:53 AM ] info: /mosc/article_list/count?id=5bf8f96de460b854d5e92ab3
 [ 2-20-2019, 3:58:53 AM ] brower: mozilla/5.0 (windows nt 6.1; win64; x64) applewebkit/537.36 (khtml, like gecko) chrome/68.0.3440.106 safari/537.36
 [ 2-20-2019, 3:58:53 AM ] pid: 21717

 [ 2-20-2019, 3:58:53 AM ] info: /mosc/article_list/article/5bf8f96de460b854d5e92ab3?page=1&limit=10
 [ 2-20-2019, 3:58:53 AM ] brower: mozilla/5.0 (windows nt 6.1; win64; x64) applewebkit/537.36 (khtml, like gecko) chrome/68.0.3440.106 safari/537.36
 [ 2-20-2019, 3:58:53 AM ] pid: 21717

 [ 2-20-2019, 3:58:55 AM ] info: /mosc/article_editor/5c6d1105e460b854d5e92ab8?listPage=1
 [ 2-20-2019, 3:58:55 AM ] brower: mozilla/5.0 (windows nt 6.1; win64; x64) applewebkit/537.36 (khtml, like gecko) chrome/68.0.3440.106 safari/537.36
 [ 2-20-2019, 3:58:55 AM ] pid: 21717

 [ 2-20-2019, 3:59:59 AM ] info: /mosc/views
 [ 2-20-2019, 3:59:59 AM ] brower: mozilla/5.0 (windows nt 6.1; win64; x64) applewebkit/537.36 (khtml, like gecko) chrome/68.0.3440.106 safari/537.36
 [ 2-20-2019, 3:59:59 AM ] pid: 21717

 [ 2-20-2019, 4:00:04 AM ] info: /mosc/template?url=/login.ejs
 [ 2-20-2019, 4:00:04 AM ] brower: mozilla/5.0 (windows nt 6.1; win64; x64) applewebkit/537.36 (khtml, like gecko) chrome/68.0.3440.106 safari/537.36
 [ 2-20-2019, 4:00:04 AM ] pid: 21717

 [ 2-20-2019, 4:00:07 AM ] info: /mosc/views?url=
 [ 2-20-2019, 4:00:07 AM ] brower: mozilla/5.0 (windows nt 6.1; win64; x64) applewebkit/537.36 (khtml, like gecko) chrome/68.0.3440.106 safari/537.36
 [ 2-20-2019, 4:00:07 AM ] pid: 21717

 [ 2-20-2019, 4:02:10 AM ] info: /mosc/system
 [ 2-20-2019, 4:02:10 AM ] brower: mozilla/5.0 (windows nt 6.1; win64; x64) applewebkit/537.36 (khtml, like gecko) chrome/68.0.3440.106 safari/537.36
 [ 2-20-2019, 4:02:10 AM ] pid: 21717

 [ 2-20-2019, 4:02:39 AM ] info: /mosc/system
 [ 2-20-2019, 4:02:39 AM ] brower: mozilla/5.0 (windows nt 6.1; wow64) applewebkit/537.36 (khtml, like gecko) chrome/70.0.3538.77 safari/537.36
 [ 2-20-2019, 4:02:39 AM ] pid: 21717

 [ 2-20-2019, 4:02:39 AM ] info: /mosc/views
 [ 2-20-2019, 4:02:39 AM ] brower: mozilla/5.0 (windows nt 6.1; wow64) applewebkit/537.36 (khtml, like gecko) chrome/70.0.3538.77 safari/537.36
 [ 2-20-2019, 4:02:39 AM ] pid: 21717

 [ 2-20-2019, 4:02:41 AM ] info: /mosc/template?url=/article.ejs
 [ 2-20-2019, 4:02:41 AM ] brower: mozilla/5.0 (windows nt 6.1; wow64) applewebkit/537.36 (khtml, like gecko) chrome/70.0.3538.77 safari/537.36
 [ 2-20-2019, 4:02:41 AM ] pid: 21717

 [ 2-20-2019, 4:02:48 AM ] info: /mosc/views
 [ 2-20-2019, 4:02:48 AM ] brower: mozilla/5.0 (windows nt 6.1; wow64) applewebkit/537.36 (khtml, like gecko) chrome/70.0.3538.77 safari/537.36
 [ 2-20-2019, 4:02:48 AM ] pid: 21717

 [ 2-20-2019, 4:02:49 AM ] info: /mosc/template?url=/index.ejs
 [ 2-20-2019, 4:02:49 AM ] brower: mozilla/5.0 (windows nt 6.1; wow64) applewebkit/537.36 (khtml, like gecko) chrome/70.0.3538.77 safari/537.36
 [ 2-20-2019, 4:02:49 AM ] pid: 21717

 [ 2-20-2019, 4:03:01 AM ] info: /mosc/views
 [ 2-20-2019, 4:03:01 AM ] brower: mozilla/5.0 (windows nt 6.1; wow64) applewebkit/537.36 (khtml, like gecko) chrome/70.0.3538.77 safari/537.36
 [ 2-20-2019, 4:03:01 AM ] pid: 21717

 [ 2-20-2019, 4:03:10 AM ] info: /mosc/user_list
 [ 2-20-2019, 4:03:10 AM ] brower: mozilla/5.0 (windows nt 6.1; wow64) applewebkit/537.36 (khtml, like gecko) chrome/70.0.3538.77 safari/537.36
 [ 2-20-2019, 4:03:10 AM ] pid: 21717

 [ 2-20-2019, 4:03:11 AM ] info: /mosc/system
 [ 2-20-2019, 4:03:11 AM ] brower: mozilla/5.0 (windows nt 6.1; wow64) applewebkit/537.36 (khtml, like gecko) chrome/70.0.3538.77 safari/537.36
 [ 2-20-2019, 4:03:11 AM ] pid: 21717

 [ 2-20-2019, 4:03:17 AM ] info: /mosc/user_list
 [ 2-20-2019, 4:03:17 AM ] brower: mozilla/5.0 (windows nt 6.1; win64; x64) applewebkit/537.36 (khtml, like gecko) chrome/68.0.3440.106 safari/537.36
 [ 2-20-2019, 4:03:17 AM ] pid: 21717

 [ 2-20-2019, 4:03:19 AM ] info: /mosc/user_list/count
 [ 2-20-2019, 4:03:19 AM ] brower: mozilla/5.0 (windows nt 6.1; win64; x64) applewebkit/537.36 (khtml, like gecko) chrome/68.0.3440.106 safari/537.36
 [ 2-20-2019, 4:03:19 AM ] pid: 21717

 [ 2-20-2019, 4:03:19 AM ] info: /mosc/user_list/api?page=1&limit=10
 [ 2-20-2019, 4:03:19 AM ] brower: mozilla/5.0 (windows nt 6.1; win64; x64) applewebkit/537.36 (khtml, like gecko) chrome/68.0.3440.106 safari/537.36
 [ 2-20-2019, 4:03:19 AM ] pid: 21717

 [ 2-20-2019, 4:03:20 AM ] info: /mosc/message
 [ 2-20-2019, 4:03:20 AM ] brower: mozilla/5.0 (windows nt 6.1; win64; x64) applewebkit/537.36 (khtml, like gecko) chrome/68.0.3440.106 safari/537.36
 [ 2-20-2019, 4:03:20 AM ] pid: 21717

 [ 2-20-2019, 4:03:22 AM ] info: /mosc/column
 [ 2-20-2019, 4:03:22 AM ] brower: mozilla/5.0 (windows nt 6.1; win64; x64) applewebkit/537.36 (khtml, like gecko) chrome/68.0.3440.106 safari/537.36
 [ 2-20-2019, 4:03:22 AM ] pid: 21717

 [ 2-20-2019, 4:03:24 AM ] info: /mosc/column/count
 [ 2-20-2019, 4:03:24 AM ] brower: mozilla/5.0 (windows nt 6.1; win64; x64) applewebkit/537.36 (khtml, like gecko) chrome/68.0.3440.106 safari/537.36
 [ 2-20-2019, 4:03:24 AM ] pid: 21717

 [ 2-20-2019, 4:03:24 AM ] info: /mosc/api/column?page=1&limit=10
 [ 2-20-2019, 4:03:24 AM ] brower: mozilla/5.0 (windows nt 6.1; win64; x64) applewebkit/537.36 (khtml, like gecko) chrome/68.0.3440.106 safari/537.36
 [ 2-20-2019, 4:03:24 AM ] pid: 21717

 [ 2-20-2019, 4:03:27 AM ] info: /mosc/article_list?id=5bf8f96de460b854d5e92ab3
 [ 2-20-2019, 4:03:27 AM ] brower: mozilla/5.0 (windows nt 6.1; win64; x64) applewebkit/537.36 (khtml, like gecko) chrome/68.0.3440.106 safari/537.36
 [ 2-20-2019, 4:03:27 AM ] pid: 21717

 [ 2-20-2019, 4:03:30 AM ] info: /mosc/article_list/count?id=5bf8f96de460b854d5e92ab3
 [ 2-20-2019, 4:03:30 AM ] brower: mozilla/5.0 (windows nt 6.1; win64; x64) applewebkit/537.36 (khtml, like gecko) chrome/68.0.3440.106 safari/537.36
 [ 2-20-2019, 4:03:30 AM ] pid: 21717

 [ 2-20-2019, 4:03:30 AM ] info: /mosc/article_list/article/5bf8f96de460b854d5e92ab3?page=1&limit=10
 [ 2-20-2019, 4:03:30 AM ] brower: mozilla/5.0 (windows nt 6.1; win64; x64) applewebkit/537.36 (khtml, like gecko) chrome/68.0.3440.106 safari/537.36
 [ 2-20-2019, 4:03:30 AM ] pid: 21717

 [ 2-20-2019, 4:04:57 AM ] info: /mosc/article_editor/5c6d1105e460b854d5e92ab8?listPage=1
 [ 2-20-2019, 4:04:57 AM ] brower: mozilla/5.0 (windows nt 6.1; win64; x64) applewebkit/537.36 (khtml, like gecko) chrome/68.0.3440.106 safari/537.36
 [ 2-20-2019, 4:04:57 AM ] pid: 21717

 [ 2-20-2019, 4:07:11 AM ] info: /mosc/message
 [ 2-20-2019, 4:07:11 AM ] brower: mozilla/5.0 (windows nt 6.1; wow64) applewebkit/537.36 (khtml, like gecko) chrome/70.0.3538.77 safari/537.36
 [ 2-20-2019, 4:07:11 AM ] pid: 21717

 [ 2-20-2019, 4:07:11 AM ] info: /mosc/column
 [ 2-20-2019, 4:07:11 AM ] brower: mozilla/5.0 (windows nt 6.1; wow64) applewebkit/537.36 (khtml, like gecko) chrome/70.0.3538.77 safari/537.36
 [ 2-20-2019, 4:07:11 AM ] pid: 21717

 [ 2-20-2019, 4:07:13 AM ] info: /mosc/column
 [ 2-20-2019, 4:07:13 AM ] brower: mozilla/5.0 (windows nt 6.1; wow64) applewebkit/537.36 (khtml, like gecko) chrome/70.0.3538.77 safari/537.36
 [ 2-20-2019, 4:07:13 AM ] pid: 21717

 [ 2-20-2019, 4:07:14 AM ] info: /mosc/home
 [ 2-20-2019, 4:07:14 AM ] brower: mozilla/5.0 (windows nt 6.1; wow64) applewebkit/537.36 (khtml, like gecko) chrome/70.0.3538.77 safari/537.36
 [ 2-20-2019, 4:07:14 AM ] pid: 21717

 [ 2-20-2019, 4:07:15 AM ] info: /mosc/home/allCount/
 [ 2-20-2019, 4:07:15 AM ] brower: mozilla/5.0 (windows nt 6.1; wow64) applewebkit/537.36 (khtml, like gecko) chrome/70.0.3538.77 safari/537.36
 [ 2-20-2019, 4:07:15 AM ] pid: 21717

 [ 2-20-2019, 4:07:15 AM ] info: /mosc/home/readCount/
 [ 2-20-2019, 4:07:15 AM ] brower: mozilla/5.0 (windows nt 6.1; wow64) applewebkit/537.36 (khtml, like gecko) chrome/70.0.3538.77 safari/537.36
 [ 2-20-2019, 4:07:15 AM ] pid: 21717

 [ 2-20-2019, 4:07:15 AM ] info: /mosc/home/allUser/
 [ 2-20-2019, 4:07:15 AM ] brower: mozilla/5.0 (windows nt 6.1; wow64) applewebkit/537.36 (khtml, like gecko) chrome/70.0.3538.77 safari/537.36
 [ 2-20-2019, 4:07:15 AM ] pid: 21717

 [ 2-20-2019, 4:07:15 AM ] info: /mosc/home/allColumn/
 [ 2-20-2019, 4:07:15 AM ] brower: mozilla/5.0 (windows nt 6.1; wow64) applewebkit/537.36 (khtml, like gecko) chrome/70.0.3538.77 safari/537.36
 [ 2-20-2019, 4:07:15 AM ] pid: 21717

 [ 2-20-2019, 4:07:16 AM ] info: /mosc/home/readColumn/
 [ 2-20-2019, 4:07:16 AM ] brower: mozilla/5.0 (windows nt 6.1; wow64) applewebkit/537.36 (khtml, like gecko) chrome/70.0.3538.77 safari/537.36
 [ 2-20-2019, 4:07:16 AM ] pid: 21717

 [ 2-20-2019, 4:07:16 AM ] info: /mosc/message
 [ 2-20-2019, 4:07:16 AM ] brower: mozilla/5.0 (windows nt 6.1; wow64) applewebkit/537.36 (khtml, like gecko) chrome/70.0.3538.77 safari/537.36
 [ 2-20-2019, 4:07:16 AM ] pid: 21717

 [ 2-20-2019, 4:07:17 AM ] info: /mosc/user_list
 [ 2-20-2019, 4:07:17 AM ] brower: mozilla/5.0 (windows nt 6.1; wow64) applewebkit/537.36 (khtml, like gecko) chrome/70.0.3538.77 safari/537.36
 [ 2-20-2019, 4:07:17 AM ] pid: 21717

 [ 2-20-2019, 4:07:18 AM ] info: /mosc/views
 [ 2-20-2019, 4:07:18 AM ] brower: mozilla/5.0 (windows nt 6.1; wow64) applewebkit/537.36 (khtml, like gecko) chrome/70.0.3538.77 safari/537.36
 [ 2-20-2019, 4:07:18 AM ] pid: 21717

 [ 2-20-2019, 4:07:19 AM ] info: /mosc/user_list
 [ 2-20-2019, 4:07:19 AM ] brower: mozilla/5.0 (windows nt 6.1; wow64) applewebkit/537.36 (khtml, like gecko) chrome/70.0.3538.77 safari/537.36
 [ 2-20-2019, 4:07:19 AM ] pid: 21717

 [ 2-20-2019, 4:07:20 AM ] info: /mosc/views
 [ 2-20-2019, 4:07:20 AM ] brower: mozilla/5.0 (windows nt 6.1; wow64) applewebkit/537.36 (khtml, like gecko) chrome/70.0.3538.77 safari/537.36
 [ 2-20-2019, 4:07:20 AM ] pid: 21717

 [ 2-20-2019, 4:07:21 AM ] info: /mosc/system
 [ 2-20-2019, 4:07:21 AM ] brower: mozilla/5.0 (windows nt 6.1; wow64) applewebkit/537.36 (khtml, like gecko) chrome/70.0.3538.77 safari/537.36
 [ 2-20-2019, 4:07:21 AM ] pid: 21717

 [ 2-20-2019, 4:07:22 AM ] info: /mosc/message
 [ 2-20-2019, 4:07:22 AM ] brower: mozilla/5.0 (windows nt 6.1; wow64) applewebkit/537.36 (khtml, like gecko) chrome/70.0.3538.77 safari/537.36
 [ 2-20-2019, 4:07:22 AM ] pid: 21717

 [ 2-20-2019, 4:07:23 AM ] info: /mosc/column
 [ 2-20-2019, 4:07:23 AM ] brower: mozilla/5.0 (windows nt 6.1; wow64) applewebkit/537.36 (khtml, like gecko) chrome/70.0.3538.77 safari/537.36
 [ 2-20-2019, 4:07:23 AM ] pid: 21717

 [ 2-20-2019, 4:07:30 AM ] info: /mosc/column/count
 [ 2-20-2019, 4:07:30 AM ] brower: mozilla/5.0 (windows nt 6.1; wow64) applewebkit/537.36 (khtml, like gecko) chrome/70.0.3538.77 safari/537.36
 [ 2-20-2019, 4:07:30 AM ] pid: 21717

 [ 2-20-2019, 4:07:30 AM ] info: /mosc/api/column?page=1&limit=10
 [ 2-20-2019, 4:07:30 AM ] brower: mozilla/5.0 (windows nt 6.1; wow64) applewebkit/537.36 (khtml, like gecko) chrome/70.0.3538.77 safari/537.36
 [ 2-20-2019, 4:07:30 AM ] pid: 21717

 [ 2-20-2019, 4:07:35 AM ] info: /index/article/5c6bbb41e460b854d5e92ab7
 [ 2-20-2019, 4:07:35 AM ] brower: mozilla/5.0 (windows nt 6.1; wow64) applewebkit/537.36 (khtml, like gecko) chrome/70.0.3538.77 safari/537.36
 [ 2-20-2019, 4:07:35 AM ] pid: 21717

 [ 2-20-2019, 4:07:41 AM ] info: /index/share/count/5c6bbb41e460b854d5e92ab7
 [ 2-20-2019, 4:07:41 AM ] brower: mozilla/5.0 (windows nt 6.1; wow64) applewebkit/537.36 (khtml, like gecko) chrome/70.0.3538.77 safari/537.36
 [ 2-20-2019, 4:07:41 AM ] pid: 21717

 [ 2-20-2019, 4:07:42 AM ] info: /index/share/5c6bbb41e460b854d5e92ab7?page=1&limit=6
 [ 2-20-2019, 4:07:42 AM ] brower: mozilla/5.0 (windows nt 6.1; wow64) applewebkit/537.36 (khtml, like gecko) chrome/70.0.3538.77 safari/537.36
 [ 2-20-2019, 4:07:42 AM ] pid: 21717

 [ 2-20-2019, 4:24:08 AM ] info: /robots.txt
 [ 2-20-2019, 4:24:08 AM ] brower: mozilla/5.0 (compatible; ahrefsbot/6.1; +http://ahrefs.com/robot/)
 [ 2-20-2019, 4:24:08 AM ] pid: 21717

 [ 2-20-2019, 4:50:42 AM ] info: /mosc/article_editor/5c6d1105e460b854d5e92ab8
 [ 2-20-2019, 4:50:42 AM ] brower: mozilla/5.0 (windows nt 6.1; win64; x64) applewebkit/537.36 (khtml, like gecko) chrome/68.0.3440.106 safari/537.36
 [ 2-20-2019, 4:50:42 AM ] pid: 21717

 [ 2-20-2019, 4:50:42 AM ] info: /mosc/article_list?id=5bf8f96de460b854d5e92ab3
 [ 2-20-2019, 4:50:42 AM ] brower: mozilla/5.0 (windows nt 6.1; win64; x64) applewebkit/537.36 (khtml, like gecko) chrome/68.0.3440.106 safari/537.36
 [ 2-20-2019, 4:50:42 AM ] pid: 21717

 [ 2-20-2019, 4:50:44 AM ] info: /mosc/article_list/count?id=5bf8f96de460b854d5e92ab3
 [ 2-20-2019, 4:50:44 AM ] brower: mozilla/5.0 (windows nt 6.1; win64; x64) applewebkit/537.36 (khtml, like gecko) chrome/68.0.3440.106 safari/537.36
 [ 2-20-2019, 4:50:44 AM ] pid: 21717

 [ 2-20-2019, 4:50:44 AM ] info: /mosc/article_list/article/5bf8f96de460b854d5e92ab3?page=1&limit=10
 [ 2-20-2019, 4:50:44 AM ] brower: mozilla/5.0 (windows nt 6.1; win64; x64) applewebkit/537.36 (khtml, like gecko) chrome/68.0.3440.106 safari/537.36
 [ 2-20-2019, 4:50:44 AM ] pid: 21717

 [ 2-20-2019, 4:51:40 AM ] info: /mosc/user_list
 [ 2-20-2019, 4:51:40 AM ] brower: mozilla/5.0 (windows nt 6.1; win64; x64) applewebkit/537.36 (khtml, like gecko) chrome/68.0.3440.106 safari/537.36
 [ 2-20-2019, 4:51:40 AM ] pid: 21717

 [ 2-20-2019, 4:51:42 AM ] info: /mosc/user_list/count
 [ 2-20-2019, 4:51:42 AM ] brower: mozilla/5.0 (windows nt 6.1; win64; x64) applewebkit/537.36 (khtml, like gecko) chrome/68.0.3440.106 safari/537.36
 [ 2-20-2019, 4:51:42 AM ] pid: 21717

 [ 2-20-2019, 4:51:42 AM ] info: /mosc/user_list/api?page=1&limit=10
 [ 2-20-2019, 4:51:42 AM ] brower: mozilla/5.0 (windows nt 6.1; win64; x64) applewebkit/537.36 (khtml, like gecko) chrome/68.0.3440.106 safari/537.36
 [ 2-20-2019, 4:51:42 AM ] pid: 21717

 [ 2-20-2019, 4:51:45 AM ] info: /mosc/views
 [ 2-20-2019, 4:51:45 AM ] brower: mozilla/5.0 (windows nt 6.1; win64; x64) applewebkit/537.36 (khtml, like gecko) chrome/68.0.3440.106 safari/537.36
 [ 2-20-2019, 4:51:45 AM ] pid: 21717

 [ 2-20-2019, 4:51:53 AM ] info: /mosc/views?url=/mosc
 [ 2-20-2019, 4:51:53 AM ] brower: mozilla/5.0 (windows nt 6.1; win64; x64) applewebkit/537.36 (khtml, like gecko) chrome/68.0.3440.106 safari/537.36
 [ 2-20-2019, 4:51:53 AM ] pid: 21717

 [ 2-20-2019, 4:51:56 AM ] info: /mosc/views?url=/mosc/module
 [ 2-20-2019, 4:51:56 AM ] brower: mozilla/5.0 (windows nt 6.1; win64; x64) applewebkit/537.36 (khtml, like gecko) chrome/68.0.3440.106 safari/537.36
 [ 2-20-2019, 4:51:56 AM ] pid: 21717

 [ 2-20-2019, 4:51:58 AM ] info: /mosc/views?url=/mosc
 [ 2-20-2019, 4:51:58 AM ] brower: mozilla/5.0 (windows nt 6.1; win64; x64) applewebkit/537.36 (khtml, like gecko) chrome/68.0.3440.106 safari/537.36
 [ 2-20-2019, 4:51:58 AM ] pid: 21717

 [ 2-20-2019, 4:52:00 AM ] info: /mosc/template?url=/mosc/login.ejs
 [ 2-20-2019, 4:52:00 AM ] brower: mozilla/5.0 (windows nt 6.1; win64; x64) applewebkit/537.36 (khtml, like gecko) chrome/68.0.3440.106 safari/537.36
 [ 2-20-2019, 4:52:00 AM ] pid: 21717

 [ 2-20-2019, 4:52:05 AM ] info: /mosc/views?url=/mosc
 [ 2-20-2019, 4:52:05 AM ] brower: mozilla/5.0 (windows nt 6.1; win64; x64) applewebkit/537.36 (khtml, like gecko) chrome/68.0.3440.106 safari/537.36
 [ 2-20-2019, 4:52:05 AM ] pid: 21717

 [ 2-20-2019, 4:52:07 AM ] info: /mosc/template?url=/mosc/user_list.ejs
 [ 2-20-2019, 4:52:07 AM ] brower: mozilla/5.0 (windows nt 6.1; win64; x64) applewebkit/537.36 (khtml, like gecko) chrome/68.0.3440.106 safari/537.36
 [ 2-20-2019, 4:52:07 AM ] pid: 21717

 [ 2-20-2019, 4:53:31 AM ] info: /mosc/views?url=/mosc
 [ 2-20-2019, 4:53:31 AM ] brower: mozilla/5.0 (windows nt 6.1; win64; x64) applewebkit/537.36 (khtml, like gecko) chrome/68.0.3440.106 safari/537.36
 [ 2-20-2019, 4:53:31 AM ] pid: 21717

 [ 2-20-2019, 5:25:48 AM ] info: /
 [ 2-20-2019, 5:25:48 AM ] brower: mozilla/5.0 (compatible; nimbostratus-bot/v1.3.2; http://cloudsystemnetworks.com)
 [ 2-20-2019, 5:25:48 AM ] pid: 21717

 [ 2-20-2019, 11:39:05 AM ] info: /
 [ 2-20-2019, 11:39:05 AM ] brower: mozilla/5.0 (windows nt 6.3; wow64) applewebkit/537.36 (khtml, like gecko) chrome/34.0.1847.137 safari/537.36
 [ 2-20-2019, 11:39:05 AM ] pid: 21717

 [ 2-20-2019, 3:43:23 PM ] info: /
 [ 2-20-2019, 3:43:23 PM ] brower: mozilla/5.0 (macintosh; intel mac os x 10_12_6) applewebkit/537.36 (khtml, like gecko) chrome/61.0.3163.100 safari/537.36
 [ 2-20-2019, 3:43:23 PM ] pid: 21717

 [ 2-20-2019, 3:49:13 PM ] info: /
 [ 2-20-2019, 3:49:13 PM ] brower: mozilla/5.0 (macintosh; intel mac os x 10_12_6) applewebkit/537.36 (khtml, like gecko) chrome/61.0.3163.100 safari/537.36
 [ 2-20-2019, 3:49:13 PM ] pid: 21717

 [ 2-20-2019, 7:31:35 PM ] info: /?s=captcha
 [ 2-20-2019, 7:31:35 PM ] brower: mozilla/5.0 (compatible; baiduspider-render/2.0; +http://www.baidu.com/search/spider.html)
 [ 2-20-2019, 7:31:35 PM ] pid: 21717

 [ 2-20-2019, 7:31:35 PM ] info: /?s=xxxxx
 [ 2-20-2019, 7:31:35 PM ] brower: mozilla/5.0 (compatible; baiduspider-render/2.0; +http://www.baidu.com/search/spider.html)
 [ 2-20-2019, 7:31:35 PM ] pid: 21717

 [ 2-20-2019, 7:31:35 PM ] info: /?s=index/index/index&login=/login/&admin=///.js?
 [ 2-20-2019, 7:31:35 PM ] brower: mozilla/5.0 (compatible; baiduspider-render/2.0; +http://www.baidu.com/search/spider.html)
 [ 2-20-2019, 7:31:35 PM ] pid: 21717

 [ 2-20-2019, 7:31:35 PM ] info: /?s=captcha&test=@++eval++(++$_POST++[++a++]++)++;&login=/login/&admin=///.js?
 [ 2-20-2019, 7:31:35 PM ] brower: mozilla/5.0 (compatible; baiduspider-render/2.0; +http://www.baidu.com/search/spider.html)
 [ 2-20-2019, 7:31:35 PM ] pid: 21717

 [ 2-20-2019, 7:31:35 PM ] info: /?s=index/%5Cthink%5CRequest/input&filter=pi&data=1&login=/login/&admin=///.js?
 [ 2-20-2019, 7:31:35 PM ] brower: mozilla/5.0 (compatible; baiduspider-render/2.0; +http://www.baidu.com/search/spider.html)
 [ 2-20-2019, 7:31:35 PM ] pid: 21717

 [ 2-20-2019, 7:31:35 PM ] info: /?s=index/%5Cthink%5Cconfig/get&name=database.datetime_format&login=/login/&admin=///.js?
 [ 2-20-2019, 7:31:35 PM ] brower: mozilla/5.0 (compatible; baiduspider-render/2.0; +http://www.baidu.com/search/spider.html)
 [ 2-20-2019, 7:31:35 PM ] pid: 21717

 [ 2-20-2019, 7:47:33 PM ] info: /
 [ 2-20-2019, 7:47:33 PM ] brower: mozilla/5.0 (macintosh; intel mac os x 10_10_5) applewebkit/537.36 (khtml, like gecko) chrome/52.0.2743.116 safari/537.36
 [ 2-20-2019, 7:47:33 PM ] pid: 21717

 [ 2-20-2019, 8:06:48 PM ] info: /fckeditor/editor/filemanager/browser/default/connectors/php/connector.php?Command=GetFoldersAndFiles&Type=File&CurrentFolder=/
 [ 2-20-2019, 8:06:48 PM ] brower: mozilla/5.0 (windows nt 6.3; win64; x64) applewebkit/537.36 (khtml, like gecko) chrome/67.0.3396.99 safari/537.36
 [ 2-20-2019, 8:06:48 PM ] pid: 21717

 [ 2-20-2019, 8:10:19 PM ] info: /robots.txt
 [ 2-20-2019, 8:10:19 PM ] brower: mozilla/5.0 (compatible; yandexbot/3.0; +http://yandex.com/bots)
 [ 2-20-2019, 8:10:19 PM ] pid: 21717

 [ 2-20-2019, 8:10:20 PM ] info: /robots.txt
 [ 2-20-2019, 8:10:20 PM ] brower: mozilla/5.0 (compatible; yandexbot/3.0; +http://yandex.com/bots)
 [ 2-20-2019, 8:10:20 PM ] pid: 21717

 [ 2-20-2019, 8:10:20 PM ] info: /robots.txt
 [ 2-20-2019, 8:10:20 PM ] brower: mozilla/5.0 (compatible; yandexbot/3.0; +http://yandex.com/bots)
 [ 2-20-2019, 8:10:20 PM ] pid: 21717

 [ 2-20-2019, 8:10:20 PM ] info: /robots.txt
 [ 2-20-2019, 8:10:20 PM ] brower: mozilla/5.0 (compatible; yandexbot/3.0; +http://yandex.com/bots)
 [ 2-20-2019, 8:10:20 PM ] pid: 21717

 [ 2-20-2019, 8:10:22 PM ] info: /
 [ 2-20-2019, 8:10:22 PM ] brower: mozilla/5.0 (compatible; yandexbot/3.0; +http://yandex.com/bots)
 [ 2-20-2019, 8:10:22 PM ] pid: 21717

 [ 2-20-2019, 8:10:24 PM ] info: /
 [ 2-20-2019, 8:10:24 PM ] brower: mozilla/5.0 (compatible; yandexbot/3.0; +http://yandex.com/bots)
 [ 2-20-2019, 8:10:24 PM ] pid: 21717

 [ 2-20-2019, 8:33:05 PM ] info: /Jwlsjd_baaqifg.php
 [ 2-20-2019, 8:33:05 PM ] brower: mozilla/5.0 (windows nt 6.1; wow64) applewebkit/537.36 (khtml, like gecko) chrome/50.0.2661.75 safari/537.36
 [ 2-20-2019, 8:33:05 PM ] pid: 21717

 [ 2-20-2019, 8:51:57 PM ] info: /mosc/
 [ 2-20-2019, 8:51:57 PM ] brower: mozilla/5.0 (windows nt 6.1; win64; x64) applewebkit/537.36 (khtml, like gecko) chrome/68.0.3440.106 safari/537.36
 [ 2-20-2019, 8:51:57 PM ] pid: 21717

 [ 2-20-2019, 8:51:58 PM ] info: /mosc/home
 [ 2-20-2019, 8:51:58 PM ] brower: mozilla/5.0 (windows nt 6.1; win64; x64) applewebkit/537.36 (khtml, like gecko) chrome/68.0.3440.106 safari/537.36
 [ 2-20-2019, 8:51:58 PM ] pid: 21717

 [ 2-20-2019, 8:51:58 PM ] info: /mosc/home/allCount/
 [ 2-20-2019, 8:51:58 PM ] brower: mozilla/5.0 (windows nt 6.1; win64; x64) applewebkit/537.36 (khtml, like gecko) chrome/68.0.3440.106 safari/537.36
 [ 2-20-2019, 8:51:58 PM ] pid: 21717

 [ 2-20-2019, 8:51:58 PM ] info: /mosc/home/allColumn/
 [ 2-20-2019, 8:51:58 PM ] brower: mozilla/5.0 (windows nt 6.1; win64; x64) applewebkit/537.36 (khtml, like gecko) chrome/68.0.3440.106 safari/537.36
 [ 2-20-2019, 8:51:58 PM ] pid: 21717

 [ 2-20-2019, 8:51:58 PM ] info: /mosc/home/allUser/
 [ 2-20-2019, 8:51:58 PM ] brower: mozilla/5.0 (windows nt 6.1; win64; x64) applewebkit/537.36 (khtml, like gecko) chrome/68.0.3440.106 safari/537.36
 [ 2-20-2019, 8:51:58 PM ] pid: 21717

 [ 2-20-2019, 8:51:58 PM ] info: /mosc/home/readCount/
 [ 2-20-2019, 8:51:58 PM ] brower: mozilla/5.0 (windows nt 6.1; win64; x64) applewebkit/537.36 (khtml, like gecko) chrome/68.0.3440.106 safari/537.36
 [ 2-20-2019, 8:51:58 PM ] pid: 21717

 [ 2-20-2019, 8:51:58 PM ] info: /mosc/home/readColumn/
 [ 2-20-2019, 8:51:58 PM ] brower: mozilla/5.0 (windows nt 6.1; win64; x64) applewebkit/537.36 (khtml, like gecko) chrome/68.0.3440.106 safari/537.36
 [ 2-20-2019, 8:51:58 PM ] pid: 21717

 [ 2-20-2019, 8:52:57 PM ] info: /mosc/column
 [ 2-20-2019, 8:52:57 PM ] brower: mozilla/5.0 (windows nt 6.1; win64; x64) applewebkit/537.36 (khtml, like gecko) chrome/68.0.3440.106 safari/537.36
 [ 2-20-2019, 8:52:57 PM ] pid: 21717

 [ 2-20-2019, 8:52:58 PM ] info: /mosc/column/count
 [ 2-20-2019, 8:52:58 PM ] brower: mozilla/5.0 (windows nt 6.1; win64; x64) applewebkit/537.36 (khtml, like gecko) chrome/68.0.3440.106 safari/537.36
 [ 2-20-2019, 8:52:58 PM ] pid: 21717

 [ 2-20-2019, 8:52:58 PM ] info: /mosc/api/column?page=1&limit=10
 [ 2-20-2019, 8:52:58 PM ] brower: mozilla/5.0 (windows nt 6.1; win64; x64) applewebkit/537.36 (khtml, like gecko) chrome/68.0.3440.106 safari/537.36
 [ 2-20-2019, 8:52:58 PM ] pid: 21717

 [ 2-20-2019, 8:52:59 PM ] info: /mosc/article_list?id=5bf8f96de460b854d5e92ab3
 [ 2-20-2019, 8:52:59 PM ] brower: mozilla/5.0 (windows nt 6.1; win64; x64) applewebkit/537.36 (khtml, like gecko) chrome/68.0.3440.106 safari/537.36
 [ 2-20-2019, 8:52:59 PM ] pid: 21717

 [ 2-20-2019, 8:53:01 PM ] info: /mosc/article_list/count?id=5bf8f96de460b854d5e92ab3
 [ 2-20-2019, 8:53:01 PM ] brower: mozilla/5.0 (windows nt 6.1; win64; x64) applewebkit/537.36 (khtml, like gecko) chrome/68.0.3440.106 safari/537.36
 [ 2-20-2019, 8:53:01 PM ] pid: 21717

 [ 2-20-2019, 8:53:01 PM ] info: /mosc/article_list/article/5bf8f96de460b854d5e92ab3?page=1&limit=10
 [ 2-20-2019, 8:53:01 PM ] brower: mozilla/5.0 (windows nt 6.1; win64; x64) applewebkit/537.36 (khtml, like gecko) chrome/68.0.3440.106 safari/537.36
 [ 2-20-2019, 8:53:01 PM ] pid: 21717

 [ 2-20-2019, 8:53:03 PM ] info: /mosc/article_editor/5c6d1105e460b854d5e92ab8?listPage=1
 [ 2-20-2019, 8:53:03 PM ] brower: mozilla/5.0 (windows nt 6.1; win64; x64) applewebkit/537.36 (khtml, like gecko) chrome/68.0.3440.106 safari/537.36
 [ 2-20-2019, 8:53:03 PM ] pid: 21717

 [ 2-20-2019, 8:58:40 PM ] info: /mosc/article_editor/5c6d1105e460b854d5e92ab8
 [ 2-20-2019, 8:58:40 PM ] brower: mozilla/5.0 (windows nt 6.1; win64; x64) applewebkit/537.36 (khtml, like gecko) chrome/68.0.3440.106 safari/537.36
 [ 2-20-2019, 8:58:40 PM ] pid: 21717

 [ 2-20-2019, 8:58:41 PM ] info: /mosc/article_list?id=5bf8f96de460b854d5e92ab3
 [ 2-20-2019, 8:58:41 PM ] brower: mozilla/5.0 (windows nt 6.1; win64; x64) applewebkit/537.36 (khtml, like gecko) chrome/68.0.3440.106 safari/537.36
 [ 2-20-2019, 8:58:41 PM ] pid: 21717

 [ 2-20-2019, 8:58:42 PM ] info: /mosc/article_list/count?id=5bf8f96de460b854d5e92ab3
 [ 2-20-2019, 8:58:42 PM ] brower: mozilla/5.0 (windows nt 6.1; win64; x64) applewebkit/537.36 (khtml, like gecko) chrome/68.0.3440.106 safari/537.36
 [ 2-20-2019, 8:58:42 PM ] pid: 21717

 [ 2-20-2019, 8:58:42 PM ] info: /mosc/article_list/article/5bf8f96de460b854d5e92ab3?page=1&limit=10
 [ 2-20-2019, 8:58:42 PM ] brower: mozilla/5.0 (windows nt 6.1; win64; x64) applewebkit/537.36 (khtml, like gecko) chrome/68.0.3440.106 safari/537.36
 [ 2-20-2019, 8:58:42 PM ] pid: 21717

 [ 2-20-2019, 8:58:44 PM ] info: /mosc/article_editor/5c6d1105e460b854d5e92ab8?listPage=1
 [ 2-20-2019, 8:58:44 PM ] brower: mozilla/5.0 (windows nt 6.1; win64; x64) applewebkit/537.36 (khtml, like gecko) chrome/68.0.3440.106 safari/537.36
 [ 2-20-2019, 8:58:44 PM ] pid: 21717

 [ 2-20-2019, 9:35:32 PM ] info: /mosc/article_editor/5c6d1105e460b854d5e92ab8
 [ 2-20-2019, 9:35:32 PM ] brower: mozilla/5.0 (windows nt 6.1; win64; x64) applewebkit/537.36 (khtml, like gecko) chrome/68.0.3440.106 safari/537.36
 [ 2-20-2019, 9:35:32 PM ] pid: 21717

 [ 2-20-2019, 9:35:32 PM ] info: /mosc/article_list?id=5bf8f96de460b854d5e92ab3
 [ 2-20-2019, 9:35:32 PM ] brower: mozilla/5.0 (windows nt 6.1; win64; x64) applewebkit/537.36 (khtml, like gecko) chrome/68.0.3440.106 safari/537.36
 [ 2-20-2019, 9:35:32 PM ] pid: 21717

 [ 2-20-2019, 9:35:33 PM ] info: /mosc/article_list/count?id=5bf8f96de460b854d5e92ab3
 [ 2-20-2019, 9:35:33 PM ] brower: mozilla/5.0 (windows nt 6.1; win64; x64) applewebkit/537.36 (khtml, like gecko) chrome/68.0.3440.106 safari/537.36
 [ 2-20-2019, 9:35:33 PM ] pid: 21717

 [ 2-20-2019, 9:35:33 PM ] info: /mosc/article_list/article/5bf8f96de460b854d5e92ab3?page=1&limit=10
 [ 2-20-2019, 9:35:33 PM ] brower: mozilla/5.0 (windows nt 6.1; win64; x64) applewebkit/537.36 (khtml, like gecko) chrome/68.0.3440.106 safari/537.36
 [ 2-20-2019, 9:35:33 PM ] pid: 21717

 [ 2-20-2019, 9:35:35 PM ] info: /mosc/article_editor/5c6d1105e460b854d5e92ab8?listPage=1
 [ 2-20-2019, 9:35:35 PM ] brower: mozilla/5.0 (windows nt 6.1; win64; x64) applewebkit/537.36 (khtml, like gecko) chrome/68.0.3440.106 safari/537.36
 [ 2-20-2019, 9:35:35 PM ] pid: 21717

 [ 2-20-2019, 9:35:38 PM ] info: /mosc/article_editor/5c6d1105e460b854d5e92ab8
 [ 2-20-2019, 9:35:38 PM ] brower: mozilla/5.0 (windows nt 6.1; win64; x64) applewebkit/537.36 (khtml, like gecko) chrome/68.0.3440.106 safari/537.36
 [ 2-20-2019, 9:35:38 PM ] pid: 21717

 [ 2-20-2019, 9:35:38 PM ] info: /mosc/article_list?id=5bf8f96de460b854d5e92ab3
 [ 2-20-2019, 9:35:38 PM ] brower: mozilla/5.0 (windows nt 6.1; win64; x64) applewebkit/537.36 (khtml, like gecko) chrome/68.0.3440.106 safari/537.36
 [ 2-20-2019, 9:35:38 PM ] pid: 21717

 [ 2-20-2019, 9:35:39 PM ] info: /mosc/article_list/count?id=5bf8f96de460b854d5e92ab3
 [ 2-20-2019, 9:35:39 PM ] brower: mozilla/5.0 (windows nt 6.1; win64; x64) applewebkit/537.36 (khtml, like gecko) chrome/68.0.3440.106 safari/537.36
 [ 2-20-2019, 9:35:39 PM ] pid: 21717

 [ 2-20-2019, 9:35:39 PM ] info: /mosc/article_list/article/5bf8f96de460b854d5e92ab3?page=1&limit=10
 [ 2-20-2019, 9:35:39 PM ] brower: mozilla/5.0 (windows nt 6.1; win64; x64) applewebkit/537.36 (khtml, like gecko) chrome/68.0.3440.106 safari/537.36
 [ 2-20-2019, 9:35:39 PM ] pid: 21717

 [ 2-20-2019, 9:35:49 PM ] info: /
 [ 2-20-2019, 9:35:49 PM ] brower: mozilla/5.0 (windows nt 6.1; win64; x64) applewebkit/537.36 (khtml, like gecko) chrome/68.0.3440.106 safari/537.36
 [ 2-20-2019, 9:35:49 PM ] pid: 21717

 [ 2-20-2019, 9:35:50 PM ] info: /index/column?page=1&limit=10
 [ 2-20-2019, 9:35:50 PM ] brower: mozilla/5.0 (windows nt 6.1; win64; x64) applewebkit/537.36 (khtml, like gecko) chrome/68.0.3440.106 safari/537.36
 [ 2-20-2019, 9:35:50 PM ] pid: 21717

 [ 2-20-2019, 9:35:50 PM ] info: /index/article_list?id=5bf8f96de460b854d5e92ab3
 [ 2-20-2019, 9:35:50 PM ] brower: mozilla/5.0 (windows nt 6.1; win64; x64) applewebkit/537.36 (khtml, like gecko) chrome/68.0.3440.106 safari/537.36
 [ 2-20-2019, 9:35:50 PM ] pid: 21717

 [ 2-20-2019, 9:35:51 PM ] info: /index/article/5bf901bae460b854d5e92ab4
 [ 2-20-2019, 9:35:51 PM ] brower: mozilla/5.0 (windows nt 6.1; win64; x64) applewebkit/537.36 (khtml, like gecko) chrome/68.0.3440.106 safari/537.36
 [ 2-20-2019, 9:35:51 PM ] pid: 21717

 [ 2-20-2019, 9:35:51 PM ] info: /index/share/count/5bf901bae460b854d5e92ab4
 [ 2-20-2019, 9:35:51 PM ] brower: mozilla/5.0 (windows nt 6.1; win64; x64) applewebkit/537.36 (khtml, like gecko) chrome/68.0.3440.106 safari/537.36
 [ 2-20-2019, 9:35:51 PM ] pid: 21717

 [ 2-20-2019, 9:35:51 PM ] info: /index/share/5bf901bae460b854d5e92ab4?page=1&limit=6
 [ 2-20-2019, 9:35:51 PM ] brower: mozilla/5.0 (windows nt 6.1; win64; x64) applewebkit/537.36 (khtml, like gecko) chrome/68.0.3440.106 safari/537.36
 [ 2-20-2019, 9:35:51 PM ] pid: 21717

 [ 2-20-2019, 9:35:52 PM ] info: /index/article/5c6d1105e460b854d5e92ab8
 [ 2-20-2019, 9:35:52 PM ] brower: mozilla/5.0 (windows nt 6.1; win64; x64) applewebkit/537.36 (khtml, like gecko) chrome/68.0.3440.106 safari/537.36
 [ 2-20-2019, 9:35:52 PM ] pid: 21717

 [ 2-20-2019, 9:35:52 PM ] info: /index/share/count/5c6d1105e460b854d5e92ab8
 [ 2-20-2019, 9:35:52 PM ] brower: mozilla/5.0 (windows nt 6.1; win64; x64) applewebkit/537.36 (khtml, like gecko) chrome/68.0.3440.106 safari/537.36
 [ 2-20-2019, 9:35:52 PM ] pid: 21717

 [ 2-20-2019, 9:35:52 PM ] info: /index/share/5c6d1105e460b854d5e92ab8?page=1&limit=6
 [ 2-20-2019, 9:35:52 PM ] brower: mozilla/5.0 (windows nt 6.1; win64; x64) applewebkit/537.36 (khtml, like gecko) chrome/68.0.3440.106 safari/537.36
 [ 2-20-2019, 9:35:52 PM ] pid: 21717

 [ 2-20-2019, 9:58:20 PM ] info: /CHANGELOG.txt
 [ 2-20-2019, 9:58:20 PM ] brower: mozilla/5.0 (macintosh; intel mac os x 10_11_5) applewebkit/537.36 (khtml, like gecko) chrome/50.0.2661.102 safari/537.36
 [ 2-20-2019, 9:58:20 PM ] pid: 21717

 [ 2-20-2019, 10:05:26 PM ] info: /mosc/article_editor/5c6d1105e460b854d5e92ab8?listPage=1
 [ 2-20-2019, 10:05:26 PM ] brower: mozilla/5.0 (windows nt 6.1; win64; x64) applewebkit/537.36 (khtml, like gecko) chrome/68.0.3440.106 safari/537.36
 [ 2-20-2019, 10:05:26 PM ] pid: 21717

 [ 2-20-2019, 10:05:50 PM ] info: /mosc/views
 [ 2-20-2019, 10:05:50 PM ] brower: mozilla/5.0 (windows nt 6.1; win64; x64) applewebkit/537.36 (khtml, like gecko) chrome/68.0.3440.106 safari/537.36
 [ 2-20-2019, 10:05:50 PM ] pid: 21717

 [ 2-20-2019, 10:05:52 PM ] info: /mosc/template?url=/login.ejs
 [ 2-20-2019, 10:05:52 PM ] brower: mozilla/5.0 (windows nt 6.1; win64; x64) applewebkit/537.36 (khtml, like gecko) chrome/68.0.3440.106 safari/537.36
 [ 2-20-2019, 10:05:52 PM ] pid: 21717

 [ 2-20-2019, 10:06:01 PM ] info: /mosc/views?url=
 [ 2-20-2019, 10:06:01 PM ] brower: mozilla/5.0 (windows nt 6.1; win64; x64) applewebkit/537.36 (khtml, like gecko) chrome/68.0.3440.106 safari/537.36
 [ 2-20-2019, 10:06:01 PM ] pid: 21717

 [ 2-20-2019, 10:06:03 PM ] info: /mosc/template?url=/article.ejs
 [ 2-20-2019, 10:06:03 PM ] brower: mozilla/5.0 (windows nt 6.1; win64; x64) applewebkit/537.36 (khtml, like gecko) chrome/68.0.3440.106 safari/537.36
 [ 2-20-2019, 10:06:03 PM ] pid: 21717

 [ 2-20-2019, 10:06:51 PM ] info: /mosc/views?url=
 [ 2-20-2019, 10:06:51 PM ] brower: mozilla/5.0 (windows nt 6.1; win64; x64) applewebkit/537.36 (khtml, like gecko) chrome/68.0.3440.106 safari/537.36
 [ 2-20-2019, 10:06:51 PM ] pid: 21717

 [ 2-20-2019, 10:06:53 PM ] info: /mosc/template?url=/article.ejs
 [ 2-20-2019, 10:06:53 PM ] brower: mozilla/5.0 (windows nt 6.1; win64; x64) applewebkit/537.36 (khtml, like gecko) chrome/68.0.3440.106 safari/537.36
 [ 2-20-2019, 10:06:53 PM ] pid: 21717

 [ 2-20-2019, 10:06:55 PM ] info: /mosc/views?url=
 [ 2-20-2019, 10:06:55 PM ] brower: mozilla/5.0 (windows nt 6.1; win64; x64) applewebkit/537.36 (khtml, like gecko) chrome/68.0.3440.106 safari/537.36
 [ 2-20-2019, 10:06:55 PM ] pid: 21717

 [ 2-20-2019, 10:06:56 PM ] info: /mosc/template?url=/share.ejs
 [ 2-20-2019, 10:06:56 PM ] brower: mozilla/5.0 (windows nt 6.1; win64; x64) applewebkit/537.36 (khtml, like gecko) chrome/68.0.3440.106 safari/537.36
 [ 2-20-2019, 10:06:56 PM ] pid: 21717

 [ 2-20-2019, 10:07:05 PM ] info: /mosc/views?url=
 [ 2-20-2019, 10:07:05 PM ] brower: mozilla/5.0 (windows nt 6.1; win64; x64) applewebkit/537.36 (khtml, like gecko) chrome/68.0.3440.106 safari/537.36
 [ 2-20-2019, 10:07:05 PM ] pid: 21717

 [ 2-20-2019, 10:07:08 PM ] info: /mosc/template?url=/index.ejs
 [ 2-20-2019, 10:07:08 PM ] brower: mozilla/5.0 (windows nt 6.1; win64; x64) applewebkit/537.36 (khtml, like gecko) chrome/68.0.3440.106 safari/537.36
 [ 2-20-2019, 10:07:08 PM ] pid: 21717

 [ 2-20-2019, 10:21:09 PM ] info: /
 [ 2-20-2019, 10:21:09 PM ] brower: mozilla/5.0 (windows nt 6.1; wow64) applewebkit/537.36 (khtml, like gecko) chrome/50.0.2661.102 safari/537.36; 360spider
 [ 2-20-2019, 10:21:09 PM ] pid: 21717

 [ 2-20-2019, 10:21:46 PM ] info: /
 [ 2-20-2019, 10:21:46 PM ] brower: mozilla/5.0 (windows nt 6.1; wow64) applewebkit/537.36 (khtml, like gecko) chrome/50.0.2661.102 safari/537.36; 360spider
 [ 2-20-2019, 10:21:46 PM ] pid: 21717

 [ 2-20-2019, 10:41:03 PM ] info: /posts
 [ 2-20-2019, 10:41:03 PM ] brower: mozilla/5.0 (macintosh; intel mac os x 10_11_4) applewebkit/537.36 (khtml, like gecko) chrome/49.0.2623.110 safari/537.36
 [ 2-20-2019, 10:41:03 PM ] pid: 21717

 [ 2-20-2019, 10:41:19 PM ] info: /posts
 [ 2-20-2019, 10:41:19 PM ] brower: mozilla/5.0 (windows nt 6.1; win64; x64) applewebkit/537.36 (khtml, like gecko) chrome/68.0.3440.106 safari/537.36
 [ 2-20-2019, 10:41:19 PM ] pid: 21717

 [ 2-20-2019, 10:41:38 PM ] info: /
 [ 2-20-2019, 10:41:38 PM ] brower: mozilla/5.0 (windows nt 6.1; win64; x64) applewebkit/537.36 (khtml, like gecko) chrome/68.0.3440.106 safari/537.36
 [ 2-20-2019, 10:41:38 PM ] pid: 21717

 [ 2-20-2019, 10:41:47 PM ] info: /
 [ 2-20-2019, 10:41:47 PM ] brower: mozilla/5.0 (macintosh; intel mac os x 10_11_4) applewebkit/537.36 (khtml, like gecko) chrome/49.0.2623.110 safari/537.36
 [ 2-20-2019, 10:41:47 PM ] pid: 21717

 [ 2-20-2019, 10:41:52 PM ] info: /index/column?page=1&limit=10
 [ 2-20-2019, 10:41:52 PM ] brower: mozilla/5.0 (windows nt 6.1; win64; x64) applewebkit/537.36 (khtml, like gecko) chrome/68.0.3440.106 safari/537.36
 [ 2-20-2019, 10:41:52 PM ] pid: 21717

 [ 2-20-2019, 10:41:53 PM ] info: /index/article_list?id=5bf8f96de460b854d5e92ab3
 [ 2-20-2019, 10:41:53 PM ] brower: mozilla/5.0 (windows nt 6.1; win64; x64) applewebkit/537.36 (khtml, like gecko) chrome/68.0.3440.106 safari/537.36
 [ 2-20-2019, 10:41:53 PM ] pid: 21717

 [ 2-20-2019, 10:42:04 PM ] info: /index/article/5bf901bae460b854d5e92ab4
 [ 2-20-2019, 10:42:04 PM ] brower: mozilla/5.0 (windows nt 6.1; win64; x64) applewebkit/537.36 (khtml, like gecko) chrome/68.0.3440.106 safari/537.36
 [ 2-20-2019, 10:42:04 PM ] pid: 21717

 [ 2-20-2019, 10:42:08 PM ] info: /index/share/count/5bf901bae460b854d5e92ab4
 [ 2-20-2019, 10:42:08 PM ] brower: mozilla/5.0 (windows nt 6.1; win64; x64) applewebkit/537.36 (khtml, like gecko) chrome/68.0.3440.106 safari/537.36
 [ 2-20-2019, 10:42:08 PM ] pid: 21717

 [ 2-20-2019, 10:42:08 PM ] info: /index/share/5bf901bae460b854d5e92ab4?page=1&limit=6
 [ 2-20-2019, 10:42:08 PM ] brower: mozilla/5.0 (windows nt 6.1; win64; x64) applewebkit/537.36 (khtml, like gecko) chrome/68.0.3440.106 safari/537.36
 [ 2-20-2019, 10:42:08 PM ] pid: 21717

 [ 2-20-2019, 10:43:58 PM ] info: /
 [ 2-20-2019, 10:43:58 PM ] brower: mozilla/5.0 (macintosh; intel mac os x 10_11_4) applewebkit/537.36 (khtml, like gecko) chrome/49.0.2623.110 safari/537.36
 [ 2-20-2019, 10:43:58 PM ] pid: 21717

 [ 2-20-2019, 10:44:32 PM ] info: /
 [ 2-20-2019, 10:44:32 PM ] brower: mozilla/5.0 (macintosh; intel mac os x 10_11_4) applewebkit/537.36 (khtml, like gecko) chrome/49.0.2623.110 safari/537.36
 [ 2-20-2019, 10:44:32 PM ] pid: 21717

 [ 2-20-2019, 10:49:41 PM ] info: /
 [ 2-20-2019, 10:49:41 PM ] brower: mozilla/5.0 (macintosh; intel mac os x 10_12_5) applewebkit/537.36 (khtml, like gecko) chrome/58.0.3029.110 safari/537.36
 [ 2-20-2019, 10:49:41 PM ] pid: 21717

 [ 2-20-2019, 10:51:43 PM ] info: /mosc/views?url=
 [ 2-20-2019, 10:51:43 PM ] brower: mozilla/5.0 (windows nt 6.1; win64; x64) applewebkit/537.36 (khtml, like gecko) chrome/68.0.3440.106 safari/537.36
 [ 2-20-2019, 10:51:43 PM ] pid: 21717

 [ 2-20-2019, 10:51:44 PM ] info: /mosc/views?url=
 [ 2-20-2019, 10:51:44 PM ] brower: mozilla/5.0 (windows nt 6.1; win64; x64) applewebkit/537.36 (khtml, like gecko) chrome/68.0.3440.106 safari/537.36
 [ 2-20-2019, 10:51:44 PM ] pid: 21717

 [ 2-20-2019, 10:51:46 PM ] info: /mosc/column
 [ 2-20-2019, 10:51:46 PM ] brower: mozilla/5.0 (windows nt 6.1; win64; x64) applewebkit/537.36 (khtml, like gecko) chrome/68.0.3440.106 safari/537.36
 [ 2-20-2019, 10:51:46 PM ] pid: 21717

 [ 2-20-2019, 10:51:47 PM ] info: /mosc/column/count
 [ 2-20-2019, 10:51:47 PM ] brower: mozilla/5.0 (windows nt 6.1; win64; x64) applewebkit/537.36 (khtml, like gecko) chrome/68.0.3440.106 safari/537.36
 [ 2-20-2019, 10:51:47 PM ] pid: 21717

 [ 2-20-2019, 10:51:47 PM ] info: /mosc/api/column?page=1&limit=10
 [ 2-20-2019, 10:51:47 PM ] brower: mozilla/5.0 (windows nt 6.1; win64; x64) applewebkit/537.36 (khtml, like gecko) chrome/68.0.3440.106 safari/537.36
 [ 2-20-2019, 10:51:47 PM ] pid: 21717

 [ 2-20-2019, 11:37:04 PM ] info: /robots.txt
 [ 2-20-2019, 11:37:04 PM ] brower: mozilla/5.0 (compatible; bingbot/2.0; +http://www.bing.com/bingbot.htm)
 [ 2-20-2019, 11:37:04 PM ] pid: 21717

 [ 2-20-2019, 11:37:22 PM ] info: /robots.txt
 [ 2-20-2019, 11:37:22 PM ] brower: mozilla/5.0 (compatible; bingbot/2.0; +http://www.bing.com/bingbot.htm)
 [ 2-20-2019, 11:37:22 PM ] pid: 21717

 [ 2-20-2019, 11:37:34 PM ] info: /
 [ 2-20-2019, 11:37:34 PM ] brower: mozilla/5.0 (iphone; cpu iphone os 7_0 like mac os x) applewebkit/537.51.1 (khtml, like gecko) version/7.0 mobile/11a465 safari/9537.53 (compatible; bingbot/2.0; +http://www.bing.com/bingbot.htm)
 [ 2-20-2019, 11:37:34 PM ] pid: 21717

 [ 2-20-2019, 11:37:46 PM ] info: /robots.txt
 [ 2-20-2019, 11:37:46 PM ] brower: mozilla/5.0 (compatible; bingbot/2.0; +http://www.bing.com/bingbot.htm)
 [ 2-20-2019, 11:37:46 PM ] pid: 21717

 [ 2-20-2019, 11:37:49 PM ] info: /index/column?page=1&limit=10
 [ 2-20-2019, 11:37:49 PM ] brower: mozilla/5.0 (iphone; cpu iphone os 7_0 like mac os x) applewebkit/537.51.1 (khtml, like gecko) version/7.0 mobile/11a465 safari/9537.53 bingpreview/1.0b
 [ 2-20-2019, 11:37:49 PM ] pid: 21717

 [ 2-20-2019, 11:37:49 PM ] info: /index/article_list?id=5bf8f96de460b854d5e92ab3
 [ 2-20-2019, 11:37:49 PM ] brower: mozilla/5.0 (iphone; cpu iphone os 7_0 like mac os x) applewebkit/537.51.1 (khtml, like gecko) version/7.0 mobile/11a465 safari/9537.53 bingpreview/1.0b
 [ 2-20-2019, 11:37:49 PM ] pid: 21717

 [ 2-20-2019, 11:37:50 PM ] info: /index/article/5bf901bae460b854d5e92ab4
 [ 2-20-2019, 11:37:50 PM ] brower: mozilla/5.0 (iphone; cpu iphone os 7_0 like mac os x) applewebkit/537.51.1 (khtml, like gecko) version/7.0 mobile/11a465 safari/9537.53 bingpreview/1.0b
 [ 2-20-2019, 11:37:50 PM ] pid: 21717

 [ 2-20-2019, 11:37:51 PM ] info: /index/share/count/5bf901bae460b854d5e92ab4
 [ 2-20-2019, 11:37:51 PM ] brower: mozilla/5.0 (iphone; cpu iphone os 7_0 like mac os x) applewebkit/537.51.1 (khtml, like gecko) version/7.0 mobile/11a465 safari/9537.53 bingpreview/1.0b
 [ 2-20-2019, 11:37:51 PM ] pid: 21717

 [ 2-20-2019, 11:37:52 PM ] info: /index/share/5bf901bae460b854d5e92ab4?page=1&limit=6
 [ 2-20-2019, 11:37:52 PM ] brower: mozilla/5.0 (iphone; cpu iphone os 7_0 like mac os x) applewebkit/537.51.1 (khtml, like gecko) version/7.0 mobile/11a465 safari/9537.53 bingpreview/1.0b
 [ 2-20-2019, 11:37:52 PM ] pid: 21717

