 [ 2-21-2019, 12:36:52 AM ] info: /
 [ 2-21-2019, 12:36:52 AM ] brower: mozilla/5.0 (iphone; cpu iphone os 8_0_2 like mac os x)
 [ 2-21-2019, 12:36:52 AM ] pid: 21717

 [ 2-21-2019, 12:59:51 AM ] info: /?s=captcha&test=@++eval++(++$_POST++[++a++]++)++;&login=/login/&admin=///.js?
 [ 2-21-2019, 12:59:51 AM ] brower: mozilla/5.0 (compatible; baiduspider-render/2.0; +http://www.baidu.com/search/spider.html)
 [ 2-21-2019, 12:59:51 AM ] pid: 21717

 [ 2-21-2019, 12:59:51 AM ] info: /static/.gitignore
 [ 2-21-2019, 12:59:51 AM ] brower: mozilla/5.0 (compatible; baiduspider-render/2.0; +http://www.baidu.com/search/spider.html)
 [ 2-21-2019, 12:59:51 AM ] pid: 21717

 [ 2-21-2019, 12:59:51 AM ] info: /?s=index/index/index&login=/login/&admin=///.js?
 [ 2-21-2019, 12:59:51 AM ] brower: mozilla/5.0 (compatible; baiduspider-render/2.0; +http://www.baidu.com/search/spider.html)
 [ 2-21-2019, 12:59:51 AM ] pid: 21717

 [ 2-21-2019, 12:59:51 AM ] info: /?s=xxxxx
 [ 2-21-2019, 12:59:51 AM ] brower: mozilla/5.0 (compatible; baiduspider-render/2.0; +http://www.baidu.com/search/spider.html)
 [ 2-21-2019, 12:59:51 AM ] pid: 21717

 [ 2-21-2019, 12:59:51 AM ] info: /?s=captcha
 [ 2-21-2019, 12:59:51 AM ] brower: mozilla/5.0 (compatible; baiduspider-render/2.0; +http://www.baidu.com/search/spider.html)
 [ 2-21-2019, 12:59:51 AM ] pid: 21717

 [ 2-21-2019, 1:22:00 AM ] info: /index/loginout
 [ 2-21-2019, 1:22:00 AM ] brower: mozilla/5.0 (windows nt 6.1; win64; x64) applewebkit/537.36 (khtml, like gecko) chrome/68.0.3440.106 safari/537.36
 [ 2-21-2019, 1:22:00 AM ] pid: 21717

 [ 2-21-2019, 1:22:00 AM ] info: /
 [ 2-21-2019, 1:22:00 AM ] brower: mozilla/5.0 (windows nt 6.1; win64; x64) applewebkit/537.36 (khtml, like gecko) chrome/68.0.3440.106 safari/537.36
 [ 2-21-2019, 1:22:00 AM ] pid: 21717

 [ 2-21-2019, 1:22:02 AM ] info: /index/column?page=1&limit=10
 [ 2-21-2019, 1:22:02 AM ] brower: mozilla/5.0 (windows nt 6.1; win64; x64) applewebkit/537.36 (khtml, like gecko) chrome/68.0.3440.106 safari/537.36
 [ 2-21-2019, 1:22:02 AM ] pid: 21717

 [ 2-21-2019, 1:22:02 AM ] info: /index/article_list?id=5bf8f96de460b854d5e92ab3
 [ 2-21-2019, 1:22:02 AM ] brower: mozilla/5.0 (windows nt 6.1; win64; x64) applewebkit/537.36 (khtml, like gecko) chrome/68.0.3440.106 safari/537.36
 [ 2-21-2019, 1:22:02 AM ] pid: 21717

 [ 2-21-2019, 1:22:03 AM ] info: /index/article/5bf901bae460b854d5e92ab4
 [ 2-21-2019, 1:22:03 AM ] brower: mozilla/5.0 (windows nt 6.1; win64; x64) applewebkit/537.36 (khtml, like gecko) chrome/68.0.3440.106 safari/537.36
 [ 2-21-2019, 1:22:03 AM ] pid: 21717

 [ 2-21-2019, 1:22:03 AM ] info: /index/share/count/5bf901bae460b854d5e92ab4
 [ 2-21-2019, 1:22:03 AM ] brower: mozilla/5.0 (windows nt 6.1; win64; x64) applewebkit/537.36 (khtml, like gecko) chrome/68.0.3440.106 safari/537.36
 [ 2-21-2019, 1:22:03 AM ] pid: 21717

 [ 2-21-2019, 1:22:04 AM ] info: /index/share/5bf901bae460b854d5e92ab4?page=1&limit=6
 [ 2-21-2019, 1:22:04 AM ] brower: mozilla/5.0 (windows nt 6.1; win64; x64) applewebkit/537.36 (khtml, like gecko) chrome/68.0.3440.106 safari/537.36
 [ 2-21-2019, 1:22:04 AM ] pid: 21717

 [ 2-21-2019, 1:22:36 AM ] info: /index/login
 [ 2-21-2019, 1:22:36 AM ] brower: mozilla/5.0 (windows nt 6.1; win64; x64) applewebkit/537.36 (khtml, like gecko) chrome/68.0.3440.106 safari/537.36
 [ 2-21-2019, 1:22:36 AM ] pid: 21717

 [ 2-21-2019, 1:23:02 AM ] info: /index/login
 [ 2-21-2019, 1:23:02 AM ] brower: mozilla/5.0 (windows nt 6.1; win64; x64) applewebkit/537.36 (khtml, like gecko) chrome/68.0.3440.106 safari/537.36
 [ 2-21-2019, 1:23:02 AM ] pid: 21717

 [ 2-21-2019, 1:24:24 AM ] info: /
 [ 2-21-2019, 1:24:24 AM ] brower: mozilla/5.0 (windows nt 6.1; win64; x64) applewebkit/537.36 (khtml, like gecko) chrome/68.0.3440.106 safari/537.36
 [ 2-21-2019, 1:24:24 AM ] pid: 21717

 [ 2-21-2019, 1:27:12 AM ] info: /
 [ 2-21-2019, 1:27:12 AM ] brower: mozilla/5.0 (windows nt 6.1; win64; x64) applewebkit/537.36 (khtml, like gecko) chrome/68.0.3440.106 safari/537.36
 [ 2-21-2019, 1:27:12 AM ] pid: 21717

 [ 2-21-2019, 1:27:14 AM ] info: /index/column?page=1&limit=10
 [ 2-21-2019, 1:27:14 AM ] brower: mozilla/5.0 (windows nt 6.1; win64; x64) applewebkit/537.36 (khtml, like gecko) chrome/68.0.3440.106 safari/537.36
 [ 2-21-2019, 1:27:14 AM ] pid: 21717

 [ 2-21-2019, 1:27:14 AM ] info: /index/article_list?id=5bf8f96de460b854d5e92ab3
 [ 2-21-2019, 1:27:14 AM ] brower: mozilla/5.0 (windows nt 6.1; win64; x64) applewebkit/537.36 (khtml, like gecko) chrome/68.0.3440.106 safari/537.36
 [ 2-21-2019, 1:27:14 AM ] pid: 21717

 [ 2-21-2019, 1:27:14 AM ] info: /index/article/5bf901bae460b854d5e92ab4
 [ 2-21-2019, 1:27:14 AM ] brower: mozilla/5.0 (windows nt 6.1; win64; x64) applewebkit/537.36 (khtml, like gecko) chrome/68.0.3440.106 safari/537.36
 [ 2-21-2019, 1:27:14 AM ] pid: 21717

 [ 2-21-2019, 1:27:15 AM ] info: /index/share/count/5bf901bae460b854d5e92ab4
 [ 2-21-2019, 1:27:15 AM ] brower: mozilla/5.0 (windows nt 6.1; win64; x64) applewebkit/537.36 (khtml, like gecko) chrome/68.0.3440.106 safari/537.36
 [ 2-21-2019, 1:27:15 AM ] pid: 21717

 [ 2-21-2019, 1:27:15 AM ] info: /index/share/5bf901bae460b854d5e92ab4?page=1&limit=6
 [ 2-21-2019, 1:27:15 AM ] brower: mozilla/5.0 (windows nt 6.1; win64; x64) applewebkit/537.36 (khtml, like gecko) chrome/68.0.3440.106 safari/537.36
 [ 2-21-2019, 1:27:15 AM ] pid: 21717

 [ 2-21-2019, 1:27:16 AM ] info: /index/login
 [ 2-21-2019, 1:27:16 AM ] brower: mozilla/5.0 (windows nt 6.1; win64; x64) applewebkit/537.36 (khtml, like gecko) chrome/68.0.3440.106 safari/537.36
 [ 2-21-2019, 1:27:16 AM ] pid: 21717

 [ 2-21-2019, 1:28:03 AM ] info: /index/login
 [ 2-21-2019, 1:28:03 AM ] brower: mozilla/5.0 (windows nt 6.1; win64; x64) applewebkit/537.36 (khtml, like gecko) chrome/68.0.3440.106 safari/537.36
 [ 2-21-2019, 1:28:03 AM ] pid: 21717

 [ 2-21-2019, 1:31:11 AM ] info: /robots.txt
 [ 2-21-2019, 1:31:11 AM ] brower: mozilla/5.0 (compatible; uptimebot/1.0; +http://www.uptime.com/uptimebot)
 [ 2-21-2019, 1:31:11 AM ] pid: 21717

 [ 2-21-2019, 1:31:21 AM ] info: /
 [ 2-21-2019, 1:31:21 AM ] brower: mozilla/5.0 (windows nt 6.1; win64; x64) applewebkit/537.36 (khtml, like gecko) chrome/68.0.3440.106 safari/537.36
 [ 2-21-2019, 1:31:21 AM ] pid: 21717

 [ 2-21-2019, 1:31:24 AM ] info: /index/column?page=1&limit=10
 [ 2-21-2019, 1:31:24 AM ] brower: mozilla/5.0 (windows nt 6.1; win64; x64) applewebkit/537.36 (khtml, like gecko) chrome/68.0.3440.106 safari/537.36
 [ 2-21-2019, 1:31:24 AM ] pid: 21717

 [ 2-21-2019, 1:31:24 AM ] info: /index/article_list?id=5bf8f96de460b854d5e92ab3
 [ 2-21-2019, 1:31:24 AM ] brower: mozilla/5.0 (windows nt 6.1; win64; x64) applewebkit/537.36 (khtml, like gecko) chrome/68.0.3440.106 safari/537.36
 [ 2-21-2019, 1:31:24 AM ] pid: 21717

 [ 2-21-2019, 1:31:24 AM ] info: /index/article/5bf901bae460b854d5e92ab4
 [ 2-21-2019, 1:31:24 AM ] brower: mozilla/5.0 (windows nt 6.1; win64; x64) applewebkit/537.36 (khtml, like gecko) chrome/68.0.3440.106 safari/537.36
 [ 2-21-2019, 1:31:24 AM ] pid: 21717

 [ 2-21-2019, 1:31:24 AM ] info: /index/share/count/5bf901bae460b854d5e92ab4
 [ 2-21-2019, 1:31:24 AM ] brower: mozilla/5.0 (windows nt 6.1; win64; x64) applewebkit/537.36 (khtml, like gecko) chrome/68.0.3440.106 safari/537.36
 [ 2-21-2019, 1:31:24 AM ] pid: 21717

 [ 2-21-2019, 1:31:25 AM ] info: /index/share/5bf901bae460b854d5e92ab4?page=1&limit=6
 [ 2-21-2019, 1:31:25 AM ] brower: mozilla/5.0 (windows nt 6.1; win64; x64) applewebkit/537.36 (khtml, like gecko) chrome/68.0.3440.106 safari/537.36
 [ 2-21-2019, 1:31:25 AM ] pid: 21717

 [ 2-21-2019, 1:31:31 AM ] info: /index/login
 [ 2-21-2019, 1:31:31 AM ] brower: mozilla/5.0 (windows nt 6.1; win64; x64) applewebkit/537.36 (khtml, like gecko) chrome/68.0.3440.106 safari/537.36
 [ 2-21-2019, 1:31:31 AM ] pid: 21717

 [ 2-21-2019, 1:40:46 AM ] info: /
 [ 2-21-2019, 1:40:46 AM ] brower: mozilla/5.0 (windows nt 6.1; win64; x64) applewebkit/537.36 (khtml, like gecko) chrome/68.0.3440.106 safari/537.36
 [ 2-21-2019, 1:40:46 AM ] pid: 24433

 [ 2-21-2019, 1:40:55 AM ] info: /index/column?page=1&limit=10
 [ 2-21-2019, 1:40:55 AM ] brower: mozilla/5.0 (windows nt 6.1; win64; x64) applewebkit/537.36 (khtml, like gecko) chrome/68.0.3440.106 safari/537.36
 [ 2-21-2019, 1:40:55 AM ] pid: 24433

 [ 2-21-2019, 1:40:57 AM ] info: /
 [ 2-21-2019, 1:40:57 AM ] brower: mozilla/5.0 (windows nt 6.1; win64; x64) applewebkit/537.36 (khtml, like gecko) chrome/68.0.3440.106 safari/537.36
 [ 2-21-2019, 1:40:57 AM ] pid: 24433

 [ 2-21-2019, 1:41:07 AM ] info: /index/column?page=1&limit=10
 [ 2-21-2019, 1:41:07 AM ] brower: mozilla/5.0 (windows nt 6.1; win64; x64) applewebkit/537.36 (khtml, like gecko) chrome/68.0.3440.106 safari/537.36
 [ 2-21-2019, 1:41:07 AM ] pid: 24433

 [ 2-21-2019, 1:41:07 AM ] info: /index/article_list?id=5bf8f96de460b854d5e92ab3
 [ 2-21-2019, 1:41:07 AM ] brower: mozilla/5.0 (windows nt 6.1; win64; x64) applewebkit/537.36 (khtml, like gecko) chrome/68.0.3440.106 safari/537.36
 [ 2-21-2019, 1:41:07 AM ] pid: 24433

 [ 2-21-2019, 1:41:07 AM ] info: /index/article/5bf901bae460b854d5e92ab4
 [ 2-21-2019, 1:41:07 AM ] brower: mozilla/5.0 (windows nt 6.1; win64; x64) applewebkit/537.36 (khtml, like gecko) chrome/68.0.3440.106 safari/537.36
 [ 2-21-2019, 1:41:07 AM ] pid: 24433

 [ 2-21-2019, 1:41:08 AM ] info: /index/share/count/5bf901bae460b854d5e92ab4
 [ 2-21-2019, 1:41:08 AM ] brower: mozilla/5.0 (windows nt 6.1; win64; x64) applewebkit/537.36 (khtml, like gecko) chrome/68.0.3440.106 safari/537.36
 [ 2-21-2019, 1:41:08 AM ] pid: 24433

 [ 2-21-2019, 1:41:08 AM ] info: /index/share/5bf901bae460b854d5e92ab4?page=1&limit=6
 [ 2-21-2019, 1:41:08 AM ] brower: mozilla/5.0 (windows nt 6.1; win64; x64) applewebkit/537.36 (khtml, like gecko) chrome/68.0.3440.106 safari/537.36
 [ 2-21-2019, 1:41:08 AM ] pid: 24433

 [ 2-21-2019, 1:41:35 AM ] info: /index/login
 [ 2-21-2019, 1:41:35 AM ] brower: mozilla/5.0 (windows nt 6.1; win64; x64) applewebkit/537.36 (khtml, like gecko) chrome/68.0.3440.106 safari/537.36
 [ 2-21-2019, 1:41:35 AM ] pid: 24433

 [ 2-21-2019, 1:42:04 AM ] info: /login/github
 [ 2-21-2019, 1:42:04 AM ] brower: mozilla/5.0 (windows nt 6.1; win64; x64) applewebkit/537.36 (khtml, like gecko) chrome/68.0.3440.106 safari/537.36
 [ 2-21-2019, 1:42:04 AM ] pid: 24433

 [ 2-21-2019, 1:43:45 AM ] info: /
 [ 2-21-2019, 1:43:45 AM ] brower: mozilla/5.0 (windows nt 6.1; win64; x64) applewebkit/537.36 (khtml, like gecko) chrome/68.0.3440.106 safari/537.36
 [ 2-21-2019, 1:43:45 AM ] pid: 24433

 [ 2-21-2019, 1:43:59 AM ] info: /index/column?page=1&limit=10
 [ 2-21-2019, 1:43:59 AM ] brower: mozilla/5.0 (windows nt 6.1; win64; x64) applewebkit/537.36 (khtml, like gecko) chrome/68.0.3440.106 safari/537.36
 [ 2-21-2019, 1:43:59 AM ] pid: 24433

 [ 2-21-2019, 1:44:00 AM ] info: /index/article_list?id=5bf8f96de460b854d5e92ab3
 [ 2-21-2019, 1:44:00 AM ] brower: mozilla/5.0 (windows nt 6.1; win64; x64) applewebkit/537.36 (khtml, like gecko) chrome/68.0.3440.106 safari/537.36
 [ 2-21-2019, 1:44:00 AM ] pid: 24433

 [ 2-21-2019, 1:44:01 AM ] info: /index/article/5bf901bae460b854d5e92ab4
 [ 2-21-2019, 1:44:01 AM ] brower: mozilla/5.0 (windows nt 6.1; win64; x64) applewebkit/537.36 (khtml, like gecko) chrome/68.0.3440.106 safari/537.36
 [ 2-21-2019, 1:44:01 AM ] pid: 24433

 [ 2-21-2019, 1:44:04 AM ] info: /index/share/count/5bf901bae460b854d5e92ab4
 [ 2-21-2019, 1:44:04 AM ] brower: mozilla/5.0 (windows nt 6.1; win64; x64) applewebkit/537.36 (khtml, like gecko) chrome/68.0.3440.106 safari/537.36
 [ 2-21-2019, 1:44:04 AM ] pid: 24433

 [ 2-21-2019, 1:44:04 AM ] info: /index/login
 [ 2-21-2019, 1:44:04 AM ] brower: mozilla/5.0 (windows nt 6.1; win64; x64) applewebkit/537.36 (khtml, like gecko) chrome/68.0.3440.106 safari/537.36
 [ 2-21-2019, 1:44:04 AM ] pid: 24433

 [ 2-21-2019, 1:44:04 AM ] info: /index/share/5bf901bae460b854d5e92ab4?page=1&limit=6
 [ 2-21-2019, 1:44:04 AM ] brower: mozilla/5.0 (windows nt 6.1; win64; x64) applewebkit/537.36 (khtml, like gecko) chrome/68.0.3440.106 safari/537.36
 [ 2-21-2019, 1:44:04 AM ] pid: 24433

 [ 2-21-2019, 1:44:28 AM ] info: /
 [ 2-21-2019, 1:44:28 AM ] brower: mozilla/5.0 (windows nt 6.1; win64; x64) applewebkit/537.36 (khtml, like gecko) chrome/68.0.3440.106 safari/537.36
 [ 2-21-2019, 1:44:28 AM ] pid: 24433

 [ 2-21-2019, 1:44:35 AM ] info: /index/column?page=1&limit=10
 [ 2-21-2019, 1:44:35 AM ] brower: mozilla/5.0 (windows nt 6.1; win64; x64) applewebkit/537.36 (khtml, like gecko) chrome/68.0.3440.106 safari/537.36
 [ 2-21-2019, 1:44:35 AM ] pid: 24433

 [ 2-21-2019, 1:44:36 AM ] info: /index/article_list?id=5bf8f96de460b854d5e92ab3
 [ 2-21-2019, 1:44:36 AM ] brower: mozilla/5.0 (windows nt 6.1; win64; x64) applewebkit/537.36 (khtml, like gecko) chrome/68.0.3440.106 safari/537.36
 [ 2-21-2019, 1:44:36 AM ] pid: 24433

 [ 2-21-2019, 1:44:38 AM ] info: /index/article/5bf901bae460b854d5e92ab4
 [ 2-21-2019, 1:44:38 AM ] brower: mozilla/5.0 (windows nt 6.1; win64; x64) applewebkit/537.36 (khtml, like gecko) chrome/68.0.3440.106 safari/537.36
 [ 2-21-2019, 1:44:38 AM ] pid: 24433

 [ 2-21-2019, 1:44:38 AM ] info: /index/share/count/5bf901bae460b854d5e92ab4
 [ 2-21-2019, 1:44:38 AM ] brower: mozilla/5.0 (windows nt 6.1; win64; x64) applewebkit/537.36 (khtml, like gecko) chrome/68.0.3440.106 safari/537.36
 [ 2-21-2019, 1:44:38 AM ] pid: 24433

 [ 2-21-2019, 1:44:39 AM ] info: /index/share/5bf901bae460b854d5e92ab4?page=1&limit=6
 [ 2-21-2019, 1:44:39 AM ] brower: mozilla/5.0 (windows nt 6.1; win64; x64) applewebkit/537.36 (khtml, like gecko) chrome/68.0.3440.106 safari/537.36
 [ 2-21-2019, 1:44:39 AM ] pid: 24433

 [ 2-21-2019, 1:44:40 AM ] info: /index/login
 [ 2-21-2019, 1:44:40 AM ] brower: mozilla/5.0 (windows nt 6.1; win64; x64) applewebkit/537.36 (khtml, like gecko) chrome/68.0.3440.106 safari/537.36
 [ 2-21-2019, 1:44:40 AM ] pid: 24433

 [ 2-21-2019, 1:44:45 AM ] info: /index/login/github
 [ 2-21-2019, 1:44:45 AM ] brower: mozilla/5.0 (windows nt 6.1; win64; x64) applewebkit/537.36 (khtml, like gecko) chrome/68.0.3440.106 safari/537.36
 [ 2-21-2019, 1:44:45 AM ] pid: 24433

 [ 2-21-2019, 1:57:17 AM ] info: /
 [ 2-21-2019, 1:57:17 AM ] brower: mozilla/5.0 (windows nt 6.1; win64; x64) applewebkit/537.36 (khtml, like gecko) chrome/68.0.3440.106 safari/537.36
 [ 2-21-2019, 1:57:17 AM ] pid: 24494

 [ 2-21-2019, 1:57:22 AM ] info: /index/column?page=1&limit=10
 [ 2-21-2019, 1:57:22 AM ] brower: mozilla/5.0 (windows nt 6.1; win64; x64) applewebkit/537.36 (khtml, like gecko) chrome/68.0.3440.106 safari/537.36
 [ 2-21-2019, 1:57:22 AM ] pid: 24494

 [ 2-21-2019, 1:57:22 AM ] info: /index/article_list?id=5bf8f96de460b854d5e92ab3
 [ 2-21-2019, 1:57:22 AM ] brower: mozilla/5.0 (windows nt 6.1; win64; x64) applewebkit/537.36 (khtml, like gecko) chrome/68.0.3440.106 safari/537.36
 [ 2-21-2019, 1:57:22 AM ] pid: 24494

 [ 2-21-2019, 1:57:22 AM ] info: /index/article/5bf901bae460b854d5e92ab4
 [ 2-21-2019, 1:57:22 AM ] brower: mozilla/5.0 (windows nt 6.1; win64; x64) applewebkit/537.36 (khtml, like gecko) chrome/68.0.3440.106 safari/537.36
 [ 2-21-2019, 1:57:22 AM ] pid: 24494

 [ 2-21-2019, 1:57:23 AM ] info: /index/share/count/5bf901bae460b854d5e92ab4
 [ 2-21-2019, 1:57:23 AM ] brower: mozilla/5.0 (windows nt 6.1; win64; x64) applewebkit/537.36 (khtml, like gecko) chrome/68.0.3440.106 safari/537.36
 [ 2-21-2019, 1:57:23 AM ] pid: 24494

 [ 2-21-2019, 1:57:23 AM ] info: /index/share/5bf901bae460b854d5e92ab4?page=1&limit=6
 [ 2-21-2019, 1:57:23 AM ] brower: mozilla/5.0 (windows nt 6.1; win64; x64) applewebkit/537.36 (khtml, like gecko) chrome/68.0.3440.106 safari/537.36
 [ 2-21-2019, 1:57:23 AM ] pid: 24494

 [ 2-21-2019, 1:57:33 AM ] info: /index/login
 [ 2-21-2019, 1:57:33 AM ] brower: mozilla/5.0 (windows nt 6.1; win64; x64) applewebkit/537.36 (khtml, like gecko) chrome/68.0.3440.106 safari/537.36
 [ 2-21-2019, 1:57:33 AM ] pid: 24494

 [ 2-21-2019, 2:59:14 AM ] info: /mosc/
 [ 2-21-2019, 2:59:14 AM ] brower: mozilla/5.0 (windows nt 6.1; win64; x64) applewebkit/537.36 (khtml, like gecko) chrome/68.0.3440.106 safari/537.36
 [ 2-21-2019, 2:59:14 AM ] pid: 24494

 [ 2-21-2019, 2:59:14 AM ] info: /mosc/login
 [ 2-21-2019, 2:59:14 AM ] brower: mozilla/5.0 (windows nt 6.1; win64; x64) applewebkit/537.36 (khtml, like gecko) chrome/68.0.3440.106 safari/537.36
 [ 2-21-2019, 2:59:14 AM ] pid: 24494

 [ 2-21-2019, 2:59:20 AM ] info: /mosc/login
 [ 2-21-2019, 2:59:20 AM ] brower: mozilla/5.0 (windows nt 6.1; win64; x64) applewebkit/537.36 (khtml, like gecko) chrome/68.0.3440.106 safari/537.36
 [ 2-21-2019, 2:59:20 AM ] pid: 24494

 [ 2-21-2019, 2:59:20 AM ] info: /mosc
 [ 2-21-2019, 2:59:20 AM ] brower: mozilla/5.0 (windows nt 6.1; win64; x64) applewebkit/537.36 (khtml, like gecko) chrome/68.0.3440.106 safari/537.36
 [ 2-21-2019, 2:59:20 AM ] pid: 24494

 [ 2-21-2019, 2:59:20 AM ] info: /mosc/home
 [ 2-21-2019, 2:59:20 AM ] brower: mozilla/5.0 (windows nt 6.1; win64; x64) applewebkit/537.36 (khtml, like gecko) chrome/68.0.3440.106 safari/537.36
 [ 2-21-2019, 2:59:20 AM ] pid: 24494

 [ 2-21-2019, 2:59:21 AM ] info: /mosc/home/allCount/
 [ 2-21-2019, 2:59:21 AM ] brower: mozilla/5.0 (windows nt 6.1; win64; x64) applewebkit/537.36 (khtml, like gecko) chrome/68.0.3440.106 safari/537.36
 [ 2-21-2019, 2:59:21 AM ] pid: 24494

 [ 2-21-2019, 2:59:21 AM ] info: /mosc/home/allColumn/
 [ 2-21-2019, 2:59:21 AM ] brower: mozilla/5.0 (windows nt 6.1; win64; x64) applewebkit/537.36 (khtml, like gecko) chrome/68.0.3440.106 safari/537.36
 [ 2-21-2019, 2:59:21 AM ] pid: 24494

 [ 2-21-2019, 2:59:21 AM ] info: /mosc/home/allUser/
 [ 2-21-2019, 2:59:21 AM ] brower: mozilla/5.0 (windows nt 6.1; win64; x64) applewebkit/537.36 (khtml, like gecko) chrome/68.0.3440.106 safari/537.36
 [ 2-21-2019, 2:59:21 AM ] pid: 24494

 [ 2-21-2019, 2:59:21 AM ] info: /mosc/home/readColumn/
 [ 2-21-2019, 2:59:21 AM ] brower: mozilla/5.0 (windows nt 6.1; win64; x64) applewebkit/537.36 (khtml, like gecko) chrome/68.0.3440.106 safari/537.36
 [ 2-21-2019, 2:59:21 AM ] pid: 24494

 [ 2-21-2019, 2:59:21 AM ] info: /mosc/home/readCount/
 [ 2-21-2019, 2:59:21 AM ] brower: mozilla/5.0 (windows nt 6.1; win64; x64) applewebkit/537.36 (khtml, like gecko) chrome/68.0.3440.106 safari/537.36
 [ 2-21-2019, 2:59:21 AM ] pid: 24494

 [ 2-21-2019, 2:59:26 AM ] info: /mosc/column
 [ 2-21-2019, 2:59:26 AM ] brower: mozilla/5.0 (windows nt 6.1; win64; x64) applewebkit/537.36 (khtml, like gecko) chrome/68.0.3440.106 safari/537.36
 [ 2-21-2019, 2:59:26 AM ] pid: 24494

 [ 2-21-2019, 2:59:27 AM ] info: /mosc/column/count
 [ 2-21-2019, 2:59:27 AM ] brower: mozilla/5.0 (windows nt 6.1; win64; x64) applewebkit/537.36 (khtml, like gecko) chrome/68.0.3440.106 safari/537.36
 [ 2-21-2019, 2:59:27 AM ] pid: 24494

 [ 2-21-2019, 2:59:27 AM ] info: /mosc/api/column?page=1&limit=10
 [ 2-21-2019, 2:59:27 AM ] brower: mozilla/5.0 (windows nt 6.1; win64; x64) applewebkit/537.36 (khtml, like gecko) chrome/68.0.3440.106 safari/537.36
 [ 2-21-2019, 2:59:27 AM ] pid: 24494

 [ 2-21-2019, 2:59:28 AM ] info: /mosc/article_list?id=5bf8f96de460b854d5e92ab3
 [ 2-21-2019, 2:59:28 AM ] brower: mozilla/5.0 (windows nt 6.1; win64; x64) applewebkit/537.36 (khtml, like gecko) chrome/68.0.3440.106 safari/537.36
 [ 2-21-2019, 2:59:28 AM ] pid: 24494

 [ 2-21-2019, 2:59:30 AM ] info: /mosc/article_list/count?id=5bf8f96de460b854d5e92ab3
 [ 2-21-2019, 2:59:30 AM ] brower: mozilla/5.0 (windows nt 6.1; win64; x64) applewebkit/537.36 (khtml, like gecko) chrome/68.0.3440.106 safari/537.36
 [ 2-21-2019, 2:59:30 AM ] pid: 24494

 [ 2-21-2019, 2:59:30 AM ] info: /mosc/article_list/article/5bf8f96de460b854d5e92ab3?page=1&limit=10
 [ 2-21-2019, 2:59:30 AM ] brower: mozilla/5.0 (windows nt 6.1; win64; x64) applewebkit/537.36 (khtml, like gecko) chrome/68.0.3440.106 safari/537.36
 [ 2-21-2019, 2:59:30 AM ] pid: 24494

 [ 2-21-2019, 2:59:33 AM ] info: /mosc/article_editor?column=5bf8f96de460b854d5e92ab3
 [ 2-21-2019, 2:59:33 AM ] brower: mozilla/5.0 (windows nt 6.1; win64; x64) applewebkit/537.36 (khtml, like gecko) chrome/68.0.3440.106 safari/537.36
 [ 2-21-2019, 2:59:33 AM ] pid: 24494

 [ 2-21-2019, 3:11:51 AM ] info: /
 [ 2-21-2019, 3:11:51 AM ] brower: mozilla/5.0 (windows nt 6.1; win64; x64) applewebkit/537.36 (khtml, like gecko) chrome/68.0.3440.106 safari/537.36
 [ 2-21-2019, 3:11:51 AM ] pid: 24494

 [ 2-21-2019, 3:11:57 AM ] info: /index/column?page=1&limit=10
 [ 2-21-2019, 3:11:57 AM ] brower: mozilla/5.0 (windows nt 6.1; win64; x64) applewebkit/537.36 (khtml, like gecko) chrome/68.0.3440.106 safari/537.36
 [ 2-21-2019, 3:11:57 AM ] pid: 24494

 [ 2-21-2019, 3:11:58 AM ] info: /index/article_list?id=5bf8f96de460b854d5e92ab3
 [ 2-21-2019, 3:11:58 AM ] brower: mozilla/5.0 (windows nt 6.1; win64; x64) applewebkit/537.36 (khtml, like gecko) chrome/68.0.3440.106 safari/537.36
 [ 2-21-2019, 3:11:58 AM ] pid: 24494

 [ 2-21-2019, 3:11:59 AM ] info: /index/article/5bf901bae460b854d5e92ab4
 [ 2-21-2019, 3:11:59 AM ] brower: mozilla/5.0 (windows nt 6.1; win64; x64) applewebkit/537.36 (khtml, like gecko) chrome/68.0.3440.106 safari/537.36
 [ 2-21-2019, 3:11:59 AM ] pid: 24494

 [ 2-21-2019, 3:11:59 AM ] info: /index/share/count/5bf901bae460b854d5e92ab4
 [ 2-21-2019, 3:11:59 AM ] brower: mozilla/5.0 (windows nt 6.1; win64; x64) applewebkit/537.36 (khtml, like gecko) chrome/68.0.3440.106 safari/537.36
 [ 2-21-2019, 3:11:59 AM ] pid: 24494

 [ 2-21-2019, 3:11:59 AM ] info: /index/share/5bf901bae460b854d5e92ab4?page=1&limit=6
 [ 2-21-2019, 3:11:59 AM ] brower: mozilla/5.0 (windows nt 6.1; win64; x64) applewebkit/537.36 (khtml, like gecko) chrome/68.0.3440.106 safari/537.36
 [ 2-21-2019, 3:11:59 AM ] pid: 24494

 [ 2-21-2019, 3:12:01 AM ] info: /index/article/5c6bbb41e460b854d5e92ab7
 [ 2-21-2019, 3:12:01 AM ] brower: mozilla/5.0 (windows nt 6.1; win64; x64) applewebkit/537.36 (khtml, like gecko) chrome/68.0.3440.106 safari/537.36
 [ 2-21-2019, 3:12:01 AM ] pid: 24494

 [ 2-21-2019, 3:12:20 AM ] info: /
 [ 2-21-2019, 3:12:20 AM ] brower: mozilla/5.0 (windows nt 6.1; win64; x64) applewebkit/537.36 (khtml, like gecko) chrome/68.0.3440.106 safari/537.36
 [ 2-21-2019, 3:12:20 AM ] pid: 24494

 [ 2-21-2019, 3:12:23 AM ] info: /index/column?page=1&limit=10
 [ 2-21-2019, 3:12:23 AM ] brower: mozilla/5.0 (windows nt 6.1; win64; x64) applewebkit/537.36 (khtml, like gecko) chrome/68.0.3440.106 safari/537.36
 [ 2-21-2019, 3:12:23 AM ] pid: 24494

 [ 2-21-2019, 3:12:23 AM ] info: /index/article_list?id=5bf8f96de460b854d5e92ab3
 [ 2-21-2019, 3:12:23 AM ] brower: mozilla/5.0 (windows nt 6.1; win64; x64) applewebkit/537.36 (khtml, like gecko) chrome/68.0.3440.106 safari/537.36
 [ 2-21-2019, 3:12:23 AM ] pid: 24494

 [ 2-21-2019, 3:12:23 AM ] info: /index/article/5bf901bae460b854d5e92ab4
 [ 2-21-2019, 3:12:23 AM ] brower: mozilla/5.0 (windows nt 6.1; win64; x64) applewebkit/537.36 (khtml, like gecko) chrome/68.0.3440.106 safari/537.36
 [ 2-21-2019, 3:12:23 AM ] pid: 24494

 [ 2-21-2019, 3:12:24 AM ] info: /index/share/count/5bf901bae460b854d5e92ab4
 [ 2-21-2019, 3:12:24 AM ] brower: mozilla/5.0 (windows nt 6.1; win64; x64) applewebkit/537.36 (khtml, like gecko) chrome/68.0.3440.106 safari/537.36
 [ 2-21-2019, 3:12:24 AM ] pid: 24494

 [ 2-21-2019, 3:12:24 AM ] info: /index/share/5bf901bae460b854d5e92ab4?page=1&limit=6
 [ 2-21-2019, 3:12:24 AM ] brower: mozilla/5.0 (windows nt 6.1; win64; x64) applewebkit/537.36 (khtml, like gecko) chrome/68.0.3440.106 safari/537.36
 [ 2-21-2019, 3:12:24 AM ] pid: 24494

 [ 2-21-2019, 3:12:25 AM ] info: /index/article/5c6bbb41e460b854d5e92ab7
 [ 2-21-2019, 3:12:25 AM ] brower: mozilla/5.0 (windows nt 6.1; win64; x64) applewebkit/537.36 (khtml, like gecko) chrome/68.0.3440.106 safari/537.36
 [ 2-21-2019, 3:12:25 AM ] pid: 24494

 [ 2-21-2019, 3:12:25 AM ] info: /index/share/count/5c6bbb41e460b854d5e92ab7
 [ 2-21-2019, 3:12:25 AM ] brower: mozilla/5.0 (windows nt 6.1; win64; x64) applewebkit/537.36 (khtml, like gecko) chrome/68.0.3440.106 safari/537.36
 [ 2-21-2019, 3:12:25 AM ] pid: 24494

 [ 2-21-2019, 3:12:25 AM ] info: /index/share/5c6bbb41e460b854d5e92ab7?page=1&limit=6
 [ 2-21-2019, 3:12:25 AM ] brower: mozilla/5.0 (windows nt 6.1; win64; x64) applewebkit/537.36 (khtml, like gecko) chrome/68.0.3440.106 safari/537.36
 [ 2-21-2019, 3:12:25 AM ] pid: 24494

 [ 2-21-2019, 3:15:28 AM ] info: /mosc/article_editor/
 [ 2-21-2019, 3:15:28 AM ] brower: mozilla/5.0 (windows nt 6.1; win64; x64) applewebkit/537.36 (khtml, like gecko) chrome/68.0.3440.106 safari/537.36
 [ 2-21-2019, 3:15:28 AM ] pid: 24494

 [ 2-21-2019, 3:15:28 AM ] info: /mosc/article_list?id=5bf8f96de460b854d5e92ab3
 [ 2-21-2019, 3:15:28 AM ] brower: mozilla/5.0 (windows nt 6.1; win64; x64) applewebkit/537.36 (khtml, like gecko) chrome/68.0.3440.106 safari/537.36
 [ 2-21-2019, 3:15:28 AM ] pid: 24494

 [ 2-21-2019, 3:15:29 AM ] info: /mosc/article_list/count?id=5bf8f96de460b854d5e92ab3
 [ 2-21-2019, 3:15:29 AM ] brower: mozilla/5.0 (windows nt 6.1; win64; x64) applewebkit/537.36 (khtml, like gecko) chrome/68.0.3440.106 safari/537.36
 [ 2-21-2019, 3:15:29 AM ] pid: 24494

 [ 2-21-2019, 3:15:29 AM ] info: /mosc/article_list/article/5bf8f96de460b854d5e92ab3?page=1&limit=10
 [ 2-21-2019, 3:15:29 AM ] brower: mozilla/5.0 (windows nt 6.1; win64; x64) applewebkit/537.36 (khtml, like gecko) chrome/68.0.3440.106 safari/537.36
 [ 2-21-2019, 3:15:29 AM ] pid: 24494

 [ 2-21-2019, 3:15:42 AM ] info: /mosc/article_editor/5c6d1105e460b854d5e92ab8?listPage=1
 [ 2-21-2019, 3:15:42 AM ] brower: mozilla/5.0 (windows nt 6.1; win64; x64) applewebkit/537.36 (khtml, like gecko) chrome/68.0.3440.106 safari/537.36
 [ 2-21-2019, 3:15:42 AM ] pid: 24494

 [ 2-21-2019, 3:15:50 AM ] info: /mosc/article_list/count?id=5bf8f96de460b854d5e92ab3
 [ 2-21-2019, 3:15:50 AM ] brower: mozilla/5.0 (windows nt 6.1; win64; x64) applewebkit/537.36 (khtml, like gecko) chrome/68.0.3440.106 safari/537.36
 [ 2-21-2019, 3:15:50 AM ] pid: 24494

 [ 2-21-2019, 3:15:51 AM ] info: /mosc/article_list/article/5bf8f96de460b854d5e92ab3?page=1&limit=10
 [ 2-21-2019, 3:15:51 AM ] brower: mozilla/5.0 (windows nt 6.1; win64; x64) applewebkit/537.36 (khtml, like gecko) chrome/68.0.3440.106 safari/537.36
 [ 2-21-2019, 3:15:51 AM ] pid: 24494

