 [ 2018-9-30 09:36:38 ] info: /
 [ 2018-9-30 09:36:38 ] brower: mozilla/5.0 (windows nt 6.1; win64; x64) applewebkit/537.36 (khtml, like gecko) chrome/68.0.3440.106 safari/537.36
 [ 2018-9-30 09:36:38 ] pid: 1632

 [ 2018-9-30 09:36:39 ] info: /index
 [ 2018-9-30 09:36:39 ] brower: mozilla/5.0 (windows nt 6.1; win64; x64) applewebkit/537.36 (khtml, like gecko) chrome/68.0.3440.106 safari/537.36
 [ 2018-9-30 09:36:39 ] pid: 1632

 [ 2018-9-30 09:36:39 ] info: /mosc/api/column?page=1&limit=20
 [ 2018-9-30 09:36:39 ] brower: mozilla/5.0 (windows nt 6.1; win64; x64) applewebkit/537.36 (khtml, like gecko) chrome/68.0.3440.106 safari/537.36
 [ 2018-9-30 09:36:39 ] pid: 1632

 [ 2018-9-30 09:36:39 ] info: /index/article_list?id=5b74edc60c835319d021ce02
 [ 2018-9-30 09:36:39 ] brower: mozilla/5.0 (windows nt 6.1; win64; x64) applewebkit/537.36 (khtml, like gecko) chrome/68.0.3440.106 safari/537.36
 [ 2018-9-30 09:36:39 ] pid: 1632

 [ 2018-9-30 09:36:39 ] info: /index/article/5b74f088e6d5511878395437
 [ 2018-9-30 09:36:39 ] brower: mozilla/5.0 (windows nt 6.1; win64; x64) applewebkit/537.36 (khtml, like gecko) chrome/68.0.3440.106 safari/537.36
 [ 2018-9-30 09:36:39 ] pid: 1632

 [ 2018-9-30 09:36:54 ] info: /index/login
 [ 2018-9-30 09:36:54 ] brower: mozilla/5.0 (windows nt 6.1; win64; x64) applewebkit/537.36 (khtml, like gecko) chrome/68.0.3440.106 safari/537.36
 [ 2018-9-30 09:36:54 ] pid: 1632

 [ 2018-9-30 09:37:10 ] info: /index/login
 [ 2018-9-30 09:37:10 ] brower: mozilla/5.0 (windows nt 6.1; win64; x64) applewebkit/537.36 (khtml, like gecko) chrome/68.0.3440.106 safari/537.36
 [ 2018-9-30 09:37:10 ] pid: 1632

 [ 2018-9-30 09:37:13 ] info: /index/login
 [ 2018-9-30 09:37:13 ] brower: mozilla/5.0 (windows nt 6.1; win64; x64) applewebkit/537.36 (khtml, like gecko) chrome/68.0.3440.106 safari/537.36
 [ 2018-9-30 09:37:13 ] pid: 1632

 [ 2018-9-30 09:37:19 ] info: /index/login
 [ 2018-9-30 09:37:19 ] brower: mozilla/5.0 (windows nt 6.1; win64; x64) applewebkit/537.36 (khtml, like gecko) chrome/68.0.3440.106 safari/537.36
 [ 2018-9-30 09:37:19 ] pid: 1632

 [ 2018-9-30 09:38:36 ] info: /index/login
 [ 2018-9-30 09:38:36 ] brower: mozilla/5.0 (windows nt 6.1; win64; x64) applewebkit/537.36 (khtml, like gecko) chrome/68.0.3440.106 safari/537.36
 [ 2018-9-30 09:38:36 ] pid: 1632

 [ 2018-9-30 09:38:37 ] info: /index
 [ 2018-9-30 09:38:37 ] brower: mozilla/5.0 (windows nt 6.1; win64; x64) applewebkit/537.36 (khtml, like gecko) chrome/68.0.3440.106 safari/537.36
 [ 2018-9-30 09:38:37 ] pid: 1632

 [ 2018-9-30 09:38:37 ] info: /mosc/api/column?page=1&limit=20
 [ 2018-9-30 09:38:37 ] brower: mozilla/5.0 (windows nt 6.1; win64; x64) applewebkit/537.36 (khtml, like gecko) chrome/68.0.3440.106 safari/537.36
 [ 2018-9-30 09:38:37 ] pid: 1632

 [ 2018-9-30 09:38:37 ] info: /index/article_list?id=5b74edc60c835319d021ce02
 [ 2018-9-30 09:38:37 ] brower: mozilla/5.0 (windows nt 6.1; win64; x64) applewebkit/537.36 (khtml, like gecko) chrome/68.0.3440.106 safari/537.36
 [ 2018-9-30 09:38:37 ] pid: 1632

 [ 2018-9-30 09:38:37 ] info: /index/article/5b74f088e6d5511878395437
 [ 2018-9-30 09:38:37 ] brower: mozilla/5.0 (windows nt 6.1; win64; x64) applewebkit/537.36 (khtml, like gecko) chrome/68.0.3440.106 safari/537.36
 [ 2018-9-30 09:38:37 ] pid: 1632

 [ 2018-9-30 09:38:44 ] info: /index/share
 [ 2018-9-30 09:38:44 ] brower: mozilla/5.0 (windows nt 6.1; win64; x64) applewebkit/537.36 (khtml, like gecko) chrome/68.0.3440.106 safari/537.36
 [ 2018-9-30 09:38:44 ] pid: 1632

 [ 2018-9-30 11:25:55 ] info: /index/share
 [ 2018-9-30 11:25:55 ] brower: mozilla/5.0 (windows nt 6.1; win64; x64) applewebkit/537.36 (khtml, like gecko) chrome/68.0.3440.106 safari/537.36
 [ 2018-9-30 11:25:55 ] pid: 1632

 [ 2018-9-30 14:37:21 ] info: /index
 [ 2018-9-30 14:37:21 ] brower: mozilla/5.0 (windows nt 6.1; win64; x64) applewebkit/537.36 (khtml, like gecko) chrome/68.0.3440.106 safari/537.36
 [ 2018-9-30 14:37:21 ] pid: 6652

 [ 2018-9-30 14:37:21 ] info: /mosc/api/column?page=1&limit=20
 [ 2018-9-30 14:37:21 ] brower: mozilla/5.0 (windows nt 6.1; win64; x64) applewebkit/537.36 (khtml, like gecko) chrome/68.0.3440.106 safari/537.36
 [ 2018-9-30 14:37:21 ] pid: 6652

 [ 2018-9-30 14:37:21 ] info: /index/article_list?id=5b74edc60c835319d021ce02
 [ 2018-9-30 14:37:21 ] brower: mozilla/5.0 (windows nt 6.1; win64; x64) applewebkit/537.36 (khtml, like gecko) chrome/68.0.3440.106 safari/537.36
 [ 2018-9-30 14:37:21 ] pid: 6652

 [ 2018-9-30 14:37:21 ] info: /index/article/5b74f088e6d5511878395437
 [ 2018-9-30 14:37:21 ] brower: mozilla/5.0 (windows nt 6.1; win64; x64) applewebkit/537.36 (khtml, like gecko) chrome/68.0.3440.106 safari/537.36
 [ 2018-9-30 14:37:21 ] pid: 6652

 [ 2018-9-30 14:37:23 ] info: /index/share
 [ 2018-9-30 14:37:23 ] brower: mozilla/5.0 (windows nt 6.1; win64; x64) applewebkit/537.36 (khtml, like gecko) chrome/68.0.3440.106 safari/537.36
 [ 2018-9-30 14:37:23 ] pid: 6652

 [ 2018-9-30 14:37:33 ] info: /index/share
 [ 2018-9-30 14:37:33 ] brower: mozilla/5.0 (windows nt 6.1; win64; x64) applewebkit/537.36 (khtml, like gecko) chrome/68.0.3440.106 safari/537.36
 [ 2018-9-30 14:37:33 ] pid: 6652

 [ 2018-9-30 14:37:35 ] info: /index/share
 [ 2018-9-30 14:37:35 ] brower: mozilla/5.0 (windows nt 6.1; win64; x64) applewebkit/537.36 (khtml, like gecko) chrome/68.0.3440.106 safari/537.36
 [ 2018-9-30 14:37:35 ] pid: 6652

 [ 2018-9-30 14:37:36 ] info: /index/share
 [ 2018-9-30 14:37:36 ] brower: mozilla/5.0 (windows nt 6.1; win64; x64) applewebkit/537.36 (khtml, like gecko) chrome/68.0.3440.106 safari/537.36
 [ 2018-9-30 14:37:36 ] pid: 6652

 [ 2018-9-30 14:37:56 ] info: /index
 [ 2018-9-30 14:37:56 ] brower: mozilla/5.0 (windows nt 6.1; win64; x64) applewebkit/537.36 (khtml, like gecko) chrome/68.0.3440.106 safari/537.36
 [ 2018-9-30 14:37:56 ] pid: 6652

 [ 2018-9-30 14:37:56 ] info: /mosc/api/column?page=1&limit=20
 [ 2018-9-30 14:37:56 ] brower: mozilla/5.0 (windows nt 6.1; win64; x64) applewebkit/537.36 (khtml, like gecko) chrome/68.0.3440.106 safari/537.36
 [ 2018-9-30 14:37:56 ] pid: 6652

 [ 2018-9-30 14:37:56 ] info: /index/article_list?id=5b74edc60c835319d021ce02
 [ 2018-9-30 14:37:56 ] brower: mozilla/5.0 (windows nt 6.1; win64; x64) applewebkit/537.36 (khtml, like gecko) chrome/68.0.3440.106 safari/537.36
 [ 2018-9-30 14:37:56 ] pid: 6652

 [ 2018-9-30 14:37:56 ] info: /index/article/5b74f088e6d5511878395437
 [ 2018-9-30 14:37:56 ] brower: mozilla/5.0 (windows nt 6.1; win64; x64) applewebkit/537.36 (khtml, like gecko) chrome/68.0.3440.106 safari/537.36
 [ 2018-9-30 14:37:56 ] pid: 6652

 [ 2018-9-30 14:37:57 ] info: /index/share
 [ 2018-9-30 14:37:57 ] brower: mozilla/5.0 (windows nt 6.1; win64; x64) applewebkit/537.36 (khtml, like gecko) chrome/68.0.3440.106 safari/537.36
 [ 2018-9-30 14:37:57 ] pid: 6652

 [ 2018-9-30 14:38:01 ] info: /index/share
 [ 2018-9-30 14:38:01 ] brower: mozilla/5.0 (windows nt 6.1; win64; x64) applewebkit/537.36 (khtml, like gecko) chrome/68.0.3440.106 safari/537.36
 [ 2018-9-30 14:38:01 ] pid: 6652

 [ 2018-9-30 14:38:49 ] info: /index/share
 [ 2018-9-30 14:38:49 ] brower: mozilla/5.0 (windows nt 6.1; win64; x64) applewebkit/537.36 (khtml, like gecko) chrome/68.0.3440.106 safari/537.36
 [ 2018-9-30 14:38:49 ] pid: 6652

 [ 2018-9-30 14:38:53 ] info: /index/share
 [ 2018-9-30 14:38:53 ] brower: mozilla/5.0 (windows nt 6.1; win64; x64) applewebkit/537.36 (khtml, like gecko) chrome/68.0.3440.106 safari/537.36
 [ 2018-9-30 14:38:53 ] pid: 6652

 [ 2018-9-30 14:38:55 ] info: /index/share
 [ 2018-9-30 14:38:55 ] brower: mozilla/5.0 (windows nt 6.1; win64; x64) applewebkit/537.36 (khtml, like gecko) chrome/68.0.3440.106 safari/537.36
 [ 2018-9-30 14:38:55 ] pid: 6652

 [ 2018-9-30 14:39:45 ] info: /index
 [ 2018-9-30 14:39:45 ] brower: mozilla/5.0 (windows nt 6.1; win64; x64) applewebkit/537.36 (khtml, like gecko) chrome/68.0.3440.106 safari/537.36
 [ 2018-9-30 14:39:45 ] pid: 6652

 [ 2018-9-30 14:39:46 ] info: /mosc/api/column?page=1&limit=20
 [ 2018-9-30 14:39:46 ] brower: mozilla/5.0 (windows nt 6.1; win64; x64) applewebkit/537.36 (khtml, like gecko) chrome/68.0.3440.106 safari/537.36
 [ 2018-9-30 14:39:46 ] pid: 6652

 [ 2018-9-30 14:39:46 ] info: /index/article_list?id=5b74edc60c835319d021ce02
 [ 2018-9-30 14:39:46 ] brower: mozilla/5.0 (windows nt 6.1; win64; x64) applewebkit/537.36 (khtml, like gecko) chrome/68.0.3440.106 safari/537.36
 [ 2018-9-30 14:39:46 ] pid: 6652

 [ 2018-9-30 14:39:46 ] info: /index/article/5b74f088e6d5511878395437
 [ 2018-9-30 14:39:46 ] brower: mozilla/5.0 (windows nt 6.1; win64; x64) applewebkit/537.36 (khtml, like gecko) chrome/68.0.3440.106 safari/537.36
 [ 2018-9-30 14:39:46 ] pid: 6652

 [ 2018-9-30 14:39:47 ] info: /index/share
 [ 2018-9-30 14:39:47 ] brower: mozilla/5.0 (windows nt 6.1; win64; x64) applewebkit/537.36 (khtml, like gecko) chrome/68.0.3440.106 safari/537.36
 [ 2018-9-30 14:39:47 ] pid: 6652

 [ 2018-9-30 14:39:50 ] info: /index/share
 [ 2018-9-30 14:39:50 ] brower: mozilla/5.0 (windows nt 6.1; win64; x64) applewebkit/537.36 (khtml, like gecko) chrome/68.0.3440.106 safari/537.36
 [ 2018-9-30 14:39:50 ] pid: 6652

 [ 2018-9-30 14:39:52 ] info: /index/share
 [ 2018-9-30 14:39:52 ] brower: mozilla/5.0 (windows nt 6.1; win64; x64) applewebkit/537.36 (khtml, like gecko) chrome/68.0.3440.106 safari/537.36
 [ 2018-9-30 14:39:52 ] pid: 6652

 [ 2018-9-30 14:41:38 ] info: /index
 [ 2018-9-30 14:41:38 ] brower: mozilla/5.0 (windows nt 6.1; win64; x64) applewebkit/537.36 (khtml, like gecko) chrome/68.0.3440.106 safari/537.36
 [ 2018-9-30 14:41:38 ] pid: 7096

 [ 2018-9-30 14:41:39 ] info: /mosc/api/column?page=1&limit=20
 [ 2018-9-30 14:41:39 ] brower: mozilla/5.0 (windows nt 6.1; win64; x64) applewebkit/537.36 (khtml, like gecko) chrome/68.0.3440.106 safari/537.36
 [ 2018-9-30 14:41:39 ] pid: 7096

 [ 2018-9-30 14:41:39 ] info: /index/article_list?id=5b74edc60c835319d021ce02
 [ 2018-9-30 14:41:39 ] brower: mozilla/5.0 (windows nt 6.1; win64; x64) applewebkit/537.36 (khtml, like gecko) chrome/68.0.3440.106 safari/537.36
 [ 2018-9-30 14:41:39 ] pid: 7096

 [ 2018-9-30 14:41:39 ] info: /index/article/5b74f088e6d5511878395437
 [ 2018-9-30 14:41:39 ] brower: mozilla/5.0 (windows nt 6.1; win64; x64) applewebkit/537.36 (khtml, like gecko) chrome/68.0.3440.106 safari/537.36
 [ 2018-9-30 14:41:39 ] pid: 7096

 [ 2018-9-30 14:41:40 ] info: /index/share
 [ 2018-9-30 14:41:40 ] brower: mozilla/5.0 (windows nt 6.1; win64; x64) applewebkit/537.36 (khtml, like gecko) chrome/68.0.3440.106 safari/537.36
 [ 2018-9-30 14:41:40 ] pid: 7096

 [ 2018-9-30 14:41:42 ] info: /index/share
 [ 2018-9-30 14:41:42 ] brower: mozilla/5.0 (windows nt 6.1; win64; x64) applewebkit/537.36 (khtml, like gecko) chrome/68.0.3440.106 safari/537.36
 [ 2018-9-30 14:41:42 ] pid: 7096

 [ 2018-9-30 14:41:43 ] info: /index/share
 [ 2018-9-30 14:41:43 ] brower: mozilla/5.0 (windows nt 6.1; win64; x64) applewebkit/537.36 (khtml, like gecko) chrome/68.0.3440.106 safari/537.36
 [ 2018-9-30 14:41:43 ] pid: 7096

 [ 2018-9-30 14:57:05 ] info: /index
 [ 2018-9-30 14:57:05 ] brower: mozilla/5.0 (windows nt 6.1; win64; x64) applewebkit/537.36 (khtml, like gecko) chrome/68.0.3440.106 safari/537.36
 [ 2018-9-30 14:57:05 ] pid: 7096

 [ 2018-9-30 14:57:05 ] info: /mosc/api/column?page=1&limit=20
 [ 2018-9-30 14:57:05 ] brower: mozilla/5.0 (windows nt 6.1; win64; x64) applewebkit/537.36 (khtml, like gecko) chrome/68.0.3440.106 safari/537.36
 [ 2018-9-30 14:57:05 ] pid: 7096

 [ 2018-9-30 14:57:05 ] info: /index/article_list?id=5b74edc60c835319d021ce02
 [ 2018-9-30 14:57:05 ] brower: mozilla/5.0 (windows nt 6.1; win64; x64) applewebkit/537.36 (khtml, like gecko) chrome/68.0.3440.106 safari/537.36
 [ 2018-9-30 14:57:05 ] pid: 7096

 [ 2018-9-30 14:57:05 ] info: /index/article/5b74f088e6d5511878395437
 [ 2018-9-30 14:57:05 ] brower: mozilla/5.0 (windows nt 6.1; win64; x64) applewebkit/537.36 (khtml, like gecko) chrome/68.0.3440.106 safari/537.36
 [ 2018-9-30 14:57:05 ] pid: 7096

 [ 2018-9-30 15:03:55 ] info: /index
 [ 2018-9-30 15:03:55 ] brower: mozilla/5.0 (windows nt 6.1; win64; x64) applewebkit/537.36 (khtml, like gecko) chrome/68.0.3440.106 safari/537.36
 [ 2018-9-30 15:03:55 ] pid: 7096

 [ 2018-9-30 15:04:12 ] info: /index
 [ 2018-9-30 15:04:12 ] brower: mozilla/5.0 (windows nt 6.1; win64; x64) applewebkit/537.36 (khtml, like gecko) chrome/68.0.3440.106 safari/537.36
 [ 2018-9-30 15:04:12 ] pid: 7096

 [ 2018-9-30 15:36:49 ] info: /index
 [ 2018-9-30 15:36:49 ] brower: mozilla/5.0 (windows nt 6.1; win64; x64) applewebkit/537.36 (khtml, like gecko) chrome/68.0.3440.106 safari/537.36
 [ 2018-9-30 15:36:49 ] pid: 7096

 [ 2018-9-30 15:36:49 ] info: /mosc/api/column?page=1&limit=20
 [ 2018-9-30 15:36:49 ] brower: mozilla/5.0 (windows nt 6.1; win64; x64) applewebkit/537.36 (khtml, like gecko) chrome/68.0.3440.106 safari/537.36
 [ 2018-9-30 15:36:49 ] pid: 7096

 [ 2018-9-30 15:36:49 ] info: /index/article_list?id=5b74edc60c835319d021ce02
 [ 2018-9-30 15:36:49 ] brower: mozilla/5.0 (windows nt 6.1; win64; x64) applewebkit/537.36 (khtml, like gecko) chrome/68.0.3440.106 safari/537.36
 [ 2018-9-30 15:36:49 ] pid: 7096

 [ 2018-9-30 15:36:49 ] info: /index/article/5b74f088e6d5511878395437
 [ 2018-9-30 15:36:49 ] brower: mozilla/5.0 (windows nt 6.1; win64; x64) applewebkit/537.36 (khtml, like gecko) chrome/68.0.3440.106 safari/537.36
 [ 2018-9-30 15:36:49 ] pid: 7096

 [ 2018-9-30 15:36:50 ] info: /index
 [ 2018-9-30 15:36:50 ] brower: mozilla/5.0 (windows nt 6.1; win64; x64) applewebkit/537.36 (khtml, like gecko) chrome/68.0.3440.106 safari/537.36
 [ 2018-9-30 15:36:50 ] pid: 7096

 [ 2018-9-30 15:36:51 ] info: /mosc/api/column?page=1&limit=20
 [ 2018-9-30 15:36:51 ] brower: mozilla/5.0 (windows nt 6.1; win64; x64) applewebkit/537.36 (khtml, like gecko) chrome/68.0.3440.106 safari/537.36
 [ 2018-9-30 15:36:51 ] pid: 7096

 [ 2018-9-30 15:36:51 ] info: /index/article_list?id=5b74edc60c835319d021ce02
 [ 2018-9-30 15:36:51 ] brower: mozilla/5.0 (windows nt 6.1; win64; x64) applewebkit/537.36 (khtml, like gecko) chrome/68.0.3440.106 safari/537.36
 [ 2018-9-30 15:36:51 ] pid: 7096

 [ 2018-9-30 15:36:51 ] info: /index/article/5b74f088e6d5511878395437
 [ 2018-9-30 15:36:51 ] brower: mozilla/5.0 (windows nt 6.1; win64; x64) applewebkit/537.36 (khtml, like gecko) chrome/68.0.3440.106 safari/537.36
 [ 2018-9-30 15:36:51 ] pid: 7096

 [ 2018-9-30 15:37:23 ] info: /index
 [ 2018-9-30 15:37:23 ] brower: mozilla/5.0 (windows nt 6.1; win64; x64) applewebkit/537.36 (khtml, like gecko) chrome/68.0.3440.106 safari/537.36
 [ 2018-9-30 15:37:23 ] pid: 7096

 [ 2018-9-30 15:37:37 ] info: /index
 [ 2018-9-30 15:37:37 ] brower: mozilla/5.0 (windows nt 6.1; win64; x64) applewebkit/537.36 (khtml, like gecko) chrome/68.0.3440.106 safari/537.36
 [ 2018-9-30 15:37:37 ] pid: 7096

 [ 2018-9-30 15:37:38 ] info: /mosc/api/column?page=1&limit=20
 [ 2018-9-30 15:37:38 ] brower: mozilla/5.0 (windows nt 6.1; win64; x64) applewebkit/537.36 (khtml, like gecko) chrome/68.0.3440.106 safari/537.36
 [ 2018-9-30 15:37:38 ] pid: 7096

 [ 2018-9-30 15:37:38 ] info: /index/article_list?id=5b74edc60c835319d021ce02
 [ 2018-9-30 15:37:38 ] brower: mozilla/5.0 (windows nt 6.1; win64; x64) applewebkit/537.36 (khtml, like gecko) chrome/68.0.3440.106 safari/537.36
 [ 2018-9-30 15:37:38 ] pid: 7096

 [ 2018-9-30 15:37:38 ] info: /index/article/5b74f088e6d5511878395437
 [ 2018-9-30 15:37:38 ] brower: mozilla/5.0 (windows nt 6.1; win64; x64) applewebkit/537.36 (khtml, like gecko) chrome/68.0.3440.106 safari/537.36
 [ 2018-9-30 15:37:38 ] pid: 7096

 [ 2018-9-30 15:37:53 ] info: /index
 [ 2018-9-30 15:37:53 ] brower: mozilla/5.0 (windows nt 6.1; win64; x64) applewebkit/537.36 (khtml, like gecko) chrome/68.0.3440.106 safari/537.36
 [ 2018-9-30 15:37:53 ] pid: 7096

 [ 2018-9-30 15:37:53 ] info: /mosc/api/column?page=1&limit=20
 [ 2018-9-30 15:37:53 ] brower: mozilla/5.0 (windows nt 6.1; win64; x64) applewebkit/537.36 (khtml, like gecko) chrome/68.0.3440.106 safari/537.36
 [ 2018-9-30 15:37:53 ] pid: 7096

 [ 2018-9-30 15:37:53 ] info: /index/article_list?id=5b74edc60c835319d021ce02
 [ 2018-9-30 15:37:53 ] brower: mozilla/5.0 (windows nt 6.1; win64; x64) applewebkit/537.36 (khtml, like gecko) chrome/68.0.3440.106 safari/537.36
 [ 2018-9-30 15:37:53 ] pid: 7096

 [ 2018-9-30 15:37:53 ] info: /index/article/5b74f088e6d5511878395437
 [ 2018-9-30 15:37:53 ] brower: mozilla/5.0 (windows nt 6.1; win64; x64) applewebkit/537.36 (khtml, like gecko) chrome/68.0.3440.106 safari/537.36
 [ 2018-9-30 15:37:53 ] pid: 7096

 [ 2018-9-30 15:38:05 ] info: /index
 [ 2018-9-30 15:38:05 ] brower: mozilla/5.0 (windows nt 6.1; win64; x64) applewebkit/537.36 (khtml, like gecko) chrome/68.0.3440.106 safari/537.36
 [ 2018-9-30 15:38:05 ] pid: 7096

 [ 2018-9-30 15:38:06 ] info: /mosc/api/column?page=1&limit=20
 [ 2018-9-30 15:38:06 ] brower: mozilla/5.0 (windows nt 6.1; win64; x64) applewebkit/537.36 (khtml, like gecko) chrome/68.0.3440.106 safari/537.36
 [ 2018-9-30 15:38:06 ] pid: 7096

 [ 2018-9-30 15:38:06 ] info: /index/article_list?id=5b74edc60c835319d021ce02
 [ 2018-9-30 15:38:06 ] brower: mozilla/5.0 (windows nt 6.1; win64; x64) applewebkit/537.36 (khtml, like gecko) chrome/68.0.3440.106 safari/537.36
 [ 2018-9-30 15:38:06 ] pid: 7096

 [ 2018-9-30 15:38:06 ] info: /index/article/5b74f088e6d5511878395437
 [ 2018-9-30 15:38:06 ] brower: mozilla/5.0 (windows nt 6.1; win64; x64) applewebkit/537.36 (khtml, like gecko) chrome/68.0.3440.106 safari/537.36
 [ 2018-9-30 15:38:06 ] pid: 7096

 [ 2018-9-30 15:38:14 ] info: /index
 [ 2018-9-30 15:38:14 ] brower: mozilla/5.0 (windows nt 6.1; win64; x64) applewebkit/537.36 (khtml, like gecko) chrome/68.0.3440.106 safari/537.36
 [ 2018-9-30 15:38:14 ] pid: 7096

 [ 2018-9-30 15:45:33 ] info: /index
 [ 2018-9-30 15:45:33 ] brower: mozilla/5.0 (windows nt 6.1; win64; x64) applewebkit/537.36 (khtml, like gecko) chrome/68.0.3440.106 safari/537.36
 [ 2018-9-30 15:45:33 ] pid: 7096

 [ 2018-9-30 15:45:54 ] info: /index
 [ 2018-9-30 15:45:54 ] brower: mozilla/5.0 (windows nt 6.1; win64; x64) applewebkit/537.36 (khtml, like gecko) chrome/68.0.3440.106 safari/537.36
 [ 2018-9-30 15:45:54 ] pid: 7096

 [ 2018-9-30 15:46:20 ] info: /index
 [ 2018-9-30 15:46:20 ] brower: mozilla/5.0 (windows nt 6.1; win64; x64) applewebkit/537.36 (khtml, like gecko) chrome/68.0.3440.106 safari/537.36
 [ 2018-9-30 15:46:20 ] pid: 7096

 [ 2018-9-30 15:46:20 ] info: /mosc/api/column?page=1&limit=20
 [ 2018-9-30 15:46:20 ] brower: mozilla/5.0 (windows nt 6.1; win64; x64) applewebkit/537.36 (khtml, like gecko) chrome/68.0.3440.106 safari/537.36
 [ 2018-9-30 15:46:20 ] pid: 7096

 [ 2018-9-30 15:46:20 ] info: /index/article_list?id=5b74edc60c835319d021ce02
 [ 2018-9-30 15:46:20 ] brower: mozilla/5.0 (windows nt 6.1; win64; x64) applewebkit/537.36 (khtml, like gecko) chrome/68.0.3440.106 safari/537.36
 [ 2018-9-30 15:46:20 ] pid: 7096

 [ 2018-9-30 15:46:20 ] info: /index/article/5b74f088e6d5511878395437
 [ 2018-9-30 15:46:20 ] brower: mozilla/5.0 (windows nt 6.1; win64; x64) applewebkit/537.36 (khtml, like gecko) chrome/68.0.3440.106 safari/537.36
 [ 2018-9-30 15:46:20 ] pid: 7096

 [ 2018-9-30 15:46:35 ] info: /index/loginout
 [ 2018-9-30 15:46:35 ] brower: mozilla/5.0 (windows nt 6.1; win64; x64) applewebkit/537.36 (khtml, like gecko) chrome/68.0.3440.106 safari/537.36
 [ 2018-9-30 15:46:35 ] pid: 7096

 [ 2018-9-30 15:46:35 ] info: /index
 [ 2018-9-30 15:46:35 ] brower: mozilla/5.0 (windows nt 6.1; win64; x64) applewebkit/537.36 (khtml, like gecko) chrome/68.0.3440.106 safari/537.36
 [ 2018-9-30 15:46:35 ] pid: 7096

 [ 2018-9-30 15:46:59 ] info: /index
 [ 2018-9-30 15:46:59 ] brower: mozilla/5.0 (windows nt 6.1; win64; x64) applewebkit/537.36 (khtml, like gecko) chrome/68.0.3440.106 safari/537.36
 [ 2018-9-30 15:46:59 ] pid: 7096

 [ 2018-9-30 15:47:00 ] info: /index
 [ 2018-9-30 15:47:00 ] brower: mozilla/5.0 (windows nt 6.1; win64; x64) applewebkit/537.36 (khtml, like gecko) chrome/68.0.3440.106 safari/537.36
 [ 2018-9-30 15:47:00 ] pid: 7096

 [ 2018-9-30 15:47:00 ] info: /index
 [ 2018-9-30 15:47:00 ] brower: mozilla/5.0 (windows nt 6.1; win64; x64) applewebkit/537.36 (khtml, like gecko) chrome/68.0.3440.106 safari/537.36
 [ 2018-9-30 15:47:00 ] pid: 7096

 [ 2018-9-30 15:47:00 ] info: /index
 [ 2018-9-30 15:47:00 ] brower: mozilla/5.0 (windows nt 6.1; win64; x64) applewebkit/537.36 (khtml, like gecko) chrome/68.0.3440.106 safari/537.36
 [ 2018-9-30 15:47:00 ] pid: 7096

 [ 2018-9-30 15:47:01 ] info: /index
 [ 2018-9-30 15:47:01 ] brower: mozilla/5.0 (windows nt 6.1; win64; x64) applewebkit/537.36 (khtml, like gecko) chrome/68.0.3440.106 safari/537.36
 [ 2018-9-30 15:47:01 ] pid: 7096

 [ 2018-9-30 15:47:26 ] info: /index
 [ 2018-9-30 15:47:26 ] brower: mozilla/5.0 (windows nt 6.1; win64; x64) applewebkit/537.36 (khtml, like gecko) chrome/68.0.3440.106 safari/537.36
 [ 2018-9-30 15:47:26 ] pid: 7096

 [ 2018-9-30 15:47:26 ] info: /mosc/api/column?page=1&limit=20
 [ 2018-9-30 15:47:26 ] brower: mozilla/5.0 (windows nt 6.1; win64; x64) applewebkit/537.36 (khtml, like gecko) chrome/68.0.3440.106 safari/537.36
 [ 2018-9-30 15:47:26 ] pid: 7096

 [ 2018-9-30 15:47:26 ] info: /index/article_list?id=5b74edc60c835319d021ce02
 [ 2018-9-30 15:47:26 ] brower: mozilla/5.0 (windows nt 6.1; win64; x64) applewebkit/537.36 (khtml, like gecko) chrome/68.0.3440.106 safari/537.36
 [ 2018-9-30 15:47:26 ] pid: 7096

 [ 2018-9-30 15:47:26 ] info: /index/article/5b74f088e6d5511878395437
 [ 2018-9-30 15:47:26 ] brower: mozilla/5.0 (windows nt 6.1; win64; x64) applewebkit/537.36 (khtml, like gecko) chrome/68.0.3440.106 safari/537.36
 [ 2018-9-30 15:47:26 ] pid: 7096

 [ 2018-9-30 15:48:10 ] info: /index
 [ 2018-9-30 15:48:10 ] brower: mozilla/5.0 (windows nt 6.1; win64; x64) applewebkit/537.36 (khtml, like gecko) chrome/68.0.3440.106 safari/537.36
 [ 2018-9-30 15:48:10 ] pid: 7096

 [ 2018-9-30 15:48:10 ] info: /mosc/api/column?page=1&limit=20
 [ 2018-9-30 15:48:10 ] brower: mozilla/5.0 (windows nt 6.1; win64; x64) applewebkit/537.36 (khtml, like gecko) chrome/68.0.3440.106 safari/537.36
 [ 2018-9-30 15:48:10 ] pid: 7096

 [ 2018-9-30 15:48:10 ] info: /index/article_list?id=5b74edc60c835319d021ce02
 [ 2018-9-30 15:48:10 ] brower: mozilla/5.0 (windows nt 6.1; win64; x64) applewebkit/537.36 (khtml, like gecko) chrome/68.0.3440.106 safari/537.36
 [ 2018-9-30 15:48:10 ] pid: 7096

 [ 2018-9-30 15:48:10 ] info: /index/article/5b74f088e6d5511878395437
 [ 2018-9-30 15:48:10 ] brower: mozilla/5.0 (windows nt 6.1; win64; x64) applewebkit/537.36 (khtml, like gecko) chrome/68.0.3440.106 safari/537.36
 [ 2018-9-30 15:48:10 ] pid: 7096

 [ 2018-9-30 15:48:17 ] info: /index
 [ 2018-9-30 15:48:17 ] brower: mozilla/5.0 (windows nt 6.1; win64; x64) applewebkit/537.36 (khtml, like gecko) chrome/68.0.3440.106 safari/537.36
 [ 2018-9-30 15:48:17 ] pid: 7096

 [ 2018-9-30 15:48:18 ] info: /mosc/api/column?page=1&limit=20
 [ 2018-9-30 15:48:18 ] brower: mozilla/5.0 (windows nt 6.1; win64; x64) applewebkit/537.36 (khtml, like gecko) chrome/68.0.3440.106 safari/537.36
 [ 2018-9-30 15:48:18 ] pid: 7096

 [ 2018-9-30 15:48:18 ] info: /index/article_list?id=5b74edc60c835319d021ce02
 [ 2018-9-30 15:48:18 ] brower: mozilla/5.0 (windows nt 6.1; win64; x64) applewebkit/537.36 (khtml, like gecko) chrome/68.0.3440.106 safari/537.36
 [ 2018-9-30 15:48:18 ] pid: 7096

 [ 2018-9-30 15:48:18 ] info: /index/article/5b74f088e6d5511878395437
 [ 2018-9-30 15:48:18 ] brower: mozilla/5.0 (windows nt 6.1; win64; x64) applewebkit/537.36 (khtml, like gecko) chrome/68.0.3440.106 safari/537.36
 [ 2018-9-30 15:48:18 ] pid: 7096

 [ 2018-9-30 15:48:32 ] info: /index
 [ 2018-9-30 15:48:32 ] brower: mozilla/5.0 (windows nt 6.1; win64; x64) applewebkit/537.36 (khtml, like gecko) chrome/68.0.3440.106 safari/537.36
 [ 2018-9-30 15:48:32 ] pid: 7096

 [ 2018-9-30 15:48:32 ] info: /mosc/api/column?page=1&limit=20
 [ 2018-9-30 15:48:32 ] brower: mozilla/5.0 (windows nt 6.1; win64; x64) applewebkit/537.36 (khtml, like gecko) chrome/68.0.3440.106 safari/537.36
 [ 2018-9-30 15:48:32 ] pid: 7096

 [ 2018-9-30 15:48:32 ] info: /index/article_list?id=5b74edc60c835319d021ce02
 [ 2018-9-30 15:48:32 ] brower: mozilla/5.0 (windows nt 6.1; win64; x64) applewebkit/537.36 (khtml, like gecko) chrome/68.0.3440.106 safari/537.36
 [ 2018-9-30 15:48:32 ] pid: 7096

 [ 2018-9-30 15:48:32 ] info: /index/article/5b74f088e6d5511878395437
 [ 2018-9-30 15:48:32 ] brower: mozilla/5.0 (windows nt 6.1; win64; x64) applewebkit/537.36 (khtml, like gecko) chrome/68.0.3440.106 safari/537.36
 [ 2018-9-30 15:48:32 ] pid: 7096

 [ 2018-9-30 15:48:34 ] info: /index
 [ 2018-9-30 15:48:34 ] brower: mozilla/5.0 (windows nt 6.1; win64; x64) applewebkit/537.36 (khtml, like gecko) chrome/68.0.3440.106 safari/537.36
 [ 2018-9-30 15:48:34 ] pid: 7096

 [ 2018-9-30 15:48:34 ] info: /mosc/api/column?page=1&limit=20
 [ 2018-9-30 15:48:34 ] brower: mozilla/5.0 (windows nt 6.1; win64; x64) applewebkit/537.36 (khtml, like gecko) chrome/68.0.3440.106 safari/537.36
 [ 2018-9-30 15:48:34 ] pid: 7096

 [ 2018-9-30 15:48:34 ] info: /index/article_list?id=5b74edc60c835319d021ce02
 [ 2018-9-30 15:48:34 ] brower: mozilla/5.0 (windows nt 6.1; win64; x64) applewebkit/537.36 (khtml, like gecko) chrome/68.0.3440.106 safari/537.36
 [ 2018-9-30 15:48:34 ] pid: 7096

 [ 2018-9-30 15:48:34 ] info: /index/article/5b74f088e6d5511878395437
 [ 2018-9-30 15:48:34 ] brower: mozilla/5.0 (windows nt 6.1; win64; x64) applewebkit/537.36 (khtml, like gecko) chrome/68.0.3440.106 safari/537.36
 [ 2018-9-30 15:48:34 ] pid: 7096

 [ 2018-9-30 15:48:34 ] info: /index
 [ 2018-9-30 15:48:34 ] brower: mozilla/5.0 (windows nt 6.1; win64; x64) applewebkit/537.36 (khtml, like gecko) chrome/68.0.3440.106 safari/537.36
 [ 2018-9-30 15:48:34 ] pid: 7096

 [ 2018-9-30 15:48:34 ] info: /mosc/api/column?page=1&limit=20
 [ 2018-9-30 15:48:34 ] brower: mozilla/5.0 (windows nt 6.1; win64; x64) applewebkit/537.36 (khtml, like gecko) chrome/68.0.3440.106 safari/537.36
 [ 2018-9-30 15:48:34 ] pid: 7096

 [ 2018-9-30 15:48:34 ] info: /index/article_list?id=5b74edc60c835319d021ce02
 [ 2018-9-30 15:48:34 ] brower: mozilla/5.0 (windows nt 6.1; win64; x64) applewebkit/537.36 (khtml, like gecko) chrome/68.0.3440.106 safari/537.36
 [ 2018-9-30 15:48:34 ] pid: 7096

 [ 2018-9-30 15:48:34 ] info: /index/article/5b74f088e6d5511878395437
 [ 2018-9-30 15:48:34 ] brower: mozilla/5.0 (windows nt 6.1; win64; x64) applewebkit/537.36 (khtml, like gecko) chrome/68.0.3440.106 safari/537.36
 [ 2018-9-30 15:48:34 ] pid: 7096

 [ 2018-9-30 15:49:44 ] info: /index
 [ 2018-9-30 15:49:44 ] brower: mozilla/5.0 (windows nt 6.1; win64; x64) applewebkit/537.36 (khtml, like gecko) chrome/68.0.3440.106 safari/537.36
 [ 2018-9-30 15:49:44 ] pid: 7096

 [ 2018-9-30 15:49:45 ] info: /mosc/api/column?page=1&limit=20
 [ 2018-9-30 15:49:45 ] brower: mozilla/5.0 (windows nt 6.1; win64; x64) applewebkit/537.36 (khtml, like gecko) chrome/68.0.3440.106 safari/537.36
 [ 2018-9-30 15:49:45 ] pid: 7096

 [ 2018-9-30 15:49:45 ] info: /index/article_list?id=5b74edc60c835319d021ce02
 [ 2018-9-30 15:49:45 ] brower: mozilla/5.0 (windows nt 6.1; win64; x64) applewebkit/537.36 (khtml, like gecko) chrome/68.0.3440.106 safari/537.36
 [ 2018-9-30 15:49:45 ] pid: 7096

 [ 2018-9-30 15:49:45 ] info: /index/article/5b74f088e6d5511878395437
 [ 2018-9-30 15:49:45 ] brower: mozilla/5.0 (windows nt 6.1; win64; x64) applewebkit/537.36 (khtml, like gecko) chrome/68.0.3440.106 safari/537.36
 [ 2018-9-30 15:49:45 ] pid: 7096

 [ 2018-9-30 15:49:49 ] info: /index/login
 [ 2018-9-30 15:49:49 ] brower: mozilla/5.0 (windows nt 6.1; win64; x64) applewebkit/537.36 (khtml, like gecko) chrome/68.0.3440.106 safari/537.36
 [ 2018-9-30 15:49:49 ] pid: 7096

 [ 2018-9-30 15:49:56 ] info: /index/login
 [ 2018-9-30 15:49:56 ] brower: mozilla/5.0 (windows nt 6.1; win64; x64) applewebkit/537.36 (khtml, like gecko) chrome/68.0.3440.106 safari/537.36
 [ 2018-9-30 15:49:56 ] pid: 7096

 [ 2018-9-30 15:49:57 ] info: /index
 [ 2018-9-30 15:49:57 ] brower: mozilla/5.0 (windows nt 6.1; win64; x64) applewebkit/537.36 (khtml, like gecko) chrome/68.0.3440.106 safari/537.36
 [ 2018-9-30 15:49:57 ] pid: 7096

 [ 2018-9-30 15:49:58 ] info: /mosc/api/column?page=1&limit=20
 [ 2018-9-30 15:49:58 ] brower: mozilla/5.0 (windows nt 6.1; win64; x64) applewebkit/537.36 (khtml, like gecko) chrome/68.0.3440.106 safari/537.36
 [ 2018-9-30 15:49:58 ] pid: 7096

 [ 2018-9-30 15:49:58 ] info: /index/article_list?id=5b74edc60c835319d021ce02
 [ 2018-9-30 15:49:58 ] brower: mozilla/5.0 (windows nt 6.1; win64; x64) applewebkit/537.36 (khtml, like gecko) chrome/68.0.3440.106 safari/537.36
 [ 2018-9-30 15:49:58 ] pid: 7096

 [ 2018-9-30 15:49:58 ] info: /index/article/5b74f088e6d5511878395437
 [ 2018-9-30 15:49:58 ] brower: mozilla/5.0 (windows nt 6.1; win64; x64) applewebkit/537.36 (khtml, like gecko) chrome/68.0.3440.106 safari/537.36
 [ 2018-9-30 15:49:58 ] pid: 7096

 [ 2018-9-30 15:56:55 ] info: /index
 [ 2018-9-30 15:56:55 ] brower: mozilla/5.0 (windows nt 6.1; win64; x64) applewebkit/537.36 (khtml, like gecko) chrome/68.0.3440.106 safari/537.36
 [ 2018-9-30 15:56:55 ] pid: 5080

 [ 2018-9-30 15:56:55 ] info: /mosc/api/column?page=1&limit=20
 [ 2018-9-30 15:56:55 ] brower: mozilla/5.0 (windows nt 6.1; win64; x64) applewebkit/537.36 (khtml, like gecko) chrome/68.0.3440.106 safari/537.36
 [ 2018-9-30 15:56:55 ] pid: 5080

 [ 2018-9-30 15:56:55 ] info: /index/article_list?id=5b74edc60c835319d021ce02
 [ 2018-9-30 15:56:55 ] brower: mozilla/5.0 (windows nt 6.1; win64; x64) applewebkit/537.36 (khtml, like gecko) chrome/68.0.3440.106 safari/537.36
 [ 2018-9-30 15:56:55 ] pid: 5080

 [ 2018-9-30 15:56:55 ] info: /index/article/5b74f088e6d5511878395437
 [ 2018-9-30 15:56:55 ] brower: mozilla/5.0 (windows nt 6.1; win64; x64) applewebkit/537.36 (khtml, like gecko) chrome/68.0.3440.106 safari/537.36
 [ 2018-9-30 15:56:55 ] pid: 5080

 [ 2018-9-30 15:57:00 ] info: /index/share
 [ 2018-9-30 15:57:00 ] brower: mozilla/5.0 (windows nt 6.1; win64; x64) applewebkit/537.36 (khtml, like gecko) chrome/68.0.3440.106 safari/537.36
 [ 2018-9-30 15:57:00 ] pid: 5080

 [ 2018-9-30 15:57:11 ] info: /index/share
 [ 2018-9-30 15:57:11 ] brower: mozilla/5.0 (windows nt 6.1; win64; x64) applewebkit/537.36 (khtml, like gecko) chrome/68.0.3440.106 safari/537.36
 [ 2018-9-30 15:57:11 ] pid: 5080

 [ 2018-9-30 15:57:30 ] info: /index/share
 [ 2018-9-30 15:57:30 ] brower: mozilla/5.0 (windows nt 6.1; win64; x64) applewebkit/537.36 (khtml, like gecko) chrome/68.0.3440.106 safari/537.36
 [ 2018-9-30 15:57:30 ] pid: 5080

 [ 2018-9-30 15:57:31 ] info: /index/share
 [ 2018-9-30 15:57:31 ] brower: mozilla/5.0 (windows nt 6.1; win64; x64) applewebkit/537.36 (khtml, like gecko) chrome/68.0.3440.106 safari/537.36
 [ 2018-9-30 15:57:31 ] pid: 5080

 [ 2018-9-30 15:58:31 ] info: /mosc
 [ 2018-9-30 15:58:31 ] brower: mozilla/5.0 (windows nt 6.1; win64; x64) applewebkit/537.36 (khtml, like gecko) chrome/68.0.3440.106 safari/537.36
 [ 2018-9-30 15:58:31 ] pid: 5080

 [ 2018-9-30 15:58:32 ] info: /mosc/home
 [ 2018-9-30 15:58:32 ] brower: mozilla/5.0 (windows nt 6.1; win64; x64) applewebkit/537.36 (khtml, like gecko) chrome/68.0.3440.106 safari/537.36
 [ 2018-9-30 15:58:32 ] pid: 5080

 [ 2018-9-30 15:58:32 ] info: /mosc/home/allCount/
 [ 2018-9-30 15:58:32 ] brower: mozilla/5.0 (windows nt 6.1; win64; x64) applewebkit/537.36 (khtml, like gecko) chrome/68.0.3440.106 safari/537.36
 [ 2018-9-30 15:58:32 ] pid: 5080

 [ 2018-9-30 15:58:32 ] info: /mosc/home/readCount/
 [ 2018-9-30 15:58:32 ] brower: mozilla/5.0 (windows nt 6.1; win64; x64) applewebkit/537.36 (khtml, like gecko) chrome/68.0.3440.106 safari/537.36
 [ 2018-9-30 15:58:32 ] pid: 5080

 [ 2018-9-30 15:58:32 ] info: /mosc/home/allUser/
 [ 2018-9-30 15:58:32 ] brower: mozilla/5.0 (windows nt 6.1; win64; x64) applewebkit/537.36 (khtml, like gecko) chrome/68.0.3440.106 safari/537.36
 [ 2018-9-30 15:58:32 ] pid: 5080

 [ 2018-9-30 15:58:32 ] info: /mosc/home/allColumn/
 [ 2018-9-30 15:58:32 ] brower: mozilla/5.0 (windows nt 6.1; win64; x64) applewebkit/537.36 (khtml, like gecko) chrome/68.0.3440.106 safari/537.36
 [ 2018-9-30 15:58:32 ] pid: 5080

 [ 2018-9-30 15:58:32 ] info: /mosc/home/readColumn/
 [ 2018-9-30 15:58:32 ] brower: mozilla/5.0 (windows nt 6.1; win64; x64) applewebkit/537.36 (khtml, like gecko) chrome/68.0.3440.106 safari/537.36
 [ 2018-9-30 15:58:32 ] pid: 5080

 [ 2018-9-30 15:58:33 ] info: /mosc/column
 [ 2018-9-30 15:58:33 ] brower: mozilla/5.0 (windows nt 6.1; win64; x64) applewebkit/537.36 (khtml, like gecko) chrome/68.0.3440.106 safari/537.36
 [ 2018-9-30 15:58:33 ] pid: 5080

 [ 2018-9-30 15:58:33 ] info: /mosc/api/column?page=1&limit=10
 [ 2018-9-30 15:58:33 ] brower: mozilla/5.0 (windows nt 6.1; win64; x64) applewebkit/537.36 (khtml, like gecko) chrome/68.0.3440.106 safari/537.36
 [ 2018-9-30 15:58:33 ] pid: 5080

 [ 2018-9-30 15:58:34 ] info: /mosc/home
 [ 2018-9-30 15:58:34 ] brower: mozilla/5.0 (windows nt 6.1; win64; x64) applewebkit/537.36 (khtml, like gecko) chrome/68.0.3440.106 safari/537.36
 [ 2018-9-30 15:58:34 ] pid: 5080

 [ 2018-9-30 15:58:34 ] info: /mosc/home/allCount/
 [ 2018-9-30 15:58:34 ] brower: mozilla/5.0 (windows nt 6.1; win64; x64) applewebkit/537.36 (khtml, like gecko) chrome/68.0.3440.106 safari/537.36
 [ 2018-9-30 15:58:34 ] pid: 5080

 [ 2018-9-30 15:58:34 ] info: /mosc/home/readCount/
 [ 2018-9-30 15:58:34 ] brower: mozilla/5.0 (windows nt 6.1; win64; x64) applewebkit/537.36 (khtml, like gecko) chrome/68.0.3440.106 safari/537.36
 [ 2018-9-30 15:58:34 ] pid: 5080

 [ 2018-9-30 15:58:34 ] info: /mosc/home/allColumn/
 [ 2018-9-30 15:58:34 ] brower: mozilla/5.0 (windows nt 6.1; win64; x64) applewebkit/537.36 (khtml, like gecko) chrome/68.0.3440.106 safari/537.36
 [ 2018-9-30 15:58:34 ] pid: 5080

 [ 2018-9-30 15:58:34 ] info: /mosc/home/allUser/
 [ 2018-9-30 15:58:34 ] brower: mozilla/5.0 (windows nt 6.1; win64; x64) applewebkit/537.36 (khtml, like gecko) chrome/68.0.3440.106 safari/537.36
 [ 2018-9-30 15:58:34 ] pid: 5080

 [ 2018-9-30 15:58:34 ] info: /mosc/home/readColumn/
 [ 2018-9-30 15:58:34 ] brower: mozilla/5.0 (windows nt 6.1; win64; x64) applewebkit/537.36 (khtml, like gecko) chrome/68.0.3440.106 safari/537.36
 [ 2018-9-30 15:58:34 ] pid: 5080

 [ 2018-9-30 15:58:38 ] info: /mosc/column
 [ 2018-9-30 15:58:38 ] brower: mozilla/5.0 (windows nt 6.1; win64; x64) applewebkit/537.36 (khtml, like gecko) chrome/68.0.3440.106 safari/537.36
 [ 2018-9-30 15:58:38 ] pid: 5080

 [ 2018-9-30 15:58:38 ] info: /mosc/api/column?page=1&limit=10
 [ 2018-9-30 15:58:38 ] brower: mozilla/5.0 (windows nt 6.1; win64; x64) applewebkit/537.36 (khtml, like gecko) chrome/68.0.3440.106 safari/537.36
 [ 2018-9-30 15:58:38 ] pid: 5080

 [ 2018-9-30 15:58:49 ] info: /mosc/column/
 [ 2018-9-30 15:58:49 ] brower: mozilla/5.0 (windows nt 6.1; win64; x64) applewebkit/537.36 (khtml, like gecko) chrome/68.0.3440.106 safari/537.36
 [ 2018-9-30 15:58:49 ] pid: 5080

 [ 2018-9-30 15:58:49 ] info: /mosc/column?page=1
 [ 2018-9-30 15:58:49 ] brower: mozilla/5.0 (windows nt 6.1; win64; x64) applewebkit/537.36 (khtml, like gecko) chrome/68.0.3440.106 safari/537.36
 [ 2018-9-30 15:58:49 ] pid: 5080

 [ 2018-9-30 15:58:49 ] info: /mosc/api/column?page=1&limit=10
 [ 2018-9-30 15:58:49 ] brower: mozilla/5.0 (windows nt 6.1; win64; x64) applewebkit/537.36 (khtml, like gecko) chrome/68.0.3440.106 safari/537.36
 [ 2018-9-30 15:58:49 ] pid: 5080

 [ 2018-9-30 15:58:52 ] info: /index
 [ 2018-9-30 15:58:52 ] brower: mozilla/5.0 (windows nt 6.1; win64; x64) applewebkit/537.36 (khtml, like gecko) chrome/68.0.3440.106 safari/537.36
 [ 2018-9-30 15:58:52 ] pid: 5080

 [ 2018-9-30 15:58:53 ] info: /mosc/api/column?page=1&limit=20
 [ 2018-9-30 15:58:53 ] brower: mozilla/5.0 (windows nt 6.1; win64; x64) applewebkit/537.36 (khtml, like gecko) chrome/68.0.3440.106 safari/537.36
 [ 2018-9-30 15:58:53 ] pid: 5080

 [ 2018-9-30 15:58:53 ] info: /index/article_list?id=5bb08239352c3c13d846521e
 [ 2018-9-30 15:58:53 ] brower: mozilla/5.0 (windows nt 6.1; win64; x64) applewebkit/537.36 (khtml, like gecko) chrome/68.0.3440.106 safari/537.36
 [ 2018-9-30 15:58:53 ] pid: 5080

 [ 2018-9-30 15:58:55 ] info: /index/article_list?id=5bb08239352c3c13d846521e
 [ 2018-9-30 15:58:55 ] brower: mozilla/5.0 (windows nt 6.1; win64; x64) applewebkit/537.36 (khtml, like gecko) chrome/68.0.3440.106 safari/537.36
 [ 2018-9-30 15:58:55 ] pid: 5080

 [ 2018-9-30 15:59:36 ] info: /mosc/article_list?id=5bb08239352c3c13d846521e&page=1
 [ 2018-9-30 15:59:36 ] brower: mozilla/5.0 (windows nt 6.1; win64; x64) applewebkit/537.36 (khtml, like gecko) chrome/68.0.3440.106 safari/537.36
 [ 2018-9-30 15:59:36 ] pid: 5080

 [ 2018-9-30 15:59:39 ] info: /mosc/article_editor?column=5bb08239352c3c13d846521e
 [ 2018-9-30 15:59:39 ] brower: mozilla/5.0 (windows nt 6.1; win64; x64) applewebkit/537.36 (khtml, like gecko) chrome/68.0.3440.106 safari/537.36
 [ 2018-9-30 15:59:39 ] pid: 5080

 [ 2018-9-30 16:01:15 ] info: /index/article_list?id=5b74edc60c835319d021ce02
 [ 2018-9-30 16:01:15 ] brower: mozilla/5.0 (windows nt 6.1; win64; x64) applewebkit/537.36 (khtml, like gecko) chrome/68.0.3440.106 safari/537.36
 [ 2018-9-30 16:01:15 ] pid: 5080

 [ 2018-9-30 16:01:15 ] info: /index/article/5b74f088e6d5511878395437
 [ 2018-9-30 16:01:15 ] brower: mozilla/5.0 (windows nt 6.1; win64; x64) applewebkit/537.36 (khtml, like gecko) chrome/68.0.3440.106 safari/537.36
 [ 2018-9-30 16:01:15 ] pid: 5080

 [ 2018-9-30 16:01:17 ] info: /index/article/5b74f088e6d5511878395437
 [ 2018-9-30 16:01:17 ] brower: mozilla/5.0 (windows nt 6.1; win64; x64) applewebkit/537.36 (khtml, like gecko) chrome/68.0.3440.106 safari/537.36
 [ 2018-9-30 16:01:17 ] pid: 5080

 [ 2018-9-30 16:01:18 ] info: /index/share
 [ 2018-9-30 16:01:18 ] brower: mozilla/5.0 (windows nt 6.1; win64; x64) applewebkit/537.36 (khtml, like gecko) chrome/68.0.3440.106 safari/537.36
 [ 2018-9-30 16:01:18 ] pid: 5080

 [ 2018-9-30 16:02:13 ] info: /index/share
 [ 2018-9-30 16:02:13 ] brower: mozilla/5.0 (windows nt 6.1; win64; x64) applewebkit/537.36 (khtml, like gecko) chrome/68.0.3440.106 safari/537.36
 [ 2018-9-30 16:02:13 ] pid: 5080

 [ 2018-9-30 16:02:22 ] info: /index
 [ 2018-9-30 16:02:22 ] brower: mozilla/5.0 (windows nt 6.1; win64; x64) applewebkit/537.36 (khtml, like gecko) chrome/68.0.3440.106 safari/537.36
 [ 2018-9-30 16:02:22 ] pid: 2916

 [ 2018-9-30 16:02:22 ] info: /mosc/api/column?page=1&limit=20
 [ 2018-9-30 16:02:22 ] brower: mozilla/5.0 (windows nt 6.1; win64; x64) applewebkit/537.36 (khtml, like gecko) chrome/68.0.3440.106 safari/537.36
 [ 2018-9-30 16:02:22 ] pid: 2916

 [ 2018-9-30 16:02:22 ] info: /index/article_list?id=5bb08239352c3c13d846521e
 [ 2018-9-30 16:02:22 ] brower: mozilla/5.0 (windows nt 6.1; win64; x64) applewebkit/537.36 (khtml, like gecko) chrome/68.0.3440.106 safari/537.36
 [ 2018-9-30 16:02:22 ] pid: 2916

 [ 2018-9-30 16:02:31 ] info: /mosc/column?page=1
 [ 2018-9-30 16:02:31 ] brower: mozilla/5.0 (windows nt 6.1; win64; x64) applewebkit/537.36 (khtml, like gecko) chrome/68.0.3440.106 safari/537.36
 [ 2018-9-30 16:02:31 ] pid: 2916

 [ 2018-9-30 16:02:31 ] info: /mosc/api/column?page=1&limit=10
 [ 2018-9-30 16:02:31 ] brower: mozilla/5.0 (windows nt 6.1; win64; x64) applewebkit/537.36 (khtml, like gecko) chrome/68.0.3440.106 safari/537.36
 [ 2018-9-30 16:02:31 ] pid: 2916

 [ 2018-9-30 16:02:33 ] info: /mosc/column/column_delete/
 [ 2018-9-30 16:02:33 ] brower: mozilla/5.0 (windows nt 6.1; win64; x64) applewebkit/537.36 (khtml, like gecko) chrome/68.0.3440.106 safari/537.36
 [ 2018-9-30 16:02:33 ] pid: 2916

 [ 2018-9-30 16:02:33 ] info: /mosc/api/column?page=1&limit=10
 [ 2018-9-30 16:02:33 ] brower: mozilla/5.0 (windows nt 6.1; win64; x64) applewebkit/537.36 (khtml, like gecko) chrome/68.0.3440.106 safari/537.36
 [ 2018-9-30 16:02:33 ] pid: 2916

 [ 2018-9-30 16:02:40 ] info: /index
 [ 2018-9-30 16:02:40 ] brower: mozilla/5.0 (windows nt 6.1; win64; x64) applewebkit/537.36 (khtml, like gecko) chrome/68.0.3440.106 safari/537.36
 [ 2018-9-30 16:02:40 ] pid: 2916

 [ 2018-9-30 16:02:40 ] info: /mosc/api/column?page=1&limit=20
 [ 2018-9-30 16:02:40 ] brower: mozilla/5.0 (windows nt 6.1; win64; x64) applewebkit/537.36 (khtml, like gecko) chrome/68.0.3440.106 safari/537.36
 [ 2018-9-30 16:02:40 ] pid: 2916

 [ 2018-9-30 16:02:40 ] info: /index/article_list?id=5b74edc60c835319d021ce02
 [ 2018-9-30 16:02:40 ] brower: mozilla/5.0 (windows nt 6.1; win64; x64) applewebkit/537.36 (khtml, like gecko) chrome/68.0.3440.106 safari/537.36
 [ 2018-9-30 16:02:40 ] pid: 2916

 [ 2018-9-30 16:02:40 ] info: /index/article/5b74f088e6d5511878395437
 [ 2018-9-30 16:02:40 ] brower: mozilla/5.0 (windows nt 6.1; win64; x64) applewebkit/537.36 (khtml, like gecko) chrome/68.0.3440.106 safari/537.36
 [ 2018-9-30 16:02:40 ] pid: 2916

 [ 2018-9-30 16:02:47 ] info: /index/share
 [ 2018-9-30 16:02:47 ] brower: mozilla/5.0 (windows nt 6.1; win64; x64) applewebkit/537.36 (khtml, like gecko) chrome/68.0.3440.106 safari/537.36
 [ 2018-9-30 16:02:47 ] pid: 2916

 [ 2018-9-30 16:02:51 ] info: /index/share
 [ 2018-9-30 16:02:51 ] brower: mozilla/5.0 (windows nt 6.1; win64; x64) applewebkit/537.36 (khtml, like gecko) chrome/68.0.3440.106 safari/537.36
 [ 2018-9-30 16:02:51 ] pid: 2916

 [ 2018-9-30 16:04:34 ] info: /index
 [ 2018-9-30 16:04:34 ] brower: mozilla/5.0 (windows nt 6.1; win64; x64) applewebkit/537.36 (khtml, like gecko) chrome/68.0.3440.106 safari/537.36
 [ 2018-9-30 16:04:34 ] pid: 6592

 [ 2018-9-30 16:04:34 ] info: /mosc/api/column?page=1&limit=20
 [ 2018-9-30 16:04:34 ] brower: mozilla/5.0 (windows nt 6.1; win64; x64) applewebkit/537.36 (khtml, like gecko) chrome/68.0.3440.106 safari/537.36
 [ 2018-9-30 16:04:34 ] pid: 6592

 [ 2018-9-30 16:04:35 ] info: /index/article_list?id=5b74edc60c835319d021ce02
 [ 2018-9-30 16:04:35 ] brower: mozilla/5.0 (windows nt 6.1; win64; x64) applewebkit/537.36 (khtml, like gecko) chrome/68.0.3440.106 safari/537.36
 [ 2018-9-30 16:04:35 ] pid: 6592

 [ 2018-9-30 16:04:35 ] info: /index/article/5b74f088e6d5511878395437
 [ 2018-9-30 16:04:35 ] brower: mozilla/5.0 (windows nt 6.1; win64; x64) applewebkit/537.36 (khtml, like gecko) chrome/68.0.3440.106 safari/537.36
 [ 2018-9-30 16:04:35 ] pid: 6592

 [ 2018-9-30 16:04:36 ] info: /index/share
 [ 2018-9-30 16:04:36 ] brower: mozilla/5.0 (windows nt 6.1; win64; x64) applewebkit/537.36 (khtml, like gecko) chrome/68.0.3440.106 safari/537.36
 [ 2018-9-30 16:04:36 ] pid: 6592

 [ 2018-9-30 16:04:39 ] info: /index/share
 [ 2018-9-30 16:04:39 ] brower: mozilla/5.0 (windows nt 6.1; win64; x64) applewebkit/537.36 (khtml, like gecko) chrome/68.0.3440.106 safari/537.36
 [ 2018-9-30 16:04:39 ] pid: 6592

 [ 2018-9-30 16:06:20 ] info: /index
 [ 2018-9-30 16:06:20 ] brower: mozilla/5.0 (windows nt 6.1; win64; x64) applewebkit/537.36 (khtml, like gecko) chrome/68.0.3440.106 safari/537.36
 [ 2018-9-30 16:06:20 ] pid: 3860

 [ 2018-9-30 16:06:20 ] info: /mosc/api/column?page=1&limit=20
 [ 2018-9-30 16:06:20 ] brower: mozilla/5.0 (windows nt 6.1; win64; x64) applewebkit/537.36 (khtml, like gecko) chrome/68.0.3440.106 safari/537.36
 [ 2018-9-30 16:06:20 ] pid: 3860

 [ 2018-9-30 16:06:20 ] info: /index/article_list?id=5b74edc60c835319d021ce02
 [ 2018-9-30 16:06:20 ] brower: mozilla/5.0 (windows nt 6.1; win64; x64) applewebkit/537.36 (khtml, like gecko) chrome/68.0.3440.106 safari/537.36
 [ 2018-9-30 16:06:20 ] pid: 3860

 [ 2018-9-30 16:06:20 ] info: /index/article/5b74f088e6d5511878395437
 [ 2018-9-30 16:06:20 ] brower: mozilla/5.0 (windows nt 6.1; win64; x64) applewebkit/537.36 (khtml, like gecko) chrome/68.0.3440.106 safari/537.36
 [ 2018-9-30 16:06:20 ] pid: 3860

 [ 2018-9-30 16:06:21 ] info: /index/share
 [ 2018-9-30 16:06:21 ] brower: mozilla/5.0 (windows nt 6.1; win64; x64) applewebkit/537.36 (khtml, like gecko) chrome/68.0.3440.106 safari/537.36
 [ 2018-9-30 16:06:21 ] pid: 3860

 [ 2018-9-30 16:06:22 ] info: /index/share
 [ 2018-9-30 16:06:22 ] brower: mozilla/5.0 (windows nt 6.1; win64; x64) applewebkit/537.36 (khtml, like gecko) chrome/68.0.3440.106 safari/537.36
 [ 2018-9-30 16:06:22 ] pid: 3860

 [ 2018-9-30 16:06:24 ] info: /index/share
 [ 2018-9-30 16:06:24 ] brower: mozilla/5.0 (windows nt 6.1; win64; x64) applewebkit/537.36 (khtml, like gecko) chrome/68.0.3440.106 safari/537.36
 [ 2018-9-30 16:06:24 ] pid: 3860

 [ 2018-9-30 16:06:26 ] info: /index/share
 [ 2018-9-30 16:06:26 ] brower: mozilla/5.0 (windows nt 6.1; win64; x64) applewebkit/537.36 (khtml, like gecko) chrome/68.0.3440.106 safari/537.36
 [ 2018-9-30 16:06:26 ] pid: 3860

 [ 2018-9-30 16:07:06 ] info: /index
 [ 2018-9-30 16:07:06 ] brower: mozilla/5.0 (windows nt 6.1; win64; x64) applewebkit/537.36 (khtml, like gecko) chrome/68.0.3440.106 safari/537.36
 [ 2018-9-30 16:07:06 ] pid: 3240

 [ 2018-9-30 16:07:06 ] info: /mosc/api/column?page=1&limit=20
 [ 2018-9-30 16:07:06 ] brower: mozilla/5.0 (windows nt 6.1; win64; x64) applewebkit/537.36 (khtml, like gecko) chrome/68.0.3440.106 safari/537.36
 [ 2018-9-30 16:07:06 ] pid: 3240

 [ 2018-9-30 16:07:06 ] info: /index/article_list?id=5b74edc60c835319d021ce02
 [ 2018-9-30 16:07:06 ] brower: mozilla/5.0 (windows nt 6.1; win64; x64) applewebkit/537.36 (khtml, like gecko) chrome/68.0.3440.106 safari/537.36
 [ 2018-9-30 16:07:06 ] pid: 3240

 [ 2018-9-30 16:07:06 ] info: /index/article/5b74f088e6d5511878395437
 [ 2018-9-30 16:07:06 ] brower: mozilla/5.0 (windows nt 6.1; win64; x64) applewebkit/537.36 (khtml, like gecko) chrome/68.0.3440.106 safari/537.36
 [ 2018-9-30 16:07:06 ] pid: 3240

 [ 2018-9-30 16:07:07 ] info: /index/share
 [ 2018-9-30 16:07:07 ] brower: mozilla/5.0 (windows nt 6.1; win64; x64) applewebkit/537.36 (khtml, like gecko) chrome/68.0.3440.106 safari/537.36
 [ 2018-9-30 16:07:07 ] pid: 3240

 [ 2018-9-30 16:07:08 ] info: /index/share
 [ 2018-9-30 16:07:08 ] brower: mozilla/5.0 (windows nt 6.1; win64; x64) applewebkit/537.36 (khtml, like gecko) chrome/68.0.3440.106 safari/537.36
 [ 2018-9-30 16:07:08 ] pid: 3240

 [ 2018-9-30 16:08:59 ] info: /index
 [ 2018-9-30 16:08:59 ] brower: mozilla/5.0 (windows nt 6.1; win64; x64) applewebkit/537.36 (khtml, like gecko) chrome/68.0.3440.106 safari/537.36
 [ 2018-9-30 16:08:59 ] pid: 3960

 [ 2018-9-30 16:09:00 ] info: /mosc/api/column?page=1&limit=20
 [ 2018-9-30 16:09:00 ] brower: mozilla/5.0 (windows nt 6.1; win64; x64) applewebkit/537.36 (khtml, like gecko) chrome/68.0.3440.106 safari/537.36
 [ 2018-9-30 16:09:00 ] pid: 3960

 [ 2018-9-30 16:09:00 ] info: /index/article_list?id=5b74edc60c835319d021ce02
 [ 2018-9-30 16:09:00 ] brower: mozilla/5.0 (windows nt 6.1; win64; x64) applewebkit/537.36 (khtml, like gecko) chrome/68.0.3440.106 safari/537.36
 [ 2018-9-30 16:09:00 ] pid: 3960

 [ 2018-9-30 16:09:00 ] info: /index/article/5b74f088e6d5511878395437
 [ 2018-9-30 16:09:00 ] brower: mozilla/5.0 (windows nt 6.1; win64; x64) applewebkit/537.36 (khtml, like gecko) chrome/68.0.3440.106 safari/537.36
 [ 2018-9-30 16:09:00 ] pid: 3960

 [ 2018-9-30 16:09:01 ] info: /index/share
 [ 2018-9-30 16:09:01 ] brower: mozilla/5.0 (windows nt 6.1; win64; x64) applewebkit/537.36 (khtml, like gecko) chrome/68.0.3440.106 safari/537.36
 [ 2018-9-30 16:09:01 ] pid: 3960

 [ 2018-9-30 16:09:02 ] info: /index/share
 [ 2018-9-30 16:09:02 ] brower: mozilla/5.0 (windows nt 6.1; win64; x64) applewebkit/537.36 (khtml, like gecko) chrome/68.0.3440.106 safari/537.36
 [ 2018-9-30 16:09:02 ] pid: 3960

 [ 2018-9-30 16:18:01 ] info: /index
 [ 2018-9-30 16:18:01 ] brower: mozilla/5.0 (windows nt 6.1; win64; x64) applewebkit/537.36 (khtml, like gecko) chrome/68.0.3440.106 safari/537.36
 [ 2018-9-30 16:18:01 ] pid: 3960

 [ 2018-9-30 16:18:01 ] info: /mosc/api/column?page=1&limit=20
 [ 2018-9-30 16:18:01 ] brower: mozilla/5.0 (windows nt 6.1; win64; x64) applewebkit/537.36 (khtml, like gecko) chrome/68.0.3440.106 safari/537.36
 [ 2018-9-30 16:18:01 ] pid: 3960

 [ 2018-9-30 16:18:01 ] info: /index/article_list?id=5b74edc60c835319d021ce02
 [ 2018-9-30 16:18:01 ] brower: mozilla/5.0 (windows nt 6.1; win64; x64) applewebkit/537.36 (khtml, like gecko) chrome/68.0.3440.106 safari/537.36
 [ 2018-9-30 16:18:01 ] pid: 3960

 [ 2018-9-30 16:18:01 ] info: /index/article/5b74f088e6d5511878395437
 [ 2018-9-30 16:18:01 ] brower: mozilla/5.0 (windows nt 6.1; win64; x64) applewebkit/537.36 (khtml, like gecko) chrome/68.0.3440.106 safari/537.36
 [ 2018-9-30 16:18:01 ] pid: 3960

 [ 2018-9-30 16:18:02 ] info: /index/share
 [ 2018-9-30 16:18:02 ] brower: mozilla/5.0 (windows nt 6.1; win64; x64) applewebkit/537.36 (khtml, like gecko) chrome/68.0.3440.106 safari/537.36
 [ 2018-9-30 16:18:02 ] pid: 3960

 [ 2018-9-30 16:18:06 ] info: /index/share
 [ 2018-9-30 16:18:06 ] brower: mozilla/5.0 (windows nt 6.1; win64; x64) applewebkit/537.36 (khtml, like gecko) chrome/68.0.3440.106 safari/537.36
 [ 2018-9-30 16:18:06 ] pid: 3960

 [ 2018-9-30 16:18:47 ] info: /index
 [ 2018-9-30 16:18:47 ] brower: mozilla/5.0 (windows nt 6.1; win64; x64) applewebkit/537.36 (khtml, like gecko) chrome/68.0.3440.106 safari/537.36
 [ 2018-9-30 16:18:47 ] pid: 3960

 [ 2018-9-30 16:18:47 ] info: /mosc/api/column?page=1&limit=20
 [ 2018-9-30 16:18:47 ] brower: mozilla/5.0 (windows nt 6.1; win64; x64) applewebkit/537.36 (khtml, like gecko) chrome/68.0.3440.106 safari/537.36
 [ 2018-9-30 16:18:47 ] pid: 3960

 [ 2018-9-30 16:18:47 ] info: /index/article_list?id=5b74edc60c835319d021ce02
 [ 2018-9-30 16:18:47 ] brower: mozilla/5.0 (windows nt 6.1; win64; x64) applewebkit/537.36 (khtml, like gecko) chrome/68.0.3440.106 safari/537.36
 [ 2018-9-30 16:18:47 ] pid: 3960

 [ 2018-9-30 16:18:47 ] info: /index/article/5b74f088e6d5511878395437
 [ 2018-9-30 16:18:47 ] brower: mozilla/5.0 (windows nt 6.1; win64; x64) applewebkit/537.36 (khtml, like gecko) chrome/68.0.3440.106 safari/537.36
 [ 2018-9-30 16:18:47 ] pid: 3960

 [ 2018-9-30 16:18:49 ] info: /index/share
 [ 2018-9-30 16:18:49 ] brower: mozilla/5.0 (windows nt 6.1; win64; x64) applewebkit/537.36 (khtml, like gecko) chrome/68.0.3440.106 safari/537.36
 [ 2018-9-30 16:18:49 ] pid: 3960

 [ 2018-9-30 16:18:51 ] info: /index/share
 [ 2018-9-30 16:18:51 ] brower: mozilla/5.0 (windows nt 6.1; win64; x64) applewebkit/537.36 (khtml, like gecko) chrome/68.0.3440.106 safari/537.36
 [ 2018-9-30 16:18:51 ] pid: 3960

 [ 2018-9-30 16:19:20 ] info: /index
 [ 2018-9-30 16:19:20 ] brower: mozilla/5.0 (windows nt 6.1; win64; x64) applewebkit/537.36 (khtml, like gecko) chrome/68.0.3440.106 safari/537.36
 [ 2018-9-30 16:19:20 ] pid: 6388

 [ 2018-9-30 16:19:21 ] info: /mosc/api/column?page=1&limit=20
 [ 2018-9-30 16:19:21 ] brower: mozilla/5.0 (windows nt 6.1; win64; x64) applewebkit/537.36 (khtml, like gecko) chrome/68.0.3440.106 safari/537.36
 [ 2018-9-30 16:19:21 ] pid: 6388

 [ 2018-9-30 16:19:21 ] info: /index/article_list?id=5b74edc60c835319d021ce02
 [ 2018-9-30 16:19:21 ] brower: mozilla/5.0 (windows nt 6.1; win64; x64) applewebkit/537.36 (khtml, like gecko) chrome/68.0.3440.106 safari/537.36
 [ 2018-9-30 16:19:21 ] pid: 6388

 [ 2018-9-30 16:19:21 ] info: /index/article/5b74f088e6d5511878395437
 [ 2018-9-30 16:19:21 ] brower: mozilla/5.0 (windows nt 6.1; win64; x64) applewebkit/537.36 (khtml, like gecko) chrome/68.0.3440.106 safari/537.36
 [ 2018-9-30 16:19:21 ] pid: 6388

 [ 2018-9-30 16:19:21 ] info: /index/share
 [ 2018-9-30 16:19:21 ] brower: mozilla/5.0 (windows nt 6.1; win64; x64) applewebkit/537.36 (khtml, like gecko) chrome/68.0.3440.106 safari/537.36
 [ 2018-9-30 16:19:21 ] pid: 6388

 [ 2018-9-30 16:19:25 ] info: /index/share
 [ 2018-9-30 16:19:25 ] brower: mozilla/5.0 (windows nt 6.1; win64; x64) applewebkit/537.36 (khtml, like gecko) chrome/68.0.3440.106 safari/537.36
 [ 2018-9-30 16:19:25 ] pid: 6388

 [ 2018-9-30 16:20:06 ] info: /index
 [ 2018-9-30 16:20:06 ] brower: mozilla/5.0 (windows nt 6.1; win64; x64) applewebkit/537.36 (khtml, like gecko) chrome/68.0.3440.106 safari/537.36
 [ 2018-9-30 16:20:06 ] pid: 4080

 [ 2018-9-30 16:20:07 ] info: /mosc/api/column?page=1&limit=20
 [ 2018-9-30 16:20:07 ] brower: mozilla/5.0 (windows nt 6.1; win64; x64) applewebkit/537.36 (khtml, like gecko) chrome/68.0.3440.106 safari/537.36
 [ 2018-9-30 16:20:07 ] pid: 4080

 [ 2018-9-30 16:20:07 ] info: /index/article_list?id=5b74edc60c835319d021ce02
 [ 2018-9-30 16:20:07 ] brower: mozilla/5.0 (windows nt 6.1; win64; x64) applewebkit/537.36 (khtml, like gecko) chrome/68.0.3440.106 safari/537.36
 [ 2018-9-30 16:20:07 ] pid: 4080

 [ 2018-9-30 16:20:07 ] info: /index/article/5b74f088e6d5511878395437
 [ 2018-9-30 16:20:07 ] brower: mozilla/5.0 (windows nt 6.1; win64; x64) applewebkit/537.36 (khtml, like gecko) chrome/68.0.3440.106 safari/537.36
 [ 2018-9-30 16:20:07 ] pid: 4080

 [ 2018-9-30 16:20:08 ] info: /index/share
 [ 2018-9-30 16:20:08 ] brower: mozilla/5.0 (windows nt 6.1; win64; x64) applewebkit/537.36 (khtml, like gecko) chrome/68.0.3440.106 safari/537.36
 [ 2018-9-30 16:20:08 ] pid: 4080

 [ 2018-9-30 16:20:09 ] info: /index/share
 [ 2018-9-30 16:20:09 ] brower: mozilla/5.0 (windows nt 6.1; win64; x64) applewebkit/537.36 (khtml, like gecko) chrome/68.0.3440.106 safari/537.36
 [ 2018-9-30 16:20:09 ] pid: 4080

 [ 2018-9-30 16:23:12 ] info: /index
 [ 2018-9-30 16:23:12 ] brower: mozilla/5.0 (windows nt 6.1; win64; x64) applewebkit/537.36 (khtml, like gecko) chrome/68.0.3440.106 safari/537.36
 [ 2018-9-30 16:23:12 ] pid: 3240

 [ 2018-9-30 16:23:13 ] info: /mosc/api/column?page=1&limit=20
 [ 2018-9-30 16:23:13 ] brower: mozilla/5.0 (windows nt 6.1; win64; x64) applewebkit/537.36 (khtml, like gecko) chrome/68.0.3440.106 safari/537.36
 [ 2018-9-30 16:23:13 ] pid: 3240

 [ 2018-9-30 16:23:13 ] info: /index/article_list?id=5b74edc60c835319d021ce02
 [ 2018-9-30 16:23:13 ] brower: mozilla/5.0 (windows nt 6.1; win64; x64) applewebkit/537.36 (khtml, like gecko) chrome/68.0.3440.106 safari/537.36
 [ 2018-9-30 16:23:13 ] pid: 3240

 [ 2018-9-30 16:23:13 ] info: /index/article/5b74f088e6d5511878395437
 [ 2018-9-30 16:23:13 ] brower: mozilla/5.0 (windows nt 6.1; win64; x64) applewebkit/537.36 (khtml, like gecko) chrome/68.0.3440.106 safari/537.36
 [ 2018-9-30 16:23:13 ] pid: 3240

 [ 2018-9-30 16:23:13 ] info: /index/share
 [ 2018-9-30 16:23:13 ] brower: mozilla/5.0 (windows nt 6.1; win64; x64) applewebkit/537.36 (khtml, like gecko) chrome/68.0.3440.106 safari/537.36
 [ 2018-9-30 16:23:13 ] pid: 3240

 [ 2018-9-30 16:23:16 ] info: /index/share
 [ 2018-9-30 16:23:16 ] brower: mozilla/5.0 (windows nt 6.1; win64; x64) applewebkit/537.36 (khtml, like gecko) chrome/68.0.3440.106 safari/537.36
 [ 2018-9-30 16:23:16 ] pid: 3240

 [ 2018-9-30 16:24:56 ] info: /index
 [ 2018-9-30 16:24:56 ] brower: mozilla/5.0 (windows nt 6.1; win64; x64) applewebkit/537.36 (khtml, like gecko) chrome/68.0.3440.106 safari/537.36
 [ 2018-9-30 16:24:56 ] pid: 3240

 [ 2018-9-30 16:24:56 ] info: /mosc/api/column?page=1&limit=20
 [ 2018-9-30 16:24:56 ] brower: mozilla/5.0 (windows nt 6.1; win64; x64) applewebkit/537.36 (khtml, like gecko) chrome/68.0.3440.106 safari/537.36
 [ 2018-9-30 16:24:56 ] pid: 3240

 [ 2018-9-30 16:24:56 ] info: /index/article_list?id=5b74edc60c835319d021ce02
 [ 2018-9-30 16:24:56 ] brower: mozilla/5.0 (windows nt 6.1; win64; x64) applewebkit/537.36 (khtml, like gecko) chrome/68.0.3440.106 safari/537.36
 [ 2018-9-30 16:24:56 ] pid: 3240

 [ 2018-9-30 16:24:56 ] info: /index/article/5b74f088e6d5511878395437
 [ 2018-9-30 16:24:56 ] brower: mozilla/5.0 (windows nt 6.1; win64; x64) applewebkit/537.36 (khtml, like gecko) chrome/68.0.3440.106 safari/537.36
 [ 2018-9-30 16:24:56 ] pid: 3240

 [ 2018-9-30 16:24:56 ] info: /index/share
 [ 2018-9-30 16:24:56 ] brower: mozilla/5.0 (windows nt 6.1; win64; x64) applewebkit/537.36 (khtml, like gecko) chrome/68.0.3440.106 safari/537.36
 [ 2018-9-30 16:24:56 ] pid: 3240

 [ 2018-9-30 16:24:59 ] info: /index/share
 [ 2018-9-30 16:24:59 ] brower: mozilla/5.0 (windows nt 6.1; win64; x64) applewebkit/537.36 (khtml, like gecko) chrome/68.0.3440.106 safari/537.36
 [ 2018-9-30 16:24:59 ] pid: 3240

 [ 2018-9-30 16:25:12 ] info: /index
 [ 2018-9-30 16:25:12 ] brower: mozilla/5.0 (windows nt 6.1; win64; x64) applewebkit/537.36 (khtml, like gecko) chrome/68.0.3440.106 safari/537.36
 [ 2018-9-30 16:25:12 ] pid: 6124

 [ 2018-9-30 16:25:12 ] info: /mosc/api/column?page=1&limit=20
 [ 2018-9-30 16:25:12 ] brower: mozilla/5.0 (windows nt 6.1; win64; x64) applewebkit/537.36 (khtml, like gecko) chrome/68.0.3440.106 safari/537.36
 [ 2018-9-30 16:25:12 ] pid: 6124

 [ 2018-9-30 16:25:13 ] info: /index/article_list?id=5b74edc60c835319d021ce02
 [ 2018-9-30 16:25:13 ] brower: mozilla/5.0 (windows nt 6.1; win64; x64) applewebkit/537.36 (khtml, like gecko) chrome/68.0.3440.106 safari/537.36
 [ 2018-9-30 16:25:13 ] pid: 6124

 [ 2018-9-30 16:25:13 ] info: /index/article/5b74f088e6d5511878395437
 [ 2018-9-30 16:25:13 ] brower: mozilla/5.0 (windows nt 6.1; win64; x64) applewebkit/537.36 (khtml, like gecko) chrome/68.0.3440.106 safari/537.36
 [ 2018-9-30 16:25:13 ] pid: 6124

 [ 2018-9-30 16:25:13 ] info: /index/share
 [ 2018-9-30 16:25:13 ] brower: mozilla/5.0 (windows nt 6.1; win64; x64) applewebkit/537.36 (khtml, like gecko) chrome/68.0.3440.106 safari/537.36
 [ 2018-9-30 16:25:13 ] pid: 6124

 [ 2018-9-30 16:25:17 ] info: /index/share
 [ 2018-9-30 16:25:17 ] brower: mozilla/5.0 (windows nt 6.1; win64; x64) applewebkit/537.36 (khtml, like gecko) chrome/68.0.3440.106 safari/537.36
 [ 2018-9-30 16:25:17 ] pid: 6124

 [ 2018-9-30 16:28:46 ] info: /index/share
 [ 2018-9-30 16:28:46 ] brower: mozilla/5.0 (windows nt 6.1; win64; x64) applewebkit/537.36 (khtml, like gecko) chrome/68.0.3440.106 safari/537.36
 [ 2018-9-30 16:28:46 ] pid: 6124

 [ 2018-9-30 16:28:57 ] info: /index/share
 [ 2018-9-30 16:28:57 ] brower: mozilla/5.0 (windows nt 6.1; win64; x64) applewebkit/537.36 (khtml, like gecko) chrome/68.0.3440.106 safari/537.36
 [ 2018-9-30 16:28:57 ] pid: 6124

 [ 2018-9-30 16:32:15 ] info: /index/loginout
 [ 2018-9-30 16:32:15 ] brower: mozilla/5.0 (windows nt 6.1; win64; x64) applewebkit/537.36 (khtml, like gecko) chrome/68.0.3440.106 safari/537.36
 [ 2018-9-30 16:32:15 ] pid: 6124

 [ 2018-9-30 16:32:15 ] info: /index
 [ 2018-9-30 16:32:15 ] brower: mozilla/5.0 (windows nt 6.1; win64; x64) applewebkit/537.36 (khtml, like gecko) chrome/68.0.3440.106 safari/537.36
 [ 2018-9-30 16:32:15 ] pid: 6124

 [ 2018-9-30 16:32:15 ] info: /mosc/api/column?page=1&limit=20
 [ 2018-9-30 16:32:15 ] brower: mozilla/5.0 (windows nt 6.1; win64; x64) applewebkit/537.36 (khtml, like gecko) chrome/68.0.3440.106 safari/537.36
 [ 2018-9-30 16:32:15 ] pid: 6124

 [ 2018-9-30 16:32:15 ] info: /index/article_list?id=5b74edc60c835319d021ce02
 [ 2018-9-30 16:32:15 ] brower: mozilla/5.0 (windows nt 6.1; win64; x64) applewebkit/537.36 (khtml, like gecko) chrome/68.0.3440.106 safari/537.36
 [ 2018-9-30 16:32:15 ] pid: 6124

 [ 2018-9-30 16:32:15 ] info: /index/article/5b74f088e6d5511878395437
 [ 2018-9-30 16:32:15 ] brower: mozilla/5.0 (windows nt 6.1; win64; x64) applewebkit/537.36 (khtml, like gecko) chrome/68.0.3440.106 safari/537.36
 [ 2018-9-30 16:32:15 ] pid: 6124

 [ 2018-9-30 16:37:03 ] info: /index/login
 [ 2018-9-30 16:37:03 ] brower: mozilla/5.0 (windows nt 6.1; win64; x64) applewebkit/537.36 (khtml, like gecko) chrome/68.0.3440.106 safari/537.36
 [ 2018-9-30 16:37:03 ] pid: 6124

 [ 2018-9-30 16:37:09 ] info: /index/login
 [ 2018-9-30 16:37:09 ] brower: mozilla/5.0 (windows nt 6.1; win64; x64) applewebkit/537.36 (khtml, like gecko) chrome/68.0.3440.106 safari/537.36
 [ 2018-9-30 16:37:09 ] pid: 6124

 [ 2018-9-30 16:37:10 ] info: /index
 [ 2018-9-30 16:37:10 ] brower: mozilla/5.0 (windows nt 6.1; win64; x64) applewebkit/537.36 (khtml, like gecko) chrome/68.0.3440.106 safari/537.36
 [ 2018-9-30 16:37:10 ] pid: 6124

 [ 2018-9-30 16:37:11 ] info: /mosc/api/column?page=1&limit=20
 [ 2018-9-30 16:37:11 ] brower: mozilla/5.0 (windows nt 6.1; win64; x64) applewebkit/537.36 (khtml, like gecko) chrome/68.0.3440.106 safari/537.36
 [ 2018-9-30 16:37:11 ] pid: 6124

 [ 2018-9-30 16:37:11 ] info: /index/article_list?id=5b74edc60c835319d021ce02
 [ 2018-9-30 16:37:11 ] brower: mozilla/5.0 (windows nt 6.1; win64; x64) applewebkit/537.36 (khtml, like gecko) chrome/68.0.3440.106 safari/537.36
 [ 2018-9-30 16:37:11 ] pid: 6124

 [ 2018-9-30 16:37:11 ] info: /index/article/5b74f088e6d5511878395437
 [ 2018-9-30 16:37:11 ] brower: mozilla/5.0 (windows nt 6.1; win64; x64) applewebkit/537.36 (khtml, like gecko) chrome/68.0.3440.106 safari/537.36
 [ 2018-9-30 16:37:11 ] pid: 6124

