 [ 2018-8-30 17:11:09 ] info: /mosc/
 [ 2018-8-30 17:11:09 ] brower: mozilla/5.0 (windows nt 6.1; win64; x64) applewebkit/537.36 (khtml, like gecko) chrome/68.0.3440.106 safari/537.36
 [ 2018-8-30 17:11:09 ] pid: 2804

 [ 2018-8-30 17:11:09 ] info: /mosc/login
 [ 2018-8-30 17:11:09 ] brower: mozilla/5.0 (windows nt 6.1; win64; x64) applewebkit/537.36 (khtml, like gecko) chrome/68.0.3440.106 safari/537.36
 [ 2018-8-30 17:11:09 ] pid: 2804

 [ 2018-8-30 17:11:10 ] info: /
 [ 2018-8-30 17:11:10 ] brower: mozilla/5.0 (windows nt 6.1; win64; x64) applewebkit/537.36 (khtml, like gecko) chrome/68.0.3440.106 safari/537.36
 [ 2018-8-30 17:11:10 ] pid: 2804

 [ 2018-8-30 17:11:10 ] info: /index
 [ 2018-8-30 17:11:10 ] brower: mozilla/5.0 (windows nt 6.1; win64; x64) applewebkit/537.36 (khtml, like gecko) chrome/68.0.3440.106 safari/537.36
 [ 2018-8-30 17:11:10 ] pid: 2804

 [ 2018-8-30 17:11:11 ] info: /mosc/api/column?page=1&limit=20
 [ 2018-8-30 17:11:11 ] brower: mozilla/5.0 (windows nt 6.1; win64; x64) applewebkit/537.36 (khtml, like gecko) chrome/68.0.3440.106 safari/537.36
 [ 2018-8-30 17:11:11 ] pid: 2804

 [ 2018-8-30 17:11:11 ] info: /index/article_list?id=5b74edc60c835319d021ce02
 [ 2018-8-30 17:11:11 ] brower: mozilla/5.0 (windows nt 6.1; win64; x64) applewebkit/537.36 (khtml, like gecko) chrome/68.0.3440.106 safari/537.36
 [ 2018-8-30 17:11:11 ] pid: 2804

 [ 2018-8-30 17:11:11 ] info: /index/article/5b74f088e6d5511878395437
 [ 2018-8-30 17:11:11 ] brower: mozilla/5.0 (windows nt 6.1; win64; x64) applewebkit/537.36 (khtml, like gecko) chrome/68.0.3440.106 safari/537.36
 [ 2018-8-30 17:11:11 ] pid: 2804

 [ 2018-8-30 17:11:13 ] info: /index/share
 [ 2018-8-30 17:11:13 ] brower: mozilla/5.0 (windows nt 6.1; win64; x64) applewebkit/537.36 (khtml, like gecko) chrome/68.0.3440.106 safari/537.36
 [ 2018-8-30 17:11:13 ] pid: 2804

 [ 2018-8-30 17:24:41 ] info: /index
 [ 2018-8-30 17:24:41 ] brower: mozilla/5.0 (windows nt 6.1; win64; x64) applewebkit/537.36 (khtml, like gecko) chrome/68.0.3440.106 safari/537.36
 [ 2018-8-30 17:24:41 ] pid: 2804

 [ 2018-8-30 17:24:41 ] info: /mosc/api/column?page=1&limit=20
 [ 2018-8-30 17:24:41 ] brower: mozilla/5.0 (windows nt 6.1; win64; x64) applewebkit/537.36 (khtml, like gecko) chrome/68.0.3440.106 safari/537.36
 [ 2018-8-30 17:24:41 ] pid: 2804

 [ 2018-8-30 17:24:41 ] info: /index/article_list?id=5b74edc60c835319d021ce02
 [ 2018-8-30 17:24:41 ] brower: mozilla/5.0 (windows nt 6.1; win64; x64) applewebkit/537.36 (khtml, like gecko) chrome/68.0.3440.106 safari/537.36
 [ 2018-8-30 17:24:41 ] pid: 2804

 [ 2018-8-30 17:24:41 ] info: /index/article/5b74f088e6d5511878395437
 [ 2018-8-30 17:24:41 ] brower: mozilla/5.0 (windows nt 6.1; win64; x64) applewebkit/537.36 (khtml, like gecko) chrome/68.0.3440.106 safari/537.36
 [ 2018-8-30 17:24:41 ] pid: 2804

 [ 2018-8-30 17:24:43 ] info: /index/share
 [ 2018-8-30 17:24:43 ] brower: mozilla/5.0 (windows nt 6.1; win64; x64) applewebkit/537.36 (khtml, like gecko) chrome/68.0.3440.106 safari/537.36
 [ 2018-8-30 17:24:43 ] pid: 2804

 [ 2018-8-30 17:26:25 ] info: /index
 [ 2018-8-30 17:26:25 ] brower: mozilla/5.0 (windows nt 6.1; win64; x64) applewebkit/537.36 (khtml, like gecko) chrome/68.0.3440.106 safari/537.36
 [ 2018-8-30 17:26:25 ] pid: 2804

 [ 2018-8-30 17:26:25 ] info: /mosc/api/column?page=1&limit=20
 [ 2018-8-30 17:26:25 ] brower: mozilla/5.0 (windows nt 6.1; win64; x64) applewebkit/537.36 (khtml, like gecko) chrome/68.0.3440.106 safari/537.36
 [ 2018-8-30 17:26:25 ] pid: 2804

 [ 2018-8-30 17:26:25 ] info: /index/article_list?id=5b74edc60c835319d021ce02
 [ 2018-8-30 17:26:25 ] brower: mozilla/5.0 (windows nt 6.1; win64; x64) applewebkit/537.36 (khtml, like gecko) chrome/68.0.3440.106 safari/537.36
 [ 2018-8-30 17:26:25 ] pid: 2804

 [ 2018-8-30 17:26:25 ] info: /index/article/5b74f088e6d5511878395437
 [ 2018-8-30 17:26:25 ] brower: mozilla/5.0 (windows nt 6.1; win64; x64) applewebkit/537.36 (khtml, like gecko) chrome/68.0.3440.106 safari/537.36
 [ 2018-8-30 17:26:25 ] pid: 2804

 [ 2018-8-30 17:26:27 ] info: /index/share
 [ 2018-8-30 17:26:27 ] brower: mozilla/5.0 (windows nt 6.1; win64; x64) applewebkit/537.36 (khtml, like gecko) chrome/68.0.3440.106 safari/537.36
 [ 2018-8-30 17:26:27 ] pid: 2804

 [ 2018-8-30 17:26:55 ] info: /index
 [ 2018-8-30 17:26:55 ] brower: mozilla/5.0 (windows nt 6.1; win64; x64) applewebkit/537.36 (khtml, like gecko) chrome/68.0.3440.106 safari/537.36
 [ 2018-8-30 17:26:55 ] pid: 2804

 [ 2018-8-30 17:26:55 ] info: /mosc/api/column?page=1&limit=20
 [ 2018-8-30 17:26:55 ] brower: mozilla/5.0 (windows nt 6.1; win64; x64) applewebkit/537.36 (khtml, like gecko) chrome/68.0.3440.106 safari/537.36
 [ 2018-8-30 17:26:55 ] pid: 2804

 [ 2018-8-30 17:26:55 ] info: /index/article_list?id=5b74edc60c835319d021ce02
 [ 2018-8-30 17:26:55 ] brower: mozilla/5.0 (windows nt 6.1; win64; x64) applewebkit/537.36 (khtml, like gecko) chrome/68.0.3440.106 safari/537.36
 [ 2018-8-30 17:26:55 ] pid: 2804

 [ 2018-8-30 17:26:55 ] info: /index/article/5b74f088e6d5511878395437
 [ 2018-8-30 17:26:55 ] brower: mozilla/5.0 (windows nt 6.1; win64; x64) applewebkit/537.36 (khtml, like gecko) chrome/68.0.3440.106 safari/537.36
 [ 2018-8-30 17:26:55 ] pid: 2804

 [ 2018-8-30 17:26:57 ] info: /index/share
 [ 2018-8-30 17:26:57 ] brower: mozilla/5.0 (windows nt 6.1; win64; x64) applewebkit/537.36 (khtml, like gecko) chrome/68.0.3440.106 safari/537.36
 [ 2018-8-30 17:26:57 ] pid: 2804

 [ 2018-8-30 17:27:28 ] info: /index
 [ 2018-8-30 17:27:28 ] brower: mozilla/5.0 (windows nt 6.1; win64; x64) applewebkit/537.36 (khtml, like gecko) chrome/68.0.3440.106 safari/537.36
 [ 2018-8-30 17:27:28 ] pid: 2804

 [ 2018-8-30 17:27:28 ] info: /mosc/api/column?page=1&limit=20
 [ 2018-8-30 17:27:28 ] brower: mozilla/5.0 (windows nt 6.1; win64; x64) applewebkit/537.36 (khtml, like gecko) chrome/68.0.3440.106 safari/537.36
 [ 2018-8-30 17:27:28 ] pid: 2804

 [ 2018-8-30 17:27:28 ] info: /index/article_list?id=5b74edc60c835319d021ce02
 [ 2018-8-30 17:27:28 ] brower: mozilla/5.0 (windows nt 6.1; win64; x64) applewebkit/537.36 (khtml, like gecko) chrome/68.0.3440.106 safari/537.36
 [ 2018-8-30 17:27:28 ] pid: 2804

 [ 2018-8-30 17:27:28 ] info: /index/article/5b74f088e6d5511878395437
 [ 2018-8-30 17:27:28 ] brower: mozilla/5.0 (windows nt 6.1; win64; x64) applewebkit/537.36 (khtml, like gecko) chrome/68.0.3440.106 safari/537.36
 [ 2018-8-30 17:27:28 ] pid: 2804

 [ 2018-8-30 17:27:30 ] info: /index/share
 [ 2018-8-30 17:27:30 ] brower: mozilla/5.0 (windows nt 6.1; win64; x64) applewebkit/537.36 (khtml, like gecko) chrome/68.0.3440.106 safari/537.36
 [ 2018-8-30 17:27:30 ] pid: 2804

 [ 2018-8-30 17:30:45 ] info: /mosc
 [ 2018-8-30 17:30:45 ] brower: mozilla/5.0 (iphone; cpu iphone os 10_3_1 like mac os x) applewebkit/603.1.30 (khtml, like gecko) version/10.0 mobile/14e304 safari/602.1
 [ 2018-8-30 17:30:45 ] pid: 2804

 [ 2018-8-30 17:30:45 ] info: /mosc/login
 [ 2018-8-30 17:30:45 ] brower: mozilla/5.0 (iphone; cpu iphone os 10_3_1 like mac os x) applewebkit/603.1.30 (khtml, like gecko) version/10.0 mobile/14e304 safari/602.1
 [ 2018-8-30 17:30:45 ] pid: 2804

 [ 2018-8-30 17:30:53 ] info: /mosc/login
 [ 2018-8-30 17:30:53 ] brower: mozilla/5.0 (windows nt 6.1; win64; x64) applewebkit/537.36 (khtml, like gecko) chrome/68.0.3440.106 safari/537.36
 [ 2018-8-30 17:30:53 ] pid: 2804

 [ 2018-8-30 17:30:53 ] info: /mosc
 [ 2018-8-30 17:30:53 ] brower: mozilla/5.0 (windows nt 6.1; win64; x64) applewebkit/537.36 (khtml, like gecko) chrome/68.0.3440.106 safari/537.36
 [ 2018-8-30 17:30:53 ] pid: 2804

 [ 2018-8-30 17:30:53 ] info: /mosc/home
 [ 2018-8-30 17:30:53 ] brower: mozilla/5.0 (windows nt 6.1; win64; x64) applewebkit/537.36 (khtml, like gecko) chrome/68.0.3440.106 safari/537.36
 [ 2018-8-30 17:30:53 ] pid: 2804

 [ 2018-8-30 17:30:53 ] info: /mosc/home/readCount/
 [ 2018-8-30 17:30:53 ] brower: mozilla/5.0 (windows nt 6.1; win64; x64) applewebkit/537.36 (khtml, like gecko) chrome/68.0.3440.106 safari/537.36
 [ 2018-8-30 17:30:53 ] pid: 2804

 [ 2018-8-30 17:30:53 ] info: /mosc/home/allCount/
 [ 2018-8-30 17:30:53 ] brower: mozilla/5.0 (windows nt 6.1; win64; x64) applewebkit/537.36 (khtml, like gecko) chrome/68.0.3440.106 safari/537.36
 [ 2018-8-30 17:30:53 ] pid: 2804

 [ 2018-8-30 17:30:53 ] info: /mosc/home/allUser/
 [ 2018-8-30 17:30:53 ] brower: mozilla/5.0 (windows nt 6.1; win64; x64) applewebkit/537.36 (khtml, like gecko) chrome/68.0.3440.106 safari/537.36
 [ 2018-8-30 17:30:53 ] pid: 2804

 [ 2018-8-30 17:30:53 ] info: /mosc/home/readColumn/
 [ 2018-8-30 17:30:53 ] brower: mozilla/5.0 (windows nt 6.1; win64; x64) applewebkit/537.36 (khtml, like gecko) chrome/68.0.3440.106 safari/537.36
 [ 2018-8-30 17:30:53 ] pid: 2804

 [ 2018-8-30 17:30:53 ] info: /mosc/home/allColumn/
 [ 2018-8-30 17:30:53 ] brower: mozilla/5.0 (windows nt 6.1; win64; x64) applewebkit/537.36 (khtml, like gecko) chrome/68.0.3440.106 safari/537.36
 [ 2018-8-30 17:30:53 ] pid: 2804

 [ 2018-8-30 17:30:54 ] info: /mosc/column
 [ 2018-8-30 17:30:54 ] brower: mozilla/5.0 (windows nt 6.1; win64; x64) applewebkit/537.36 (khtml, like gecko) chrome/68.0.3440.106 safari/537.36
 [ 2018-8-30 17:30:54 ] pid: 2804

 [ 2018-8-30 17:30:55 ] info: /mosc/api/column?page=1&limit=10
 [ 2018-8-30 17:30:55 ] brower: mozilla/5.0 (windows nt 6.1; win64; x64) applewebkit/537.36 (khtml, like gecko) chrome/68.0.3440.106 safari/537.36
 [ 2018-8-30 17:30:55 ] pid: 2804

 [ 2018-8-30 17:30:57 ] info: /mosc/article_list?id=5b74edc60c835319d021ce02&page=1
 [ 2018-8-30 17:30:57 ] brower: mozilla/5.0 (windows nt 6.1; win64; x64) applewebkit/537.36 (khtml, like gecko) chrome/68.0.3440.106 safari/537.36
 [ 2018-8-30 17:30:57 ] pid: 2804

 [ 2018-8-30 17:30:59 ] info: /mosc/article_editor?column=5b74edc60c835319d021ce02
 [ 2018-8-30 17:30:59 ] brower: mozilla/5.0 (windows nt 6.1; win64; x64) applewebkit/537.36 (khtml, like gecko) chrome/68.0.3440.106 safari/537.36
 [ 2018-8-30 17:30:59 ] pid: 2804

 [ 2018-8-30 17:31:22 ] info: /mosc/article_editor/
 [ 2018-8-30 17:31:22 ] brower: mozilla/5.0 (windows nt 6.1; win64; x64) applewebkit/537.36 (khtml, like gecko) chrome/68.0.3440.106 safari/537.36
 [ 2018-8-30 17:31:22 ] pid: 2804

 [ 2018-8-30 17:31:22 ] info: /mosc/article_list?id=5b74edc60c835319d021ce02
 [ 2018-8-30 17:31:22 ] brower: mozilla/5.0 (windows nt 6.1; win64; x64) applewebkit/537.36 (khtml, like gecko) chrome/68.0.3440.106 safari/537.36
 [ 2018-8-30 17:31:22 ] pid: 2804

 [ 2018-8-30 17:31:31 ] info: /index
 [ 2018-8-30 17:31:31 ] brower: mozilla/5.0 (windows nt 6.1; win64; x64) applewebkit/537.36 (khtml, like gecko) chrome/68.0.3440.106 safari/537.36
 [ 2018-8-30 17:31:31 ] pid: 2804

 [ 2018-8-30 17:31:32 ] info: /mosc/api/column?page=1&limit=20
 [ 2018-8-30 17:31:32 ] brower: mozilla/5.0 (windows nt 6.1; win64; x64) applewebkit/537.36 (khtml, like gecko) chrome/68.0.3440.106 safari/537.36
 [ 2018-8-30 17:31:32 ] pid: 2804

 [ 2018-8-30 17:31:32 ] info: /index/article_list?id=5b74edc60c835319d021ce02
 [ 2018-8-30 17:31:32 ] brower: mozilla/5.0 (windows nt 6.1; win64; x64) applewebkit/537.36 (khtml, like gecko) chrome/68.0.3440.106 safari/537.36
 [ 2018-8-30 17:31:32 ] pid: 2804

 [ 2018-8-30 17:31:32 ] info: /index/article/5b87b96a9b2bf30af4102db0
 [ 2018-8-30 17:31:32 ] brower: mozilla/5.0 (windows nt 6.1; win64; x64) applewebkit/537.36 (khtml, like gecko) chrome/68.0.3440.106 safari/537.36
 [ 2018-8-30 17:31:32 ] pid: 2804

 [ 2018-8-30 17:32:48 ] info: /index
 [ 2018-8-30 17:32:48 ] brower: mozilla/5.0 (windows nt 6.1; win64; x64) applewebkit/537.36 (khtml, like gecko) chrome/68.0.3440.106 safari/537.36
 [ 2018-8-30 17:32:48 ] pid: 2804

 [ 2018-8-30 17:32:48 ] info: /mosc/api/column?page=1&limit=20
 [ 2018-8-30 17:32:48 ] brower: mozilla/5.0 (windows nt 6.1; win64; x64) applewebkit/537.36 (khtml, like gecko) chrome/68.0.3440.106 safari/537.36
 [ 2018-8-30 17:32:48 ] pid: 2804

 [ 2018-8-30 17:32:48 ] info: /index/article_list?id=5b74edc60c835319d021ce02
 [ 2018-8-30 17:32:48 ] brower: mozilla/5.0 (windows nt 6.1; win64; x64) applewebkit/537.36 (khtml, like gecko) chrome/68.0.3440.106 safari/537.36
 [ 2018-8-30 17:32:48 ] pid: 2804

 [ 2018-8-30 17:32:48 ] info: /index/article/5b87b96a9b2bf30af4102db0
 [ 2018-8-30 17:32:48 ] brower: mozilla/5.0 (windows nt 6.1; win64; x64) applewebkit/537.36 (khtml, like gecko) chrome/68.0.3440.106 safari/537.36
 [ 2018-8-30 17:32:48 ] pid: 2804

 [ 2018-8-30 17:33:23 ] info: /index/article/5b74f088e6d5511878395437
 [ 2018-8-30 17:33:23 ] brower: mozilla/5.0 (windows nt 6.1; win64; x64) applewebkit/537.36 (khtml, like gecko) chrome/68.0.3440.106 safari/537.36
 [ 2018-8-30 17:33:23 ] pid: 2804

 [ 2018-8-30 17:33:25 ] info: /index/article/5b87b96a9b2bf30af4102db0
 [ 2018-8-30 17:33:25 ] brower: mozilla/5.0 (windows nt 6.1; win64; x64) applewebkit/537.36 (khtml, like gecko) chrome/68.0.3440.106 safari/537.36
 [ 2018-8-30 17:33:25 ] pid: 2804

 [ 2018-8-30 17:33:26 ] info: /index/article/5b74f088e6d5511878395437
 [ 2018-8-30 17:33:26 ] brower: mozilla/5.0 (windows nt 6.1; win64; x64) applewebkit/537.36 (khtml, like gecko) chrome/68.0.3440.106 safari/537.36
 [ 2018-8-30 17:33:26 ] pid: 2804

 [ 2018-8-30 17:33:28 ] info: /index/share
 [ 2018-8-30 17:33:28 ] brower: mozilla/5.0 (windows nt 6.1; win64; x64) applewebkit/537.36 (khtml, like gecko) chrome/68.0.3440.106 safari/537.36
 [ 2018-8-30 17:33:28 ] pid: 2804

 [ 2018-8-30 17:34:45 ] info: /index
 [ 2018-8-30 17:34:45 ] brower: mozilla/5.0 (windows nt 6.1; win64; x64) applewebkit/537.36 (khtml, like gecko) chrome/68.0.3440.106 safari/537.36
 [ 2018-8-30 17:34:45 ] pid: 2804

 [ 2018-8-30 17:34:46 ] info: /mosc/api/column?page=1&limit=20
 [ 2018-8-30 17:34:46 ] brower: mozilla/5.0 (windows nt 6.1; win64; x64) applewebkit/537.36 (khtml, like gecko) chrome/68.0.3440.106 safari/537.36
 [ 2018-8-30 17:34:46 ] pid: 2804

 [ 2018-8-30 17:34:46 ] info: /index/article_list?id=5b74edc60c835319d021ce02
 [ 2018-8-30 17:34:46 ] brower: mozilla/5.0 (windows nt 6.1; win64; x64) applewebkit/537.36 (khtml, like gecko) chrome/68.0.3440.106 safari/537.36
 [ 2018-8-30 17:34:46 ] pid: 2804

 [ 2018-8-30 17:34:46 ] info: /index/article/5b87b96a9b2bf30af4102db0
 [ 2018-8-30 17:34:46 ] brower: mozilla/5.0 (windows nt 6.1; win64; x64) applewebkit/537.36 (khtml, like gecko) chrome/68.0.3440.106 safari/537.36
 [ 2018-8-30 17:34:46 ] pid: 2804

 [ 2018-8-30 17:34:49 ] info: /index/share
 [ 2018-8-30 17:34:49 ] brower: mozilla/5.0 (windows nt 6.1; win64; x64) applewebkit/537.36 (khtml, like gecko) chrome/68.0.3440.106 safari/537.36
 [ 2018-8-30 17:34:49 ] pid: 2804

 [ 2018-8-30 17:35:21 ] info: /index
 [ 2018-8-30 17:35:21 ] brower: mozilla/5.0 (windows nt 6.1; win64; x64) applewebkit/537.36 (khtml, like gecko) chrome/68.0.3440.106 safari/537.36
 [ 2018-8-30 17:35:21 ] pid: 2804

 [ 2018-8-30 17:35:21 ] info: /mosc/api/column?page=1&limit=20
 [ 2018-8-30 17:35:21 ] brower: mozilla/5.0 (windows nt 6.1; win64; x64) applewebkit/537.36 (khtml, like gecko) chrome/68.0.3440.106 safari/537.36
 [ 2018-8-30 17:35:21 ] pid: 2804

 [ 2018-8-30 17:35:21 ] info: /index/article_list?id=5b74edc60c835319d021ce02
 [ 2018-8-30 17:35:21 ] brower: mozilla/5.0 (windows nt 6.1; win64; x64) applewebkit/537.36 (khtml, like gecko) chrome/68.0.3440.106 safari/537.36
 [ 2018-8-30 17:35:21 ] pid: 2804

 [ 2018-8-30 17:35:21 ] info: /index/article/5b87b96a9b2bf30af4102db0
 [ 2018-8-30 17:35:21 ] brower: mozilla/5.0 (windows nt 6.1; win64; x64) applewebkit/537.36 (khtml, like gecko) chrome/68.0.3440.106 safari/537.36
 [ 2018-8-30 17:35:21 ] pid: 2804

 [ 2018-8-30 17:35:23 ] info: /index/share
 [ 2018-8-30 17:35:23 ] brower: mozilla/5.0 (windows nt 6.1; win64; x64) applewebkit/537.36 (khtml, like gecko) chrome/68.0.3440.106 safari/537.36
 [ 2018-8-30 17:35:23 ] pid: 2804

 [ 2018-8-30 17:36:04 ] info: /index
 [ 2018-8-30 17:36:04 ] brower: mozilla/5.0 (windows nt 6.1; win64; x64) applewebkit/537.36 (khtml, like gecko) chrome/68.0.3440.106 safari/537.36
 [ 2018-8-30 17:36:04 ] pid: 2804

 [ 2018-8-30 17:36:04 ] info: /mosc/api/column?page=1&limit=20
 [ 2018-8-30 17:36:04 ] brower: mozilla/5.0 (windows nt 6.1; win64; x64) applewebkit/537.36 (khtml, like gecko) chrome/68.0.3440.106 safari/537.36
 [ 2018-8-30 17:36:04 ] pid: 2804

 [ 2018-8-30 17:36:04 ] info: /index/article_list?id=5b74edc60c835319d021ce02
 [ 2018-8-30 17:36:04 ] brower: mozilla/5.0 (windows nt 6.1; win64; x64) applewebkit/537.36 (khtml, like gecko) chrome/68.0.3440.106 safari/537.36
 [ 2018-8-30 17:36:04 ] pid: 2804

 [ 2018-8-30 17:36:04 ] info: /index/article/5b87b96a9b2bf30af4102db0
 [ 2018-8-30 17:36:04 ] brower: mozilla/5.0 (windows nt 6.1; win64; x64) applewebkit/537.36 (khtml, like gecko) chrome/68.0.3440.106 safari/537.36
 [ 2018-8-30 17:36:04 ] pid: 2804

 [ 2018-8-30 17:36:06 ] info: /index/share
 [ 2018-8-30 17:36:06 ] brower: mozilla/5.0 (windows nt 6.1; win64; x64) applewebkit/537.36 (khtml, like gecko) chrome/68.0.3440.106 safari/537.36
 [ 2018-8-30 17:36:06 ] pid: 2804

 [ 2018-8-30 17:37:33 ] info: /index
 [ 2018-8-30 17:37:33 ] brower: mozilla/5.0 (windows nt 6.1; win64; x64) applewebkit/537.36 (khtml, like gecko) chrome/68.0.3440.106 safari/537.36
 [ 2018-8-30 17:37:33 ] pid: 2804

 [ 2018-8-30 17:37:34 ] info: /mosc/api/column?page=1&limit=20
 [ 2018-8-30 17:37:34 ] brower: mozilla/5.0 (windows nt 6.1; win64; x64) applewebkit/537.36 (khtml, like gecko) chrome/68.0.3440.106 safari/537.36
 [ 2018-8-30 17:37:34 ] pid: 2804

 [ 2018-8-30 17:37:34 ] info: /index/article_list?id=5b74edc60c835319d021ce02
 [ 2018-8-30 17:37:34 ] brower: mozilla/5.0 (windows nt 6.1; win64; x64) applewebkit/537.36 (khtml, like gecko) chrome/68.0.3440.106 safari/537.36
 [ 2018-8-30 17:37:34 ] pid: 2804

 [ 2018-8-30 17:37:34 ] info: /index/article/5b87b96a9b2bf30af4102db0
 [ 2018-8-30 17:37:34 ] brower: mozilla/5.0 (windows nt 6.1; win64; x64) applewebkit/537.36 (khtml, like gecko) chrome/68.0.3440.106 safari/537.36
 [ 2018-8-30 17:37:34 ] pid: 2804

 [ 2018-8-30 17:37:37 ] info: /index/share
 [ 2018-8-30 17:37:37 ] brower: mozilla/5.0 (windows nt 6.1; win64; x64) applewebkit/537.36 (khtml, like gecko) chrome/68.0.3440.106 safari/537.36
 [ 2018-8-30 17:37:37 ] pid: 2804

 [ 2018-8-30 17:39:54 ] info: /index
 [ 2018-8-30 17:39:54 ] brower: mozilla/5.0 (windows nt 6.1; win64; x64) applewebkit/537.36 (khtml, like gecko) chrome/68.0.3440.106 safari/537.36
 [ 2018-8-30 17:39:54 ] pid: 2804

 [ 2018-8-30 17:39:54 ] info: /mosc/api/column?page=1&limit=20
 [ 2018-8-30 17:39:54 ] brower: mozilla/5.0 (windows nt 6.1; win64; x64) applewebkit/537.36 (khtml, like gecko) chrome/68.0.3440.106 safari/537.36
 [ 2018-8-30 17:39:54 ] pid: 2804

 [ 2018-8-30 17:39:54 ] info: /index/article_list?id=5b74edc60c835319d021ce02
 [ 2018-8-30 17:39:54 ] brower: mozilla/5.0 (windows nt 6.1; win64; x64) applewebkit/537.36 (khtml, like gecko) chrome/68.0.3440.106 safari/537.36
 [ 2018-8-30 17:39:54 ] pid: 2804

 [ 2018-8-30 17:39:54 ] info: /index/article/5b87b96a9b2bf30af4102db0
 [ 2018-8-30 17:39:54 ] brower: mozilla/5.0 (windows nt 6.1; win64; x64) applewebkit/537.36 (khtml, like gecko) chrome/68.0.3440.106 safari/537.36
 [ 2018-8-30 17:39:54 ] pid: 2804

 [ 2018-8-30 17:39:57 ] info: /index/share
 [ 2018-8-30 17:39:57 ] brower: mozilla/5.0 (windows nt 6.1; win64; x64) applewebkit/537.36 (khtml, like gecko) chrome/68.0.3440.106 safari/537.36
 [ 2018-8-30 17:39:57 ] pid: 2804

 [ 2018-8-30 17:40:58 ] info: /index/loginout
 [ 2018-8-30 17:40:58 ] brower: mozilla/5.0 (windows nt 6.1; win64; x64) applewebkit/537.36 (khtml, like gecko) chrome/68.0.3440.106 safari/537.36
 [ 2018-8-30 17:40:58 ] pid: 2804

 [ 2018-8-30 17:40:58 ] info: /index
 [ 2018-8-30 17:40:58 ] brower: mozilla/5.0 (windows nt 6.1; win64; x64) applewebkit/537.36 (khtml, like gecko) chrome/68.0.3440.106 safari/537.36
 [ 2018-8-30 17:40:58 ] pid: 2804

 [ 2018-8-30 17:40:58 ] info: /mosc/api/column?page=1&limit=20
 [ 2018-8-30 17:40:58 ] brower: mozilla/5.0 (windows nt 6.1; win64; x64) applewebkit/537.36 (khtml, like gecko) chrome/68.0.3440.106 safari/537.36
 [ 2018-8-30 17:40:58 ] pid: 2804

 [ 2018-8-30 17:40:58 ] info: /index/article_list?id=5b74edc60c835319d021ce02
 [ 2018-8-30 17:40:58 ] brower: mozilla/5.0 (windows nt 6.1; win64; x64) applewebkit/537.36 (khtml, like gecko) chrome/68.0.3440.106 safari/537.36
 [ 2018-8-30 17:40:58 ] pid: 2804

 [ 2018-8-30 17:40:58 ] info: /index/article/5b87b96a9b2bf30af4102db0
 [ 2018-8-30 17:40:58 ] brower: mozilla/5.0 (windows nt 6.1; win64; x64) applewebkit/537.36 (khtml, like gecko) chrome/68.0.3440.106 safari/537.36
 [ 2018-8-30 17:40:58 ] pid: 2804

 [ 2018-8-30 17:40:59 ] info: /index/login
 [ 2018-8-30 17:40:59 ] brower: mozilla/5.0 (windows nt 6.1; win64; x64) applewebkit/537.36 (khtml, like gecko) chrome/68.0.3440.106 safari/537.36
 [ 2018-8-30 17:40:59 ] pid: 2804

 [ 2018-8-30 17:41:25 ] info: /index/login
 [ 2018-8-30 17:41:25 ] brower: mozilla/5.0 (windows nt 6.1; win64; x64) applewebkit/537.36 (khtml, like gecko) chrome/68.0.3440.106 safari/537.36
 [ 2018-8-30 17:41:25 ] pid: 2804

 [ 2018-8-30 17:41:32 ] info: /index/login
 [ 2018-8-30 17:41:32 ] brower: mozilla/5.0 (windows nt 6.1; win64; x64) applewebkit/537.36 (khtml, like gecko) chrome/68.0.3440.106 safari/537.36
 [ 2018-8-30 17:41:32 ] pid: 2804

 [ 2018-8-30 17:41:33 ] info: /index
 [ 2018-8-30 17:41:33 ] brower: mozilla/5.0 (windows nt 6.1; win64; x64) applewebkit/537.36 (khtml, like gecko) chrome/68.0.3440.106 safari/537.36
 [ 2018-8-30 17:41:33 ] pid: 2804

 [ 2018-8-30 17:41:34 ] info: /mosc/api/column?page=1&limit=20
 [ 2018-8-30 17:41:34 ] brower: mozilla/5.0 (windows nt 6.1; win64; x64) applewebkit/537.36 (khtml, like gecko) chrome/68.0.3440.106 safari/537.36
 [ 2018-8-30 17:41:34 ] pid: 2804

 [ 2018-8-30 17:41:34 ] info: /index/article_list?id=5b74edc60c835319d021ce02
 [ 2018-8-30 17:41:34 ] brower: mozilla/5.0 (windows nt 6.1; win64; x64) applewebkit/537.36 (khtml, like gecko) chrome/68.0.3440.106 safari/537.36
 [ 2018-8-30 17:41:34 ] pid: 2804

 [ 2018-8-30 17:41:34 ] info: /index/article/5b87b96a9b2bf30af4102db0
 [ 2018-8-30 17:41:34 ] brower: mozilla/5.0 (windows nt 6.1; win64; x64) applewebkit/537.36 (khtml, like gecko) chrome/68.0.3440.106 safari/537.36
 [ 2018-8-30 17:41:34 ] pid: 2804

 [ 2018-8-30 17:41:36 ] info: /index/share
 [ 2018-8-30 17:41:36 ] brower: mozilla/5.0 (windows nt 6.1; win64; x64) applewebkit/537.36 (khtml, like gecko) chrome/68.0.3440.106 safari/537.36
 [ 2018-8-30 17:41:36 ] pid: 2804

 [ 2018-8-30 17:43:33 ] info: /mosc/
 [ 2018-8-30 17:43:33 ] brower: mozilla/5.0 (windows nt 6.1; win64; x64) applewebkit/537.36 (khtml, like gecko) chrome/68.0.3440.106 safari/537.36
 [ 2018-8-30 17:43:33 ] pid: 2804

 [ 2018-8-30 17:43:35 ] info: /
 [ 2018-8-30 17:43:35 ] brower: mozilla/5.0 (windows nt 6.1; win64; x64) applewebkit/537.36 (khtml, like gecko) chrome/68.0.3440.106 safari/537.36
 [ 2018-8-30 17:43:35 ] pid: 2804

 [ 2018-8-30 17:43:35 ] info: /index
 [ 2018-8-30 17:43:35 ] brower: mozilla/5.0 (windows nt 6.1; win64; x64) applewebkit/537.36 (khtml, like gecko) chrome/68.0.3440.106 safari/537.36
 [ 2018-8-30 17:43:35 ] pid: 2804

 [ 2018-8-30 17:43:35 ] info: /mosc/api/column?page=1&limit=20
 [ 2018-8-30 17:43:35 ] brower: mozilla/5.0 (windows nt 6.1; win64; x64) applewebkit/537.36 (khtml, like gecko) chrome/68.0.3440.106 safari/537.36
 [ 2018-8-30 17:43:35 ] pid: 2804

 [ 2018-8-30 17:43:35 ] info: /index/article_list?id=5b74edc60c835319d021ce02
 [ 2018-8-30 17:43:35 ] brower: mozilla/5.0 (windows nt 6.1; win64; x64) applewebkit/537.36 (khtml, like gecko) chrome/68.0.3440.106 safari/537.36
 [ 2018-8-30 17:43:35 ] pid: 2804

 [ 2018-8-30 17:43:35 ] info: /index/article/5b87b96a9b2bf30af4102db0
 [ 2018-8-30 17:43:35 ] brower: mozilla/5.0 (windows nt 6.1; win64; x64) applewebkit/537.36 (khtml, like gecko) chrome/68.0.3440.106 safari/537.36
 [ 2018-8-30 17:43:35 ] pid: 2804

 [ 2018-8-30 17:43:40 ] info: /index/share
 [ 2018-8-30 17:43:40 ] brower: mozilla/5.0 (windows nt 6.1; win64; x64) applewebkit/537.36 (khtml, like gecko) chrome/68.0.3440.106 safari/537.36
 [ 2018-8-30 17:43:40 ] pid: 2804

 [ 2018-8-30 17:43:42 ] info: /index/loginout
 [ 2018-8-30 17:43:42 ] brower: mozilla/5.0 (windows nt 6.1; win64; x64) applewebkit/537.36 (khtml, like gecko) chrome/68.0.3440.106 safari/537.36
 [ 2018-8-30 17:43:42 ] pid: 2804

 [ 2018-8-30 17:43:42 ] info: /index
 [ 2018-8-30 17:43:42 ] brower: mozilla/5.0 (windows nt 6.1; win64; x64) applewebkit/537.36 (khtml, like gecko) chrome/68.0.3440.106 safari/537.36
 [ 2018-8-30 17:43:42 ] pid: 2804

 [ 2018-8-30 17:43:43 ] info: /mosc/api/column?page=1&limit=20
 [ 2018-8-30 17:43:43 ] brower: mozilla/5.0 (windows nt 6.1; win64; x64) applewebkit/537.36 (khtml, like gecko) chrome/68.0.3440.106 safari/537.36
 [ 2018-8-30 17:43:43 ] pid: 2804

 [ 2018-8-30 17:43:43 ] info: /index/article_list?id=5b74edc60c835319d021ce02
 [ 2018-8-30 17:43:43 ] brower: mozilla/5.0 (windows nt 6.1; win64; x64) applewebkit/537.36 (khtml, like gecko) chrome/68.0.3440.106 safari/537.36
 [ 2018-8-30 17:43:43 ] pid: 2804

 [ 2018-8-30 17:43:43 ] info: /index/article/5b87b96a9b2bf30af4102db0
 [ 2018-8-30 17:43:43 ] brower: mozilla/5.0 (windows nt 6.1; win64; x64) applewebkit/537.36 (khtml, like gecko) chrome/68.0.3440.106 safari/537.36
 [ 2018-8-30 17:43:43 ] pid: 2804

 [ 2018-8-30 17:43:44 ] info: /index/share
 [ 2018-8-30 17:43:44 ] brower: mozilla/5.0 (windows nt 6.1; win64; x64) applewebkit/537.36 (khtml, like gecko) chrome/68.0.3440.106 safari/537.36
 [ 2018-8-30 17:43:44 ] pid: 2804

 [ 2018-8-30 17:47:05 ] info: /index
 [ 2018-8-30 17:47:05 ] brower: mozilla/5.0 (windows nt 6.1; win64; x64) applewebkit/537.36 (khtml, like gecko) chrome/68.0.3440.106 safari/537.36
 [ 2018-8-30 17:47:05 ] pid: 2804

 [ 2018-8-30 17:47:05 ] info: /mosc/api/column?page=1&limit=20
 [ 2018-8-30 17:47:05 ] brower: mozilla/5.0 (windows nt 6.1; win64; x64) applewebkit/537.36 (khtml, like gecko) chrome/68.0.3440.106 safari/537.36
 [ 2018-8-30 17:47:05 ] pid: 2804

 [ 2018-8-30 17:47:05 ] info: /index/article_list?id=5b74edc60c835319d021ce02
 [ 2018-8-30 17:47:05 ] brower: mozilla/5.0 (windows nt 6.1; win64; x64) applewebkit/537.36 (khtml, like gecko) chrome/68.0.3440.106 safari/537.36
 [ 2018-8-30 17:47:05 ] pid: 2804

 [ 2018-8-30 17:47:05 ] info: /index/article/5b87b96a9b2bf30af4102db0
 [ 2018-8-30 17:47:05 ] brower: mozilla/5.0 (windows nt 6.1; win64; x64) applewebkit/537.36 (khtml, like gecko) chrome/68.0.3440.106 safari/537.36
 [ 2018-8-30 17:47:05 ] pid: 2804

 [ 2018-8-30 17:47:06 ] info: /index/login
 [ 2018-8-30 17:47:06 ] brower: mozilla/5.0 (windows nt 6.1; win64; x64) applewebkit/537.36 (khtml, like gecko) chrome/68.0.3440.106 safari/537.36
 [ 2018-8-30 17:47:06 ] pid: 2804

 [ 2018-8-30 17:47:13 ] info: /index/login
 [ 2018-8-30 17:47:13 ] brower: mozilla/5.0 (windows nt 6.1; win64; x64) applewebkit/537.36 (khtml, like gecko) chrome/68.0.3440.106 safari/537.36
 [ 2018-8-30 17:47:13 ] pid: 2804

 [ 2018-8-30 17:47:14 ] info: /index
 [ 2018-8-30 17:47:14 ] brower: mozilla/5.0 (windows nt 6.1; win64; x64) applewebkit/537.36 (khtml, like gecko) chrome/68.0.3440.106 safari/537.36
 [ 2018-8-30 17:47:14 ] pid: 2804

 [ 2018-8-30 17:47:15 ] info: /mosc/api/column?page=1&limit=20
 [ 2018-8-30 17:47:15 ] brower: mozilla/5.0 (windows nt 6.1; win64; x64) applewebkit/537.36 (khtml, like gecko) chrome/68.0.3440.106 safari/537.36
 [ 2018-8-30 17:47:15 ] pid: 2804

 [ 2018-8-30 17:47:15 ] info: /index/article_list?id=5b74edc60c835319d021ce02
 [ 2018-8-30 17:47:15 ] brower: mozilla/5.0 (windows nt 6.1; win64; x64) applewebkit/537.36 (khtml, like gecko) chrome/68.0.3440.106 safari/537.36
 [ 2018-8-30 17:47:15 ] pid: 2804

 [ 2018-8-30 17:47:15 ] info: /index/article/5b87b96a9b2bf30af4102db0
 [ 2018-8-30 17:47:15 ] brower: mozilla/5.0 (windows nt 6.1; win64; x64) applewebkit/537.36 (khtml, like gecko) chrome/68.0.3440.106 safari/537.36
 [ 2018-8-30 17:47:15 ] pid: 2804

 [ 2018-8-30 17:47:18 ] info: /index/share
 [ 2018-8-30 17:47:18 ] brower: mozilla/5.0 (windows nt 6.1; win64; x64) applewebkit/537.36 (khtml, like gecko) chrome/68.0.3440.106 safari/537.36
 [ 2018-8-30 17:47:18 ] pid: 2804

 [ 2018-8-30 17:47:22 ] info: /index/loginout
 [ 2018-8-30 17:47:22 ] brower: mozilla/5.0 (windows nt 6.1; win64; x64) applewebkit/537.36 (khtml, like gecko) chrome/68.0.3440.106 safari/537.36
 [ 2018-8-30 17:47:22 ] pid: 2804

 [ 2018-8-30 17:47:22 ] info: /index
 [ 2018-8-30 17:47:22 ] brower: mozilla/5.0 (windows nt 6.1; win64; x64) applewebkit/537.36 (khtml, like gecko) chrome/68.0.3440.106 safari/537.36
 [ 2018-8-30 17:47:22 ] pid: 2804

 [ 2018-8-30 17:47:22 ] info: /mosc/api/column?page=1&limit=20
 [ 2018-8-30 17:47:22 ] brower: mozilla/5.0 (windows nt 6.1; win64; x64) applewebkit/537.36 (khtml, like gecko) chrome/68.0.3440.106 safari/537.36
 [ 2018-8-30 17:47:22 ] pid: 2804

 [ 2018-8-30 17:47:22 ] info: /index/article_list?id=5b74edc60c835319d021ce02
 [ 2018-8-30 17:47:22 ] brower: mozilla/5.0 (windows nt 6.1; win64; x64) applewebkit/537.36 (khtml, like gecko) chrome/68.0.3440.106 safari/537.36
 [ 2018-8-30 17:47:22 ] pid: 2804

 [ 2018-8-30 17:47:22 ] info: /index/article/5b87b96a9b2bf30af4102db0
 [ 2018-8-30 17:47:22 ] brower: mozilla/5.0 (windows nt 6.1; win64; x64) applewebkit/537.36 (khtml, like gecko) chrome/68.0.3440.106 safari/537.36
 [ 2018-8-30 17:47:22 ] pid: 2804

 [ 2018-8-30 17:47:24 ] info: /index/login
 [ 2018-8-30 17:47:24 ] brower: mozilla/5.0 (windows nt 6.1; win64; x64) applewebkit/537.36 (khtml, like gecko) chrome/68.0.3440.106 safari/537.36
 [ 2018-8-30 17:47:24 ] pid: 2804

 [ 2018-8-30 17:47:31 ] info: /index/login
 [ 2018-8-30 17:47:31 ] brower: mozilla/5.0 (windows nt 6.1; win64; x64) applewebkit/537.36 (khtml, like gecko) chrome/68.0.3440.106 safari/537.36
 [ 2018-8-30 17:47:31 ] pid: 2804

 [ 2018-8-30 17:47:32 ] info: /index
 [ 2018-8-30 17:47:32 ] brower: mozilla/5.0 (windows nt 6.1; win64; x64) applewebkit/537.36 (khtml, like gecko) chrome/68.0.3440.106 safari/537.36
 [ 2018-8-30 17:47:32 ] pid: 2804

 [ 2018-8-30 17:47:32 ] info: /mosc/api/column?page=1&limit=20
 [ 2018-8-30 17:47:32 ] brower: mozilla/5.0 (windows nt 6.1; win64; x64) applewebkit/537.36 (khtml, like gecko) chrome/68.0.3440.106 safari/537.36
 [ 2018-8-30 17:47:32 ] pid: 2804

 [ 2018-8-30 17:47:32 ] info: /index/article_list?id=5b74edc60c835319d021ce02
 [ 2018-8-30 17:47:32 ] brower: mozilla/5.0 (windows nt 6.1; win64; x64) applewebkit/537.36 (khtml, like gecko) chrome/68.0.3440.106 safari/537.36
 [ 2018-8-30 17:47:32 ] pid: 2804

 [ 2018-8-30 17:47:32 ] info: /index/article/5b87b96a9b2bf30af4102db0
 [ 2018-8-30 17:47:32 ] brower: mozilla/5.0 (windows nt 6.1; win64; x64) applewebkit/537.36 (khtml, like gecko) chrome/68.0.3440.106 safari/537.36
 [ 2018-8-30 17:47:32 ] pid: 2804

 [ 2018-8-30 17:47:47 ] info: /index/share
 [ 2018-8-30 17:47:47 ] brower: mozilla/5.0 (windows nt 6.1; win64; x64) applewebkit/537.36 (khtml, like gecko) chrome/68.0.3440.106 safari/537.36
 [ 2018-8-30 17:47:47 ] pid: 2804

