 [ 2018-8-19 19:14:07 ] info: /
 [ 2018-8-19 19:14:07 ] brower: mozilla/5.0 (windows nt 10.0; wow64) applewebkit/537.36 (khtml, like gecko) chrome/55.0.2883.87 safari/537.36
 [ 2018-8-19 19:14:07 ] pid: 6028

 [ 2018-8-19 19:14:07 ] info: /index
 [ 2018-8-19 19:14:07 ] brower: mozilla/5.0 (windows nt 10.0; wow64) applewebkit/537.36 (khtml, like gecko) chrome/55.0.2883.87 safari/537.36
 [ 2018-8-19 19:14:07 ] pid: 6028

 [ 2018-8-19 19:14:09 ] info: /mosc/api/column?page=1&limit=20
 [ 2018-8-19 19:14:09 ] brower: mozilla/5.0 (windows nt 10.0; wow64) applewebkit/537.36 (khtml, like gecko) chrome/55.0.2883.87 safari/537.36
 [ 2018-8-19 19:14:09 ] pid: 6028

 [ 2018-8-19 19:16:29 ] info: /mosc
 [ 2018-8-19 19:16:29 ] brower: mozilla/5.0 (windows nt 10.0; wow64) applewebkit/537.36 (khtml, like gecko) chrome/55.0.2883.87 safari/537.36
 [ 2018-8-19 19:16:29 ] pid: 6028

 [ 2018-8-19 19:16:29 ] info: /mosc/login
 [ 2018-8-19 19:16:29 ] brower: mozilla/5.0 (windows nt 10.0; wow64) applewebkit/537.36 (khtml, like gecko) chrome/55.0.2883.87 safari/537.36
 [ 2018-8-19 19:16:29 ] pid: 6028

 [ 2018-8-19 19:16:38 ] info: /mosc/login
 [ 2018-8-19 19:16:38 ] brower: mozilla/5.0 (windows nt 10.0; wow64) applewebkit/537.36 (khtml, like gecko) chrome/55.0.2883.87 safari/537.36
 [ 2018-8-19 19:16:38 ] pid: 6028

 [ 2018-8-19 19:16:38 ] info: /mosc
 [ 2018-8-19 19:16:38 ] brower: mozilla/5.0 (windows nt 10.0; wow64) applewebkit/537.36 (khtml, like gecko) chrome/55.0.2883.87 safari/537.36
 [ 2018-8-19 19:16:38 ] pid: 6028

 [ 2018-8-19 19:16:38 ] info: /mosc/home
 [ 2018-8-19 19:16:38 ] brower: mozilla/5.0 (windows nt 10.0; wow64) applewebkit/537.36 (khtml, like gecko) chrome/55.0.2883.87 safari/537.36
 [ 2018-8-19 19:16:38 ] pid: 6028

 [ 2018-8-19 19:16:39 ] info: /mosc/home/readCount/
 [ 2018-8-19 19:16:39 ] brower: mozilla/5.0 (windows nt 10.0; wow64) applewebkit/537.36 (khtml, like gecko) chrome/55.0.2883.87 safari/537.36
 [ 2018-8-19 19:16:39 ] pid: 6028

 [ 2018-8-19 19:16:39 ] info: /mosc/home/allCount/
 [ 2018-8-19 19:16:39 ] brower: mozilla/5.0 (windows nt 10.0; wow64) applewebkit/537.36 (khtml, like gecko) chrome/55.0.2883.87 safari/537.36
 [ 2018-8-19 19:16:39 ] pid: 6028

 [ 2018-8-19 19:16:39 ] info: /mosc/home/allUser/
 [ 2018-8-19 19:16:39 ] brower: mozilla/5.0 (windows nt 10.0; wow64) applewebkit/537.36 (khtml, like gecko) chrome/55.0.2883.87 safari/537.36
 [ 2018-8-19 19:16:39 ] pid: 6028

 [ 2018-8-19 19:16:39 ] info: /mosc/home/allColumn/
 [ 2018-8-19 19:16:39 ] brower: mozilla/5.0 (windows nt 10.0; wow64) applewebkit/537.36 (khtml, like gecko) chrome/55.0.2883.87 safari/537.36
 [ 2018-8-19 19:16:39 ] pid: 6028

 [ 2018-8-19 19:16:39 ] info: /mosc/home/readColumn/
 [ 2018-8-19 19:16:39 ] brower: mozilla/5.0 (windows nt 10.0; wow64) applewebkit/537.36 (khtml, like gecko) chrome/55.0.2883.87 safari/537.36
 [ 2018-8-19 19:16:39 ] pid: 6028

 [ 2018-8-19 19:18:49 ] info: /mosc/message
 [ 2018-8-19 19:18:49 ] brower: mozilla/5.0 (windows nt 10.0; wow64) applewebkit/537.36 (khtml, like gecko) chrome/55.0.2883.87 safari/537.36
 [ 2018-8-19 19:18:49 ] pid: 6028

 [ 2018-8-19 19:18:50 ] info: /mosc/column
 [ 2018-8-19 19:18:50 ] brower: mozilla/5.0 (windows nt 10.0; wow64) applewebkit/537.36 (khtml, like gecko) chrome/55.0.2883.87 safari/537.36
 [ 2018-8-19 19:18:50 ] pid: 6028

 [ 2018-8-19 19:18:51 ] info: /mosc/api/column?page=1&limit=10
 [ 2018-8-19 19:18:51 ] brower: mozilla/5.0 (windows nt 10.0; wow64) applewebkit/537.36 (khtml, like gecko) chrome/55.0.2883.87 safari/537.36
 [ 2018-8-19 19:18:51 ] pid: 6028

 [ 2018-8-19 19:18:54 ] info: /mosc/user_list
 [ 2018-8-19 19:18:54 ] brower: mozilla/5.0 (windows nt 10.0; wow64) applewebkit/537.36 (khtml, like gecko) chrome/55.0.2883.87 safari/537.36
 [ 2018-8-19 19:18:54 ] pid: 6028

 [ 2018-8-19 19:18:54 ] info: /mosc/user_list/api?page=1&limit=10
 [ 2018-8-19 19:18:54 ] brower: mozilla/5.0 (windows nt 10.0; wow64) applewebkit/537.36 (khtml, like gecko) chrome/55.0.2883.87 safari/537.36
 [ 2018-8-19 19:18:54 ] pid: 6028

 [ 2018-8-19 19:18:56 ] info: /mosc/column
 [ 2018-8-19 19:18:56 ] brower: mozilla/5.0 (windows nt 10.0; wow64) applewebkit/537.36 (khtml, like gecko) chrome/55.0.2883.87 safari/537.36
 [ 2018-8-19 19:18:56 ] pid: 6028

 [ 2018-8-19 19:18:56 ] info: /mosc/api/column?page=1&limit=10
 [ 2018-8-19 19:18:56 ] brower: mozilla/5.0 (windows nt 10.0; wow64) applewebkit/537.36 (khtml, like gecko) chrome/55.0.2883.87 safari/537.36
 [ 2018-8-19 19:18:56 ] pid: 6028

 [ 2018-8-19 21:03:57 ] info: /mosc/column/
 [ 2018-8-19 21:03:57 ] brower: mozilla/5.0 (windows nt 10.0; wow64) applewebkit/537.36 (khtml, like gecko) chrome/55.0.2883.87 safari/537.36
 [ 2018-8-19 21:03:57 ] pid: 6028

 [ 2018-8-19 21:03:57 ] info: /mosc/login
 [ 2018-8-19 21:03:57 ] brower: mozilla/5.0 (windows nt 10.0; wow64) applewebkit/537.36 (khtml, like gecko) chrome/55.0.2883.87 safari/537.36
 [ 2018-8-19 21:03:57 ] pid: 6028

 [ 2018-8-19 21:04:02 ] info: /mosc/login
 [ 2018-8-19 21:04:02 ] brower: mozilla/5.0 (windows nt 10.0; wow64) applewebkit/537.36 (khtml, like gecko) chrome/55.0.2883.87 safari/537.36
 [ 2018-8-19 21:04:02 ] pid: 6028

 [ 2018-8-19 21:04:02 ] info: /mosc/login
 [ 2018-8-19 21:04:02 ] brower: mozilla/5.0 (windows nt 10.0; wow64) applewebkit/537.36 (khtml, like gecko) chrome/55.0.2883.87 safari/537.36
 [ 2018-8-19 21:04:02 ] pid: 6028

 [ 2018-8-19 21:04:06 ] info: /mosc/login
 [ 2018-8-19 21:04:06 ] brower: mozilla/5.0 (windows nt 10.0; wow64) applewebkit/537.36 (khtml, like gecko) chrome/55.0.2883.87 safari/537.36
 [ 2018-8-19 21:04:06 ] pid: 6028

 [ 2018-8-19 21:04:06 ] info: /mosc/login
 [ 2018-8-19 21:04:06 ] brower: mozilla/5.0 (windows nt 10.0; wow64) applewebkit/537.36 (khtml, like gecko) chrome/55.0.2883.87 safari/537.36
 [ 2018-8-19 21:04:06 ] pid: 6028

 [ 2018-8-19 21:04:10 ] info: /mosc
 [ 2018-8-19 21:04:10 ] brower: mozilla/5.0 (windows nt 10.0; wow64) applewebkit/537.36 (khtml, like gecko) chrome/55.0.2883.87 safari/537.36
 [ 2018-8-19 21:04:10 ] pid: 6028

 [ 2018-8-19 21:04:10 ] info: /mosc/login
 [ 2018-8-19 21:04:10 ] brower: mozilla/5.0 (windows nt 10.0; wow64) applewebkit/537.36 (khtml, like gecko) chrome/55.0.2883.87 safari/537.36
 [ 2018-8-19 21:04:10 ] pid: 6028

 [ 2018-8-19 21:04:17 ] info: /mosc/login
 [ 2018-8-19 21:04:17 ] brower: mozilla/5.0 (windows nt 10.0; wow64) applewebkit/537.36 (khtml, like gecko) chrome/55.0.2883.87 safari/537.36
 [ 2018-8-19 21:04:17 ] pid: 6028

 [ 2018-8-19 21:04:18 ] info: /mosc/login
 [ 2018-8-19 21:04:18 ] brower: mozilla/5.0 (windows nt 10.0; wow64) applewebkit/537.36 (khtml, like gecko) chrome/55.0.2883.87 safari/537.36
 [ 2018-8-19 21:04:18 ] pid: 6028

 [ 2018-8-19 21:04:19 ] info: /mosc/login
 [ 2018-8-19 21:04:19 ] brower: mozilla/5.0 (windows nt 10.0; wow64) applewebkit/537.36 (khtml, like gecko) chrome/55.0.2883.87 safari/537.36
 [ 2018-8-19 21:04:19 ] pid: 6028

 [ 2018-8-19 21:04:19 ] info: /mosc/login
 [ 2018-8-19 21:04:19 ] brower: mozilla/5.0 (windows nt 10.0; wow64) applewebkit/537.36 (khtml, like gecko) chrome/55.0.2883.87 safari/537.36
 [ 2018-8-19 21:04:19 ] pid: 6028

 [ 2018-8-19 21:04:20 ] info: /mosc/login
 [ 2018-8-19 21:04:20 ] brower: mozilla/5.0 (windows nt 10.0; wow64) applewebkit/537.36 (khtml, like gecko) chrome/55.0.2883.87 safari/537.36
 [ 2018-8-19 21:04:20 ] pid: 6028

 [ 2018-8-19 21:04:20 ] info: /mosc/login
 [ 2018-8-19 21:04:20 ] brower: mozilla/5.0 (windows nt 10.0; wow64) applewebkit/537.36 (khtml, like gecko) chrome/55.0.2883.87 safari/537.36
 [ 2018-8-19 21:04:20 ] pid: 6028

 [ 2018-8-19 21:04:20 ] info: /mosc/login
 [ 2018-8-19 21:04:20 ] brower: mozilla/5.0 (windows nt 10.0; wow64) applewebkit/537.36 (khtml, like gecko) chrome/55.0.2883.87 safari/537.36
 [ 2018-8-19 21:04:20 ] pid: 6028

 [ 2018-8-19 21:04:20 ] info: /mosc/login
 [ 2018-8-19 21:04:20 ] brower: mozilla/5.0 (windows nt 10.0; wow64) applewebkit/537.36 (khtml, like gecko) chrome/55.0.2883.87 safari/537.36
 [ 2018-8-19 21:04:20 ] pid: 6028

 [ 2018-8-19 21:04:28 ] info: /mosc/login
 [ 2018-8-19 21:04:28 ] brower: mozilla/5.0 (windows nt 10.0; wow64) applewebkit/537.36 (khtml, like gecko) chrome/55.0.2883.87 safari/537.36
 [ 2018-8-19 21:04:28 ] pid: 6028

 [ 2018-8-19 21:04:30 ] info: /mosc/login
 [ 2018-8-19 21:04:30 ] brower: mozilla/5.0 (windows nt 10.0; wow64) applewebkit/537.36 (khtml, like gecko) chrome/55.0.2883.87 safari/537.36
 [ 2018-8-19 21:04:30 ] pid: 6028

 [ 2018-8-19 21:04:30 ] info: /mosc/login
 [ 2018-8-19 21:04:30 ] brower: mozilla/5.0 (windows nt 10.0; wow64) applewebkit/537.36 (khtml, like gecko) chrome/55.0.2883.87 safari/537.36
 [ 2018-8-19 21:04:30 ] pid: 6028

 [ 2018-8-19 21:04:31 ] info: /mosc/login
 [ 2018-8-19 21:04:31 ] brower: mozilla/5.0 (windows nt 10.0; wow64) applewebkit/537.36 (khtml, like gecko) chrome/55.0.2883.87 safari/537.36
 [ 2018-8-19 21:04:31 ] pid: 6028

 [ 2018-8-19 21:04:31 ] info: /mosc/login
 [ 2018-8-19 21:04:31 ] brower: mozilla/5.0 (windows nt 10.0; wow64) applewebkit/537.36 (khtml, like gecko) chrome/55.0.2883.87 safari/537.36
 [ 2018-8-19 21:04:31 ] pid: 6028

 [ 2018-8-19 21:04:31 ] info: /mosc/login
 [ 2018-8-19 21:04:31 ] brower: mozilla/5.0 (windows nt 10.0; wow64) applewebkit/537.36 (khtml, like gecko) chrome/55.0.2883.87 safari/537.36
 [ 2018-8-19 21:04:31 ] pid: 6028

 [ 2018-8-19 21:04:31 ] info: /mosc/login
 [ 2018-8-19 21:04:31 ] brower: mozilla/5.0 (windows nt 10.0; wow64) applewebkit/537.36 (khtml, like gecko) chrome/55.0.2883.87 safari/537.36
 [ 2018-8-19 21:04:31 ] pid: 6028

 [ 2018-8-19 21:04:31 ] info: /mosc/login
 [ 2018-8-19 21:04:31 ] brower: mozilla/5.0 (windows nt 10.0; wow64) applewebkit/537.36 (khtml, like gecko) chrome/55.0.2883.87 safari/537.36
 [ 2018-8-19 21:04:31 ] pid: 6028

 [ 2018-8-19 21:04:31 ] info: /mosc/login
 [ 2018-8-19 21:04:31 ] brower: mozilla/5.0 (windows nt 10.0; wow64) applewebkit/537.36 (khtml, like gecko) chrome/55.0.2883.87 safari/537.36
 [ 2018-8-19 21:04:31 ] pid: 6028

 [ 2018-8-19 21:04:32 ] info: /mosc/login
 [ 2018-8-19 21:04:32 ] brower: mozilla/5.0 (windows nt 10.0; wow64) applewebkit/537.36 (khtml, like gecko) chrome/55.0.2883.87 safari/537.36
 [ 2018-8-19 21:04:32 ] pid: 6028

 [ 2018-8-19 21:04:32 ] info: /mosc/login
 [ 2018-8-19 21:04:32 ] brower: mozilla/5.0 (windows nt 10.0; wow64) applewebkit/537.36 (khtml, like gecko) chrome/55.0.2883.87 safari/537.36
 [ 2018-8-19 21:04:32 ] pid: 6028

 [ 2018-8-19 21:04:33 ] info: /mosc/login
 [ 2018-8-19 21:04:33 ] brower: mozilla/5.0 (windows nt 10.0; wow64) applewebkit/537.36 (khtml, like gecko) chrome/55.0.2883.87 safari/537.36
 [ 2018-8-19 21:04:33 ] pid: 6028

 [ 2018-8-19 21:04:33 ] info: /mosc/login
 [ 2018-8-19 21:04:33 ] brower: mozilla/5.0 (windows nt 10.0; wow64) applewebkit/537.36 (khtml, like gecko) chrome/55.0.2883.87 safari/537.36
 [ 2018-8-19 21:04:33 ] pid: 6028

 [ 2018-8-19 21:04:44 ] info: /mosc/login
 [ 2018-8-19 21:04:44 ] brower: mozilla/5.0 (windows nt 10.0; wow64) applewebkit/537.36 (khtml, like gecko) chrome/55.0.2883.87 safari/537.36
 [ 2018-8-19 21:04:44 ] pid: 6028

 [ 2018-8-19 21:04:44 ] info: /mosc/login
 [ 2018-8-19 21:04:44 ] brower: mozilla/5.0 (windows nt 10.0; wow64) applewebkit/537.36 (khtml, like gecko) chrome/55.0.2883.87 safari/537.36
 [ 2018-8-19 21:04:44 ] pid: 6028

 [ 2018-8-19 21:05:54 ] info: /mosc/login
 [ 2018-8-19 21:05:54 ] brower: mozilla/5.0 (windows nt 10.0; wow64) applewebkit/537.36 (khtml, like gecko) chrome/55.0.2883.87 safari/537.36
 [ 2018-8-19 21:05:54 ] pid: 6028

 [ 2018-8-19 21:05:54 ] info: /mosc/login
 [ 2018-8-19 21:05:54 ] brower: mozilla/5.0 (windows nt 10.0; wow64) applewebkit/537.36 (khtml, like gecko) chrome/55.0.2883.87 safari/537.36
 [ 2018-8-19 21:05:54 ] pid: 6028

 [ 2018-8-19 21:06:16 ] info: /mosc/login
 [ 2018-8-19 21:06:16 ] brower: mozilla/5.0 (windows nt 10.0; wow64) applewebkit/537.36 (khtml, like gecko) chrome/55.0.2883.87 safari/537.36
 [ 2018-8-19 21:06:16 ] pid: 6972

 [ 2018-8-19 21:06:16 ] info: /mosc
 [ 2018-8-19 21:06:16 ] brower: mozilla/5.0 (windows nt 10.0; wow64) applewebkit/537.36 (khtml, like gecko) chrome/55.0.2883.87 safari/537.36
 [ 2018-8-19 21:06:16 ] pid: 6972

 [ 2018-8-19 21:06:16 ] info: /mosc/home
 [ 2018-8-19 21:06:16 ] brower: mozilla/5.0 (windows nt 10.0; wow64) applewebkit/537.36 (khtml, like gecko) chrome/55.0.2883.87 safari/537.36
 [ 2018-8-19 21:06:16 ] pid: 6972

 [ 2018-8-19 21:06:16 ] info: /mosc/home/allCount/
 [ 2018-8-19 21:06:16 ] brower: mozilla/5.0 (windows nt 10.0; wow64) applewebkit/537.36 (khtml, like gecko) chrome/55.0.2883.87 safari/537.36
 [ 2018-8-19 21:06:16 ] pid: 6972

 [ 2018-8-19 21:06:16 ] info: /mosc/home/readCount/
 [ 2018-8-19 21:06:16 ] brower: mozilla/5.0 (windows nt 10.0; wow64) applewebkit/537.36 (khtml, like gecko) chrome/55.0.2883.87 safari/537.36
 [ 2018-8-19 21:06:16 ] pid: 6972

 [ 2018-8-19 21:06:16 ] info: /mosc/home/allUser/
 [ 2018-8-19 21:06:16 ] brower: mozilla/5.0 (windows nt 10.0; wow64) applewebkit/537.36 (khtml, like gecko) chrome/55.0.2883.87 safari/537.36
 [ 2018-8-19 21:06:16 ] pid: 6972

 [ 2018-8-19 21:06:16 ] info: /mosc/home/readColumn/
 [ 2018-8-19 21:06:16 ] brower: mozilla/5.0 (windows nt 10.0; wow64) applewebkit/537.36 (khtml, like gecko) chrome/55.0.2883.87 safari/537.36
 [ 2018-8-19 21:06:16 ] pid: 6972

 [ 2018-8-19 21:06:16 ] info: /mosc/home/allColumn/
 [ 2018-8-19 21:06:16 ] brower: mozilla/5.0 (windows nt 10.0; wow64) applewebkit/537.36 (khtml, like gecko) chrome/55.0.2883.87 safari/537.36
 [ 2018-8-19 21:06:16 ] pid: 6972

 [ 2018-8-19 21:06:22 ] info: /mosc/column
 [ 2018-8-19 21:06:22 ] brower: mozilla/5.0 (windows nt 10.0; wow64) applewebkit/537.36 (khtml, like gecko) chrome/55.0.2883.87 safari/537.36
 [ 2018-8-19 21:06:22 ] pid: 6972

 [ 2018-8-19 21:06:22 ] info: /mosc/api/column?page=1&limit=10
 [ 2018-8-19 21:06:22 ] brower: mozilla/5.0 (windows nt 10.0; wow64) applewebkit/537.36 (khtml, like gecko) chrome/55.0.2883.87 safari/537.36
 [ 2018-8-19 21:06:22 ] pid: 6972

 [ 2018-8-19 21:06:27 ] info: /mosc/column/
 [ 2018-8-19 21:06:27 ] brower: mozilla/5.0 (windows nt 10.0; wow64) applewebkit/537.36 (khtml, like gecko) chrome/55.0.2883.87 safari/537.36
 [ 2018-8-19 21:06:27 ] pid: 6972

 [ 2018-8-19 21:06:27 ] info: /mosc/column?page=1
 [ 2018-8-19 21:06:27 ] brower: mozilla/5.0 (windows nt 10.0; wow64) applewebkit/537.36 (khtml, like gecko) chrome/55.0.2883.87 safari/537.36
 [ 2018-8-19 21:06:27 ] pid: 6972

 [ 2018-8-19 21:06:27 ] info: /mosc/api/column?page=1&limit=10
 [ 2018-8-19 21:06:27 ] brower: mozilla/5.0 (windows nt 10.0; wow64) applewebkit/537.36 (khtml, like gecko) chrome/55.0.2883.87 safari/537.36
 [ 2018-8-19 21:06:27 ] pid: 6972

 [ 2018-8-19 21:06:29 ] info: /mosc/article_list?id=5b796b53cbc3481b3c9ad8fb&page=1
 [ 2018-8-19 21:06:29 ] brower: mozilla/5.0 (windows nt 10.0; wow64) applewebkit/537.36 (khtml, like gecko) chrome/55.0.2883.87 safari/537.36
 [ 2018-8-19 21:06:29 ] pid: 6972

 [ 2018-8-19 21:06:44 ] info: /mosc/article_editor?column=5b796b53cbc3481b3c9ad8fb
 [ 2018-8-19 21:06:44 ] brower: mozilla/5.0 (windows nt 10.0; wow64) applewebkit/537.36 (khtml, like gecko) chrome/55.0.2883.87 safari/537.36
 [ 2018-8-19 21:06:44 ] pid: 6972

 [ 2018-8-19 21:07:29 ] info: /mosc/article_editor/
 [ 2018-8-19 21:07:29 ] brower: mozilla/5.0 (windows nt 10.0; wow64) applewebkit/537.36 (khtml, like gecko) chrome/55.0.2883.87 safari/537.36
 [ 2018-8-19 21:07:29 ] pid: 6972

 [ 2018-8-19 21:07:29 ] info: /mosc/article_list?id=5b796b53cbc3481b3c9ad8fb
 [ 2018-8-19 21:07:29 ] brower: mozilla/5.0 (windows nt 10.0; wow64) applewebkit/537.36 (khtml, like gecko) chrome/55.0.2883.87 safari/537.36
 [ 2018-8-19 21:07:29 ] pid: 6972

 [ 2018-8-19 21:07:49 ] info: /
 [ 2018-8-19 21:07:49 ] brower: mozilla/5.0 (windows nt 10.0; wow64) applewebkit/537.36 (khtml, like gecko) chrome/55.0.2883.87 safari/537.36
 [ 2018-8-19 21:07:49 ] pid: 6972

 [ 2018-8-19 21:07:49 ] info: /index
 [ 2018-8-19 21:07:49 ] brower: mozilla/5.0 (windows nt 10.0; wow64) applewebkit/537.36 (khtml, like gecko) chrome/55.0.2883.87 safari/537.36
 [ 2018-8-19 21:07:49 ] pid: 6972

 [ 2018-8-19 21:07:49 ] info: /mosc/api/column?page=1&limit=20
 [ 2018-8-19 21:07:49 ] brower: mozilla/5.0 (windows nt 10.0; wow64) applewebkit/537.36 (khtml, like gecko) chrome/55.0.2883.87 safari/537.36
 [ 2018-8-19 21:07:49 ] pid: 6972

 [ 2018-8-19 21:07:50 ] info: /index/article_list?id=5b796b53cbc3481b3c9ad8fb
 [ 2018-8-19 21:07:50 ] brower: mozilla/5.0 (windows nt 10.0; wow64) applewebkit/537.36 (khtml, like gecko) chrome/55.0.2883.87 safari/537.36
 [ 2018-8-19 21:07:50 ] pid: 6972

 [ 2018-8-19 21:07:50 ] info: /index/5b796b91cbc3481b3c9ad8fc
 [ 2018-8-19 21:07:50 ] brower: mozilla/5.0 (windows nt 10.0; wow64) applewebkit/537.36 (khtml, like gecko) chrome/55.0.2883.87 safari/537.36
 [ 2018-8-19 21:07:50 ] pid: 6972

 [ 2018-8-19 21:15:49 ] info: /index
 [ 2018-8-19 21:15:49 ] brower: mozilla/5.0 (windows nt 10.0; wow64) applewebkit/537.36 (khtml, like gecko) chrome/55.0.2883.87 safari/537.36
 [ 2018-8-19 21:15:49 ] pid: 6972

 [ 2018-8-19 21:15:50 ] info: /mosc/api/column?page=1&limit=20
 [ 2018-8-19 21:15:50 ] brower: mozilla/5.0 (windows nt 10.0; wow64) applewebkit/537.36 (khtml, like gecko) chrome/55.0.2883.87 safari/537.36
 [ 2018-8-19 21:15:50 ] pid: 6972

 [ 2018-8-19 21:15:50 ] info: /index/article_list?id=5b796b53cbc3481b3c9ad8fb
 [ 2018-8-19 21:15:50 ] brower: mozilla/5.0 (windows nt 10.0; wow64) applewebkit/537.36 (khtml, like gecko) chrome/55.0.2883.87 safari/537.36
 [ 2018-8-19 21:15:50 ] pid: 6972

 [ 2018-8-19 21:15:50 ] info: /index/5b796b91cbc3481b3c9ad8fc
 [ 2018-8-19 21:15:50 ] brower: mozilla/5.0 (windows nt 10.0; wow64) applewebkit/537.36 (khtml, like gecko) chrome/55.0.2883.87 safari/537.36
 [ 2018-8-19 21:15:50 ] pid: 6972

 [ 2018-8-19 21:35:17 ] info: /index
 [ 2018-8-19 21:35:17 ] brower: mozilla/5.0 (windows nt 10.0; wow64) applewebkit/537.36 (khtml, like gecko) chrome/55.0.2883.87 safari/537.36
 [ 2018-8-19 21:35:17 ] pid: 6972

 [ 2018-8-19 21:35:17 ] info: /mosc/api/column?page=1&limit=20
 [ 2018-8-19 21:35:17 ] brower: mozilla/5.0 (windows nt 10.0; wow64) applewebkit/537.36 (khtml, like gecko) chrome/55.0.2883.87 safari/537.36
 [ 2018-8-19 21:35:17 ] pid: 6972

 [ 2018-8-19 21:35:17 ] info: /index/article_list?id=5b796b53cbc3481b3c9ad8fb
 [ 2018-8-19 21:35:17 ] brower: mozilla/5.0 (windows nt 10.0; wow64) applewebkit/537.36 (khtml, like gecko) chrome/55.0.2883.87 safari/537.36
 [ 2018-8-19 21:35:17 ] pid: 6972

 [ 2018-8-19 21:35:17 ] info: /index/5b796b91cbc3481b3c9ad8fc
 [ 2018-8-19 21:35:17 ] brower: mozilla/5.0 (windows nt 10.0; wow64) applewebkit/537.36 (khtml, like gecko) chrome/55.0.2883.87 safari/537.36
 [ 2018-8-19 21:35:17 ] pid: 6972

 [ 2018-8-19 21:38:45 ] info: /index
 [ 2018-8-19 21:38:45 ] brower: mozilla/5.0 (windows nt 10.0; wow64) applewebkit/537.36 (khtml, like gecko) chrome/55.0.2883.87 safari/537.36
 [ 2018-8-19 21:38:45 ] pid: 6972

 [ 2018-8-19 21:38:45 ] info: /mosc/api/column?page=1&limit=20
 [ 2018-8-19 21:38:45 ] brower: mozilla/5.0 (windows nt 10.0; wow64) applewebkit/537.36 (khtml, like gecko) chrome/55.0.2883.87 safari/537.36
 [ 2018-8-19 21:38:45 ] pid: 6972

 [ 2018-8-19 21:38:45 ] info: /index/article_list?id=5b796b53cbc3481b3c9ad8fb
 [ 2018-8-19 21:38:45 ] brower: mozilla/5.0 (windows nt 10.0; wow64) applewebkit/537.36 (khtml, like gecko) chrome/55.0.2883.87 safari/537.36
 [ 2018-8-19 21:38:45 ] pid: 6972

 [ 2018-8-19 21:38:45 ] info: /index/5b796b91cbc3481b3c9ad8fc
 [ 2018-8-19 21:38:45 ] brower: mozilla/5.0 (windows nt 10.0; wow64) applewebkit/537.36 (khtml, like gecko) chrome/55.0.2883.87 safari/537.36
 [ 2018-8-19 21:38:45 ] pid: 6972

 [ 2018-8-19 21:44:22 ] info: /index
 [ 2018-8-19 21:44:22 ] brower: mozilla/5.0 (windows nt 10.0; wow64) applewebkit/537.36 (khtml, like gecko) chrome/55.0.2883.87 safari/537.36
 [ 2018-8-19 21:44:22 ] pid: 6972

 [ 2018-8-19 21:44:22 ] info: /mosc/api/column?page=1&limit=20
 [ 2018-8-19 21:44:22 ] brower: mozilla/5.0 (windows nt 10.0; wow64) applewebkit/537.36 (khtml, like gecko) chrome/55.0.2883.87 safari/537.36
 [ 2018-8-19 21:44:22 ] pid: 6972

 [ 2018-8-19 21:44:22 ] info: /index/article_list?id=5b796b53cbc3481b3c9ad8fb
 [ 2018-8-19 21:44:22 ] brower: mozilla/5.0 (windows nt 10.0; wow64) applewebkit/537.36 (khtml, like gecko) chrome/55.0.2883.87 safari/537.36
 [ 2018-8-19 21:44:22 ] pid: 6972

 [ 2018-8-19 21:44:22 ] info: /index/5b796b91cbc3481b3c9ad8fc
 [ 2018-8-19 21:44:22 ] brower: mozilla/5.0 (windows nt 10.0; wow64) applewebkit/537.36 (khtml, like gecko) chrome/55.0.2883.87 safari/537.36
 [ 2018-8-19 21:44:22 ] pid: 6972

 [ 2018-8-19 21:50:45 ] info: /index
 [ 2018-8-19 21:50:45 ] brower: mozilla/5.0 (windows nt 10.0; wow64) applewebkit/537.36 (khtml, like gecko) chrome/55.0.2883.87 safari/537.36
 [ 2018-8-19 21:50:45 ] pid: 6972

 [ 2018-8-19 21:50:45 ] info: /mosc/api/column?page=1&limit=20
 [ 2018-8-19 21:50:45 ] brower: mozilla/5.0 (windows nt 10.0; wow64) applewebkit/537.36 (khtml, like gecko) chrome/55.0.2883.87 safari/537.36
 [ 2018-8-19 21:50:45 ] pid: 6972

 [ 2018-8-19 21:50:45 ] info: /index/article_list?id=5b796b53cbc3481b3c9ad8fb
 [ 2018-8-19 21:50:45 ] brower: mozilla/5.0 (windows nt 10.0; wow64) applewebkit/537.36 (khtml, like gecko) chrome/55.0.2883.87 safari/537.36
 [ 2018-8-19 21:50:45 ] pid: 6972

 [ 2018-8-19 21:50:45 ] info: /index/5b796b91cbc3481b3c9ad8fc
 [ 2018-8-19 21:50:45 ] brower: mozilla/5.0 (windows nt 10.0; wow64) applewebkit/537.36 (khtml, like gecko) chrome/55.0.2883.87 safari/537.36
 [ 2018-8-19 21:50:45 ] pid: 6972

 [ 2018-8-19 21:51:23 ] info: /index
 [ 2018-8-19 21:51:23 ] brower: mozilla/5.0 (windows nt 10.0; wow64) applewebkit/537.36 (khtml, like gecko) chrome/55.0.2883.87 safari/537.36
 [ 2018-8-19 21:51:23 ] pid: 6972

 [ 2018-8-19 21:51:23 ] info: /mosc/api/column?page=1&limit=20
 [ 2018-8-19 21:51:23 ] brower: mozilla/5.0 (windows nt 10.0; wow64) applewebkit/537.36 (khtml, like gecko) chrome/55.0.2883.87 safari/537.36
 [ 2018-8-19 21:51:23 ] pid: 6972

 [ 2018-8-19 21:51:23 ] info: /index/article_list?id=5b796b53cbc3481b3c9ad8fb
 [ 2018-8-19 21:51:23 ] brower: mozilla/5.0 (windows nt 10.0; wow64) applewebkit/537.36 (khtml, like gecko) chrome/55.0.2883.87 safari/537.36
 [ 2018-8-19 21:51:23 ] pid: 6972

 [ 2018-8-19 21:51:23 ] info: /index/5b796b91cbc3481b3c9ad8fc
 [ 2018-8-19 21:51:23 ] brower: mozilla/5.0 (windows nt 10.0; wow64) applewebkit/537.36 (khtml, like gecko) chrome/55.0.2883.87 safari/537.36
 [ 2018-8-19 21:51:23 ] pid: 6972

 [ 2018-8-19 21:51:35 ] info: /index
 [ 2018-8-19 21:51:35 ] brower: mozilla/5.0 (windows nt 10.0; wow64) applewebkit/537.36 (khtml, like gecko) chrome/55.0.2883.87 safari/537.36
 [ 2018-8-19 21:51:35 ] pid: 6972

 [ 2018-8-19 21:51:35 ] info: /mosc/api/column?page=1&limit=20
 [ 2018-8-19 21:51:35 ] brower: mozilla/5.0 (windows nt 10.0; wow64) applewebkit/537.36 (khtml, like gecko) chrome/55.0.2883.87 safari/537.36
 [ 2018-8-19 21:51:35 ] pid: 6972

 [ 2018-8-19 21:51:35 ] info: /index/article_list?id=5b796b53cbc3481b3c9ad8fb
 [ 2018-8-19 21:51:35 ] brower: mozilla/5.0 (windows nt 10.0; wow64) applewebkit/537.36 (khtml, like gecko) chrome/55.0.2883.87 safari/537.36
 [ 2018-8-19 21:51:35 ] pid: 6972

 [ 2018-8-19 21:51:35 ] info: /index/5b796b91cbc3481b3c9ad8fc
 [ 2018-8-19 21:51:35 ] brower: mozilla/5.0 (windows nt 10.0; wow64) applewebkit/537.36 (khtml, like gecko) chrome/55.0.2883.87 safari/537.36
 [ 2018-8-19 21:51:35 ] pid: 6972

 [ 2018-8-19 21:52:36 ] info: /index
 [ 2018-8-19 21:52:36 ] brower: mozilla/5.0 (windows nt 10.0; wow64) applewebkit/537.36 (khtml, like gecko) chrome/55.0.2883.87 safari/537.36
 [ 2018-8-19 21:52:36 ] pid: 6972

 [ 2018-8-19 21:52:37 ] info: /mosc/api/column?page=1&limit=20
 [ 2018-8-19 21:52:37 ] brower: mozilla/5.0 (windows nt 10.0; wow64) applewebkit/537.36 (khtml, like gecko) chrome/55.0.2883.87 safari/537.36
 [ 2018-8-19 21:52:37 ] pid: 6972

 [ 2018-8-19 21:52:37 ] info: /index/article_list?id=5b796b53cbc3481b3c9ad8fb
 [ 2018-8-19 21:52:37 ] brower: mozilla/5.0 (windows nt 10.0; wow64) applewebkit/537.36 (khtml, like gecko) chrome/55.0.2883.87 safari/537.36
 [ 2018-8-19 21:52:37 ] pid: 6972

 [ 2018-8-19 21:52:37 ] info: /index/5b796b91cbc3481b3c9ad8fc
 [ 2018-8-19 21:52:37 ] brower: mozilla/5.0 (windows nt 10.0; wow64) applewebkit/537.36 (khtml, like gecko) chrome/55.0.2883.87 safari/537.36
 [ 2018-8-19 21:52:37 ] pid: 6972

 [ 2018-8-19 21:52:52 ] info: /index
 [ 2018-8-19 21:52:52 ] brower: mozilla/5.0 (windows nt 10.0; wow64) applewebkit/537.36 (khtml, like gecko) chrome/55.0.2883.87 safari/537.36
 [ 2018-8-19 21:52:52 ] pid: 6972

 [ 2018-8-19 21:52:53 ] info: /mosc/api/column?page=1&limit=20
 [ 2018-8-19 21:52:53 ] brower: mozilla/5.0 (windows nt 10.0; wow64) applewebkit/537.36 (khtml, like gecko) chrome/55.0.2883.87 safari/537.36
 [ 2018-8-19 21:52:53 ] pid: 6972

 [ 2018-8-19 21:52:53 ] info: /index/article_list?id=5b796b53cbc3481b3c9ad8fb
 [ 2018-8-19 21:52:53 ] brower: mozilla/5.0 (windows nt 10.0; wow64) applewebkit/537.36 (khtml, like gecko) chrome/55.0.2883.87 safari/537.36
 [ 2018-8-19 21:52:53 ] pid: 6972

 [ 2018-8-19 21:52:53 ] info: /index/5b796b91cbc3481b3c9ad8fc
 [ 2018-8-19 21:52:53 ] brower: mozilla/5.0 (windows nt 10.0; wow64) applewebkit/537.36 (khtml, like gecko) chrome/55.0.2883.87 safari/537.36
 [ 2018-8-19 21:52:53 ] pid: 6972

 [ 2018-8-19 21:53:38 ] info: /index
 [ 2018-8-19 21:53:38 ] brower: mozilla/5.0 (windows nt 10.0; wow64) applewebkit/537.36 (khtml, like gecko) chrome/55.0.2883.87 safari/537.36
 [ 2018-8-19 21:53:38 ] pid: 6972

 [ 2018-8-19 21:53:39 ] info: /mosc/api/column?page=1&limit=20
 [ 2018-8-19 21:53:39 ] brower: mozilla/5.0 (windows nt 10.0; wow64) applewebkit/537.36 (khtml, like gecko) chrome/55.0.2883.87 safari/537.36
 [ 2018-8-19 21:53:39 ] pid: 6972

 [ 2018-8-19 21:53:39 ] info: /index/article_list?id=5b796b53cbc3481b3c9ad8fb
 [ 2018-8-19 21:53:39 ] brower: mozilla/5.0 (windows nt 10.0; wow64) applewebkit/537.36 (khtml, like gecko) chrome/55.0.2883.87 safari/537.36
 [ 2018-8-19 21:53:39 ] pid: 6972

 [ 2018-8-19 21:53:39 ] info: /index/5b796b91cbc3481b3c9ad8fc
 [ 2018-8-19 21:53:39 ] brower: mozilla/5.0 (windows nt 10.0; wow64) applewebkit/537.36 (khtml, like gecko) chrome/55.0.2883.87 safari/537.36
 [ 2018-8-19 21:53:39 ] pid: 6972

 [ 2018-8-19 21:53:54 ] info: /index
 [ 2018-8-19 21:53:54 ] brower: mozilla/5.0 (windows nt 10.0; wow64) applewebkit/537.36 (khtml, like gecko) chrome/55.0.2883.87 safari/537.36
 [ 2018-8-19 21:53:54 ] pid: 6972

 [ 2018-8-19 21:53:54 ] info: /mosc/api/column?page=1&limit=20
 [ 2018-8-19 21:53:54 ] brower: mozilla/5.0 (windows nt 10.0; wow64) applewebkit/537.36 (khtml, like gecko) chrome/55.0.2883.87 safari/537.36
 [ 2018-8-19 21:53:54 ] pid: 6972

 [ 2018-8-19 21:53:54 ] info: /index/article_list?id=5b796b53cbc3481b3c9ad8fb
 [ 2018-8-19 21:53:54 ] brower: mozilla/5.0 (windows nt 10.0; wow64) applewebkit/537.36 (khtml, like gecko) chrome/55.0.2883.87 safari/537.36
 [ 2018-8-19 21:53:54 ] pid: 6972

 [ 2018-8-19 21:53:54 ] info: /index/5b796b91cbc3481b3c9ad8fc
 [ 2018-8-19 21:53:54 ] brower: mozilla/5.0 (windows nt 10.0; wow64) applewebkit/537.36 (khtml, like gecko) chrome/55.0.2883.87 safari/537.36
 [ 2018-8-19 21:53:54 ] pid: 6972

 [ 2018-8-19 21:54:01 ] info: /index
 [ 2018-8-19 21:54:01 ] brower: mozilla/5.0 (windows nt 10.0; wow64) applewebkit/537.36 (khtml, like gecko) chrome/55.0.2883.87 safari/537.36
 [ 2018-8-19 21:54:01 ] pid: 6972

 [ 2018-8-19 21:54:01 ] info: /mosc/api/column?page=1&limit=20
 [ 2018-8-19 21:54:01 ] brower: mozilla/5.0 (windows nt 10.0; wow64) applewebkit/537.36 (khtml, like gecko) chrome/55.0.2883.87 safari/537.36
 [ 2018-8-19 21:54:01 ] pid: 6972

 [ 2018-8-19 21:54:01 ] info: /index/article_list?id=5b796b53cbc3481b3c9ad8fb
 [ 2018-8-19 21:54:01 ] brower: mozilla/5.0 (windows nt 10.0; wow64) applewebkit/537.36 (khtml, like gecko) chrome/55.0.2883.87 safari/537.36
 [ 2018-8-19 21:54:01 ] pid: 6972

 [ 2018-8-19 21:54:01 ] info: /index/5b796b91cbc3481b3c9ad8fc
 [ 2018-8-19 21:54:01 ] brower: mozilla/5.0 (windows nt 10.0; wow64) applewebkit/537.36 (khtml, like gecko) chrome/55.0.2883.87 safari/537.36
 [ 2018-8-19 21:54:01 ] pid: 6972

 [ 2018-8-19 21:54:14 ] info: /index
 [ 2018-8-19 21:54:14 ] brower: mozilla/5.0 (windows nt 10.0; wow64) applewebkit/537.36 (khtml, like gecko) chrome/55.0.2883.87 safari/537.36
 [ 2018-8-19 21:54:14 ] pid: 6972

 [ 2018-8-19 21:54:14 ] info: /mosc/api/column?page=1&limit=20
 [ 2018-8-19 21:54:14 ] brower: mozilla/5.0 (windows nt 10.0; wow64) applewebkit/537.36 (khtml, like gecko) chrome/55.0.2883.87 safari/537.36
 [ 2018-8-19 21:54:14 ] pid: 6972

 [ 2018-8-19 21:54:14 ] info: /index/article_list?id=5b796b53cbc3481b3c9ad8fb
 [ 2018-8-19 21:54:14 ] brower: mozilla/5.0 (windows nt 10.0; wow64) applewebkit/537.36 (khtml, like gecko) chrome/55.0.2883.87 safari/537.36
 [ 2018-8-19 21:54:14 ] pid: 6972

 [ 2018-8-19 21:54:14 ] info: /index/5b796b91cbc3481b3c9ad8fc
 [ 2018-8-19 21:54:14 ] brower: mozilla/5.0 (windows nt 10.0; wow64) applewebkit/537.36 (khtml, like gecko) chrome/55.0.2883.87 safari/537.36
 [ 2018-8-19 21:54:14 ] pid: 6972

 [ 2018-8-19 21:56:20 ] info: /index
 [ 2018-8-19 21:56:20 ] brower: mozilla/5.0 (windows nt 10.0; wow64) applewebkit/537.36 (khtml, like gecko) chrome/55.0.2883.87 safari/537.36
 [ 2018-8-19 21:56:20 ] pid: 6972

 [ 2018-8-19 21:56:20 ] info: /mosc/api/column?page=1&limit=20
 [ 2018-8-19 21:56:20 ] brower: mozilla/5.0 (windows nt 10.0; wow64) applewebkit/537.36 (khtml, like gecko) chrome/55.0.2883.87 safari/537.36
 [ 2018-8-19 21:56:20 ] pid: 6972

 [ 2018-8-19 21:56:20 ] info: /index/article_list?id=5b796b53cbc3481b3c9ad8fb
 [ 2018-8-19 21:56:20 ] brower: mozilla/5.0 (windows nt 10.0; wow64) applewebkit/537.36 (khtml, like gecko) chrome/55.0.2883.87 safari/537.36
 [ 2018-8-19 21:56:20 ] pid: 6972

 [ 2018-8-19 21:56:20 ] info: /index/5b796b91cbc3481b3c9ad8fc
 [ 2018-8-19 21:56:20 ] brower: mozilla/5.0 (windows nt 10.0; wow64) applewebkit/537.36 (khtml, like gecko) chrome/55.0.2883.87 safari/537.36
 [ 2018-8-19 21:56:20 ] pid: 6972

 [ 2018-8-19 21:56:44 ] info: /index
 [ 2018-8-19 21:56:44 ] brower: mozilla/5.0 (windows nt 10.0; wow64) applewebkit/537.36 (khtml, like gecko) chrome/55.0.2883.87 safari/537.36
 [ 2018-8-19 21:56:44 ] pid: 6972

 [ 2018-8-19 21:56:44 ] info: /mosc/api/column?page=1&limit=20
 [ 2018-8-19 21:56:44 ] brower: mozilla/5.0 (windows nt 10.0; wow64) applewebkit/537.36 (khtml, like gecko) chrome/55.0.2883.87 safari/537.36
 [ 2018-8-19 21:56:44 ] pid: 6972

 [ 2018-8-19 21:56:44 ] info: /index/article_list?id=5b796b53cbc3481b3c9ad8fb
 [ 2018-8-19 21:56:44 ] brower: mozilla/5.0 (windows nt 10.0; wow64) applewebkit/537.36 (khtml, like gecko) chrome/55.0.2883.87 safari/537.36
 [ 2018-8-19 21:56:44 ] pid: 6972

 [ 2018-8-19 21:56:44 ] info: /index/5b796b91cbc3481b3c9ad8fc
 [ 2018-8-19 21:56:44 ] brower: mozilla/5.0 (windows nt 10.0; wow64) applewebkit/537.36 (khtml, like gecko) chrome/55.0.2883.87 safari/537.36
 [ 2018-8-19 21:56:44 ] pid: 6972

 [ 2018-8-19 21:56:51 ] info: /index
 [ 2018-8-19 21:56:51 ] brower: mozilla/5.0 (windows nt 10.0; wow64) applewebkit/537.36 (khtml, like gecko) chrome/55.0.2883.87 safari/537.36
 [ 2018-8-19 21:56:51 ] pid: 6972

 [ 2018-8-19 21:56:51 ] info: /mosc/api/column?page=1&limit=20
 [ 2018-8-19 21:56:51 ] brower: mozilla/5.0 (windows nt 10.0; wow64) applewebkit/537.36 (khtml, like gecko) chrome/55.0.2883.87 safari/537.36
 [ 2018-8-19 21:56:51 ] pid: 6972

 [ 2018-8-19 21:56:51 ] info: /index/article_list?id=5b796b53cbc3481b3c9ad8fb
 [ 2018-8-19 21:56:51 ] brower: mozilla/5.0 (windows nt 10.0; wow64) applewebkit/537.36 (khtml, like gecko) chrome/55.0.2883.87 safari/537.36
 [ 2018-8-19 21:56:51 ] pid: 6972

 [ 2018-8-19 21:56:51 ] info: /index/5b796b91cbc3481b3c9ad8fc
 [ 2018-8-19 21:56:51 ] brower: mozilla/5.0 (windows nt 10.0; wow64) applewebkit/537.36 (khtml, like gecko) chrome/55.0.2883.87 safari/537.36
 [ 2018-8-19 21:56:51 ] pid: 6972

 [ 2018-8-19 22:35:11 ] info: /mosc/loginout
 [ 2018-8-19 22:35:11 ] brower: mozilla/5.0 (windows nt 10.0; wow64) applewebkit/537.36 (khtml, like gecko) chrome/55.0.2883.87 safari/537.36
 [ 2018-8-19 22:35:11 ] pid: 6972

 [ 2018-8-19 22:35:11 ] info: /mosc/login
 [ 2018-8-19 22:35:11 ] brower: mozilla/5.0 (windows nt 10.0; wow64) applewebkit/537.36 (khtml, like gecko) chrome/55.0.2883.87 safari/537.36
 [ 2018-8-19 22:35:11 ] pid: 6972

 [ 2018-8-19 22:35:23 ] info: /index/5b796b91cbc3481b3c9ad8fc
 [ 2018-8-19 22:35:23 ] brower: mozilla/5.0 (windows nt 10.0; wow64) applewebkit/537.36 (khtml, like gecko) chrome/55.0.2883.87 safari/537.36
 [ 2018-8-19 22:35:23 ] pid: 6972

 [ 2018-8-19 22:35:31 ] info: /index
 [ 2018-8-19 22:35:31 ] brower: mozilla/5.0 (windows nt 10.0; wow64) applewebkit/537.36 (khtml, like gecko) chrome/55.0.2883.87 safari/537.36
 [ 2018-8-19 22:35:31 ] pid: 6972

 [ 2018-8-19 22:37:06 ] info: /index
 [ 2018-8-19 22:37:06 ] brower: mozilla/5.0 (windows nt 10.0; wow64) applewebkit/537.36 (khtml, like gecko) chrome/55.0.2883.87 safari/537.36
 [ 2018-8-19 22:37:06 ] pid: 6972

 [ 2018-8-19 22:37:19 ] info: /index
 [ 2018-8-19 22:37:19 ] brower: mozilla/5.0 (windows nt 10.0; wow64) applewebkit/537.36 (khtml, like gecko) chrome/55.0.2883.87 safari/537.36
 [ 2018-8-19 22:37:19 ] pid: 6972

 [ 2018-8-19 22:37:19 ] info: /mosc/api/column?page=1&limit=20
 [ 2018-8-19 22:37:19 ] brower: mozilla/5.0 (windows nt 10.0; wow64) applewebkit/537.36 (khtml, like gecko) chrome/55.0.2883.87 safari/537.36
 [ 2018-8-19 22:37:19 ] pid: 6972

 [ 2018-8-19 22:37:19 ] info: /index/article_list?id=5b796b53cbc3481b3c9ad8fb
 [ 2018-8-19 22:37:19 ] brower: mozilla/5.0 (windows nt 10.0; wow64) applewebkit/537.36 (khtml, like gecko) chrome/55.0.2883.87 safari/537.36
 [ 2018-8-19 22:37:19 ] pid: 6972

 [ 2018-8-19 22:37:19 ] info: /index/5b796b91cbc3481b3c9ad8fc
 [ 2018-8-19 22:37:19 ] brower: mozilla/5.0 (windows nt 10.0; wow64) applewebkit/537.36 (khtml, like gecko) chrome/55.0.2883.87 safari/537.36
 [ 2018-8-19 22:37:19 ] pid: 6972

 [ 2018-8-19 22:37:50 ] info: /index
 [ 2018-8-19 22:37:50 ] brower: mozilla/5.0 (windows nt 10.0; wow64) applewebkit/537.36 (khtml, like gecko) chrome/55.0.2883.87 safari/537.36
 [ 2018-8-19 22:37:50 ] pid: 6972

 [ 2018-8-19 22:37:51 ] info: /mosc/api/column?page=1&limit=20
 [ 2018-8-19 22:37:51 ] brower: mozilla/5.0 (windows nt 10.0; wow64) applewebkit/537.36 (khtml, like gecko) chrome/55.0.2883.87 safari/537.36
 [ 2018-8-19 22:37:51 ] pid: 6972

 [ 2018-8-19 22:37:51 ] info: /index/article_list?id=5b796b53cbc3481b3c9ad8fb
 [ 2018-8-19 22:37:51 ] brower: mozilla/5.0 (windows nt 10.0; wow64) applewebkit/537.36 (khtml, like gecko) chrome/55.0.2883.87 safari/537.36
 [ 2018-8-19 22:37:51 ] pid: 6972

 [ 2018-8-19 22:37:51 ] info: /index/5b796b91cbc3481b3c9ad8fc
 [ 2018-8-19 22:37:51 ] brower: mozilla/5.0 (windows nt 10.0; wow64) applewebkit/537.36 (khtml, like gecko) chrome/55.0.2883.87 safari/537.36
 [ 2018-8-19 22:37:51 ] pid: 6972

 [ 2018-8-19 22:38:10 ] info: /index
 [ 2018-8-19 22:38:10 ] brower: mozilla/5.0 (windows nt 10.0; wow64) applewebkit/537.36 (khtml, like gecko) chrome/55.0.2883.87 safari/537.36
 [ 2018-8-19 22:38:10 ] pid: 6972

 [ 2018-8-19 22:38:10 ] info: /mosc/api/column?page=1&limit=20
 [ 2018-8-19 22:38:10 ] brower: mozilla/5.0 (windows nt 10.0; wow64) applewebkit/537.36 (khtml, like gecko) chrome/55.0.2883.87 safari/537.36
 [ 2018-8-19 22:38:10 ] pid: 6972

 [ 2018-8-19 22:38:10 ] info: /index/article_list?id=5b796b53cbc3481b3c9ad8fb
 [ 2018-8-19 22:38:10 ] brower: mozilla/5.0 (windows nt 10.0; wow64) applewebkit/537.36 (khtml, like gecko) chrome/55.0.2883.87 safari/537.36
 [ 2018-8-19 22:38:10 ] pid: 6972

 [ 2018-8-19 22:38:10 ] info: /index/5b796b91cbc3481b3c9ad8fc
 [ 2018-8-19 22:38:10 ] brower: mozilla/5.0 (windows nt 10.0; wow64) applewebkit/537.36 (khtml, like gecko) chrome/55.0.2883.87 safari/537.36
 [ 2018-8-19 22:38:10 ] pid: 6972

 [ 2018-8-19 22:38:35 ] info: /index
 [ 2018-8-19 22:38:35 ] brower: mozilla/5.0 (windows nt 10.0; wow64) applewebkit/537.36 (khtml, like gecko) chrome/55.0.2883.87 safari/537.36
 [ 2018-8-19 22:38:35 ] pid: 6972

 [ 2018-8-19 22:38:36 ] info: /mosc/api/column?page=1&limit=20
 [ 2018-8-19 22:38:36 ] brower: mozilla/5.0 (windows nt 10.0; wow64) applewebkit/537.36 (khtml, like gecko) chrome/55.0.2883.87 safari/537.36
 [ 2018-8-19 22:38:36 ] pid: 6972

 [ 2018-8-19 22:38:36 ] info: /index/article_list?id=5b796b53cbc3481b3c9ad8fb
 [ 2018-8-19 22:38:36 ] brower: mozilla/5.0 (windows nt 10.0; wow64) applewebkit/537.36 (khtml, like gecko) chrome/55.0.2883.87 safari/537.36
 [ 2018-8-19 22:38:36 ] pid: 6972

 [ 2018-8-19 22:38:36 ] info: /index/5b796b91cbc3481b3c9ad8fc
 [ 2018-8-19 22:38:36 ] brower: mozilla/5.0 (windows nt 10.0; wow64) applewebkit/537.36 (khtml, like gecko) chrome/55.0.2883.87 safari/537.36
 [ 2018-8-19 22:38:36 ] pid: 6972

 [ 2018-8-19 22:38:36 ] info: /index
 [ 2018-8-19 22:38:36 ] brower: mozilla/5.0 (windows nt 10.0; wow64) applewebkit/537.36 (khtml, like gecko) chrome/55.0.2883.87 safari/537.36
 [ 2018-8-19 22:38:36 ] pid: 6972

 [ 2018-8-19 22:38:37 ] info: /mosc/api/column?page=1&limit=20
 [ 2018-8-19 22:38:37 ] brower: mozilla/5.0 (windows nt 10.0; wow64) applewebkit/537.36 (khtml, like gecko) chrome/55.0.2883.87 safari/537.36
 [ 2018-8-19 22:38:37 ] pid: 6972

 [ 2018-8-19 22:38:37 ] info: /index/article_list?id=5b796b53cbc3481b3c9ad8fb
 [ 2018-8-19 22:38:37 ] brower: mozilla/5.0 (windows nt 10.0; wow64) applewebkit/537.36 (khtml, like gecko) chrome/55.0.2883.87 safari/537.36
 [ 2018-8-19 22:38:37 ] pid: 6972

 [ 2018-8-19 22:38:37 ] info: /index/5b796b91cbc3481b3c9ad8fc
 [ 2018-8-19 22:38:37 ] brower: mozilla/5.0 (windows nt 10.0; wow64) applewebkit/537.36 (khtml, like gecko) chrome/55.0.2883.87 safari/537.36
 [ 2018-8-19 22:38:37 ] pid: 6972

 [ 2018-8-19 22:38:37 ] info: /index
 [ 2018-8-19 22:38:37 ] brower: mozilla/5.0 (windows nt 10.0; wow64) applewebkit/537.36 (khtml, like gecko) chrome/55.0.2883.87 safari/537.36
 [ 2018-8-19 22:38:37 ] pid: 6972

 [ 2018-8-19 22:38:37 ] info: /mosc/api/column?page=1&limit=20
 [ 2018-8-19 22:38:37 ] brower: mozilla/5.0 (windows nt 10.0; wow64) applewebkit/537.36 (khtml, like gecko) chrome/55.0.2883.87 safari/537.36
 [ 2018-8-19 22:38:37 ] pid: 6972

 [ 2018-8-19 22:38:37 ] info: /index/article_list?id=5b796b53cbc3481b3c9ad8fb
 [ 2018-8-19 22:38:37 ] brower: mozilla/5.0 (windows nt 10.0; wow64) applewebkit/537.36 (khtml, like gecko) chrome/55.0.2883.87 safari/537.36
 [ 2018-8-19 22:38:37 ] pid: 6972

 [ 2018-8-19 22:38:37 ] info: /index/5b796b91cbc3481b3c9ad8fc
 [ 2018-8-19 22:38:37 ] brower: mozilla/5.0 (windows nt 10.0; wow64) applewebkit/537.36 (khtml, like gecko) chrome/55.0.2883.87 safari/537.36
 [ 2018-8-19 22:38:37 ] pid: 6972

 [ 2018-8-19 22:40:02 ] info: /index
 [ 2018-8-19 22:40:02 ] brower: mozilla/5.0 (windows nt 10.0; wow64) applewebkit/537.36 (khtml, like gecko) chrome/55.0.2883.87 safari/537.36
 [ 2018-8-19 22:40:02 ] pid: 6972

 [ 2018-8-19 22:40:03 ] info: /index
 [ 2018-8-19 22:40:03 ] brower: mozilla/5.0 (windows nt 10.0; wow64) applewebkit/537.36 (khtml, like gecko) chrome/55.0.2883.87 safari/537.36
 [ 2018-8-19 22:40:03 ] pid: 6972

 [ 2018-8-19 22:42:57 ] info: /index
 [ 2018-8-19 22:42:57 ] brower: mozilla/5.0 (windows nt 10.0; wow64) applewebkit/537.36 (khtml, like gecko) chrome/55.0.2883.87 safari/537.36
 [ 2018-8-19 22:42:57 ] pid: 6972

 [ 2018-8-19 22:42:57 ] info: /mosc/api/column?page=1&limit=20
 [ 2018-8-19 22:42:57 ] brower: mozilla/5.0 (windows nt 10.0; wow64) applewebkit/537.36 (khtml, like gecko) chrome/55.0.2883.87 safari/537.36
 [ 2018-8-19 22:42:57 ] pid: 6972

 [ 2018-8-19 22:42:57 ] info: /index/article_list?id=5b796b53cbc3481b3c9ad8fb
 [ 2018-8-19 22:42:57 ] brower: mozilla/5.0 (windows nt 10.0; wow64) applewebkit/537.36 (khtml, like gecko) chrome/55.0.2883.87 safari/537.36
 [ 2018-8-19 22:42:57 ] pid: 6972

 [ 2018-8-19 22:42:57 ] info: /index/5b796b91cbc3481b3c9ad8fc
 [ 2018-8-19 22:42:57 ] brower: mozilla/5.0 (windows nt 10.0; wow64) applewebkit/537.36 (khtml, like gecko) chrome/55.0.2883.87 safari/537.36
 [ 2018-8-19 22:42:57 ] pid: 6972

 [ 2018-8-19 22:45:07 ] info: /index
 [ 2018-8-19 22:45:07 ] brower: mozilla/5.0 (windows nt 10.0; wow64) applewebkit/537.36 (khtml, like gecko) chrome/55.0.2883.87 safari/537.36
 [ 2018-8-19 22:45:07 ] pid: 6972

 [ 2018-8-19 22:45:07 ] info: /mosc/api/column?page=1&limit=20
 [ 2018-8-19 22:45:07 ] brower: mozilla/5.0 (windows nt 10.0; wow64) applewebkit/537.36 (khtml, like gecko) chrome/55.0.2883.87 safari/537.36
 [ 2018-8-19 22:45:07 ] pid: 6972

 [ 2018-8-19 22:45:07 ] info: /index/article_list?id=5b796b53cbc3481b3c9ad8fb
 [ 2018-8-19 22:45:07 ] brower: mozilla/5.0 (windows nt 10.0; wow64) applewebkit/537.36 (khtml, like gecko) chrome/55.0.2883.87 safari/537.36
 [ 2018-8-19 22:45:07 ] pid: 6972

 [ 2018-8-19 22:45:07 ] info: /index/5b796b91cbc3481b3c9ad8fc
 [ 2018-8-19 22:45:07 ] brower: mozilla/5.0 (windows nt 10.0; wow64) applewebkit/537.36 (khtml, like gecko) chrome/55.0.2883.87 safari/537.36
 [ 2018-8-19 22:45:07 ] pid: 6972

 [ 2018-8-19 22:48:03 ] info: /index
 [ 2018-8-19 22:48:03 ] brower: mozilla/5.0 (windows nt 10.0; wow64) applewebkit/537.36 (khtml, like gecko) chrome/55.0.2883.87 safari/537.36
 [ 2018-8-19 22:48:03 ] pid: 6972

 [ 2018-8-19 22:48:04 ] info: /mosc/api/column?page=1&limit=20
 [ 2018-8-19 22:48:04 ] brower: mozilla/5.0 (windows nt 10.0; wow64) applewebkit/537.36 (khtml, like gecko) chrome/55.0.2883.87 safari/537.36
 [ 2018-8-19 22:48:04 ] pid: 6972

 [ 2018-8-19 22:48:04 ] info: /index/article_list?id=5b796b53cbc3481b3c9ad8fb
 [ 2018-8-19 22:48:04 ] brower: mozilla/5.0 (windows nt 10.0; wow64) applewebkit/537.36 (khtml, like gecko) chrome/55.0.2883.87 safari/537.36
 [ 2018-8-19 22:48:04 ] pid: 6972

 [ 2018-8-19 22:48:04 ] info: /index/5b796b91cbc3481b3c9ad8fc
 [ 2018-8-19 22:48:04 ] brower: mozilla/5.0 (windows nt 10.0; wow64) applewebkit/537.36 (khtml, like gecko) chrome/55.0.2883.87 safari/537.36
 [ 2018-8-19 22:48:04 ] pid: 6972

 [ 2018-8-19 23:15:46 ] info: /index
 [ 2018-8-19 23:15:46 ] brower: mozilla/5.0 (windows nt 10.0; wow64) applewebkit/537.36 (khtml, like gecko) chrome/55.0.2883.87 safari/537.36
 [ 2018-8-19 23:15:46 ] pid: 6972

 [ 2018-8-19 23:15:47 ] info: /mosc/api/column?page=1&limit=20
 [ 2018-8-19 23:15:47 ] brower: mozilla/5.0 (windows nt 10.0; wow64) applewebkit/537.36 (khtml, like gecko) chrome/55.0.2883.87 safari/537.36
 [ 2018-8-19 23:15:47 ] pid: 6972

 [ 2018-8-19 23:15:47 ] info: /index/article_list?id=5b796b53cbc3481b3c9ad8fb
 [ 2018-8-19 23:15:47 ] brower: mozilla/5.0 (windows nt 10.0; wow64) applewebkit/537.36 (khtml, like gecko) chrome/55.0.2883.87 safari/537.36
 [ 2018-8-19 23:15:47 ] pid: 6972

 [ 2018-8-19 23:15:47 ] info: /index/5b796b91cbc3481b3c9ad8fc
 [ 2018-8-19 23:15:47 ] brower: mozilla/5.0 (windows nt 10.0; wow64) applewebkit/537.36 (khtml, like gecko) chrome/55.0.2883.87 safari/537.36
 [ 2018-8-19 23:15:47 ] pid: 6972

 [ 2018-8-19 23:26:24 ] info: /index
 [ 2018-8-19 23:26:24 ] brower: mozilla/5.0 (windows nt 10.0; wow64) applewebkit/537.36 (khtml, like gecko) chrome/55.0.2883.87 safari/537.36
 [ 2018-8-19 23:26:24 ] pid: 6972

 [ 2018-8-19 23:26:24 ] info: /mosc/api/column?page=1&limit=20
 [ 2018-8-19 23:26:24 ] brower: mozilla/5.0 (windows nt 10.0; wow64) applewebkit/537.36 (khtml, like gecko) chrome/55.0.2883.87 safari/537.36
 [ 2018-8-19 23:26:24 ] pid: 6972

 [ 2018-8-19 23:26:24 ] info: /index/article_list?id=5b796b53cbc3481b3c9ad8fb
 [ 2018-8-19 23:26:24 ] brower: mozilla/5.0 (windows nt 10.0; wow64) applewebkit/537.36 (khtml, like gecko) chrome/55.0.2883.87 safari/537.36
 [ 2018-8-19 23:26:24 ] pid: 6972

 [ 2018-8-19 23:26:24 ] info: /index/5b796b91cbc3481b3c9ad8fc
 [ 2018-8-19 23:26:24 ] brower: mozilla/5.0 (windows nt 10.0; wow64) applewebkit/537.36 (khtml, like gecko) chrome/55.0.2883.87 safari/537.36
 [ 2018-8-19 23:26:24 ] pid: 6972

 [ 2018-8-19 23:30:26 ] info: /index
 [ 2018-8-19 23:30:26 ] brower: mozilla/5.0 (windows nt 10.0; wow64) applewebkit/537.36 (khtml, like gecko) chrome/55.0.2883.87 safari/537.36
 [ 2018-8-19 23:30:26 ] pid: 6972

 [ 2018-8-19 23:30:26 ] info: /mosc/api/column?page=1&limit=20
 [ 2018-8-19 23:30:26 ] brower: mozilla/5.0 (windows nt 10.0; wow64) applewebkit/537.36 (khtml, like gecko) chrome/55.0.2883.87 safari/537.36
 [ 2018-8-19 23:30:26 ] pid: 6972

 [ 2018-8-19 23:30:26 ] info: /index/article_list?id=5b796b53cbc3481b3c9ad8fb
 [ 2018-8-19 23:30:26 ] brower: mozilla/5.0 (windows nt 10.0; wow64) applewebkit/537.36 (khtml, like gecko) chrome/55.0.2883.87 safari/537.36
 [ 2018-8-19 23:30:26 ] pid: 6972

 [ 2018-8-19 23:30:26 ] info: /index/5b796b91cbc3481b3c9ad8fc
 [ 2018-8-19 23:30:26 ] brower: mozilla/5.0 (windows nt 10.0; wow64) applewebkit/537.36 (khtml, like gecko) chrome/55.0.2883.87 safari/537.36
 [ 2018-8-19 23:30:26 ] pid: 6972

 [ 2018-8-19 23:30:27 ] info: /index
 [ 2018-8-19 23:30:27 ] brower: mozilla/5.0 (windows nt 10.0; wow64) applewebkit/537.36 (khtml, like gecko) chrome/55.0.2883.87 safari/537.36
 [ 2018-8-19 23:30:27 ] pid: 6972

 [ 2018-8-19 23:30:27 ] info: /mosc/api/column?page=1&limit=20
 [ 2018-8-19 23:30:27 ] brower: mozilla/5.0 (windows nt 10.0; wow64) applewebkit/537.36 (khtml, like gecko) chrome/55.0.2883.87 safari/537.36
 [ 2018-8-19 23:30:27 ] pid: 6972

 [ 2018-8-19 23:30:27 ] info: /index/article_list?id=5b796b53cbc3481b3c9ad8fb
 [ 2018-8-19 23:30:27 ] brower: mozilla/5.0 (windows nt 10.0; wow64) applewebkit/537.36 (khtml, like gecko) chrome/55.0.2883.87 safari/537.36
 [ 2018-8-19 23:30:27 ] pid: 6972

 [ 2018-8-19 23:30:27 ] info: /index/5b796b91cbc3481b3c9ad8fc
 [ 2018-8-19 23:30:27 ] brower: mozilla/5.0 (windows nt 10.0; wow64) applewebkit/537.36 (khtml, like gecko) chrome/55.0.2883.87 safari/537.36
 [ 2018-8-19 23:30:27 ] pid: 6972

 [ 2018-8-19 23:30:27 ] info: /index
 [ 2018-8-19 23:30:27 ] brower: mozilla/5.0 (windows nt 10.0; wow64) applewebkit/537.36 (khtml, like gecko) chrome/55.0.2883.87 safari/537.36
 [ 2018-8-19 23:30:27 ] pid: 6972

 [ 2018-8-19 23:30:27 ] info: /mosc/api/column?page=1&limit=20
 [ 2018-8-19 23:30:27 ] brower: mozilla/5.0 (windows nt 10.0; wow64) applewebkit/537.36 (khtml, like gecko) chrome/55.0.2883.87 safari/537.36
 [ 2018-8-19 23:30:27 ] pid: 6972

 [ 2018-8-19 23:30:27 ] info: /index/article_list?id=5b796b53cbc3481b3c9ad8fb
 [ 2018-8-19 23:30:27 ] brower: mozilla/5.0 (windows nt 10.0; wow64) applewebkit/537.36 (khtml, like gecko) chrome/55.0.2883.87 safari/537.36
 [ 2018-8-19 23:30:27 ] pid: 6972

 [ 2018-8-19 23:30:27 ] info: /index/5b796b91cbc3481b3c9ad8fc
 [ 2018-8-19 23:30:27 ] brower: mozilla/5.0 (windows nt 10.0; wow64) applewebkit/537.36 (khtml, like gecko) chrome/55.0.2883.87 safari/537.36
 [ 2018-8-19 23:30:27 ] pid: 6972

 [ 2018-8-19 23:30:53 ] info: /index
 [ 2018-8-19 23:30:53 ] brower: mozilla/5.0 (windows nt 10.0; wow64) applewebkit/537.36 (khtml, like gecko) chrome/55.0.2883.87 safari/537.36
 [ 2018-8-19 23:30:53 ] pid: 6972

 [ 2018-8-19 23:30:53 ] info: /mosc/api/column?page=1&limit=20
 [ 2018-8-19 23:30:53 ] brower: mozilla/5.0 (windows nt 10.0; wow64) applewebkit/537.36 (khtml, like gecko) chrome/55.0.2883.87 safari/537.36
 [ 2018-8-19 23:30:53 ] pid: 6972

 [ 2018-8-19 23:30:53 ] info: /index/article_list?id=5b796b53cbc3481b3c9ad8fb
 [ 2018-8-19 23:30:53 ] brower: mozilla/5.0 (windows nt 10.0; wow64) applewebkit/537.36 (khtml, like gecko) chrome/55.0.2883.87 safari/537.36
 [ 2018-8-19 23:30:53 ] pid: 6972

 [ 2018-8-19 23:30:53 ] info: /index/5b796b91cbc3481b3c9ad8fc
 [ 2018-8-19 23:30:53 ] brower: mozilla/5.0 (windows nt 10.0; wow64) applewebkit/537.36 (khtml, like gecko) chrome/55.0.2883.87 safari/537.36
 [ 2018-8-19 23:30:53 ] pid: 6972

 [ 2018-8-19 23:30:54 ] info: /index
 [ 2018-8-19 23:30:54 ] brower: mozilla/5.0 (windows nt 10.0; wow64) applewebkit/537.36 (khtml, like gecko) chrome/55.0.2883.87 safari/537.36
 [ 2018-8-19 23:30:54 ] pid: 6972

 [ 2018-8-19 23:30:54 ] info: /mosc/api/column?page=1&limit=20
 [ 2018-8-19 23:30:54 ] brower: mozilla/5.0 (windows nt 10.0; wow64) applewebkit/537.36 (khtml, like gecko) chrome/55.0.2883.87 safari/537.36
 [ 2018-8-19 23:30:54 ] pid: 6972

 [ 2018-8-19 23:30:54 ] info: /index/article_list?id=5b796b53cbc3481b3c9ad8fb
 [ 2018-8-19 23:30:54 ] brower: mozilla/5.0 (windows nt 10.0; wow64) applewebkit/537.36 (khtml, like gecko) chrome/55.0.2883.87 safari/537.36
 [ 2018-8-19 23:30:54 ] pid: 6972

 [ 2018-8-19 23:30:54 ] info: /index/5b796b91cbc3481b3c9ad8fc
 [ 2018-8-19 23:30:54 ] brower: mozilla/5.0 (windows nt 10.0; wow64) applewebkit/537.36 (khtml, like gecko) chrome/55.0.2883.87 safari/537.36
 [ 2018-8-19 23:30:54 ] pid: 6972

 [ 2018-8-19 23:32:01 ] info: /index
 [ 2018-8-19 23:32:01 ] brower: mozilla/5.0 (windows nt 10.0; wow64) applewebkit/537.36 (khtml, like gecko) chrome/55.0.2883.87 safari/537.36
 [ 2018-8-19 23:32:01 ] pid: 6972

 [ 2018-8-19 23:32:01 ] info: /mosc/api/column?page=1&limit=20
 [ 2018-8-19 23:32:01 ] brower: mozilla/5.0 (windows nt 10.0; wow64) applewebkit/537.36 (khtml, like gecko) chrome/55.0.2883.87 safari/537.36
 [ 2018-8-19 23:32:01 ] pid: 6972

 [ 2018-8-19 23:32:01 ] info: /index/article_list?id=5b796b53cbc3481b3c9ad8fb
 [ 2018-8-19 23:32:01 ] brower: mozilla/5.0 (windows nt 10.0; wow64) applewebkit/537.36 (khtml, like gecko) chrome/55.0.2883.87 safari/537.36
 [ 2018-8-19 23:32:01 ] pid: 6972

 [ 2018-8-19 23:32:01 ] info: /index/5b796b91cbc3481b3c9ad8fc
 [ 2018-8-19 23:32:01 ] brower: mozilla/5.0 (windows nt 10.0; wow64) applewebkit/537.36 (khtml, like gecko) chrome/55.0.2883.87 safari/537.36
 [ 2018-8-19 23:32:01 ] pid: 6972

 [ 2018-8-19 23:34:54 ] info: /index
 [ 2018-8-19 23:34:54 ] brower: mozilla/5.0 (windows nt 10.0; wow64) applewebkit/537.36 (khtml, like gecko) chrome/55.0.2883.87 safari/537.36
 [ 2018-8-19 23:34:54 ] pid: 6972

 [ 2018-8-19 23:34:54 ] info: /mosc/api/column?page=1&limit=20
 [ 2018-8-19 23:34:54 ] brower: mozilla/5.0 (windows nt 10.0; wow64) applewebkit/537.36 (khtml, like gecko) chrome/55.0.2883.87 safari/537.36
 [ 2018-8-19 23:34:54 ] pid: 6972

 [ 2018-8-19 23:34:54 ] info: /index/article_list?id=5b796b53cbc3481b3c9ad8fb
 [ 2018-8-19 23:34:54 ] brower: mozilla/5.0 (windows nt 10.0; wow64) applewebkit/537.36 (khtml, like gecko) chrome/55.0.2883.87 safari/537.36
 [ 2018-8-19 23:34:54 ] pid: 6972

 [ 2018-8-19 23:34:54 ] info: /index/5b796b91cbc3481b3c9ad8fc
 [ 2018-8-19 23:34:54 ] brower: mozilla/5.0 (windows nt 10.0; wow64) applewebkit/537.36 (khtml, like gecko) chrome/55.0.2883.87 safari/537.36
 [ 2018-8-19 23:34:54 ] pid: 6972

 [ 2018-8-19 23:35:04 ] info: /index
 [ 2018-8-19 23:35:04 ] brower: mozilla/5.0 (windows nt 10.0; wow64) applewebkit/537.36 (khtml, like gecko) chrome/55.0.2883.87 safari/537.36
 [ 2018-8-19 23:35:04 ] pid: 6972

 [ 2018-8-19 23:35:04 ] info: /mosc/api/column?page=1&limit=20
 [ 2018-8-19 23:35:04 ] brower: mozilla/5.0 (windows nt 10.0; wow64) applewebkit/537.36 (khtml, like gecko) chrome/55.0.2883.87 safari/537.36
 [ 2018-8-19 23:35:04 ] pid: 6972

 [ 2018-8-19 23:35:04 ] info: /index/article_list?id=5b796b53cbc3481b3c9ad8fb
 [ 2018-8-19 23:35:04 ] brower: mozilla/5.0 (windows nt 10.0; wow64) applewebkit/537.36 (khtml, like gecko) chrome/55.0.2883.87 safari/537.36
 [ 2018-8-19 23:35:04 ] pid: 6972

 [ 2018-8-19 23:35:04 ] info: /index/5b796b91cbc3481b3c9ad8fc
 [ 2018-8-19 23:35:04 ] brower: mozilla/5.0 (windows nt 10.0; wow64) applewebkit/537.36 (khtml, like gecko) chrome/55.0.2883.87 safari/537.36
 [ 2018-8-19 23:35:04 ] pid: 6972

 [ 2018-8-19 23:35:12 ] info: /index
 [ 2018-8-19 23:35:12 ] brower: mozilla/5.0 (windows nt 10.0; wow64) applewebkit/537.36 (khtml, like gecko) chrome/55.0.2883.87 safari/537.36
 [ 2018-8-19 23:35:12 ] pid: 6972

 [ 2018-8-19 23:35:12 ] info: /mosc/api/column?page=1&limit=20
 [ 2018-8-19 23:35:12 ] brower: mozilla/5.0 (windows nt 10.0; wow64) applewebkit/537.36 (khtml, like gecko) chrome/55.0.2883.87 safari/537.36
 [ 2018-8-19 23:35:12 ] pid: 6972

 [ 2018-8-19 23:35:12 ] info: /index/article_list?id=5b796b53cbc3481b3c9ad8fb
 [ 2018-8-19 23:35:12 ] brower: mozilla/5.0 (windows nt 10.0; wow64) applewebkit/537.36 (khtml, like gecko) chrome/55.0.2883.87 safari/537.36
 [ 2018-8-19 23:35:12 ] pid: 6972

 [ 2018-8-19 23:35:12 ] info: /index/5b796b91cbc3481b3c9ad8fc
 [ 2018-8-19 23:35:12 ] brower: mozilla/5.0 (windows nt 10.0; wow64) applewebkit/537.36 (khtml, like gecko) chrome/55.0.2883.87 safari/537.36
 [ 2018-8-19 23:35:12 ] pid: 6972

 [ 2018-8-19 23:35:40 ] info: /index
 [ 2018-8-19 23:35:40 ] brower: mozilla/5.0 (windows nt 10.0; wow64) applewebkit/537.36 (khtml, like gecko) chrome/55.0.2883.87 safari/537.36
 [ 2018-8-19 23:35:40 ] pid: 6972

 [ 2018-8-19 23:35:40 ] info: /mosc/api/column?page=1&limit=20
 [ 2018-8-19 23:35:40 ] brower: mozilla/5.0 (windows nt 10.0; wow64) applewebkit/537.36 (khtml, like gecko) chrome/55.0.2883.87 safari/537.36
 [ 2018-8-19 23:35:40 ] pid: 6972

 [ 2018-8-19 23:35:40 ] info: /index/article_list?id=5b796b53cbc3481b3c9ad8fb
 [ 2018-8-19 23:35:40 ] brower: mozilla/5.0 (windows nt 10.0; wow64) applewebkit/537.36 (khtml, like gecko) chrome/55.0.2883.87 safari/537.36
 [ 2018-8-19 23:35:40 ] pid: 6972

 [ 2018-8-19 23:35:40 ] info: /index/5b796b91cbc3481b3c9ad8fc
 [ 2018-8-19 23:35:40 ] brower: mozilla/5.0 (windows nt 10.0; wow64) applewebkit/537.36 (khtml, like gecko) chrome/55.0.2883.87 safari/537.36
 [ 2018-8-19 23:35:40 ] pid: 6972

 [ 2018-8-19 23:35:57 ] info: /index
 [ 2018-8-19 23:35:57 ] brower: mozilla/5.0 (windows nt 10.0; wow64) applewebkit/537.36 (khtml, like gecko) chrome/55.0.2883.87 safari/537.36
 [ 2018-8-19 23:35:57 ] pid: 6972

 [ 2018-8-19 23:35:57 ] info: /mosc/api/column?page=1&limit=20
 [ 2018-8-19 23:35:57 ] brower: mozilla/5.0 (windows nt 10.0; wow64) applewebkit/537.36 (khtml, like gecko) chrome/55.0.2883.87 safari/537.36
 [ 2018-8-19 23:35:57 ] pid: 6972

 [ 2018-8-19 23:35:57 ] info: /index/article_list?id=5b796b53cbc3481b3c9ad8fb
 [ 2018-8-19 23:35:57 ] brower: mozilla/5.0 (windows nt 10.0; wow64) applewebkit/537.36 (khtml, like gecko) chrome/55.0.2883.87 safari/537.36
 [ 2018-8-19 23:35:57 ] pid: 6972

 [ 2018-8-19 23:35:57 ] info: /index/5b796b91cbc3481b3c9ad8fc
 [ 2018-8-19 23:35:57 ] brower: mozilla/5.0 (windows nt 10.0; wow64) applewebkit/537.36 (khtml, like gecko) chrome/55.0.2883.87 safari/537.36
 [ 2018-8-19 23:35:57 ] pid: 6972

 [ 2018-8-19 23:38:15 ] info: /index
 [ 2018-8-19 23:38:15 ] brower: mozilla/5.0 (windows nt 10.0; wow64) applewebkit/537.36 (khtml, like gecko) chrome/55.0.2883.87 safari/537.36
 [ 2018-8-19 23:38:15 ] pid: 6972

 [ 2018-8-19 23:38:16 ] info: /mosc/api/column?page=1&limit=20
 [ 2018-8-19 23:38:16 ] brower: mozilla/5.0 (windows nt 10.0; wow64) applewebkit/537.36 (khtml, like gecko) chrome/55.0.2883.87 safari/537.36
 [ 2018-8-19 23:38:16 ] pid: 6972

 [ 2018-8-19 23:38:16 ] info: /index/article_list?id=5b796b53cbc3481b3c9ad8fb
 [ 2018-8-19 23:38:16 ] brower: mozilla/5.0 (windows nt 10.0; wow64) applewebkit/537.36 (khtml, like gecko) chrome/55.0.2883.87 safari/537.36
 [ 2018-8-19 23:38:16 ] pid: 6972

 [ 2018-8-19 23:38:16 ] info: /index/5b796b91cbc3481b3c9ad8fc
 [ 2018-8-19 23:38:16 ] brower: mozilla/5.0 (windows nt 10.0; wow64) applewebkit/537.36 (khtml, like gecko) chrome/55.0.2883.87 safari/537.36
 [ 2018-8-19 23:38:16 ] pid: 6972

 [ 2018-8-19 23:38:42 ] info: /index
 [ 2018-8-19 23:38:42 ] brower: mozilla/5.0 (windows nt 10.0; wow64) applewebkit/537.36 (khtml, like gecko) chrome/55.0.2883.87 safari/537.36
 [ 2018-8-19 23:38:42 ] pid: 6972

 [ 2018-8-19 23:38:42 ] info: /mosc/api/column?page=1&limit=20
 [ 2018-8-19 23:38:42 ] brower: mozilla/5.0 (windows nt 10.0; wow64) applewebkit/537.36 (khtml, like gecko) chrome/55.0.2883.87 safari/537.36
 [ 2018-8-19 23:38:42 ] pid: 6972

 [ 2018-8-19 23:38:42 ] info: /index/article_list?id=5b796b53cbc3481b3c9ad8fb
 [ 2018-8-19 23:38:42 ] brower: mozilla/5.0 (windows nt 10.0; wow64) applewebkit/537.36 (khtml, like gecko) chrome/55.0.2883.87 safari/537.36
 [ 2018-8-19 23:38:42 ] pid: 6972

 [ 2018-8-19 23:38:42 ] info: /index/5b796b91cbc3481b3c9ad8fc
 [ 2018-8-19 23:38:42 ] brower: mozilla/5.0 (windows nt 10.0; wow64) applewebkit/537.36 (khtml, like gecko) chrome/55.0.2883.87 safari/537.36
 [ 2018-8-19 23:38:42 ] pid: 6972

 [ 2018-8-19 23:39:20 ] info: /index/5b796b91cbc3481b3c9ad8fc
 [ 2018-8-19 23:39:20 ] brower: mozilla/5.0 (windows nt 10.0; wow64) applewebkit/537.36 (khtml, like gecko) chrome/55.0.2883.87 safari/537.36
 [ 2018-8-19 23:39:20 ] pid: 6972

