 [ 2018-10-02 16:01:03 ] info: /index
 [ 2018-10-02 16:01:03 ] brower: mozilla/5.0 (windows nt 10.0; wow64) applewebkit/537.36 (khtml, like gecko) chrome/63.0.3239.132 safari/537.36
 [ 2018-10-02 16:01:03 ] pid: 8756

 [ 2018-10-02 16:01:04 ] info: /mosc/api/column?page=1&limit=20
 [ 2018-10-02 16:01:04 ] brower: mozilla/5.0 (windows nt 10.0; wow64) applewebkit/537.36 (khtml, like gecko) chrome/63.0.3239.132 safari/537.36
 [ 2018-10-02 16:01:04 ] pid: 8756

 [ 2018-10-02 16:01:04 ] info: /index/article_list?id=5afc2b371eefed2804bce8e7
 [ 2018-10-02 16:01:04 ] brower: mozilla/5.0 (windows nt 10.0; wow64) applewebkit/537.36 (khtml, like gecko) chrome/63.0.3239.132 safari/537.36
 [ 2018-10-02 16:01:04 ] pid: 8756

 [ 2018-10-02 16:01:04 ] info: /index/article/5afc2b511eefed2804bce8e8
 [ 2018-10-02 16:01:04 ] brower: mozilla/5.0 (windows nt 10.0; wow64) applewebkit/537.36 (khtml, like gecko) chrome/63.0.3239.132 safari/537.36
 [ 2018-10-02 16:01:04 ] pid: 8756

 [ 2018-10-02 16:01:28 ] info: /index
 [ 2018-10-02 16:01:28 ] brower: mozilla/5.0 (windows nt 10.0; wow64) applewebkit/537.36 (khtml, like gecko) chrome/63.0.3239.132 safari/537.36
 [ 2018-10-02 16:01:28 ] pid: 8756

 [ 2018-10-02 16:01:28 ] info: /mosc/api/column?page=1&limit=20
 [ 2018-10-02 16:01:28 ] brower: mozilla/5.0 (windows nt 10.0; wow64) applewebkit/537.36 (khtml, like gecko) chrome/63.0.3239.132 safari/537.36
 [ 2018-10-02 16:01:28 ] pid: 8756

 [ 2018-10-02 16:01:28 ] info: /index/article_list?id=5afc2b371eefed2804bce8e7
 [ 2018-10-02 16:01:28 ] brower: mozilla/5.0 (windows nt 10.0; wow64) applewebkit/537.36 (khtml, like gecko) chrome/63.0.3239.132 safari/537.36
 [ 2018-10-02 16:01:28 ] pid: 8756

 [ 2018-10-02 16:01:28 ] info: /index/article/5afc2b511eefed2804bce8e8
 [ 2018-10-02 16:01:28 ] brower: mozilla/5.0 (windows nt 10.0; wow64) applewebkit/537.36 (khtml, like gecko) chrome/63.0.3239.132 safari/537.36
 [ 2018-10-02 16:01:28 ] pid: 8756

 [ 2018-10-02 16:02:05 ] info: /index/loginout
 [ 2018-10-02 16:02:05 ] brower: mozilla/5.0 (windows nt 10.0; wow64) applewebkit/537.36 (khtml, like gecko) chrome/63.0.3239.132 safari/537.36
 [ 2018-10-02 16:02:05 ] pid: 8756

 [ 2018-10-02 16:02:05 ] info: /index
 [ 2018-10-02 16:02:05 ] brower: mozilla/5.0 (windows nt 10.0; wow64) applewebkit/537.36 (khtml, like gecko) chrome/63.0.3239.132 safari/537.36
 [ 2018-10-02 16:02:05 ] pid: 8756

 [ 2018-10-02 16:02:06 ] info: /mosc/api/column?page=1&limit=20
 [ 2018-10-02 16:02:06 ] brower: mozilla/5.0 (windows nt 10.0; wow64) applewebkit/537.36 (khtml, like gecko) chrome/63.0.3239.132 safari/537.36
 [ 2018-10-02 16:02:06 ] pid: 8756

 [ 2018-10-02 16:02:06 ] info: /index/article_list?id=5afc2b371eefed2804bce8e7
 [ 2018-10-02 16:02:06 ] brower: mozilla/5.0 (windows nt 10.0; wow64) applewebkit/537.36 (khtml, like gecko) chrome/63.0.3239.132 safari/537.36
 [ 2018-10-02 16:02:06 ] pid: 8756

 [ 2018-10-02 16:02:06 ] info: /index/article/5afc2b511eefed2804bce8e8
 [ 2018-10-02 16:02:06 ] brower: mozilla/5.0 (windows nt 10.0; wow64) applewebkit/537.36 (khtml, like gecko) chrome/63.0.3239.132 safari/537.36
 [ 2018-10-02 16:02:06 ] pid: 8756

 [ 2018-10-02 16:02:09 ] info: /index/login
 [ 2018-10-02 16:02:09 ] brower: mozilla/5.0 (windows nt 10.0; wow64) applewebkit/537.36 (khtml, like gecko) chrome/63.0.3239.132 safari/537.36
 [ 2018-10-02 16:02:09 ] pid: 8756

 [ 2018-10-02 16:02:18 ] info: /index/login
 [ 2018-10-02 16:02:18 ] brower: mozilla/5.0 (windows nt 10.0; wow64) applewebkit/537.36 (khtml, like gecko) chrome/63.0.3239.132 safari/537.36
 [ 2018-10-02 16:02:18 ] pid: 8756

 [ 2018-10-02 16:02:19 ] info: /index
 [ 2018-10-02 16:02:19 ] brower: mozilla/5.0 (windows nt 10.0; wow64) applewebkit/537.36 (khtml, like gecko) chrome/63.0.3239.132 safari/537.36
 [ 2018-10-02 16:02:19 ] pid: 8756

 [ 2018-10-02 16:02:19 ] info: /mosc/api/column?page=1&limit=20
 [ 2018-10-02 16:02:19 ] brower: mozilla/5.0 (windows nt 10.0; wow64) applewebkit/537.36 (khtml, like gecko) chrome/63.0.3239.132 safari/537.36
 [ 2018-10-02 16:02:19 ] pid: 8756

 [ 2018-10-02 16:02:19 ] info: /index/article_list?id=5afc2b371eefed2804bce8e7
 [ 2018-10-02 16:02:19 ] brower: mozilla/5.0 (windows nt 10.0; wow64) applewebkit/537.36 (khtml, like gecko) chrome/63.0.3239.132 safari/537.36
 [ 2018-10-02 16:02:19 ] pid: 8756

 [ 2018-10-02 16:02:19 ] info: /index/article/5afc2b511eefed2804bce8e8
 [ 2018-10-02 16:02:19 ] brower: mozilla/5.0 (windows nt 10.0; wow64) applewebkit/537.36 (khtml, like gecko) chrome/63.0.3239.132 safari/537.36
 [ 2018-10-02 16:02:19 ] pid: 8756

 [ 2018-10-02 16:05:51 ] info: /index/share
 [ 2018-10-02 16:05:51 ] brower: mozilla/5.0 (windows nt 10.0; wow64) applewebkit/537.36 (khtml, like gecko) chrome/63.0.3239.132 safari/537.36
 [ 2018-10-02 16:05:51 ] pid: 8756

 [ 2018-10-02 16:06:41 ] info: /index/share
 [ 2018-10-02 16:06:41 ] brower: mozilla/5.0 (windows nt 10.0; wow64) applewebkit/537.36 (khtml, like gecko) chrome/63.0.3239.132 safari/537.36
 [ 2018-10-02 16:06:41 ] pid: 8756

 [ 2018-10-02 16:06:45 ] info: /index/share
 [ 2018-10-02 16:06:45 ] brower: mozilla/5.0 (windows nt 10.0; wow64) applewebkit/537.36 (khtml, like gecko) chrome/63.0.3239.132 safari/537.36
 [ 2018-10-02 16:06:45 ] pid: 8756

 [ 2018-10-02 16:09:55 ] info: /index/article/5afc2b511eefed2804bce8e8
 [ 2018-10-02 16:09:55 ] brower: mozilla/5.0 (windows nt 10.0; wow64) applewebkit/537.36 (khtml, like gecko) chrome/63.0.3239.132 safari/537.36
 [ 2018-10-02 16:09:55 ] pid: 8756

 [ 2018-10-02 16:10:03 ] info: /mosc/column
 [ 2018-10-02 16:10:03 ] brower: mozilla/5.0 (windows nt 10.0; wow64) applewebkit/537.36 (khtml, like gecko) chrome/63.0.3239.132 safari/537.36
 [ 2018-10-02 16:10:03 ] pid: 8756

 [ 2018-10-02 16:10:04 ] info: /mosc/api/column?page=1&limit=10
 [ 2018-10-02 16:10:04 ] brower: mozilla/5.0 (windows nt 10.0; wow64) applewebkit/537.36 (khtml, like gecko) chrome/63.0.3239.132 safari/537.36
 [ 2018-10-02 16:10:04 ] pid: 8756

 [ 2018-10-02 16:10:05 ] info: /mosc/column/delete?postId=5afc2b371eefed2804bce8e7
 [ 2018-10-02 16:10:05 ] brower: mozilla/5.0 (windows nt 10.0; wow64) applewebkit/537.36 (khtml, like gecko) chrome/63.0.3239.132 safari/537.36
 [ 2018-10-02 16:10:05 ] pid: 8756

 [ 2018-10-02 16:10:05 ] info: /mosc/api/column?page=1&limit=10
 [ 2018-10-02 16:10:05 ] brower: mozilla/5.0 (windows nt 10.0; wow64) applewebkit/537.36 (khtml, like gecko) chrome/63.0.3239.132 safari/537.36
 [ 2018-10-02 16:10:05 ] pid: 8756

 [ 2018-10-02 16:10:07 ] info: /index
 [ 2018-10-02 16:10:07 ] brower: mozilla/5.0 (windows nt 10.0; wow64) applewebkit/537.36 (khtml, like gecko) chrome/63.0.3239.132 safari/537.36
 [ 2018-10-02 16:10:07 ] pid: 8756

 [ 2018-10-02 16:10:07 ] info: /mosc/api/column?page=1&limit=20
 [ 2018-10-02 16:10:07 ] brower: mozilla/5.0 (windows nt 10.0; wow64) applewebkit/537.36 (khtml, like gecko) chrome/63.0.3239.132 safari/537.36
 [ 2018-10-02 16:10:07 ] pid: 8756

 [ 2018-10-02 16:10:28 ] info: /mosc/column/
 [ 2018-10-02 16:10:28 ] brower: mozilla/5.0 (windows nt 10.0; wow64) applewebkit/537.36 (khtml, like gecko) chrome/63.0.3239.132 safari/537.36
 [ 2018-10-02 16:10:28 ] pid: 8756

 [ 2018-10-02 16:10:28 ] info: /mosc/column?page=1
 [ 2018-10-02 16:10:28 ] brower: mozilla/5.0 (windows nt 10.0; wow64) applewebkit/537.36 (khtml, like gecko) chrome/63.0.3239.132 safari/537.36
 [ 2018-10-02 16:10:28 ] pid: 8756

 [ 2018-10-02 16:10:28 ] info: /mosc/api/column?page=1&limit=10
 [ 2018-10-02 16:10:28 ] brower: mozilla/5.0 (windows nt 10.0; wow64) applewebkit/537.36 (khtml, like gecko) chrome/63.0.3239.132 safari/537.36
 [ 2018-10-02 16:10:28 ] pid: 8756

 [ 2018-10-02 16:10:29 ] info: /mosc/article_list?id=5bb327f43253f6223440a350&page=1
 [ 2018-10-02 16:10:29 ] brower: mozilla/5.0 (windows nt 10.0; wow64) applewebkit/537.36 (khtml, like gecko) chrome/63.0.3239.132 safari/537.36
 [ 2018-10-02 16:10:29 ] pid: 8756

 [ 2018-10-02 16:10:34 ] info: /mosc/article_editor?column=5bb327f43253f6223440a350
 [ 2018-10-02 16:10:34 ] brower: mozilla/5.0 (windows nt 10.0; wow64) applewebkit/537.36 (khtml, like gecko) chrome/63.0.3239.132 safari/537.36
 [ 2018-10-02 16:10:34 ] pid: 8756

 [ 2018-10-02 16:11:02 ] info: /mosc/article_editor/
 [ 2018-10-02 16:11:02 ] brower: mozilla/5.0 (windows nt 10.0; wow64) applewebkit/537.36 (khtml, like gecko) chrome/63.0.3239.132 safari/537.36
 [ 2018-10-02 16:11:02 ] pid: 8756

 [ 2018-10-02 16:11:02 ] info: /mosc/article_list?id=5bb327f43253f6223440a350
 [ 2018-10-02 16:11:02 ] brower: mozilla/5.0 (windows nt 10.0; wow64) applewebkit/537.36 (khtml, like gecko) chrome/63.0.3239.132 safari/537.36
 [ 2018-10-02 16:11:02 ] pid: 8756

 [ 2018-10-02 16:11:12 ] info: /index
 [ 2018-10-02 16:11:12 ] brower: mozilla/5.0 (windows nt 10.0; wow64) applewebkit/537.36 (khtml, like gecko) chrome/63.0.3239.132 safari/537.36
 [ 2018-10-02 16:11:12 ] pid: 8756

 [ 2018-10-02 16:11:12 ] info: /mosc/api/column?page=1&limit=20
 [ 2018-10-02 16:11:12 ] brower: mozilla/5.0 (windows nt 10.0; wow64) applewebkit/537.36 (khtml, like gecko) chrome/63.0.3239.132 safari/537.36
 [ 2018-10-02 16:11:12 ] pid: 8756

 [ 2018-10-02 16:11:12 ] info: /index/article_list?id=5bb327f43253f6223440a350
 [ 2018-10-02 16:11:12 ] brower: mozilla/5.0 (windows nt 10.0; wow64) applewebkit/537.36 (khtml, like gecko) chrome/63.0.3239.132 safari/537.36
 [ 2018-10-02 16:11:12 ] pid: 8756

 [ 2018-10-02 16:11:12 ] info: /index/article/5bb328163253f6223440a351
 [ 2018-10-02 16:11:12 ] brower: mozilla/5.0 (windows nt 10.0; wow64) applewebkit/537.36 (khtml, like gecko) chrome/63.0.3239.132 safari/537.36
 [ 2018-10-02 16:11:12 ] pid: 8756

 [ 2018-10-02 16:11:15 ] info: /index/share
 [ 2018-10-02 16:11:15 ] brower: mozilla/5.0 (windows nt 10.0; wow64) applewebkit/537.36 (khtml, like gecko) chrome/63.0.3239.132 safari/537.36
 [ 2018-10-02 16:11:15 ] pid: 8756

 [ 2018-10-02 16:11:24 ] info: /index/share
 [ 2018-10-02 16:11:24 ] brower: mozilla/5.0 (windows nt 10.0; wow64) applewebkit/537.36 (khtml, like gecko) chrome/63.0.3239.132 safari/537.36
 [ 2018-10-02 16:11:24 ] pid: 8756

 [ 2018-10-02 17:03:24 ] info: /index
 [ 2018-10-02 17:03:24 ] brower: mozilla/5.0 (windows nt 10.0; wow64) applewebkit/537.36 (khtml, like gecko) chrome/63.0.3239.132 safari/537.36
 [ 2018-10-02 17:03:24 ] pid: 8756

 [ 2018-10-02 17:03:24 ] info: /mosc/api/column?page=1&limit=20
 [ 2018-10-02 17:03:24 ] brower: mozilla/5.0 (windows nt 10.0; wow64) applewebkit/537.36 (khtml, like gecko) chrome/63.0.3239.132 safari/537.36
 [ 2018-10-02 17:03:24 ] pid: 8756

 [ 2018-10-02 17:03:24 ] info: /index/article_list?id=5bb327f43253f6223440a350
 [ 2018-10-02 17:03:24 ] brower: mozilla/5.0 (windows nt 10.0; wow64) applewebkit/537.36 (khtml, like gecko) chrome/63.0.3239.132 safari/537.36
 [ 2018-10-02 17:03:24 ] pid: 8756

 [ 2018-10-02 17:05:50 ] info: /index
 [ 2018-10-02 17:05:50 ] brower: mozilla/5.0 (windows nt 10.0; wow64) applewebkit/537.36 (khtml, like gecko) chrome/63.0.3239.132 safari/537.36
 [ 2018-10-02 17:05:50 ] pid: 12188

 [ 2018-10-02 17:05:51 ] info: /mosc/api/column?page=1&limit=20
 [ 2018-10-02 17:05:51 ] brower: mozilla/5.0 (windows nt 10.0; wow64) applewebkit/537.36 (khtml, like gecko) chrome/63.0.3239.132 safari/537.36
 [ 2018-10-02 17:05:51 ] pid: 12188

 [ 2018-10-02 17:05:51 ] info: /index/article_list?id=5bb327f43253f6223440a350
 [ 2018-10-02 17:05:51 ] brower: mozilla/5.0 (windows nt 10.0; wow64) applewebkit/537.36 (khtml, like gecko) chrome/63.0.3239.132 safari/537.36
 [ 2018-10-02 17:05:51 ] pid: 12188

 [ 2018-10-02 17:06:13 ] info: /index
 [ 2018-10-02 17:06:13 ] brower: mozilla/5.0 (windows nt 10.0; wow64) applewebkit/537.36 (khtml, like gecko) chrome/63.0.3239.132 safari/537.36
 [ 2018-10-02 17:06:13 ] pid: 12188

 [ 2018-10-02 17:06:14 ] info: /mosc/api/column?page=1&limit=20
 [ 2018-10-02 17:06:14 ] brower: mozilla/5.0 (windows nt 10.0; wow64) applewebkit/537.36 (khtml, like gecko) chrome/63.0.3239.132 safari/537.36
 [ 2018-10-02 17:06:14 ] pid: 12188

 [ 2018-10-02 17:06:14 ] info: /index/article_list?id=5bb327f43253f6223440a350
 [ 2018-10-02 17:06:14 ] brower: mozilla/5.0 (windows nt 10.0; wow64) applewebkit/537.36 (khtml, like gecko) chrome/63.0.3239.132 safari/537.36
 [ 2018-10-02 17:06:14 ] pid: 12188

 [ 2018-10-02 17:06:14 ] info: /index/share?page=1&limit=8
 [ 2018-10-02 17:06:14 ] brower: mozilla/5.0 (windows nt 10.0; wow64) applewebkit/537.36 (khtml, like gecko) chrome/63.0.3239.132 safari/537.36
 [ 2018-10-02 17:06:14 ] pid: 12188

 [ 2018-10-02 17:06:14 ] info: /index/article/5bb328163253f6223440a351
 [ 2018-10-02 17:06:14 ] brower: mozilla/5.0 (windows nt 10.0; wow64) applewebkit/537.36 (khtml, like gecko) chrome/63.0.3239.132 safari/537.36
 [ 2018-10-02 17:06:14 ] pid: 12188

 [ 2018-10-02 17:07:19 ] info: /index
 [ 2018-10-02 17:07:19 ] brower: mozilla/5.0 (windows nt 10.0; wow64) applewebkit/537.36 (khtml, like gecko) chrome/63.0.3239.132 safari/537.36
 [ 2018-10-02 17:07:19 ] pid: 5768

 [ 2018-10-02 17:07:20 ] info: /mosc/api/column?page=1&limit=20
 [ 2018-10-02 17:07:20 ] brower: mozilla/5.0 (windows nt 10.0; wow64) applewebkit/537.36 (khtml, like gecko) chrome/63.0.3239.132 safari/537.36
 [ 2018-10-02 17:07:20 ] pid: 5768

 [ 2018-10-02 17:07:20 ] info: /index/article_list?id=5bb327f43253f6223440a350
 [ 2018-10-02 17:07:20 ] brower: mozilla/5.0 (windows nt 10.0; wow64) applewebkit/537.36 (khtml, like gecko) chrome/63.0.3239.132 safari/537.36
 [ 2018-10-02 17:07:20 ] pid: 5768

 [ 2018-10-02 17:07:20 ] info: /index/share?page=1&limit=8
 [ 2018-10-02 17:07:20 ] brower: mozilla/5.0 (windows nt 10.0; wow64) applewebkit/537.36 (khtml, like gecko) chrome/63.0.3239.132 safari/537.36
 [ 2018-10-02 17:07:20 ] pid: 5768

 [ 2018-10-02 17:07:20 ] info: /index/article/5bb328163253f6223440a351
 [ 2018-10-02 17:07:20 ] brower: mozilla/5.0 (windows nt 10.0; wow64) applewebkit/537.36 (khtml, like gecko) chrome/63.0.3239.132 safari/537.36
 [ 2018-10-02 17:07:20 ] pid: 5768

 [ 2018-10-02 17:07:58 ] info: /index
 [ 2018-10-02 17:07:58 ] brower: mozilla/5.0 (windows nt 10.0; wow64) applewebkit/537.36 (khtml, like gecko) chrome/63.0.3239.132 safari/537.36
 [ 2018-10-02 17:07:58 ] pid: 5768

 [ 2018-10-02 17:07:58 ] info: /mosc/api/column?page=1&limit=20
 [ 2018-10-02 17:07:58 ] brower: mozilla/5.0 (windows nt 10.0; wow64) applewebkit/537.36 (khtml, like gecko) chrome/63.0.3239.132 safari/537.36
 [ 2018-10-02 17:07:58 ] pid: 5768

 [ 2018-10-02 17:07:58 ] info: /index/article_list?id=5bb327f43253f6223440a350
 [ 2018-10-02 17:07:58 ] brower: mozilla/5.0 (windows nt 10.0; wow64) applewebkit/537.36 (khtml, like gecko) chrome/63.0.3239.132 safari/537.36
 [ 2018-10-02 17:07:58 ] pid: 5768

 [ 2018-10-02 17:07:58 ] info: /index/share/5bb328163253f6223440a351?page=1&limit=8
 [ 2018-10-02 17:07:58 ] brower: mozilla/5.0 (windows nt 10.0; wow64) applewebkit/537.36 (khtml, like gecko) chrome/63.0.3239.132 safari/537.36
 [ 2018-10-02 17:07:58 ] pid: 5768

 [ 2018-10-02 17:07:58 ] info: /index/article/5bb328163253f6223440a351
 [ 2018-10-02 17:07:58 ] brower: mozilla/5.0 (windows nt 10.0; wow64) applewebkit/537.36 (khtml, like gecko) chrome/63.0.3239.132 safari/537.36
 [ 2018-10-02 17:07:58 ] pid: 5768

 [ 2018-10-02 17:10:01 ] info: /index
 [ 2018-10-02 17:10:01 ] brower: mozilla/5.0 (windows nt 10.0; wow64) applewebkit/537.36 (khtml, like gecko) chrome/63.0.3239.132 safari/537.36
 [ 2018-10-02 17:10:01 ] pid: 4232

 [ 2018-10-02 17:10:02 ] info: /mosc/api/column?page=1&limit=20
 [ 2018-10-02 17:10:02 ] brower: mozilla/5.0 (windows nt 10.0; wow64) applewebkit/537.36 (khtml, like gecko) chrome/63.0.3239.132 safari/537.36
 [ 2018-10-02 17:10:02 ] pid: 4232

 [ 2018-10-02 17:10:02 ] info: /index/article_list?id=5bb327f43253f6223440a350
 [ 2018-10-02 17:10:02 ] brower: mozilla/5.0 (windows nt 10.0; wow64) applewebkit/537.36 (khtml, like gecko) chrome/63.0.3239.132 safari/537.36
 [ 2018-10-02 17:10:02 ] pid: 4232

 [ 2018-10-02 17:10:02 ] info: /index/share/5bb328163253f6223440a351?page=1&limit=8
 [ 2018-10-02 17:10:02 ] brower: mozilla/5.0 (windows nt 10.0; wow64) applewebkit/537.36 (khtml, like gecko) chrome/63.0.3239.132 safari/537.36
 [ 2018-10-02 17:10:02 ] pid: 4232

 [ 2018-10-02 17:10:02 ] info: /index/article/5bb328163253f6223440a351
 [ 2018-10-02 17:10:02 ] brower: mozilla/5.0 (windows nt 10.0; wow64) applewebkit/537.36 (khtml, like gecko) chrome/63.0.3239.132 safari/537.36
 [ 2018-10-02 17:10:02 ] pid: 4232

 [ 2018-10-02 17:16:34 ] info: /index
 [ 2018-10-02 17:16:34 ] brower: mozilla/5.0 (windows nt 10.0; wow64) applewebkit/537.36 (khtml, like gecko) chrome/63.0.3239.132 safari/537.36
 [ 2018-10-02 17:16:34 ] pid: 552

 [ 2018-10-02 17:16:35 ] info: /mosc/api/column?page=1&limit=20
 [ 2018-10-02 17:16:35 ] brower: mozilla/5.0 (windows nt 10.0; wow64) applewebkit/537.36 (khtml, like gecko) chrome/63.0.3239.132 safari/537.36
 [ 2018-10-02 17:16:35 ] pid: 552

 [ 2018-10-02 17:16:35 ] info: /index/article_list?id=5bb327f43253f6223440a350
 [ 2018-10-02 17:16:35 ] brower: mozilla/5.0 (windows nt 10.0; wow64) applewebkit/537.36 (khtml, like gecko) chrome/63.0.3239.132 safari/537.36
 [ 2018-10-02 17:16:35 ] pid: 552

 [ 2018-10-02 17:16:35 ] info: /index/share/5bb328163253f6223440a351?page=1&limit=8
 [ 2018-10-02 17:16:35 ] brower: mozilla/5.0 (windows nt 10.0; wow64) applewebkit/537.36 (khtml, like gecko) chrome/63.0.3239.132 safari/537.36
 [ 2018-10-02 17:16:35 ] pid: 552

 [ 2018-10-02 17:16:35 ] info: /index/article/5bb328163253f6223440a351
 [ 2018-10-02 17:16:35 ] brower: mozilla/5.0 (windows nt 10.0; wow64) applewebkit/537.36 (khtml, like gecko) chrome/63.0.3239.132 safari/537.36
 [ 2018-10-02 17:16:35 ] pid: 552

 [ 2018-10-02 17:18:35 ] info: /index/share/5bb328163253f6223440a351?page=1&limit=8
 [ 2018-10-02 17:18:35 ] brower: mozilla/5.0 (windows nt 10.0; wow64) applewebkit/537.36 (khtml, like gecko) chrome/63.0.3239.132 safari/537.36
 [ 2018-10-02 17:18:35 ] pid: 552

 [ 2018-10-02 17:18:56 ] info: /index
 [ 2018-10-02 17:18:56 ] brower: mozilla/5.0 (windows nt 10.0; wow64) applewebkit/537.36 (khtml, like gecko) chrome/63.0.3239.132 safari/537.36
 [ 2018-10-02 17:18:56 ] pid: 5112

 [ 2018-10-02 17:18:57 ] info: /mosc/api/column?page=1&limit=20
 [ 2018-10-02 17:18:57 ] brower: mozilla/5.0 (windows nt 10.0; wow64) applewebkit/537.36 (khtml, like gecko) chrome/63.0.3239.132 safari/537.36
 [ 2018-10-02 17:18:57 ] pid: 5112

 [ 2018-10-02 17:18:57 ] info: /index/article_list?id=5bb327f43253f6223440a350
 [ 2018-10-02 17:18:57 ] brower: mozilla/5.0 (windows nt 10.0; wow64) applewebkit/537.36 (khtml, like gecko) chrome/63.0.3239.132 safari/537.36
 [ 2018-10-02 17:18:57 ] pid: 5112

 [ 2018-10-02 17:18:57 ] info: /index/share/5bb328163253f6223440a351?page=1&limit=8
 [ 2018-10-02 17:18:57 ] brower: mozilla/5.0 (windows nt 10.0; wow64) applewebkit/537.36 (khtml, like gecko) chrome/63.0.3239.132 safari/537.36
 [ 2018-10-02 17:18:57 ] pid: 5112

 [ 2018-10-02 17:18:57 ] info: /index/article/5bb328163253f6223440a351
 [ 2018-10-02 17:18:57 ] brower: mozilla/5.0 (windows nt 10.0; wow64) applewebkit/537.36 (khtml, like gecko) chrome/63.0.3239.132 safari/537.36
 [ 2018-10-02 17:18:57 ] pid: 5112

 [ 2018-10-02 17:20:57 ] info: /index/share/5bb328163253f6223440a351?page=1&limit=8
 [ 2018-10-02 17:20:57 ] brower: mozilla/5.0 (windows nt 10.0; wow64) applewebkit/537.36 (khtml, like gecko) chrome/63.0.3239.132 safari/537.36
 [ 2018-10-02 17:20:57 ] pid: 5112

 [ 2018-10-02 17:21:26 ] info: /index
 [ 2018-10-02 17:21:26 ] brower: mozilla/5.0 (windows nt 10.0; wow64) applewebkit/537.36 (khtml, like gecko) chrome/63.0.3239.132 safari/537.36
 [ 2018-10-02 17:21:26 ] pid: 5952

 [ 2018-10-02 17:21:27 ] info: /mosc/api/column?page=1&limit=20
 [ 2018-10-02 17:21:27 ] brower: mozilla/5.0 (windows nt 10.0; wow64) applewebkit/537.36 (khtml, like gecko) chrome/63.0.3239.132 safari/537.36
 [ 2018-10-02 17:21:27 ] pid: 5952

 [ 2018-10-02 17:21:27 ] info: /index/article_list?id=5bb327f43253f6223440a350
 [ 2018-10-02 17:21:27 ] brower: mozilla/5.0 (windows nt 10.0; wow64) applewebkit/537.36 (khtml, like gecko) chrome/63.0.3239.132 safari/537.36
 [ 2018-10-02 17:21:27 ] pid: 5952

 [ 2018-10-02 17:21:27 ] info: /index/share/5bb328163253f6223440a351?page=1&limit=8
 [ 2018-10-02 17:21:27 ] brower: mozilla/5.0 (windows nt 10.0; wow64) applewebkit/537.36 (khtml, like gecko) chrome/63.0.3239.132 safari/537.36
 [ 2018-10-02 17:21:27 ] pid: 5952

 [ 2018-10-02 17:21:27 ] info: /index/article/5bb328163253f6223440a351
 [ 2018-10-02 17:21:27 ] brower: mozilla/5.0 (windows nt 10.0; wow64) applewebkit/537.36 (khtml, like gecko) chrome/63.0.3239.132 safari/537.36
 [ 2018-10-02 17:21:27 ] pid: 5952

 [ 2018-10-02 17:22:10 ] info: /index
 [ 2018-10-02 17:22:10 ] brower: mozilla/5.0 (windows nt 10.0; wow64) applewebkit/537.36 (khtml, like gecko) chrome/63.0.3239.132 safari/537.36
 [ 2018-10-02 17:22:10 ] pid: 12248

 [ 2018-10-02 17:22:11 ] info: /mosc/api/column?page=1&limit=20
 [ 2018-10-02 17:22:11 ] brower: mozilla/5.0 (windows nt 10.0; wow64) applewebkit/537.36 (khtml, like gecko) chrome/63.0.3239.132 safari/537.36
 [ 2018-10-02 17:22:11 ] pid: 12248

 [ 2018-10-02 17:22:11 ] info: /index/article_list?id=5bb327f43253f6223440a350
 [ 2018-10-02 17:22:11 ] brower: mozilla/5.0 (windows nt 10.0; wow64) applewebkit/537.36 (khtml, like gecko) chrome/63.0.3239.132 safari/537.36
 [ 2018-10-02 17:22:11 ] pid: 12248

 [ 2018-10-02 17:22:11 ] info: /index/share/5bb328163253f6223440a351?page=1&limit=8
 [ 2018-10-02 17:22:11 ] brower: mozilla/5.0 (windows nt 10.0; wow64) applewebkit/537.36 (khtml, like gecko) chrome/63.0.3239.132 safari/537.36
 [ 2018-10-02 17:22:11 ] pid: 12248

 [ 2018-10-02 17:22:11 ] info: /index/article/5bb328163253f6223440a351
 [ 2018-10-02 17:22:11 ] brower: mozilla/5.0 (windows nt 10.0; wow64) applewebkit/537.36 (khtml, like gecko) chrome/63.0.3239.132 safari/537.36
 [ 2018-10-02 17:22:11 ] pid: 12248

 [ 2018-10-02 20:35:12 ] info: /index
 [ 2018-10-02 20:35:12 ] brower: mozilla/5.0 (windows nt 10.0; wow64) applewebkit/537.36 (khtml, like gecko) chrome/63.0.3239.132 safari/537.36
 [ 2018-10-02 20:35:12 ] pid: 12248

 [ 2018-10-02 20:35:38 ] info: /index
 [ 2018-10-02 20:35:38 ] brower: mozilla/5.0 (windows nt 10.0; wow64) applewebkit/537.36 (khtml, like gecko) chrome/63.0.3239.132 safari/537.36
 [ 2018-10-02 20:35:38 ] pid: 12248

 [ 2018-10-02 20:35:39 ] info: /mosc/api/column?page=1&limit=20
 [ 2018-10-02 20:35:39 ] brower: mozilla/5.0 (windows nt 10.0; wow64) applewebkit/537.36 (khtml, like gecko) chrome/63.0.3239.132 safari/537.36
 [ 2018-10-02 20:35:39 ] pid: 12248

 [ 2018-10-02 20:35:39 ] info: /index/article_list?id=5bb327f43253f6223440a350
 [ 2018-10-02 20:35:39 ] brower: mozilla/5.0 (windows nt 10.0; wow64) applewebkit/537.36 (khtml, like gecko) chrome/63.0.3239.132 safari/537.36
 [ 2018-10-02 20:35:39 ] pid: 12248

 [ 2018-10-02 20:35:39 ] info: /index/article/5bb328163253f6223440a351
 [ 2018-10-02 20:35:39 ] brower: mozilla/5.0 (windows nt 10.0; wow64) applewebkit/537.36 (khtml, like gecko) chrome/63.0.3239.132 safari/537.36
 [ 2018-10-02 20:35:39 ] pid: 12248

 [ 2018-10-02 20:35:39 ] info: /index/share/5bb328163253f6223440a351?page=1&limit=8
 [ 2018-10-02 20:35:39 ] brower: mozilla/5.0 (windows nt 10.0; wow64) applewebkit/537.36 (khtml, like gecko) chrome/63.0.3239.132 safari/537.36
 [ 2018-10-02 20:35:39 ] pid: 12248

 [ 2018-10-02 20:36:46 ] info: /index
 [ 2018-10-02 20:36:46 ] brower: mozilla/5.0 (windows nt 10.0; wow64) applewebkit/537.36 (khtml, like gecko) chrome/63.0.3239.132 safari/537.36
 [ 2018-10-02 20:36:46 ] pid: 8944

 [ 2018-10-02 20:36:47 ] info: /mosc/api/column?page=1&limit=20
 [ 2018-10-02 20:36:47 ] brower: mozilla/5.0 (windows nt 10.0; wow64) applewebkit/537.36 (khtml, like gecko) chrome/63.0.3239.132 safari/537.36
 [ 2018-10-02 20:36:47 ] pid: 8944

 [ 2018-10-02 20:36:47 ] info: /index/article_list?id=5bb327f43253f6223440a350
 [ 2018-10-02 20:36:47 ] brower: mozilla/5.0 (windows nt 10.0; wow64) applewebkit/537.36 (khtml, like gecko) chrome/63.0.3239.132 safari/537.36
 [ 2018-10-02 20:36:47 ] pid: 8944

 [ 2018-10-02 20:36:47 ] info: /index/article/5bb328163253f6223440a351
 [ 2018-10-02 20:36:47 ] brower: mozilla/5.0 (windows nt 10.0; wow64) applewebkit/537.36 (khtml, like gecko) chrome/63.0.3239.132 safari/537.36
 [ 2018-10-02 20:36:47 ] pid: 8944

 [ 2018-10-02 20:36:47 ] info: /index/share/5bb328163253f6223440a351?page=1&limit=8
 [ 2018-10-02 20:36:47 ] brower: mozilla/5.0 (windows nt 10.0; wow64) applewebkit/537.36 (khtml, like gecko) chrome/63.0.3239.132 safari/537.36
 [ 2018-10-02 20:36:47 ] pid: 8944

 [ 2018-10-02 20:37:22 ] info: /index
 [ 2018-10-02 20:37:22 ] brower: mozilla/5.0 (windows nt 10.0; wow64) applewebkit/537.36 (khtml, like gecko) chrome/63.0.3239.132 safari/537.36
 [ 2018-10-02 20:37:22 ] pid: 8944

 [ 2018-10-02 20:37:23 ] info: /mosc/api/column?page=1&limit=20
 [ 2018-10-02 20:37:23 ] brower: mozilla/5.0 (windows nt 10.0; wow64) applewebkit/537.36 (khtml, like gecko) chrome/63.0.3239.132 safari/537.36
 [ 2018-10-02 20:37:23 ] pid: 8944

 [ 2018-10-02 20:37:23 ] info: /index/article_list?id=5bb327f43253f6223440a350
 [ 2018-10-02 20:37:23 ] brower: mozilla/5.0 (windows nt 10.0; wow64) applewebkit/537.36 (khtml, like gecko) chrome/63.0.3239.132 safari/537.36
 [ 2018-10-02 20:37:23 ] pid: 8944

 [ 2018-10-02 20:37:23 ] info: /index/article/5bb328163253f6223440a351
 [ 2018-10-02 20:37:23 ] brower: mozilla/5.0 (windows nt 10.0; wow64) applewebkit/537.36 (khtml, like gecko) chrome/63.0.3239.132 safari/537.36
 [ 2018-10-02 20:37:23 ] pid: 8944

 [ 2018-10-02 20:37:23 ] info: /index/share/5bb328163253f6223440a351?page=1&limit=8
 [ 2018-10-02 20:37:23 ] brower: mozilla/5.0 (windows nt 10.0; wow64) applewebkit/537.36 (khtml, like gecko) chrome/63.0.3239.132 safari/537.36
 [ 2018-10-02 20:37:23 ] pid: 8944

 [ 2018-10-02 20:37:33 ] info: /mosc/article_list/delete?id=5bb328163253f6223440a351
 [ 2018-10-02 20:37:33 ] brower: mozilla/5.0 (windows nt 10.0; wow64) applewebkit/537.36 (khtml, like gecko) chrome/63.0.3239.132 safari/537.36
 [ 2018-10-02 20:37:33 ] pid: 8944

 [ 2018-10-02 20:37:33 ] info: /mosc/article_list?id=5bb327f43253f6223440a350
 [ 2018-10-02 20:37:33 ] brower: mozilla/5.0 (windows nt 10.0; wow64) applewebkit/537.36 (khtml, like gecko) chrome/63.0.3239.132 safari/537.36
 [ 2018-10-02 20:37:33 ] pid: 8944

 [ 2018-10-02 20:37:36 ] info: /index
 [ 2018-10-02 20:37:36 ] brower: mozilla/5.0 (windows nt 10.0; wow64) applewebkit/537.36 (khtml, like gecko) chrome/63.0.3239.132 safari/537.36
 [ 2018-10-02 20:37:36 ] pid: 8944

 [ 2018-10-02 20:37:37 ] info: /mosc/api/column?page=1&limit=20
 [ 2018-10-02 20:37:37 ] brower: mozilla/5.0 (windows nt 10.0; wow64) applewebkit/537.36 (khtml, like gecko) chrome/63.0.3239.132 safari/537.36
 [ 2018-10-02 20:37:37 ] pid: 8944

 [ 2018-10-02 20:37:37 ] info: /index/article_list?id=5bb327f43253f6223440a350
 [ 2018-10-02 20:37:37 ] brower: mozilla/5.0 (windows nt 10.0; wow64) applewebkit/537.36 (khtml, like gecko) chrome/63.0.3239.132 safari/537.36
 [ 2018-10-02 20:37:37 ] pid: 8944

 [ 2018-10-02 20:40:10 ] info: /index
 [ 2018-10-02 20:40:10 ] brower: mozilla/5.0 (windows nt 10.0; wow64) applewebkit/537.36 (khtml, like gecko) chrome/63.0.3239.132 safari/537.36
 [ 2018-10-02 20:40:10 ] pid: 4872

 [ 2018-10-02 20:40:11 ] info: /mosc/api/column?page=1&limit=20
 [ 2018-10-02 20:40:11 ] brower: mozilla/5.0 (windows nt 10.0; wow64) applewebkit/537.36 (khtml, like gecko) chrome/63.0.3239.132 safari/537.36
 [ 2018-10-02 20:40:11 ] pid: 4872

 [ 2018-10-02 20:40:11 ] info: /index/article_list?id=5bb327f43253f6223440a350
 [ 2018-10-02 20:40:11 ] brower: mozilla/5.0 (windows nt 10.0; wow64) applewebkit/537.36 (khtml, like gecko) chrome/63.0.3239.132 safari/537.36
 [ 2018-10-02 20:40:11 ] pid: 4872

 [ 2018-10-02 20:40:58 ] info: /mosc
 [ 2018-10-02 20:40:58 ] brower: mozilla/5.0 (windows nt 10.0; wow64) applewebkit/537.36 (khtml, like gecko) chrome/63.0.3239.132 safari/537.36
 [ 2018-10-02 20:40:58 ] pid: 4872

 [ 2018-10-02 20:40:58 ] info: /mosc/home
 [ 2018-10-02 20:40:58 ] brower: mozilla/5.0 (windows nt 10.0; wow64) applewebkit/537.36 (khtml, like gecko) chrome/63.0.3239.132 safari/537.36
 [ 2018-10-02 20:40:58 ] pid: 4872

 [ 2018-10-02 20:40:59 ] info: /mosc/home/allCount/
 [ 2018-10-02 20:40:59 ] brower: mozilla/5.0 (windows nt 10.0; wow64) applewebkit/537.36 (khtml, like gecko) chrome/63.0.3239.132 safari/537.36
 [ 2018-10-02 20:40:59 ] pid: 4872

 [ 2018-10-02 20:40:59 ] info: /mosc/home/readCount/
 [ 2018-10-02 20:40:59 ] brower: mozilla/5.0 (windows nt 10.0; wow64) applewebkit/537.36 (khtml, like gecko) chrome/63.0.3239.132 safari/537.36
 [ 2018-10-02 20:40:59 ] pid: 4872

 [ 2018-10-02 20:40:59 ] info: /mosc/home/allUser/
 [ 2018-10-02 20:40:59 ] brower: mozilla/5.0 (windows nt 10.0; wow64) applewebkit/537.36 (khtml, like gecko) chrome/63.0.3239.132 safari/537.36
 [ 2018-10-02 20:40:59 ] pid: 4872

 [ 2018-10-02 20:40:59 ] info: /mosc/home/readColumn/
 [ 2018-10-02 20:40:59 ] brower: mozilla/5.0 (windows nt 10.0; wow64) applewebkit/537.36 (khtml, like gecko) chrome/63.0.3239.132 safari/537.36
 [ 2018-10-02 20:40:59 ] pid: 4872

 [ 2018-10-02 20:40:59 ] info: /mosc/home/allColumn/
 [ 2018-10-02 20:40:59 ] brower: mozilla/5.0 (windows nt 10.0; wow64) applewebkit/537.36 (khtml, like gecko) chrome/63.0.3239.132 safari/537.36
 [ 2018-10-02 20:40:59 ] pid: 4872

 [ 2018-10-02 20:40:59 ] info: /mosc/column
 [ 2018-10-02 20:40:59 ] brower: mozilla/5.0 (windows nt 10.0; wow64) applewebkit/537.36 (khtml, like gecko) chrome/63.0.3239.132 safari/537.36
 [ 2018-10-02 20:40:59 ] pid: 4872

 [ 2018-10-02 20:41:00 ] info: /mosc/api/column?page=1&limit=10
 [ 2018-10-02 20:41:00 ] brower: mozilla/5.0 (windows nt 10.0; wow64) applewebkit/537.36 (khtml, like gecko) chrome/63.0.3239.132 safari/537.36
 [ 2018-10-02 20:41:00 ] pid: 4872

 [ 2018-10-02 20:41:01 ] info: /mosc/article_list?id=5bb327f43253f6223440a350&page=1
 [ 2018-10-02 20:41:01 ] brower: mozilla/5.0 (windows nt 10.0; wow64) applewebkit/537.36 (khtml, like gecko) chrome/63.0.3239.132 safari/537.36
 [ 2018-10-02 20:41:01 ] pid: 4872

 [ 2018-10-02 20:41:37 ] info: /mosc/article_editor?column=5bb327f43253f6223440a350
 [ 2018-10-02 20:41:37 ] brower: mozilla/5.0 (windows nt 10.0; wow64) applewebkit/537.36 (khtml, like gecko) chrome/63.0.3239.132 safari/537.36
 [ 2018-10-02 20:41:37 ] pid: 4872

 [ 2018-10-02 20:41:45 ] info: /mosc/article_editor/
 [ 2018-10-02 20:41:45 ] brower: mozilla/5.0 (windows nt 10.0; wow64) applewebkit/537.36 (khtml, like gecko) chrome/63.0.3239.132 safari/537.36
 [ 2018-10-02 20:41:45 ] pid: 4872

 [ 2018-10-02 20:41:45 ] info: /mosc/article_list?id=5bb327f43253f6223440a350
 [ 2018-10-02 20:41:45 ] brower: mozilla/5.0 (windows nt 10.0; wow64) applewebkit/537.36 (khtml, like gecko) chrome/63.0.3239.132 safari/537.36
 [ 2018-10-02 20:41:45 ] pid: 4872

 [ 2018-10-02 20:41:47 ] info: /index
 [ 2018-10-02 20:41:47 ] brower: mozilla/5.0 (windows nt 10.0; wow64) applewebkit/537.36 (khtml, like gecko) chrome/63.0.3239.132 safari/537.36
 [ 2018-10-02 20:41:47 ] pid: 4872

 [ 2018-10-02 20:41:48 ] info: /mosc/api/column?page=1&limit=20
 [ 2018-10-02 20:41:48 ] brower: mozilla/5.0 (windows nt 10.0; wow64) applewebkit/537.36 (khtml, like gecko) chrome/63.0.3239.132 safari/537.36
 [ 2018-10-02 20:41:48 ] pid: 4872

 [ 2018-10-02 20:41:48 ] info: /index/article_list?id=5bb327f43253f6223440a350
 [ 2018-10-02 20:41:48 ] brower: mozilla/5.0 (windows nt 10.0; wow64) applewebkit/537.36 (khtml, like gecko) chrome/63.0.3239.132 safari/537.36
 [ 2018-10-02 20:41:48 ] pid: 4872

 [ 2018-10-02 20:41:48 ] info: /index/article/5bb36789e6892b13087829c3
 [ 2018-10-02 20:41:48 ] brower: mozilla/5.0 (windows nt 10.0; wow64) applewebkit/537.36 (khtml, like gecko) chrome/63.0.3239.132 safari/537.36
 [ 2018-10-02 20:41:48 ] pid: 4872

 [ 2018-10-02 20:41:48 ] info: /index/share/5bb36789e6892b13087829c3?page=1&limit=8
 [ 2018-10-02 20:41:48 ] brower: mozilla/5.0 (windows nt 10.0; wow64) applewebkit/537.36 (khtml, like gecko) chrome/63.0.3239.132 safari/537.36
 [ 2018-10-02 20:41:48 ] pid: 4872

 [ 2018-10-02 20:41:52 ] info: /index/article/5bb36789e6892b13087829c3
 [ 2018-10-02 20:41:52 ] brower: mozilla/5.0 (windows nt 10.0; wow64) applewebkit/537.36 (khtml, like gecko) chrome/63.0.3239.132 safari/537.36
 [ 2018-10-02 20:41:52 ] pid: 4872

 [ 2018-10-02 20:41:52 ] info: /index/share/5bb36789e6892b13087829c3?page=1&limit=8
 [ 2018-10-02 20:41:52 ] brower: mozilla/5.0 (windows nt 10.0; wow64) applewebkit/537.36 (khtml, like gecko) chrome/63.0.3239.132 safari/537.36
 [ 2018-10-02 20:41:52 ] pid: 4872

 [ 2018-10-02 20:42:04 ] info: /mosc/article_editor/5bb36789e6892b13087829c3
 [ 2018-10-02 20:42:04 ] brower: mozilla/5.0 (windows nt 10.0; wow64) applewebkit/537.36 (khtml, like gecko) chrome/63.0.3239.132 safari/537.36
 [ 2018-10-02 20:42:04 ] pid: 4872

 [ 2018-10-02 20:42:31 ] info: /mosc/article_list/delete?id=5bb36789e6892b13087829c3
 [ 2018-10-02 20:42:31 ] brower: mozilla/5.0 (windows nt 10.0; wow64) applewebkit/537.36 (khtml, like gecko) chrome/63.0.3239.132 safari/537.36
 [ 2018-10-02 20:42:31 ] pid: 4872

 [ 2018-10-02 20:42:31 ] info: /mosc/article_list?id=5bb327f43253f6223440a350
 [ 2018-10-02 20:42:31 ] brower: mozilla/5.0 (windows nt 10.0; wow64) applewebkit/537.36 (khtml, like gecko) chrome/63.0.3239.132 safari/537.36
 [ 2018-10-02 20:42:31 ] pid: 4872

 [ 2018-10-02 20:42:33 ] info: /index
 [ 2018-10-02 20:42:33 ] brower: mozilla/5.0 (windows nt 10.0; wow64) applewebkit/537.36 (khtml, like gecko) chrome/63.0.3239.132 safari/537.36
 [ 2018-10-02 20:42:33 ] pid: 4872

 [ 2018-10-02 20:42:34 ] info: /mosc/api/column?page=1&limit=20
 [ 2018-10-02 20:42:34 ] brower: mozilla/5.0 (windows nt 10.0; wow64) applewebkit/537.36 (khtml, like gecko) chrome/63.0.3239.132 safari/537.36
 [ 2018-10-02 20:42:34 ] pid: 4872

 [ 2018-10-02 20:42:34 ] info: /index/article_list?id=5bb327f43253f6223440a350
 [ 2018-10-02 20:42:34 ] brower: mozilla/5.0 (windows nt 10.0; wow64) applewebkit/537.36 (khtml, like gecko) chrome/63.0.3239.132 safari/537.36
 [ 2018-10-02 20:42:34 ] pid: 4872

 [ 2018-10-02 20:42:52 ] info: /index
 [ 2018-10-02 20:42:52 ] brower: mozilla/5.0 (windows nt 10.0; wow64) applewebkit/537.36 (khtml, like gecko) chrome/63.0.3239.132 safari/537.36
 [ 2018-10-02 20:42:52 ] pid: 6272

 [ 2018-10-02 20:42:53 ] info: /mosc/api/column?page=1&limit=20
 [ 2018-10-02 20:42:53 ] brower: mozilla/5.0 (windows nt 10.0; wow64) applewebkit/537.36 (khtml, like gecko) chrome/63.0.3239.132 safari/537.36
 [ 2018-10-02 20:42:53 ] pid: 6272

 [ 2018-10-02 20:42:53 ] info: /index/article_list?id=5bb327f43253f6223440a350
 [ 2018-10-02 20:42:53 ] brower: mozilla/5.0 (windows nt 10.0; wow64) applewebkit/537.36 (khtml, like gecko) chrome/63.0.3239.132 safari/537.36
 [ 2018-10-02 20:42:53 ] pid: 6272

 [ 2018-10-02 20:42:55 ] info: /index
 [ 2018-10-02 20:42:55 ] brower: mozilla/5.0 (windows nt 10.0; wow64) applewebkit/537.36 (khtml, like gecko) chrome/63.0.3239.132 safari/537.36
 [ 2018-10-02 20:42:55 ] pid: 6272

 [ 2018-10-02 20:42:56 ] info: /mosc/api/column?page=1&limit=20
 [ 2018-10-02 20:42:56 ] brower: mozilla/5.0 (windows nt 10.0; wow64) applewebkit/537.36 (khtml, like gecko) chrome/63.0.3239.132 safari/537.36
 [ 2018-10-02 20:42:56 ] pid: 6272

 [ 2018-10-02 20:42:56 ] info: /index/article_list?id=5bb327f43253f6223440a350
 [ 2018-10-02 20:42:56 ] brower: mozilla/5.0 (windows nt 10.0; wow64) applewebkit/537.36 (khtml, like gecko) chrome/63.0.3239.132 safari/537.36
 [ 2018-10-02 20:42:56 ] pid: 6272

 [ 2018-10-02 20:43:12 ] info: /index
 [ 2018-10-02 20:43:12 ] brower: mozilla/5.0 (windows nt 10.0; wow64) applewebkit/537.36 (khtml, like gecko) chrome/63.0.3239.132 safari/537.36
 [ 2018-10-02 20:43:12 ] pid: 6272

 [ 2018-10-02 20:43:13 ] info: /mosc/api/column?page=1&limit=20
 [ 2018-10-02 20:43:13 ] brower: mozilla/5.0 (windows nt 10.0; wow64) applewebkit/537.36 (khtml, like gecko) chrome/63.0.3239.132 safari/537.36
 [ 2018-10-02 20:43:13 ] pid: 6272

 [ 2018-10-02 20:43:13 ] info: /index/article_list?id=5bb327f43253f6223440a350
 [ 2018-10-02 20:43:13 ] brower: mozilla/5.0 (windows nt 10.0; wow64) applewebkit/537.36 (khtml, like gecko) chrome/63.0.3239.132 safari/537.36
 [ 2018-10-02 20:43:13 ] pid: 6272

 [ 2018-10-02 20:43:38 ] info: /index
 [ 2018-10-02 20:43:38 ] brower: mozilla/5.0 (windows nt 10.0; wow64) applewebkit/537.36 (khtml, like gecko) chrome/63.0.3239.132 safari/537.36
 [ 2018-10-02 20:43:38 ] pid: 5736

 [ 2018-10-02 20:43:39 ] info: /mosc/api/column?page=1&limit=20
 [ 2018-10-02 20:43:39 ] brower: mozilla/5.0 (windows nt 10.0; wow64) applewebkit/537.36 (khtml, like gecko) chrome/63.0.3239.132 safari/537.36
 [ 2018-10-02 20:43:39 ] pid: 5736

 [ 2018-10-02 20:43:39 ] info: /index/article_list?id=5bb327f43253f6223440a350
 [ 2018-10-02 20:43:39 ] brower: mozilla/5.0 (windows nt 10.0; wow64) applewebkit/537.36 (khtml, like gecko) chrome/63.0.3239.132 safari/537.36
 [ 2018-10-02 20:43:39 ] pid: 5736

 [ 2018-10-02 20:43:44 ] info: /mosc/article_editor?column=5bb327f43253f6223440a350
 [ 2018-10-02 20:43:44 ] brower: mozilla/5.0 (windows nt 10.0; wow64) applewebkit/537.36 (khtml, like gecko) chrome/63.0.3239.132 safari/537.36
 [ 2018-10-02 20:43:44 ] pid: 5736

 [ 2018-10-02 20:43:50 ] info: /mosc/article_editor/
 [ 2018-10-02 20:43:50 ] brower: mozilla/5.0 (windows nt 10.0; wow64) applewebkit/537.36 (khtml, like gecko) chrome/63.0.3239.132 safari/537.36
 [ 2018-10-02 20:43:50 ] pid: 5736

 [ 2018-10-02 20:43:50 ] info: /mosc/article_list?id=5bb327f43253f6223440a350
 [ 2018-10-02 20:43:50 ] brower: mozilla/5.0 (windows nt 10.0; wow64) applewebkit/537.36 (khtml, like gecko) chrome/63.0.3239.132 safari/537.36
 [ 2018-10-02 20:43:50 ] pid: 5736

 [ 2018-10-02 20:43:51 ] info: /index
 [ 2018-10-02 20:43:51 ] brower: mozilla/5.0 (windows nt 10.0; wow64) applewebkit/537.36 (khtml, like gecko) chrome/63.0.3239.132 safari/537.36
 [ 2018-10-02 20:43:51 ] pid: 5736

 [ 2018-10-02 20:43:52 ] info: /mosc/api/column?page=1&limit=20
 [ 2018-10-02 20:43:52 ] brower: mozilla/5.0 (windows nt 10.0; wow64) applewebkit/537.36 (khtml, like gecko) chrome/63.0.3239.132 safari/537.36
 [ 2018-10-02 20:43:52 ] pid: 5736

 [ 2018-10-02 20:43:52 ] info: /index/article_list?id=5bb327f43253f6223440a350
 [ 2018-10-02 20:43:52 ] brower: mozilla/5.0 (windows nt 10.0; wow64) applewebkit/537.36 (khtml, like gecko) chrome/63.0.3239.132 safari/537.36
 [ 2018-10-02 20:43:52 ] pid: 5736

 [ 2018-10-02 20:43:52 ] info: /index/article/5bb368060226ae1668153f22
 [ 2018-10-02 20:43:52 ] brower: mozilla/5.0 (windows nt 10.0; wow64) applewebkit/537.36 (khtml, like gecko) chrome/63.0.3239.132 safari/537.36
 [ 2018-10-02 20:43:52 ] pid: 5736

 [ 2018-10-02 20:43:52 ] info: /index/share/5bb368060226ae1668153f22?page=1&limit=8
 [ 2018-10-02 20:43:52 ] brower: mozilla/5.0 (windows nt 10.0; wow64) applewebkit/537.36 (khtml, like gecko) chrome/63.0.3239.132 safari/537.36
 [ 2018-10-02 20:43:52 ] pid: 5736

 [ 2018-10-02 20:47:55 ] info: /index
 [ 2018-10-02 20:47:55 ] brower: mozilla/5.0 (windows nt 10.0; wow64) applewebkit/537.36 (khtml, like gecko) chrome/63.0.3239.132 safari/537.36
 [ 2018-10-02 20:47:55 ] pid: 5736

 [ 2018-10-02 20:47:55 ] info: /mosc/api/column?page=1&limit=20
 [ 2018-10-02 20:47:55 ] brower: mozilla/5.0 (windows nt 10.0; wow64) applewebkit/537.36 (khtml, like gecko) chrome/63.0.3239.132 safari/537.36
 [ 2018-10-02 20:47:55 ] pid: 5736

 [ 2018-10-02 20:47:56 ] info: /index/article_list?id=5bb327f43253f6223440a350
 [ 2018-10-02 20:47:56 ] brower: mozilla/5.0 (windows nt 10.0; wow64) applewebkit/537.36 (khtml, like gecko) chrome/63.0.3239.132 safari/537.36
 [ 2018-10-02 20:47:56 ] pid: 5736

 [ 2018-10-02 20:47:56 ] info: /index/article/5bb368060226ae1668153f22
 [ 2018-10-02 20:47:56 ] brower: mozilla/5.0 (windows nt 10.0; wow64) applewebkit/537.36 (khtml, like gecko) chrome/63.0.3239.132 safari/537.36
 [ 2018-10-02 20:47:56 ] pid: 5736

 [ 2018-10-02 20:47:56 ] info: /index/share/5bb368060226ae1668153f22?page=1&limit=8
 [ 2018-10-02 20:47:56 ] brower: mozilla/5.0 (windows nt 10.0; wow64) applewebkit/537.36 (khtml, like gecko) chrome/63.0.3239.132 safari/537.36
 [ 2018-10-02 20:47:56 ] pid: 5736

 [ 2018-10-02 20:48:16 ] info: /index/share/5bb368060226ae1668153f22?page=1&limit=8
 [ 2018-10-02 20:48:16 ] brower: mozilla/5.0 (windows nt 10.0; wow64) applewebkit/537.36 (khtml, like gecko) chrome/63.0.3239.132 safari/537.36
 [ 2018-10-02 20:48:16 ] pid: 5736

 [ 2018-10-02 20:48:16 ] info: /index/article/5bb368060226ae1668153f22
 [ 2018-10-02 20:48:16 ] brower: mozilla/5.0 (windows nt 10.0; wow64) applewebkit/537.36 (khtml, like gecko) chrome/63.0.3239.132 safari/537.36
 [ 2018-10-02 20:48:16 ] pid: 5736

 [ 2018-10-02 20:48:34 ] info: /index
 [ 2018-10-02 20:48:34 ] brower: mozilla/5.0 (windows nt 10.0; wow64) applewebkit/537.36 (khtml, like gecko) chrome/63.0.3239.132 safari/537.36
 [ 2018-10-02 20:48:34 ] pid: 5736

 [ 2018-10-02 20:48:35 ] info: /mosc/api/column?page=1&limit=20
 [ 2018-10-02 20:48:35 ] brower: mozilla/5.0 (windows nt 10.0; wow64) applewebkit/537.36 (khtml, like gecko) chrome/63.0.3239.132 safari/537.36
 [ 2018-10-02 20:48:35 ] pid: 5736

 [ 2018-10-02 20:48:35 ] info: /index/article_list?id=5bb327f43253f6223440a350
 [ 2018-10-02 20:48:35 ] brower: mozilla/5.0 (windows nt 10.0; wow64) applewebkit/537.36 (khtml, like gecko) chrome/63.0.3239.132 safari/537.36
 [ 2018-10-02 20:48:35 ] pid: 5736

 [ 2018-10-02 20:48:35 ] info: /index/article/5bb368060226ae1668153f22
 [ 2018-10-02 20:48:35 ] brower: mozilla/5.0 (windows nt 10.0; wow64) applewebkit/537.36 (khtml, like gecko) chrome/63.0.3239.132 safari/537.36
 [ 2018-10-02 20:48:35 ] pid: 5736

 [ 2018-10-02 20:48:35 ] info: /index/share/5bb368060226ae1668153f22?page=1&limit=8
 [ 2018-10-02 20:48:35 ] brower: mozilla/5.0 (windows nt 10.0; wow64) applewebkit/537.36 (khtml, like gecko) chrome/63.0.3239.132 safari/537.36
 [ 2018-10-02 20:48:35 ] pid: 5736

 [ 2018-10-02 20:49:07 ] info: /index
 [ 2018-10-02 20:49:07 ] brower: mozilla/5.0 (windows nt 10.0; wow64) applewebkit/537.36 (khtml, like gecko) chrome/63.0.3239.132 safari/537.36
 [ 2018-10-02 20:49:07 ] pid: 5736

 [ 2018-10-02 20:49:07 ] info: /mosc/api/column?page=1&limit=20
 [ 2018-10-02 20:49:07 ] brower: mozilla/5.0 (windows nt 10.0; wow64) applewebkit/537.36 (khtml, like gecko) chrome/63.0.3239.132 safari/537.36
 [ 2018-10-02 20:49:07 ] pid: 5736

 [ 2018-10-02 20:49:07 ] info: /index/article_list?id=5bb327f43253f6223440a350
 [ 2018-10-02 20:49:07 ] brower: mozilla/5.0 (windows nt 10.0; wow64) applewebkit/537.36 (khtml, like gecko) chrome/63.0.3239.132 safari/537.36
 [ 2018-10-02 20:49:07 ] pid: 5736

 [ 2018-10-02 20:49:07 ] info: /index/article/5bb368060226ae1668153f22
 [ 2018-10-02 20:49:07 ] brower: mozilla/5.0 (windows nt 10.0; wow64) applewebkit/537.36 (khtml, like gecko) chrome/63.0.3239.132 safari/537.36
 [ 2018-10-02 20:49:07 ] pid: 5736

 [ 2018-10-02 20:49:07 ] info: /index/share/5bb368060226ae1668153f22?page=1&limit=8
 [ 2018-10-02 20:49:07 ] brower: mozilla/5.0 (windows nt 10.0; wow64) applewebkit/537.36 (khtml, like gecko) chrome/63.0.3239.132 safari/537.36
 [ 2018-10-02 20:49:07 ] pid: 5736

 [ 2018-10-02 20:50:17 ] info: /index
 [ 2018-10-02 20:50:17 ] brower: mozilla/5.0 (windows nt 10.0; wow64) applewebkit/537.36 (khtml, like gecko) chrome/63.0.3239.132 safari/537.36
 [ 2018-10-02 20:50:17 ] pid: 5736

 [ 2018-10-02 20:50:18 ] info: /mosc/api/column?page=1&limit=20
 [ 2018-10-02 20:50:18 ] brower: mozilla/5.0 (windows nt 10.0; wow64) applewebkit/537.36 (khtml, like gecko) chrome/63.0.3239.132 safari/537.36
 [ 2018-10-02 20:50:18 ] pid: 5736

 [ 2018-10-02 20:50:18 ] info: /index/article_list?id=5bb327f43253f6223440a350
 [ 2018-10-02 20:50:18 ] brower: mozilla/5.0 (windows nt 10.0; wow64) applewebkit/537.36 (khtml, like gecko) chrome/63.0.3239.132 safari/537.36
 [ 2018-10-02 20:50:18 ] pid: 5736

 [ 2018-10-02 20:50:18 ] info: /index/article/5bb368060226ae1668153f22
 [ 2018-10-02 20:50:18 ] brower: mozilla/5.0 (windows nt 10.0; wow64) applewebkit/537.36 (khtml, like gecko) chrome/63.0.3239.132 safari/537.36
 [ 2018-10-02 20:50:18 ] pid: 5736

 [ 2018-10-02 20:50:18 ] info: /index/share/5bb368060226ae1668153f22?page=1&limit=8
 [ 2018-10-02 20:50:18 ] brower: mozilla/5.0 (windows nt 10.0; wow64) applewebkit/537.36 (khtml, like gecko) chrome/63.0.3239.132 safari/537.36
 [ 2018-10-02 20:50:18 ] pid: 5736

 [ 2018-10-02 20:50:43 ] info: /index
 [ 2018-10-02 20:50:43 ] brower: mozilla/5.0 (windows nt 10.0; wow64) applewebkit/537.36 (khtml, like gecko) chrome/63.0.3239.132 safari/537.36
 [ 2018-10-02 20:50:43 ] pid: 5736

 [ 2018-10-02 20:50:43 ] info: /mosc/api/column?page=1&limit=20
 [ 2018-10-02 20:50:43 ] brower: mozilla/5.0 (windows nt 10.0; wow64) applewebkit/537.36 (khtml, like gecko) chrome/63.0.3239.132 safari/537.36
 [ 2018-10-02 20:50:43 ] pid: 5736

 [ 2018-10-02 20:50:44 ] info: /index/article_list?id=5bb327f43253f6223440a350
 [ 2018-10-02 20:50:44 ] brower: mozilla/5.0 (windows nt 10.0; wow64) applewebkit/537.36 (khtml, like gecko) chrome/63.0.3239.132 safari/537.36
 [ 2018-10-02 20:50:44 ] pid: 5736

 [ 2018-10-02 20:50:44 ] info: /index/share/5bb368060226ae1668153f22?page=1&limit=8
 [ 2018-10-02 20:50:44 ] brower: mozilla/5.0 (windows nt 10.0; wow64) applewebkit/537.36 (khtml, like gecko) chrome/63.0.3239.132 safari/537.36
 [ 2018-10-02 20:50:44 ] pid: 5736

 [ 2018-10-02 20:50:44 ] info: /index/article/5bb368060226ae1668153f22
 [ 2018-10-02 20:50:44 ] brower: mozilla/5.0 (windows nt 10.0; wow64) applewebkit/537.36 (khtml, like gecko) chrome/63.0.3239.132 safari/537.36
 [ 2018-10-02 20:50:44 ] pid: 5736

 [ 2018-10-02 20:51:05 ] info: /index
 [ 2018-10-02 20:51:05 ] brower: mozilla/5.0 (windows nt 10.0; wow64) applewebkit/537.36 (khtml, like gecko) chrome/63.0.3239.132 safari/537.36
 [ 2018-10-02 20:51:05 ] pid: 5736

 [ 2018-10-02 20:51:06 ] info: /mosc/api/column?page=1&limit=20
 [ 2018-10-02 20:51:06 ] brower: mozilla/5.0 (windows nt 10.0; wow64) applewebkit/537.36 (khtml, like gecko) chrome/63.0.3239.132 safari/537.36
 [ 2018-10-02 20:51:06 ] pid: 5736

 [ 2018-10-02 20:51:06 ] info: /index/article_list?id=5bb327f43253f6223440a350
 [ 2018-10-02 20:51:06 ] brower: mozilla/5.0 (windows nt 10.0; wow64) applewebkit/537.36 (khtml, like gecko) chrome/63.0.3239.132 safari/537.36
 [ 2018-10-02 20:51:06 ] pid: 5736

 [ 2018-10-02 20:51:06 ] info: /index/article/5bb368060226ae1668153f22
 [ 2018-10-02 20:51:06 ] brower: mozilla/5.0 (windows nt 10.0; wow64) applewebkit/537.36 (khtml, like gecko) chrome/63.0.3239.132 safari/537.36
 [ 2018-10-02 20:51:06 ] pid: 5736

 [ 2018-10-02 20:51:06 ] info: /index/share/5bb368060226ae1668153f22?page=1&limit=8
 [ 2018-10-02 20:51:06 ] brower: mozilla/5.0 (windows nt 10.0; wow64) applewebkit/537.36 (khtml, like gecko) chrome/63.0.3239.132 safari/537.36
 [ 2018-10-02 20:51:06 ] pid: 5736

 [ 2018-10-02 20:51:10 ] info: /index
 [ 2018-10-02 20:51:10 ] brower: mozilla/5.0 (windows nt 10.0; wow64) applewebkit/537.36 (khtml, like gecko) chrome/63.0.3239.132 safari/537.36
 [ 2018-10-02 20:51:10 ] pid: 5736

 [ 2018-10-02 20:51:10 ] info: /mosc/api/column?page=1&limit=20
 [ 2018-10-02 20:51:10 ] brower: mozilla/5.0 (windows nt 10.0; wow64) applewebkit/537.36 (khtml, like gecko) chrome/63.0.3239.132 safari/537.36
 [ 2018-10-02 20:51:10 ] pid: 5736

 [ 2018-10-02 20:51:10 ] info: /index/article_list?id=5bb327f43253f6223440a350
 [ 2018-10-02 20:51:10 ] brower: mozilla/5.0 (windows nt 10.0; wow64) applewebkit/537.36 (khtml, like gecko) chrome/63.0.3239.132 safari/537.36
 [ 2018-10-02 20:51:10 ] pid: 5736

 [ 2018-10-02 20:51:10 ] info: /index/article/5bb368060226ae1668153f22
 [ 2018-10-02 20:51:10 ] brower: mozilla/5.0 (windows nt 10.0; wow64) applewebkit/537.36 (khtml, like gecko) chrome/63.0.3239.132 safari/537.36
 [ 2018-10-02 20:51:10 ] pid: 5736

 [ 2018-10-02 20:51:10 ] info: /index/share/5bb368060226ae1668153f22?page=1&limit=8
 [ 2018-10-02 20:51:10 ] brower: mozilla/5.0 (windows nt 10.0; wow64) applewebkit/537.36 (khtml, like gecko) chrome/63.0.3239.132 safari/537.36
 [ 2018-10-02 20:51:10 ] pid: 5736

 [ 2018-10-02 20:51:37 ] info: /index
 [ 2018-10-02 20:51:37 ] brower: mozilla/5.0 (windows nt 10.0; wow64) applewebkit/537.36 (khtml, like gecko) chrome/63.0.3239.132 safari/537.36
 [ 2018-10-02 20:51:37 ] pid: 5736

 [ 2018-10-02 20:51:38 ] info: /mosc/api/column?page=1&limit=20
 [ 2018-10-02 20:51:38 ] brower: mozilla/5.0 (windows nt 10.0; wow64) applewebkit/537.36 (khtml, like gecko) chrome/63.0.3239.132 safari/537.36
 [ 2018-10-02 20:51:38 ] pid: 5736

 [ 2018-10-02 20:51:38 ] info: /index/article_list?id=5bb327f43253f6223440a350
 [ 2018-10-02 20:51:38 ] brower: mozilla/5.0 (windows nt 10.0; wow64) applewebkit/537.36 (khtml, like gecko) chrome/63.0.3239.132 safari/537.36
 [ 2018-10-02 20:51:38 ] pid: 5736

 [ 2018-10-02 20:51:38 ] info: /index/article/5bb368060226ae1668153f22
 [ 2018-10-02 20:51:38 ] brower: mozilla/5.0 (windows nt 10.0; wow64) applewebkit/537.36 (khtml, like gecko) chrome/63.0.3239.132 safari/537.36
 [ 2018-10-02 20:51:38 ] pid: 5736

 [ 2018-10-02 20:51:38 ] info: /index/share/5bb368060226ae1668153f22?page=1&limit=8
 [ 2018-10-02 20:51:38 ] brower: mozilla/5.0 (windows nt 10.0; wow64) applewebkit/537.36 (khtml, like gecko) chrome/63.0.3239.132 safari/537.36
 [ 2018-10-02 20:51:38 ] pid: 5736

 [ 2018-10-02 20:52:28 ] info: /index
 [ 2018-10-02 20:52:28 ] brower: mozilla/5.0 (windows nt 10.0; wow64) applewebkit/537.36 (khtml, like gecko) chrome/63.0.3239.132 safari/537.36
 [ 2018-10-02 20:52:28 ] pid: 5736

 [ 2018-10-02 20:52:28 ] info: /mosc/api/column?page=1&limit=20
 [ 2018-10-02 20:52:28 ] brower: mozilla/5.0 (windows nt 10.0; wow64) applewebkit/537.36 (khtml, like gecko) chrome/63.0.3239.132 safari/537.36
 [ 2018-10-02 20:52:28 ] pid: 5736

 [ 2018-10-02 20:52:28 ] info: /index/article_list?id=5bb327f43253f6223440a350
 [ 2018-10-02 20:52:28 ] brower: mozilla/5.0 (windows nt 10.0; wow64) applewebkit/537.36 (khtml, like gecko) chrome/63.0.3239.132 safari/537.36
 [ 2018-10-02 20:52:28 ] pid: 5736

 [ 2018-10-02 20:52:29 ] info: /index/article/5bb368060226ae1668153f22
 [ 2018-10-02 20:52:29 ] brower: mozilla/5.0 (windows nt 10.0; wow64) applewebkit/537.36 (khtml, like gecko) chrome/63.0.3239.132 safari/537.36
 [ 2018-10-02 20:52:29 ] pid: 5736

 [ 2018-10-02 20:52:29 ] info: /index/share/5bb368060226ae1668153f22?page=1&limit=8
 [ 2018-10-02 20:52:29 ] brower: mozilla/5.0 (windows nt 10.0; wow64) applewebkit/537.36 (khtml, like gecko) chrome/63.0.3239.132 safari/537.36
 [ 2018-10-02 20:52:29 ] pid: 5736

 [ 2018-10-02 20:53:14 ] info: /index
 [ 2018-10-02 20:53:14 ] brower: mozilla/5.0 (windows nt 10.0; wow64) applewebkit/537.36 (khtml, like gecko) chrome/63.0.3239.132 safari/537.36
 [ 2018-10-02 20:53:14 ] pid: 5736

 [ 2018-10-02 20:53:14 ] info: /mosc/api/column?page=1&limit=20
 [ 2018-10-02 20:53:14 ] brower: mozilla/5.0 (windows nt 10.0; wow64) applewebkit/537.36 (khtml, like gecko) chrome/63.0.3239.132 safari/537.36
 [ 2018-10-02 20:53:14 ] pid: 5736

 [ 2018-10-02 20:53:15 ] info: /index/article_list?id=5bb327f43253f6223440a350
 [ 2018-10-02 20:53:15 ] brower: mozilla/5.0 (windows nt 10.0; wow64) applewebkit/537.36 (khtml, like gecko) chrome/63.0.3239.132 safari/537.36
 [ 2018-10-02 20:53:15 ] pid: 5736

 [ 2018-10-02 20:53:15 ] info: /index/article/5bb368060226ae1668153f22
 [ 2018-10-02 20:53:15 ] brower: mozilla/5.0 (windows nt 10.0; wow64) applewebkit/537.36 (khtml, like gecko) chrome/63.0.3239.132 safari/537.36
 [ 2018-10-02 20:53:15 ] pid: 5736

 [ 2018-10-02 20:53:15 ] info: /index/share/5bb368060226ae1668153f22?page=1&limit=8
 [ 2018-10-02 20:53:15 ] brower: mozilla/5.0 (windows nt 10.0; wow64) applewebkit/537.36 (khtml, like gecko) chrome/63.0.3239.132 safari/537.36
 [ 2018-10-02 20:53:15 ] pid: 5736

 [ 2018-10-02 20:53:36 ] info: /index
 [ 2018-10-02 20:53:36 ] brower: mozilla/5.0 (windows nt 10.0; wow64) applewebkit/537.36 (khtml, like gecko) chrome/63.0.3239.132 safari/537.36
 [ 2018-10-02 20:53:36 ] pid: 5736

 [ 2018-10-02 20:53:37 ] info: /mosc/api/column?page=1&limit=20
 [ 2018-10-02 20:53:37 ] brower: mozilla/5.0 (windows nt 10.0; wow64) applewebkit/537.36 (khtml, like gecko) chrome/63.0.3239.132 safari/537.36
 [ 2018-10-02 20:53:37 ] pid: 5736

 [ 2018-10-02 20:53:37 ] info: /index/article_list?id=5bb327f43253f6223440a350
 [ 2018-10-02 20:53:37 ] brower: mozilla/5.0 (windows nt 10.0; wow64) applewebkit/537.36 (khtml, like gecko) chrome/63.0.3239.132 safari/537.36
 [ 2018-10-02 20:53:37 ] pid: 5736

 [ 2018-10-02 20:53:37 ] info: /index/article/5bb368060226ae1668153f22
 [ 2018-10-02 20:53:37 ] brower: mozilla/5.0 (windows nt 10.0; wow64) applewebkit/537.36 (khtml, like gecko) chrome/63.0.3239.132 safari/537.36
 [ 2018-10-02 20:53:37 ] pid: 5736

 [ 2018-10-02 20:53:37 ] info: /index/share/5bb368060226ae1668153f22?page=1&limit=8
 [ 2018-10-02 20:53:37 ] brower: mozilla/5.0 (windows nt 10.0; wow64) applewebkit/537.36 (khtml, like gecko) chrome/63.0.3239.132 safari/537.36
 [ 2018-10-02 20:53:37 ] pid: 5736

 [ 2018-10-02 20:53:51 ] info: /index
 [ 2018-10-02 20:53:51 ] brower: mozilla/5.0 (windows nt 10.0; wow64) applewebkit/537.36 (khtml, like gecko) chrome/63.0.3239.132 safari/537.36
 [ 2018-10-02 20:53:51 ] pid: 5736

 [ 2018-10-02 20:53:51 ] info: /mosc/api/column?page=1&limit=20
 [ 2018-10-02 20:53:51 ] brower: mozilla/5.0 (windows nt 10.0; wow64) applewebkit/537.36 (khtml, like gecko) chrome/63.0.3239.132 safari/537.36
 [ 2018-10-02 20:53:51 ] pid: 5736

 [ 2018-10-02 20:53:51 ] info: /index/article_list?id=5bb327f43253f6223440a350
 [ 2018-10-02 20:53:51 ] brower: mozilla/5.0 (windows nt 10.0; wow64) applewebkit/537.36 (khtml, like gecko) chrome/63.0.3239.132 safari/537.36
 [ 2018-10-02 20:53:51 ] pid: 5736

 [ 2018-10-02 20:53:52 ] info: /index/share/5bb368060226ae1668153f22?page=1&limit=8
 [ 2018-10-02 20:53:52 ] brower: mozilla/5.0 (windows nt 10.0; wow64) applewebkit/537.36 (khtml, like gecko) chrome/63.0.3239.132 safari/537.36
 [ 2018-10-02 20:53:52 ] pid: 5736

 [ 2018-10-02 20:53:52 ] info: /index/article/5bb368060226ae1668153f22
 [ 2018-10-02 20:53:52 ] brower: mozilla/5.0 (windows nt 10.0; wow64) applewebkit/537.36 (khtml, like gecko) chrome/63.0.3239.132 safari/537.36
 [ 2018-10-02 20:53:52 ] pid: 5736

 [ 2018-10-02 20:54:15 ] info: /index
 [ 2018-10-02 20:54:15 ] brower: mozilla/5.0 (windows nt 10.0; wow64) applewebkit/537.36 (khtml, like gecko) chrome/63.0.3239.132 safari/537.36
 [ 2018-10-02 20:54:15 ] pid: 5736

 [ 2018-10-02 20:54:16 ] info: /mosc/api/column?page=1&limit=20
 [ 2018-10-02 20:54:16 ] brower: mozilla/5.0 (windows nt 10.0; wow64) applewebkit/537.36 (khtml, like gecko) chrome/63.0.3239.132 safari/537.36
 [ 2018-10-02 20:54:16 ] pid: 5736

 [ 2018-10-02 20:54:16 ] info: /index/article_list?id=5bb327f43253f6223440a350
 [ 2018-10-02 20:54:16 ] brower: mozilla/5.0 (windows nt 10.0; wow64) applewebkit/537.36 (khtml, like gecko) chrome/63.0.3239.132 safari/537.36
 [ 2018-10-02 20:54:16 ] pid: 5736

 [ 2018-10-02 20:54:16 ] info: /index/article/5bb368060226ae1668153f22
 [ 2018-10-02 20:54:16 ] brower: mozilla/5.0 (windows nt 10.0; wow64) applewebkit/537.36 (khtml, like gecko) chrome/63.0.3239.132 safari/537.36
 [ 2018-10-02 20:54:16 ] pid: 5736

 [ 2018-10-02 20:54:16 ] info: /index/share/5bb368060226ae1668153f22?page=1&limit=8
 [ 2018-10-02 20:54:16 ] brower: mozilla/5.0 (windows nt 10.0; wow64) applewebkit/537.36 (khtml, like gecko) chrome/63.0.3239.132 safari/537.36
 [ 2018-10-02 20:54:16 ] pid: 5736

 [ 2018-10-02 20:54:31 ] info: /index
 [ 2018-10-02 20:54:31 ] brower: mozilla/5.0 (windows nt 10.0; wow64) applewebkit/537.36 (khtml, like gecko) chrome/63.0.3239.132 safari/537.36
 [ 2018-10-02 20:54:31 ] pid: 5736

 [ 2018-10-02 20:54:32 ] info: /mosc/api/column?page=1&limit=20
 [ 2018-10-02 20:54:32 ] brower: mozilla/5.0 (windows nt 10.0; wow64) applewebkit/537.36 (khtml, like gecko) chrome/63.0.3239.132 safari/537.36
 [ 2018-10-02 20:54:32 ] pid: 5736

 [ 2018-10-02 20:54:32 ] info: /index/article_list?id=5bb327f43253f6223440a350
 [ 2018-10-02 20:54:32 ] brower: mozilla/5.0 (windows nt 10.0; wow64) applewebkit/537.36 (khtml, like gecko) chrome/63.0.3239.132 safari/537.36
 [ 2018-10-02 20:54:32 ] pid: 5736

 [ 2018-10-02 20:54:32 ] info: /index/article/5bb368060226ae1668153f22
 [ 2018-10-02 20:54:32 ] brower: mozilla/5.0 (windows nt 10.0; wow64) applewebkit/537.36 (khtml, like gecko) chrome/63.0.3239.132 safari/537.36
 [ 2018-10-02 20:54:32 ] pid: 5736

 [ 2018-10-02 20:54:32 ] info: /index/share/5bb368060226ae1668153f22?page=1&limit=8
 [ 2018-10-02 20:54:32 ] brower: mozilla/5.0 (windows nt 10.0; wow64) applewebkit/537.36 (khtml, like gecko) chrome/63.0.3239.132 safari/537.36
 [ 2018-10-02 20:54:32 ] pid: 5736

 [ 2018-10-02 20:54:49 ] info: /mosc/article_editor?column=5bb327f43253f6223440a350
 [ 2018-10-02 20:54:49 ] brower: mozilla/5.0 (windows nt 10.0; wow64) applewebkit/537.36 (khtml, like gecko) chrome/63.0.3239.132 safari/537.36
 [ 2018-10-02 20:54:49 ] pid: 5736

 [ 2018-10-02 20:54:55 ] info: /mosc/article_editor/
 [ 2018-10-02 20:54:55 ] brower: mozilla/5.0 (windows nt 10.0; wow64) applewebkit/537.36 (khtml, like gecko) chrome/63.0.3239.132 safari/537.36
 [ 2018-10-02 20:54:55 ] pid: 5736

 [ 2018-10-02 20:54:55 ] info: /mosc/article_list?id=5bb327f43253f6223440a350
 [ 2018-10-02 20:54:55 ] brower: mozilla/5.0 (windows nt 10.0; wow64) applewebkit/537.36 (khtml, like gecko) chrome/63.0.3239.132 safari/537.36
 [ 2018-10-02 20:54:55 ] pid: 5736

 [ 2018-10-02 20:54:59 ] info: /index
 [ 2018-10-02 20:54:59 ] brower: mozilla/5.0 (windows nt 10.0; wow64) applewebkit/537.36 (khtml, like gecko) chrome/63.0.3239.132 safari/537.36
 [ 2018-10-02 20:54:59 ] pid: 5736

 [ 2018-10-02 20:54:59 ] info: /mosc/api/column?page=1&limit=20
 [ 2018-10-02 20:54:59 ] brower: mozilla/5.0 (windows nt 10.0; wow64) applewebkit/537.36 (khtml, like gecko) chrome/63.0.3239.132 safari/537.36
 [ 2018-10-02 20:54:59 ] pid: 5736

 [ 2018-10-02 20:54:59 ] info: /index/article_list?id=5bb327f43253f6223440a350
 [ 2018-10-02 20:54:59 ] brower: mozilla/5.0 (windows nt 10.0; wow64) applewebkit/537.36 (khtml, like gecko) chrome/63.0.3239.132 safari/537.36
 [ 2018-10-02 20:54:59 ] pid: 5736

 [ 2018-10-02 20:54:59 ] info: /index/article/5bb36a9f0226ae1668153f23
 [ 2018-10-02 20:54:59 ] brower: mozilla/5.0 (windows nt 10.0; wow64) applewebkit/537.36 (khtml, like gecko) chrome/63.0.3239.132 safari/537.36
 [ 2018-10-02 20:54:59 ] pid: 5736

 [ 2018-10-02 20:54:59 ] info: /index/share/5bb36a9f0226ae1668153f23?page=1&limit=8
 [ 2018-10-02 20:54:59 ] brower: mozilla/5.0 (windows nt 10.0; wow64) applewebkit/537.36 (khtml, like gecko) chrome/63.0.3239.132 safari/537.36
 [ 2018-10-02 20:54:59 ] pid: 5736

 [ 2018-10-02 20:55:02 ] info: /index/share/5bb368060226ae1668153f22?page=1&limit=8
 [ 2018-10-02 20:55:02 ] brower: mozilla/5.0 (windows nt 10.0; wow64) applewebkit/537.36 (khtml, like gecko) chrome/63.0.3239.132 safari/537.36
 [ 2018-10-02 20:55:02 ] pid: 5736

 [ 2018-10-02 20:55:02 ] info: /index/article/5bb368060226ae1668153f22
 [ 2018-10-02 20:55:02 ] brower: mozilla/5.0 (windows nt 10.0; wow64) applewebkit/537.36 (khtml, like gecko) chrome/63.0.3239.132 safari/537.36
 [ 2018-10-02 20:55:02 ] pid: 5736

 [ 2018-10-02 20:55:04 ] info: /index/share/5bb36a9f0226ae1668153f23?page=1&limit=8
 [ 2018-10-02 20:55:04 ] brower: mozilla/5.0 (windows nt 10.0; wow64) applewebkit/537.36 (khtml, like gecko) chrome/63.0.3239.132 safari/537.36
 [ 2018-10-02 20:55:04 ] pid: 5736

 [ 2018-10-02 20:55:04 ] info: /index/article/5bb36a9f0226ae1668153f23
 [ 2018-10-02 20:55:04 ] brower: mozilla/5.0 (windows nt 10.0; wow64) applewebkit/537.36 (khtml, like gecko) chrome/63.0.3239.132 safari/537.36
 [ 2018-10-02 20:55:04 ] pid: 5736

 [ 2018-10-02 20:56:32 ] info: /index
 [ 2018-10-02 20:56:32 ] brower: mozilla/5.0 (windows nt 10.0; wow64) applewebkit/537.36 (khtml, like gecko) chrome/63.0.3239.132 safari/537.36
 [ 2018-10-02 20:56:32 ] pid: 5736

 [ 2018-10-02 20:56:32 ] info: /mosc/api/column?page=1&limit=20
 [ 2018-10-02 20:56:32 ] brower: mozilla/5.0 (windows nt 10.0; wow64) applewebkit/537.36 (khtml, like gecko) chrome/63.0.3239.132 safari/537.36
 [ 2018-10-02 20:56:32 ] pid: 5736

 [ 2018-10-02 20:56:33 ] info: /index/article_list?id=5bb327f43253f6223440a350
 [ 2018-10-02 20:56:33 ] brower: mozilla/5.0 (windows nt 10.0; wow64) applewebkit/537.36 (khtml, like gecko) chrome/63.0.3239.132 safari/537.36
 [ 2018-10-02 20:56:33 ] pid: 5736

 [ 2018-10-02 20:56:33 ] info: /index/article/5bb36a9f0226ae1668153f23
 [ 2018-10-02 20:56:33 ] brower: mozilla/5.0 (windows nt 10.0; wow64) applewebkit/537.36 (khtml, like gecko) chrome/63.0.3239.132 safari/537.36
 [ 2018-10-02 20:56:33 ] pid: 5736

 [ 2018-10-02 20:56:33 ] info: /index/share/5bb36a9f0226ae1668153f23?page=1&limit=8
 [ 2018-10-02 20:56:33 ] brower: mozilla/5.0 (windows nt 10.0; wow64) applewebkit/537.36 (khtml, like gecko) chrome/63.0.3239.132 safari/537.36
 [ 2018-10-02 20:56:33 ] pid: 5736

 [ 2018-10-02 20:56:33 ] info: /index/share
 [ 2018-10-02 20:56:33 ] brower: mozilla/5.0 (windows nt 10.0; wow64) applewebkit/537.36 (khtml, like gecko) chrome/63.0.3239.132 safari/537.36
 [ 2018-10-02 20:56:33 ] pid: 5736

 [ 2018-10-02 20:56:36 ] info: /index/loginout
 [ 2018-10-02 20:56:36 ] brower: mozilla/5.0 (windows nt 10.0; wow64) applewebkit/537.36 (khtml, like gecko) chrome/63.0.3239.132 safari/537.36
 [ 2018-10-02 20:56:36 ] pid: 5736

 [ 2018-10-02 20:56:36 ] info: /index
 [ 2018-10-02 20:56:36 ] brower: mozilla/5.0 (windows nt 10.0; wow64) applewebkit/537.36 (khtml, like gecko) chrome/63.0.3239.132 safari/537.36
 [ 2018-10-02 20:56:36 ] pid: 5736

 [ 2018-10-02 20:56:37 ] info: /mosc/api/column?page=1&limit=20
 [ 2018-10-02 20:56:37 ] brower: mozilla/5.0 (windows nt 10.0; wow64) applewebkit/537.36 (khtml, like gecko) chrome/63.0.3239.132 safari/537.36
 [ 2018-10-02 20:56:37 ] pid: 5736

 [ 2018-10-02 20:56:37 ] info: /index/article_list?id=5bb327f43253f6223440a350
 [ 2018-10-02 20:56:37 ] brower: mozilla/5.0 (windows nt 10.0; wow64) applewebkit/537.36 (khtml, like gecko) chrome/63.0.3239.132 safari/537.36
 [ 2018-10-02 20:56:37 ] pid: 5736

 [ 2018-10-02 20:56:37 ] info: /index/article/5bb36a9f0226ae1668153f23
 [ 2018-10-02 20:56:37 ] brower: mozilla/5.0 (windows nt 10.0; wow64) applewebkit/537.36 (khtml, like gecko) chrome/63.0.3239.132 safari/537.36
 [ 2018-10-02 20:56:37 ] pid: 5736

 [ 2018-10-02 20:56:37 ] info: /index/share/5bb36a9f0226ae1668153f23?page=1&limit=8
 [ 2018-10-02 20:56:37 ] brower: mozilla/5.0 (windows nt 10.0; wow64) applewebkit/537.36 (khtml, like gecko) chrome/63.0.3239.132 safari/537.36
 [ 2018-10-02 20:56:37 ] pid: 5736

 [ 2018-10-02 20:56:38 ] info: /index/login
 [ 2018-10-02 20:56:38 ] brower: mozilla/5.0 (windows nt 10.0; wow64) applewebkit/537.36 (khtml, like gecko) chrome/63.0.3239.132 safari/537.36
 [ 2018-10-02 20:56:38 ] pid: 5736

 [ 2018-10-02 20:56:48 ] info: /index/login
 [ 2018-10-02 20:56:48 ] brower: mozilla/5.0 (windows nt 10.0; wow64) applewebkit/537.36 (khtml, like gecko) chrome/63.0.3239.132 safari/537.36
 [ 2018-10-02 20:56:48 ] pid: 5736

 [ 2018-10-02 20:56:50 ] info: /index
 [ 2018-10-02 20:56:50 ] brower: mozilla/5.0 (windows nt 10.0; wow64) applewebkit/537.36 (khtml, like gecko) chrome/63.0.3239.132 safari/537.36
 [ 2018-10-02 20:56:50 ] pid: 5736

 [ 2018-10-02 20:56:50 ] info: /mosc/api/column?page=1&limit=20
 [ 2018-10-02 20:56:50 ] brower: mozilla/5.0 (windows nt 10.0; wow64) applewebkit/537.36 (khtml, like gecko) chrome/63.0.3239.132 safari/537.36
 [ 2018-10-02 20:56:50 ] pid: 5736

 [ 2018-10-02 20:56:50 ] info: /index/article_list?id=5bb327f43253f6223440a350
 [ 2018-10-02 20:56:50 ] brower: mozilla/5.0 (windows nt 10.0; wow64) applewebkit/537.36 (khtml, like gecko) chrome/63.0.3239.132 safari/537.36
 [ 2018-10-02 20:56:50 ] pid: 5736

 [ 2018-10-02 20:56:50 ] info: /index/article/5bb36a9f0226ae1668153f23
 [ 2018-10-02 20:56:50 ] brower: mozilla/5.0 (windows nt 10.0; wow64) applewebkit/537.36 (khtml, like gecko) chrome/63.0.3239.132 safari/537.36
 [ 2018-10-02 20:56:50 ] pid: 5736

 [ 2018-10-02 20:56:50 ] info: /index/share/5bb36a9f0226ae1668153f23?page=1&limit=8
 [ 2018-10-02 20:56:50 ] brower: mozilla/5.0 (windows nt 10.0; wow64) applewebkit/537.36 (khtml, like gecko) chrome/63.0.3239.132 safari/537.36
 [ 2018-10-02 20:56:50 ] pid: 5736

 [ 2018-10-02 21:00:51 ] info: /index
 [ 2018-10-02 21:00:51 ] brower: mozilla/5.0 (windows nt 10.0; wow64) applewebkit/537.36 (khtml, like gecko) chrome/63.0.3239.132 safari/537.36
 [ 2018-10-02 21:00:51 ] pid: 5736

 [ 2018-10-02 21:00:51 ] info: /mosc/api/column?page=1&limit=20
 [ 2018-10-02 21:00:51 ] brower: mozilla/5.0 (windows nt 10.0; wow64) applewebkit/537.36 (khtml, like gecko) chrome/63.0.3239.132 safari/537.36
 [ 2018-10-02 21:00:51 ] pid: 5736

 [ 2018-10-02 21:00:51 ] info: /index/article_list?id=5bb327f43253f6223440a350
 [ 2018-10-02 21:00:51 ] brower: mozilla/5.0 (windows nt 10.0; wow64) applewebkit/537.36 (khtml, like gecko) chrome/63.0.3239.132 safari/537.36
 [ 2018-10-02 21:00:51 ] pid: 5736

 [ 2018-10-02 21:00:51 ] info: /index/article/5bb36a9f0226ae1668153f23
 [ 2018-10-02 21:00:51 ] brower: mozilla/5.0 (windows nt 10.0; wow64) applewebkit/537.36 (khtml, like gecko) chrome/63.0.3239.132 safari/537.36
 [ 2018-10-02 21:00:51 ] pid: 5736

 [ 2018-10-02 21:00:51 ] info: /index/share/5bb36a9f0226ae1668153f23?page=1&limit=8
 [ 2018-10-02 21:00:51 ] brower: mozilla/5.0 (windows nt 10.0; wow64) applewebkit/537.36 (khtml, like gecko) chrome/63.0.3239.132 safari/537.36
 [ 2018-10-02 21:00:51 ] pid: 5736

 [ 2018-10-02 21:02:17 ] info: /index
 [ 2018-10-02 21:02:17 ] brower: mozilla/5.0 (windows nt 10.0; wow64) applewebkit/537.36 (khtml, like gecko) chrome/63.0.3239.132 safari/537.36
 [ 2018-10-02 21:02:17 ] pid: 5736

 [ 2018-10-02 21:02:18 ] info: /mosc/api/column?page=1&limit=20
 [ 2018-10-02 21:02:18 ] brower: mozilla/5.0 (windows nt 10.0; wow64) applewebkit/537.36 (khtml, like gecko) chrome/63.0.3239.132 safari/537.36
 [ 2018-10-02 21:02:18 ] pid: 5736

 [ 2018-10-02 21:02:18 ] info: /index/article_list?id=5bb327f43253f6223440a350
 [ 2018-10-02 21:02:18 ] brower: mozilla/5.0 (windows nt 10.0; wow64) applewebkit/537.36 (khtml, like gecko) chrome/63.0.3239.132 safari/537.36
 [ 2018-10-02 21:02:18 ] pid: 5736

 [ 2018-10-02 21:02:18 ] info: /index/article/5bb36a9f0226ae1668153f23
 [ 2018-10-02 21:02:18 ] brower: mozilla/5.0 (windows nt 10.0; wow64) applewebkit/537.36 (khtml, like gecko) chrome/63.0.3239.132 safari/537.36
 [ 2018-10-02 21:02:18 ] pid: 5736

 [ 2018-10-02 21:02:18 ] info: /index/share/5bb36a9f0226ae1668153f23?page=1&limit=8
 [ 2018-10-02 21:02:18 ] brower: mozilla/5.0 (windows nt 10.0; wow64) applewebkit/537.36 (khtml, like gecko) chrome/63.0.3239.132 safari/537.36
 [ 2018-10-02 21:02:18 ] pid: 5736

 [ 2018-10-02 21:02:34 ] info: /mosc/article_list/article_delete/
 [ 2018-10-02 21:02:34 ] brower: mozilla/5.0 (windows nt 10.0; wow64) applewebkit/537.36 (khtml, like gecko) chrome/63.0.3239.132 safari/537.36
 [ 2018-10-02 21:02:34 ] pid: 5736

 [ 2018-10-02 21:02:34 ] info: /mosc/article_list?id=5bb327f43253f6223440a350
 [ 2018-10-02 21:02:34 ] brower: mozilla/5.0 (windows nt 10.0; wow64) applewebkit/537.36 (khtml, like gecko) chrome/63.0.3239.132 safari/537.36
 [ 2018-10-02 21:02:34 ] pid: 5736

 [ 2018-10-02 21:02:36 ] info: /index
 [ 2018-10-02 21:02:36 ] brower: mozilla/5.0 (windows nt 10.0; wow64) applewebkit/537.36 (khtml, like gecko) chrome/63.0.3239.132 safari/537.36
 [ 2018-10-02 21:02:36 ] pid: 5736

 [ 2018-10-02 21:02:37 ] info: /mosc/api/column?page=1&limit=20
 [ 2018-10-02 21:02:37 ] brower: mozilla/5.0 (windows nt 10.0; wow64) applewebkit/537.36 (khtml, like gecko) chrome/63.0.3239.132 safari/537.36
 [ 2018-10-02 21:02:37 ] pid: 5736

 [ 2018-10-02 21:02:37 ] info: /index/article_list?id=5bb327f43253f6223440a350
 [ 2018-10-02 21:02:37 ] brower: mozilla/5.0 (windows nt 10.0; wow64) applewebkit/537.36 (khtml, like gecko) chrome/63.0.3239.132 safari/537.36
 [ 2018-10-02 21:02:37 ] pid: 5736

 [ 2018-10-02 21:02:43 ] info: /index
 [ 2018-10-02 21:02:43 ] brower: mozilla/5.0 (windows nt 10.0; wow64) applewebkit/537.36 (khtml, like gecko) chrome/63.0.3239.132 safari/537.36
 [ 2018-10-02 21:02:43 ] pid: 5736

 [ 2018-10-02 21:02:44 ] info: /mosc/api/column?page=1&limit=20
 [ 2018-10-02 21:02:44 ] brower: mozilla/5.0 (windows nt 10.0; wow64) applewebkit/537.36 (khtml, like gecko) chrome/63.0.3239.132 safari/537.36
 [ 2018-10-02 21:02:44 ] pid: 5736

 [ 2018-10-02 21:02:44 ] info: /index/article_list?id=5bb327f43253f6223440a350
 [ 2018-10-02 21:02:44 ] brower: mozilla/5.0 (windows nt 10.0; wow64) applewebkit/537.36 (khtml, like gecko) chrome/63.0.3239.132 safari/537.36
 [ 2018-10-02 21:02:44 ] pid: 5736

 [ 2018-10-02 21:03:22 ] info: /index
 [ 2018-10-02 21:03:22 ] brower: mozilla/5.0 (windows nt 10.0; wow64) applewebkit/537.36 (khtml, like gecko) chrome/63.0.3239.132 safari/537.36
 [ 2018-10-02 21:03:22 ] pid: 5736

 [ 2018-10-02 21:03:22 ] info: /mosc/api/column?page=1&limit=20
 [ 2018-10-02 21:03:22 ] brower: mozilla/5.0 (windows nt 10.0; wow64) applewebkit/537.36 (khtml, like gecko) chrome/63.0.3239.132 safari/537.36
 [ 2018-10-02 21:03:22 ] pid: 5736

 [ 2018-10-02 21:03:22 ] info: /index/article_list?id=5bb327f43253f6223440a350
 [ 2018-10-02 21:03:22 ] brower: mozilla/5.0 (windows nt 10.0; wow64) applewebkit/537.36 (khtml, like gecko) chrome/63.0.3239.132 safari/537.36
 [ 2018-10-02 21:03:22 ] pid: 5736

 [ 2018-10-02 21:04:49 ] info: /mosc/article_editor?column=5bb327f43253f6223440a350
 [ 2018-10-02 21:04:49 ] brower: mozilla/5.0 (windows nt 10.0; wow64) applewebkit/537.36 (khtml, like gecko) chrome/63.0.3239.132 safari/537.36
 [ 2018-10-02 21:04:49 ] pid: 5736

 [ 2018-10-02 21:04:56 ] info: /mosc/article_editor/
 [ 2018-10-02 21:04:56 ] brower: mozilla/5.0 (windows nt 10.0; wow64) applewebkit/537.36 (khtml, like gecko) chrome/63.0.3239.132 safari/537.36
 [ 2018-10-02 21:04:56 ] pid: 5736

 [ 2018-10-02 21:04:56 ] info: /mosc/article_list?id=5bb327f43253f6223440a350
 [ 2018-10-02 21:04:56 ] brower: mozilla/5.0 (windows nt 10.0; wow64) applewebkit/537.36 (khtml, like gecko) chrome/63.0.3239.132 safari/537.36
 [ 2018-10-02 21:04:56 ] pid: 5736

 [ 2018-10-02 21:04:58 ] info: /index
 [ 2018-10-02 21:04:58 ] brower: mozilla/5.0 (windows nt 10.0; wow64) applewebkit/537.36 (khtml, like gecko) chrome/63.0.3239.132 safari/537.36
 [ 2018-10-02 21:04:58 ] pid: 5736

 [ 2018-10-02 21:04:59 ] info: /mosc/api/column?page=1&limit=20
 [ 2018-10-02 21:04:59 ] brower: mozilla/5.0 (windows nt 10.0; wow64) applewebkit/537.36 (khtml, like gecko) chrome/63.0.3239.132 safari/537.36
 [ 2018-10-02 21:04:59 ] pid: 5736

 [ 2018-10-02 21:04:59 ] info: /index/article_list?id=5bb327f43253f6223440a350
 [ 2018-10-02 21:04:59 ] brower: mozilla/5.0 (windows nt 10.0; wow64) applewebkit/537.36 (khtml, like gecko) chrome/63.0.3239.132 safari/537.36
 [ 2018-10-02 21:04:59 ] pid: 5736

 [ 2018-10-02 21:04:59 ] info: /index/share/5bb36cf80226ae1668153f24?page=1&limit=8
 [ 2018-10-02 21:04:59 ] brower: mozilla/5.0 (windows nt 10.0; wow64) applewebkit/537.36 (khtml, like gecko) chrome/63.0.3239.132 safari/537.36
 [ 2018-10-02 21:04:59 ] pid: 5736

 [ 2018-10-02 21:04:59 ] info: /index/article/5bb36cf80226ae1668153f24
 [ 2018-10-02 21:04:59 ] brower: mozilla/5.0 (windows nt 10.0; wow64) applewebkit/537.36 (khtml, like gecko) chrome/63.0.3239.132 safari/537.36
 [ 2018-10-02 21:04:59 ] pid: 5736

 [ 2018-10-02 21:06:09 ] info: /index
 [ 2018-10-02 21:06:09 ] brower: mozilla/5.0 (windows nt 10.0; wow64) applewebkit/537.36 (khtml, like gecko) chrome/63.0.3239.132 safari/537.36
 [ 2018-10-02 21:06:09 ] pid: 5736

 [ 2018-10-02 21:06:10 ] info: /mosc/api/column?page=1&limit=20
 [ 2018-10-02 21:06:10 ] brower: mozilla/5.0 (windows nt 10.0; wow64) applewebkit/537.36 (khtml, like gecko) chrome/63.0.3239.132 safari/537.36
 [ 2018-10-02 21:06:10 ] pid: 5736

 [ 2018-10-02 21:06:10 ] info: /index/article_list?id=5bb327f43253f6223440a350
 [ 2018-10-02 21:06:10 ] brower: mozilla/5.0 (windows nt 10.0; wow64) applewebkit/537.36 (khtml, like gecko) chrome/63.0.3239.132 safari/537.36
 [ 2018-10-02 21:06:10 ] pid: 5736

 [ 2018-10-02 21:06:10 ] info: /index/article/5bb36cf80226ae1668153f24
 [ 2018-10-02 21:06:10 ] brower: mozilla/5.0 (windows nt 10.0; wow64) applewebkit/537.36 (khtml, like gecko) chrome/63.0.3239.132 safari/537.36
 [ 2018-10-02 21:06:10 ] pid: 5736

 [ 2018-10-02 21:06:10 ] info: /index/share/5bb36cf80226ae1668153f24?page=1&limit=8
 [ 2018-10-02 21:06:10 ] brower: mozilla/5.0 (windows nt 10.0; wow64) applewebkit/537.36 (khtml, like gecko) chrome/63.0.3239.132 safari/537.36
 [ 2018-10-02 21:06:10 ] pid: 5736

 [ 2018-10-02 21:06:14 ] info: /mosc/article_list/delete?id=5bb36cf80226ae1668153f24
 [ 2018-10-02 21:06:14 ] brower: mozilla/5.0 (windows nt 10.0; wow64) applewebkit/537.36 (khtml, like gecko) chrome/63.0.3239.132 safari/537.36
 [ 2018-10-02 21:06:14 ] pid: 5736

 [ 2018-10-02 21:06:14 ] info: /mosc/article_list?id=5bb327f43253f6223440a350
 [ 2018-10-02 21:06:14 ] brower: mozilla/5.0 (windows nt 10.0; wow64) applewebkit/537.36 (khtml, like gecko) chrome/63.0.3239.132 safari/537.36
 [ 2018-10-02 21:06:14 ] pid: 5736

 [ 2018-10-02 21:06:16 ] info: /index
 [ 2018-10-02 21:06:16 ] brower: mozilla/5.0 (windows nt 10.0; wow64) applewebkit/537.36 (khtml, like gecko) chrome/63.0.3239.132 safari/537.36
 [ 2018-10-02 21:06:16 ] pid: 5736

 [ 2018-10-02 21:06:16 ] info: /mosc/api/column?page=1&limit=20
 [ 2018-10-02 21:06:16 ] brower: mozilla/5.0 (windows nt 10.0; wow64) applewebkit/537.36 (khtml, like gecko) chrome/63.0.3239.132 safari/537.36
 [ 2018-10-02 21:06:16 ] pid: 5736

 [ 2018-10-02 21:06:16 ] info: /index/article_list?id=5bb327f43253f6223440a350
 [ 2018-10-02 21:06:16 ] brower: mozilla/5.0 (windows nt 10.0; wow64) applewebkit/537.36 (khtml, like gecko) chrome/63.0.3239.132 safari/537.36
 [ 2018-10-02 21:06:16 ] pid: 5736

 [ 2018-10-02 21:06:18 ] info: /index
 [ 2018-10-02 21:06:18 ] brower: mozilla/5.0 (windows nt 10.0; wow64) applewebkit/537.36 (khtml, like gecko) chrome/63.0.3239.132 safari/537.36
 [ 2018-10-02 21:06:18 ] pid: 5736

 [ 2018-10-02 21:06:18 ] info: /mosc/api/column?page=1&limit=20
 [ 2018-10-02 21:06:18 ] brower: mozilla/5.0 (windows nt 10.0; wow64) applewebkit/537.36 (khtml, like gecko) chrome/63.0.3239.132 safari/537.36
 [ 2018-10-02 21:06:18 ] pid: 5736

 [ 2018-10-02 21:06:18 ] info: /index/article_list?id=5bb327f43253f6223440a350
 [ 2018-10-02 21:06:18 ] brower: mozilla/5.0 (windows nt 10.0; wow64) applewebkit/537.36 (khtml, like gecko) chrome/63.0.3239.132 safari/537.36
 [ 2018-10-02 21:06:18 ] pid: 5736

 [ 2018-10-02 21:06:19 ] info: /index
 [ 2018-10-02 21:06:19 ] brower: mozilla/5.0 (windows nt 10.0; wow64) applewebkit/537.36 (khtml, like gecko) chrome/63.0.3239.132 safari/537.36
 [ 2018-10-02 21:06:19 ] pid: 5736

 [ 2018-10-02 21:06:19 ] info: /mosc/api/column?page=1&limit=20
 [ 2018-10-02 21:06:19 ] brower: mozilla/5.0 (windows nt 10.0; wow64) applewebkit/537.36 (khtml, like gecko) chrome/63.0.3239.132 safari/537.36
 [ 2018-10-02 21:06:19 ] pid: 5736

 [ 2018-10-02 21:06:19 ] info: /index/article_list?id=5bb327f43253f6223440a350
 [ 2018-10-02 21:06:19 ] brower: mozilla/5.0 (windows nt 10.0; wow64) applewebkit/537.36 (khtml, like gecko) chrome/63.0.3239.132 safari/537.36
 [ 2018-10-02 21:06:19 ] pid: 5736

 [ 2018-10-02 21:06:52 ] info: /index
 [ 2018-10-02 21:06:52 ] brower: mozilla/5.0 (windows nt 10.0; wow64) applewebkit/537.36 (khtml, like gecko) chrome/63.0.3239.132 safari/537.36
 [ 2018-10-02 21:06:52 ] pid: 5736

 [ 2018-10-02 21:06:53 ] info: /mosc/api/column?page=1&limit=20
 [ 2018-10-02 21:06:53 ] brower: mozilla/5.0 (windows nt 10.0; wow64) applewebkit/537.36 (khtml, like gecko) chrome/63.0.3239.132 safari/537.36
 [ 2018-10-02 21:06:53 ] pid: 5736

 [ 2018-10-02 21:06:53 ] info: /index/article_list?id=5bb327f43253f6223440a350
 [ 2018-10-02 21:06:53 ] brower: mozilla/5.0 (windows nt 10.0; wow64) applewebkit/537.36 (khtml, like gecko) chrome/63.0.3239.132 safari/537.36
 [ 2018-10-02 21:06:53 ] pid: 5736

 [ 2018-10-02 21:06:54 ] info: /index
 [ 2018-10-02 21:06:54 ] brower: mozilla/5.0 (windows nt 10.0; wow64) applewebkit/537.36 (khtml, like gecko) chrome/63.0.3239.132 safari/537.36
 [ 2018-10-02 21:06:54 ] pid: 5736

 [ 2018-10-02 21:06:55 ] info: /mosc/api/column?page=1&limit=20
 [ 2018-10-02 21:06:55 ] brower: mozilla/5.0 (windows nt 10.0; wow64) applewebkit/537.36 (khtml, like gecko) chrome/63.0.3239.132 safari/537.36
 [ 2018-10-02 21:06:55 ] pid: 5736

 [ 2018-10-02 21:06:55 ] info: /index/article_list?id=5bb327f43253f6223440a350
 [ 2018-10-02 21:06:55 ] brower: mozilla/5.0 (windows nt 10.0; wow64) applewebkit/537.36 (khtml, like gecko) chrome/63.0.3239.132 safari/537.36
 [ 2018-10-02 21:06:55 ] pid: 5736

 [ 2018-10-02 21:07:36 ] info: /index
 [ 2018-10-02 21:07:36 ] brower: mozilla/5.0 (windows nt 10.0; wow64) applewebkit/537.36 (khtml, like gecko) chrome/63.0.3239.132 safari/537.36
 [ 2018-10-02 21:07:36 ] pid: 5736

 [ 2018-10-02 21:07:37 ] info: /mosc/api/column?page=1&limit=20
 [ 2018-10-02 21:07:37 ] brower: mozilla/5.0 (windows nt 10.0; wow64) applewebkit/537.36 (khtml, like gecko) chrome/63.0.3239.132 safari/537.36
 [ 2018-10-02 21:07:37 ] pid: 5736

 [ 2018-10-02 21:07:37 ] info: /index/article_list?id=5bb327f43253f6223440a350
 [ 2018-10-02 21:07:37 ] brower: mozilla/5.0 (windows nt 10.0; wow64) applewebkit/537.36 (khtml, like gecko) chrome/63.0.3239.132 safari/537.36
 [ 2018-10-02 21:07:37 ] pid: 5736

 [ 2018-10-02 21:07:38 ] info: /index
 [ 2018-10-02 21:07:38 ] brower: mozilla/5.0 (windows nt 10.0; wow64) applewebkit/537.36 (khtml, like gecko) chrome/63.0.3239.132 safari/537.36
 [ 2018-10-02 21:07:38 ] pid: 5736

 [ 2018-10-02 21:07:39 ] info: /mosc/api/column?page=1&limit=20
 [ 2018-10-02 21:07:39 ] brower: mozilla/5.0 (windows nt 10.0; wow64) applewebkit/537.36 (khtml, like gecko) chrome/63.0.3239.132 safari/537.36
 [ 2018-10-02 21:07:39 ] pid: 5736

 [ 2018-10-02 21:07:39 ] info: /index/article_list?id=5bb327f43253f6223440a350
 [ 2018-10-02 21:07:39 ] brower: mozilla/5.0 (windows nt 10.0; wow64) applewebkit/537.36 (khtml, like gecko) chrome/63.0.3239.132 safari/537.36
 [ 2018-10-02 21:07:39 ] pid: 5736

 [ 2018-10-02 21:10:30 ] info: /index
 [ 2018-10-02 21:10:30 ] brower: mozilla/5.0 (windows nt 10.0; wow64) applewebkit/537.36 (khtml, like gecko) chrome/63.0.3239.132 safari/537.36
 [ 2018-10-02 21:10:30 ] pid: 5736

 [ 2018-10-02 21:10:31 ] info: /mosc/api/column?page=1&limit=20
 [ 2018-10-02 21:10:31 ] brower: mozilla/5.0 (windows nt 10.0; wow64) applewebkit/537.36 (khtml, like gecko) chrome/63.0.3239.132 safari/537.36
 [ 2018-10-02 21:10:31 ] pid: 5736

 [ 2018-10-02 21:10:31 ] info: /index/article_list?id=5bb327f43253f6223440a350
 [ 2018-10-02 21:10:31 ] brower: mozilla/5.0 (windows nt 10.0; wow64) applewebkit/537.36 (khtml, like gecko) chrome/63.0.3239.132 safari/537.36
 [ 2018-10-02 21:10:31 ] pid: 5736

 [ 2018-10-02 21:10:43 ] info: /mosc/article_editor?column=5bb327f43253f6223440a350
 [ 2018-10-02 21:10:43 ] brower: mozilla/5.0 (windows nt 10.0; wow64) applewebkit/537.36 (khtml, like gecko) chrome/63.0.3239.132 safari/537.36
 [ 2018-10-02 21:10:43 ] pid: 5736

 [ 2018-10-02 21:10:49 ] info: /mosc/article_editor/
 [ 2018-10-02 21:10:49 ] brower: mozilla/5.0 (windows nt 10.0; wow64) applewebkit/537.36 (khtml, like gecko) chrome/63.0.3239.132 safari/537.36
 [ 2018-10-02 21:10:49 ] pid: 5736

 [ 2018-10-02 21:10:49 ] info: /mosc/article_list?id=5bb327f43253f6223440a350
 [ 2018-10-02 21:10:49 ] brower: mozilla/5.0 (windows nt 10.0; wow64) applewebkit/537.36 (khtml, like gecko) chrome/63.0.3239.132 safari/537.36
 [ 2018-10-02 21:10:49 ] pid: 5736

 [ 2018-10-02 21:10:52 ] info: /index
 [ 2018-10-02 21:10:52 ] brower: mozilla/5.0 (windows nt 10.0; wow64) applewebkit/537.36 (khtml, like gecko) chrome/63.0.3239.132 safari/537.36
 [ 2018-10-02 21:10:52 ] pid: 5736

 [ 2018-10-02 21:10:52 ] info: /mosc/api/column?page=1&limit=20
 [ 2018-10-02 21:10:52 ] brower: mozilla/5.0 (windows nt 10.0; wow64) applewebkit/537.36 (khtml, like gecko) chrome/63.0.3239.132 safari/537.36
 [ 2018-10-02 21:10:52 ] pid: 5736

 [ 2018-10-02 21:10:52 ] info: /index/article_list?id=5bb327f43253f6223440a350
 [ 2018-10-02 21:10:52 ] brower: mozilla/5.0 (windows nt 10.0; wow64) applewebkit/537.36 (khtml, like gecko) chrome/63.0.3239.132 safari/537.36
 [ 2018-10-02 21:10:52 ] pid: 5736

 [ 2018-10-02 21:10:53 ] info: /index/article/5bb36e590226ae1668153f25
 [ 2018-10-02 21:10:53 ] brower: mozilla/5.0 (windows nt 10.0; wow64) applewebkit/537.36 (khtml, like gecko) chrome/63.0.3239.132 safari/537.36
 [ 2018-10-02 21:10:53 ] pid: 5736

 [ 2018-10-02 21:10:53 ] info: /index/share/5bb36e590226ae1668153f25?page=1&limit=8
 [ 2018-10-02 21:10:53 ] brower: mozilla/5.0 (windows nt 10.0; wow64) applewebkit/537.36 (khtml, like gecko) chrome/63.0.3239.132 safari/537.36
 [ 2018-10-02 21:10:53 ] pid: 5736

 [ 2018-10-02 21:10:53 ] info: /index/share
 [ 2018-10-02 21:10:53 ] brower: mozilla/5.0 (windows nt 10.0; wow64) applewebkit/537.36 (khtml, like gecko) chrome/63.0.3239.132 safari/537.36
 [ 2018-10-02 21:10:53 ] pid: 5736

 [ 2018-10-02 21:11:00 ] info: /index/share
 [ 2018-10-02 21:11:00 ] brower: mozilla/5.0 (windows nt 10.0; wow64) applewebkit/537.36 (khtml, like gecko) chrome/63.0.3239.132 safari/537.36
 [ 2018-10-02 21:11:00 ] pid: 5736

 [ 2018-10-02 21:11:24 ] info: /index
 [ 2018-10-02 21:11:24 ] brower: mozilla/5.0 (windows nt 10.0; wow64) applewebkit/537.36 (khtml, like gecko) chrome/63.0.3239.132 safari/537.36
 [ 2018-10-02 21:11:24 ] pid: 5736

 [ 2018-10-02 21:11:25 ] info: /mosc/api/column?page=1&limit=20
 [ 2018-10-02 21:11:25 ] brower: mozilla/5.0 (windows nt 10.0; wow64) applewebkit/537.36 (khtml, like gecko) chrome/63.0.3239.132 safari/537.36
 [ 2018-10-02 21:11:25 ] pid: 5736

 [ 2018-10-02 21:11:25 ] info: /index/article_list?id=5bb327f43253f6223440a350
 [ 2018-10-02 21:11:25 ] brower: mozilla/5.0 (windows nt 10.0; wow64) applewebkit/537.36 (khtml, like gecko) chrome/63.0.3239.132 safari/537.36
 [ 2018-10-02 21:11:25 ] pid: 5736

 [ 2018-10-02 21:11:25 ] info: /index/article/5bb36e590226ae1668153f25
 [ 2018-10-02 21:11:25 ] brower: mozilla/5.0 (windows nt 10.0; wow64) applewebkit/537.36 (khtml, like gecko) chrome/63.0.3239.132 safari/537.36
 [ 2018-10-02 21:11:25 ] pid: 5736

 [ 2018-10-02 21:11:25 ] info: /index/share/5bb36e590226ae1668153f25?page=1&limit=8
 [ 2018-10-02 21:11:25 ] brower: mozilla/5.0 (windows nt 10.0; wow64) applewebkit/537.36 (khtml, like gecko) chrome/63.0.3239.132 safari/537.36
 [ 2018-10-02 21:11:25 ] pid: 5736

 [ 2018-10-02 21:11:32 ] info: /index
 [ 2018-10-02 21:11:32 ] brower: mozilla/5.0 (windows nt 10.0; wow64) applewebkit/537.36 (khtml, like gecko) chrome/63.0.3239.132 safari/537.36
 [ 2018-10-02 21:11:32 ] pid: 5736

 [ 2018-10-02 21:11:32 ] info: /mosc/api/column?page=1&limit=20
 [ 2018-10-02 21:11:32 ] brower: mozilla/5.0 (windows nt 10.0; wow64) applewebkit/537.36 (khtml, like gecko) chrome/63.0.3239.132 safari/537.36
 [ 2018-10-02 21:11:32 ] pid: 5736

 [ 2018-10-02 21:11:32 ] info: /index/article_list?id=5bb327f43253f6223440a350
 [ 2018-10-02 21:11:32 ] brower: mozilla/5.0 (windows nt 10.0; wow64) applewebkit/537.36 (khtml, like gecko) chrome/63.0.3239.132 safari/537.36
 [ 2018-10-02 21:11:32 ] pid: 5736

 [ 2018-10-02 21:11:33 ] info: /index/share/5bb36e590226ae1668153f25?page=1&limit=8
 [ 2018-10-02 21:11:33 ] brower: mozilla/5.0 (windows nt 10.0; wow64) applewebkit/537.36 (khtml, like gecko) chrome/63.0.3239.132 safari/537.36
 [ 2018-10-02 21:11:33 ] pid: 5736

 [ 2018-10-02 21:11:33 ] info: /index/article/5bb36e590226ae1668153f25
 [ 2018-10-02 21:11:33 ] brower: mozilla/5.0 (windows nt 10.0; wow64) applewebkit/537.36 (khtml, like gecko) chrome/63.0.3239.132 safari/537.36
 [ 2018-10-02 21:11:33 ] pid: 5736

 [ 2018-10-02 21:17:31 ] info: /index
 [ 2018-10-02 21:17:31 ] brower: mozilla/5.0 (windows nt 10.0; wow64) applewebkit/537.36 (khtml, like gecko) chrome/63.0.3239.132 safari/537.36
 [ 2018-10-02 21:17:31 ] pid: 10688

 [ 2018-10-02 21:17:32 ] info: /mosc/api/column?page=1&limit=20
 [ 2018-10-02 21:17:32 ] brower: mozilla/5.0 (windows nt 10.0; wow64) applewebkit/537.36 (khtml, like gecko) chrome/63.0.3239.132 safari/537.36
 [ 2018-10-02 21:17:32 ] pid: 10688

 [ 2018-10-02 21:17:32 ] info: /index/article_list?id=5bb327f43253f6223440a350
 [ 2018-10-02 21:17:32 ] brower: mozilla/5.0 (windows nt 10.0; wow64) applewebkit/537.36 (khtml, like gecko) chrome/63.0.3239.132 safari/537.36
 [ 2018-10-02 21:17:32 ] pid: 10688

 [ 2018-10-02 21:17:32 ] info: /index/article/5bb36e590226ae1668153f25
 [ 2018-10-02 21:17:32 ] brower: mozilla/5.0 (windows nt 10.0; wow64) applewebkit/537.36 (khtml, like gecko) chrome/63.0.3239.132 safari/537.36
 [ 2018-10-02 21:17:32 ] pid: 10688

 [ 2018-10-02 21:17:32 ] info: /index/share/5bb36e590226ae1668153f25?page=1&limit=8
 [ 2018-10-02 21:17:32 ] brower: mozilla/5.0 (windows nt 10.0; wow64) applewebkit/537.36 (khtml, like gecko) chrome/63.0.3239.132 safari/537.36
 [ 2018-10-02 21:17:32 ] pid: 10688

 [ 2018-10-02 21:21:23 ] info: /index
 [ 2018-10-02 21:21:23 ] brower: mozilla/5.0 (windows nt 10.0; wow64) applewebkit/537.36 (khtml, like gecko) chrome/63.0.3239.132 safari/537.36
 [ 2018-10-02 21:21:23 ] pid: 816

 [ 2018-10-02 21:21:23 ] info: /mosc/api/column?page=1&limit=20
 [ 2018-10-02 21:21:23 ] brower: mozilla/5.0 (windows nt 10.0; wow64) applewebkit/537.36 (khtml, like gecko) chrome/63.0.3239.132 safari/537.36
 [ 2018-10-02 21:21:23 ] pid: 816

 [ 2018-10-02 21:21:23 ] info: /index/article_list?id=5bb327f43253f6223440a350
 [ 2018-10-02 21:21:23 ] brower: mozilla/5.0 (windows nt 10.0; wow64) applewebkit/537.36 (khtml, like gecko) chrome/63.0.3239.132 safari/537.36
 [ 2018-10-02 21:21:23 ] pid: 816

 [ 2018-10-02 21:21:23 ] info: /index/article/5bb36e590226ae1668153f25
 [ 2018-10-02 21:21:23 ] brower: mozilla/5.0 (windows nt 10.0; wow64) applewebkit/537.36 (khtml, like gecko) chrome/63.0.3239.132 safari/537.36
 [ 2018-10-02 21:21:23 ] pid: 816

 [ 2018-10-02 21:21:23 ] info: /index/share/5bb36e590226ae1668153f25?page=1&limit=8
 [ 2018-10-02 21:21:23 ] brower: mozilla/5.0 (windows nt 10.0; wow64) applewebkit/537.36 (khtml, like gecko) chrome/63.0.3239.132 safari/537.36
 [ 2018-10-02 21:21:23 ] pid: 816

 [ 2018-10-02 21:22:05 ] info: /index
 [ 2018-10-02 21:22:05 ] brower: mozilla/5.0 (windows nt 10.0; wow64) applewebkit/537.36 (khtml, like gecko) chrome/63.0.3239.132 safari/537.36
 [ 2018-10-02 21:22:05 ] pid: 816

 [ 2018-10-02 21:22:06 ] info: /mosc/api/column?page=1&limit=20
 [ 2018-10-02 21:22:06 ] brower: mozilla/5.0 (windows nt 10.0; wow64) applewebkit/537.36 (khtml, like gecko) chrome/63.0.3239.132 safari/537.36
 [ 2018-10-02 21:22:06 ] pid: 816

 [ 2018-10-02 21:22:06 ] info: /index/article_list?id=5bb327f43253f6223440a350
 [ 2018-10-02 21:22:06 ] brower: mozilla/5.0 (windows nt 10.0; wow64) applewebkit/537.36 (khtml, like gecko) chrome/63.0.3239.132 safari/537.36
 [ 2018-10-02 21:22:06 ] pid: 816

 [ 2018-10-02 21:22:06 ] info: /index/article/5bb36e590226ae1668153f25
 [ 2018-10-02 21:22:06 ] brower: mozilla/5.0 (windows nt 10.0; wow64) applewebkit/537.36 (khtml, like gecko) chrome/63.0.3239.132 safari/537.36
 [ 2018-10-02 21:22:06 ] pid: 816

 [ 2018-10-02 21:22:06 ] info: /index/share/5bb36e590226ae1668153f25?page=1&limit=8
 [ 2018-10-02 21:22:06 ] brower: mozilla/5.0 (windows nt 10.0; wow64) applewebkit/537.36 (khtml, like gecko) chrome/63.0.3239.132 safari/537.36
 [ 2018-10-02 21:22:06 ] pid: 816

 [ 2018-10-02 21:22:55 ] info: /index
 [ 2018-10-02 21:22:55 ] brower: mozilla/5.0 (windows nt 10.0; wow64) applewebkit/537.36 (khtml, like gecko) chrome/63.0.3239.132 safari/537.36
 [ 2018-10-02 21:22:55 ] pid: 816

 [ 2018-10-02 21:22:55 ] info: /mosc/api/column?page=1&limit=20
 [ 2018-10-02 21:22:55 ] brower: mozilla/5.0 (windows nt 10.0; wow64) applewebkit/537.36 (khtml, like gecko) chrome/63.0.3239.132 safari/537.36
 [ 2018-10-02 21:22:55 ] pid: 816

 [ 2018-10-02 21:22:56 ] info: /index/article_list?id=5bb327f43253f6223440a350
 [ 2018-10-02 21:22:56 ] brower: mozilla/5.0 (windows nt 10.0; wow64) applewebkit/537.36 (khtml, like gecko) chrome/63.0.3239.132 safari/537.36
 [ 2018-10-02 21:22:56 ] pid: 816

 [ 2018-10-02 21:22:56 ] info: /index/article/5bb36e590226ae1668153f25
 [ 2018-10-02 21:22:56 ] brower: mozilla/5.0 (windows nt 10.0; wow64) applewebkit/537.36 (khtml, like gecko) chrome/63.0.3239.132 safari/537.36
 [ 2018-10-02 21:22:56 ] pid: 816

 [ 2018-10-02 21:22:56 ] info: /index/share/5bb36e590226ae1668153f25?page=1&limit=8
 [ 2018-10-02 21:22:56 ] brower: mozilla/5.0 (windows nt 10.0; wow64) applewebkit/537.36 (khtml, like gecko) chrome/63.0.3239.132 safari/537.36
 [ 2018-10-02 21:22:56 ] pid: 816

 [ 2018-10-02 21:23:55 ] info: /index
 [ 2018-10-02 21:23:55 ] brower: mozilla/5.0 (windows nt 10.0; wow64) applewebkit/537.36 (khtml, like gecko) chrome/63.0.3239.132 safari/537.36
 [ 2018-10-02 21:23:55 ] pid: 816

 [ 2018-10-02 21:23:56 ] info: /mosc/api/column?page=1&limit=20
 [ 2018-10-02 21:23:56 ] brower: mozilla/5.0 (windows nt 10.0; wow64) applewebkit/537.36 (khtml, like gecko) chrome/63.0.3239.132 safari/537.36
 [ 2018-10-02 21:23:56 ] pid: 816

 [ 2018-10-02 21:23:56 ] info: /index/article_list?id=5bb327f43253f6223440a350
 [ 2018-10-02 21:23:56 ] brower: mozilla/5.0 (windows nt 10.0; wow64) applewebkit/537.36 (khtml, like gecko) chrome/63.0.3239.132 safari/537.36
 [ 2018-10-02 21:23:56 ] pid: 816

 [ 2018-10-02 21:23:56 ] info: /index/article/5bb36e590226ae1668153f25
 [ 2018-10-02 21:23:56 ] brower: mozilla/5.0 (windows nt 10.0; wow64) applewebkit/537.36 (khtml, like gecko) chrome/63.0.3239.132 safari/537.36
 [ 2018-10-02 21:23:56 ] pid: 816

 [ 2018-10-02 21:23:56 ] info: /index/share/5bb36e590226ae1668153f25?page=1&limit=8
 [ 2018-10-02 21:23:56 ] brower: mozilla/5.0 (windows nt 10.0; wow64) applewebkit/537.36 (khtml, like gecko) chrome/63.0.3239.132 safari/537.36
 [ 2018-10-02 21:23:56 ] pid: 816

 [ 2018-10-02 21:25:17 ] info: /index
 [ 2018-10-02 21:25:17 ] brower: mozilla/5.0 (windows nt 10.0; wow64) applewebkit/537.36 (khtml, like gecko) chrome/63.0.3239.132 safari/537.36
 [ 2018-10-02 21:25:17 ] pid: 816

 [ 2018-10-02 21:25:18 ] info: /mosc/api/column?page=1&limit=20
 [ 2018-10-02 21:25:18 ] brower: mozilla/5.0 (windows nt 10.0; wow64) applewebkit/537.36 (khtml, like gecko) chrome/63.0.3239.132 safari/537.36
 [ 2018-10-02 21:25:18 ] pid: 816

 [ 2018-10-02 21:25:18 ] info: /index/article_list?id=5bb327f43253f6223440a350
 [ 2018-10-02 21:25:18 ] brower: mozilla/5.0 (windows nt 10.0; wow64) applewebkit/537.36 (khtml, like gecko) chrome/63.0.3239.132 safari/537.36
 [ 2018-10-02 21:25:18 ] pid: 816

 [ 2018-10-02 21:25:18 ] info: /index/article/5bb36e590226ae1668153f25
 [ 2018-10-02 21:25:18 ] brower: mozilla/5.0 (windows nt 10.0; wow64) applewebkit/537.36 (khtml, like gecko) chrome/63.0.3239.132 safari/537.36
 [ 2018-10-02 21:25:18 ] pid: 816

 [ 2018-10-02 21:25:18 ] info: /index/share/5bb36e590226ae1668153f25?page=1&limit=8
 [ 2018-10-02 21:25:18 ] brower: mozilla/5.0 (windows nt 10.0; wow64) applewebkit/537.36 (khtml, like gecko) chrome/63.0.3239.132 safari/537.36
 [ 2018-10-02 21:25:18 ] pid: 816

 [ 2018-10-02 21:25:29 ] info: /index
 [ 2018-10-02 21:25:29 ] brower: mozilla/5.0 (windows nt 10.0; wow64) applewebkit/537.36 (khtml, like gecko) chrome/63.0.3239.132 safari/537.36
 [ 2018-10-02 21:25:29 ] pid: 816

 [ 2018-10-02 21:25:30 ] info: /mosc/api/column?page=1&limit=20
 [ 2018-10-02 21:25:30 ] brower: mozilla/5.0 (windows nt 10.0; wow64) applewebkit/537.36 (khtml, like gecko) chrome/63.0.3239.132 safari/537.36
 [ 2018-10-02 21:25:30 ] pid: 816

 [ 2018-10-02 21:25:30 ] info: /index/article_list?id=5bb327f43253f6223440a350
 [ 2018-10-02 21:25:30 ] brower: mozilla/5.0 (windows nt 10.0; wow64) applewebkit/537.36 (khtml, like gecko) chrome/63.0.3239.132 safari/537.36
 [ 2018-10-02 21:25:30 ] pid: 816

 [ 2018-10-02 21:25:30 ] info: /index/article/5bb36e590226ae1668153f25
 [ 2018-10-02 21:25:30 ] brower: mozilla/5.0 (windows nt 10.0; wow64) applewebkit/537.36 (khtml, like gecko) chrome/63.0.3239.132 safari/537.36
 [ 2018-10-02 21:25:30 ] pid: 816

 [ 2018-10-02 21:25:30 ] info: /index/share/5bb36e590226ae1668153f25?page=1&limit=8
 [ 2018-10-02 21:25:30 ] brower: mozilla/5.0 (windows nt 10.0; wow64) applewebkit/537.36 (khtml, like gecko) chrome/63.0.3239.132 safari/537.36
 [ 2018-10-02 21:25:30 ] pid: 816

 [ 2018-10-02 21:25:38 ] info: /index
 [ 2018-10-02 21:25:38 ] brower: mozilla/5.0 (windows nt 10.0; wow64) applewebkit/537.36 (khtml, like gecko) chrome/63.0.3239.132 safari/537.36
 [ 2018-10-02 21:25:38 ] pid: 816

 [ 2018-10-02 21:25:39 ] info: /mosc/api/column?page=1&limit=20
 [ 2018-10-02 21:25:39 ] brower: mozilla/5.0 (windows nt 10.0; wow64) applewebkit/537.36 (khtml, like gecko) chrome/63.0.3239.132 safari/537.36
 [ 2018-10-02 21:25:39 ] pid: 816

 [ 2018-10-02 21:25:39 ] info: /index/article_list?id=5bb327f43253f6223440a350
 [ 2018-10-02 21:25:39 ] brower: mozilla/5.0 (windows nt 10.0; wow64) applewebkit/537.36 (khtml, like gecko) chrome/63.0.3239.132 safari/537.36
 [ 2018-10-02 21:25:39 ] pid: 816

 [ 2018-10-02 21:25:39 ] info: /index/article/5bb36e590226ae1668153f25
 [ 2018-10-02 21:25:39 ] brower: mozilla/5.0 (windows nt 10.0; wow64) applewebkit/537.36 (khtml, like gecko) chrome/63.0.3239.132 safari/537.36
 [ 2018-10-02 21:25:39 ] pid: 816

 [ 2018-10-02 21:25:39 ] info: /index/share/5bb36e590226ae1668153f25?page=1&limit=8
 [ 2018-10-02 21:25:39 ] brower: mozilla/5.0 (windows nt 10.0; wow64) applewebkit/537.36 (khtml, like gecko) chrome/63.0.3239.132 safari/537.36
 [ 2018-10-02 21:25:39 ] pid: 816

 [ 2018-10-02 21:26:37 ] info: /index
 [ 2018-10-02 21:26:37 ] brower: mozilla/5.0 (windows nt 10.0; wow64) applewebkit/537.36 (khtml, like gecko) chrome/63.0.3239.132 safari/537.36
 [ 2018-10-02 21:26:37 ] pid: 816

 [ 2018-10-02 21:26:38 ] info: /mosc/api/column?page=1&limit=20
 [ 2018-10-02 21:26:38 ] brower: mozilla/5.0 (windows nt 10.0; wow64) applewebkit/537.36 (khtml, like gecko) chrome/63.0.3239.132 safari/537.36
 [ 2018-10-02 21:26:38 ] pid: 816

 [ 2018-10-02 21:26:38 ] info: /index/article_list?id=5bb327f43253f6223440a350
 [ 2018-10-02 21:26:38 ] brower: mozilla/5.0 (windows nt 10.0; wow64) applewebkit/537.36 (khtml, like gecko) chrome/63.0.3239.132 safari/537.36
 [ 2018-10-02 21:26:38 ] pid: 816

 [ 2018-10-02 21:26:38 ] info: /index/article/5bb36e590226ae1668153f25
 [ 2018-10-02 21:26:38 ] brower: mozilla/5.0 (windows nt 10.0; wow64) applewebkit/537.36 (khtml, like gecko) chrome/63.0.3239.132 safari/537.36
 [ 2018-10-02 21:26:38 ] pid: 816

 [ 2018-10-02 21:26:38 ] info: /index/share/5bb36e590226ae1668153f25?page=1&limit=8
 [ 2018-10-02 21:26:38 ] brower: mozilla/5.0 (windows nt 10.0; wow64) applewebkit/537.36 (khtml, like gecko) chrome/63.0.3239.132 safari/537.36
 [ 2018-10-02 21:26:38 ] pid: 816

