 [ 2018-8-27 14:50:00 ] info: /
 [ 2018-8-27 14:50:00 ] brower: mozilla/5.0 (windows nt 6.1; win64; x64) applewebkit/537.36 (khtml, like gecko) chrome/68.0.3440.106 safari/537.36
 [ 2018-8-27 14:50:00 ] pid: 4000

 [ 2018-8-27 14:50:00 ] info: /index
 [ 2018-8-27 14:50:00 ] brower: mozilla/5.0 (windows nt 6.1; win64; x64) applewebkit/537.36 (khtml, like gecko) chrome/68.0.3440.106 safari/537.36
 [ 2018-8-27 14:50:00 ] pid: 4000

 [ 2018-8-27 14:50:01 ] info: /mosc/api/column?page=1&limit=20
 [ 2018-8-27 14:50:01 ] brower: mozilla/5.0 (windows nt 6.1; win64; x64) applewebkit/537.36 (khtml, like gecko) chrome/68.0.3440.106 safari/537.36
 [ 2018-8-27 14:50:01 ] pid: 4000

 [ 2018-8-27 14:50:01 ] info: /index/article_list?id=5b74edc60c835319d021ce02
 [ 2018-8-27 14:50:01 ] brower: mozilla/5.0 (windows nt 6.1; win64; x64) applewebkit/537.36 (khtml, like gecko) chrome/68.0.3440.106 safari/537.36
 [ 2018-8-27 14:50:01 ] pid: 4000

 [ 2018-8-27 14:50:01 ] info: /index/article/5b74f088e6d5511878395437
 [ 2018-8-27 14:50:01 ] brower: mozilla/5.0 (windows nt 6.1; win64; x64) applewebkit/537.36 (khtml, like gecko) chrome/68.0.3440.106 safari/537.36
 [ 2018-8-27 14:50:01 ] pid: 4000

 [ 2018-8-27 14:50:05 ] info: /index/login
 [ 2018-8-27 14:50:05 ] brower: mozilla/5.0 (windows nt 6.1; win64; x64) applewebkit/537.36 (khtml, like gecko) chrome/68.0.3440.106 safari/537.36
 [ 2018-8-27 14:50:05 ] pid: 4000

 [ 2018-8-27 14:50:11 ] info: /index/login
 [ 2018-8-27 14:50:11 ] brower: mozilla/5.0 (windows nt 6.1; win64; x64) applewebkit/537.36 (khtml, like gecko) chrome/68.0.3440.106 safari/537.36
 [ 2018-8-27 14:50:11 ] pid: 4000

 [ 2018-8-27 14:51:20 ] info: /index/login
 [ 2018-8-27 14:51:20 ] brower: mozilla/5.0 (windows nt 6.1; win64; x64) applewebkit/537.36 (khtml, like gecko) chrome/68.0.3440.106 safari/537.36
 [ 2018-8-27 14:51:20 ] pid: 4000

 [ 2018-8-27 14:51:36 ] info: /mosc/
 [ 2018-8-27 14:51:36 ] brower: mozilla/5.0 (windows nt 6.1; win64; x64) applewebkit/537.36 (khtml, like gecko) chrome/68.0.3440.106 safari/537.36
 [ 2018-8-27 14:51:36 ] pid: 4000

 [ 2018-8-27 14:51:36 ] info: /mosc/login
 [ 2018-8-27 14:51:36 ] brower: mozilla/5.0 (windows nt 6.1; win64; x64) applewebkit/537.36 (khtml, like gecko) chrome/68.0.3440.106 safari/537.36
 [ 2018-8-27 14:51:36 ] pid: 4000

 [ 2018-8-27 14:51:42 ] info: /mosc/login
 [ 2018-8-27 14:51:42 ] brower: mozilla/5.0 (windows nt 6.1; win64; x64) applewebkit/537.36 (khtml, like gecko) chrome/68.0.3440.106 safari/537.36
 [ 2018-8-27 14:51:42 ] pid: 4000

 [ 2018-8-27 14:51:42 ] info: /mosc
 [ 2018-8-27 14:51:42 ] brower: mozilla/5.0 (windows nt 6.1; win64; x64) applewebkit/537.36 (khtml, like gecko) chrome/68.0.3440.106 safari/537.36
 [ 2018-8-27 14:51:42 ] pid: 4000

 [ 2018-8-27 14:51:42 ] info: /mosc/home
 [ 2018-8-27 14:51:42 ] brower: mozilla/5.0 (windows nt 6.1; win64; x64) applewebkit/537.36 (khtml, like gecko) chrome/68.0.3440.106 safari/537.36
 [ 2018-8-27 14:51:42 ] pid: 4000

 [ 2018-8-27 14:51:42 ] info: /mosc/home/allCount/
 [ 2018-8-27 14:51:42 ] brower: mozilla/5.0 (windows nt 6.1; win64; x64) applewebkit/537.36 (khtml, like gecko) chrome/68.0.3440.106 safari/537.36
 [ 2018-8-27 14:51:42 ] pid: 4000

 [ 2018-8-27 14:51:42 ] info: /mosc/home/allUser/
 [ 2018-8-27 14:51:42 ] brower: mozilla/5.0 (windows nt 6.1; win64; x64) applewebkit/537.36 (khtml, like gecko) chrome/68.0.3440.106 safari/537.36
 [ 2018-8-27 14:51:42 ] pid: 4000

 [ 2018-8-27 14:51:42 ] info: /mosc/home/allColumn/
 [ 2018-8-27 14:51:42 ] brower: mozilla/5.0 (windows nt 6.1; win64; x64) applewebkit/537.36 (khtml, like gecko) chrome/68.0.3440.106 safari/537.36
 [ 2018-8-27 14:51:42 ] pid: 4000

 [ 2018-8-27 14:51:42 ] info: /mosc/home/readColumn/
 [ 2018-8-27 14:51:42 ] brower: mozilla/5.0 (windows nt 6.1; win64; x64) applewebkit/537.36 (khtml, like gecko) chrome/68.0.3440.106 safari/537.36
 [ 2018-8-27 14:51:42 ] pid: 4000

 [ 2018-8-27 14:51:42 ] info: /mosc/home/readCount/
 [ 2018-8-27 14:51:42 ] brower: mozilla/5.0 (windows nt 6.1; win64; x64) applewebkit/537.36 (khtml, like gecko) chrome/68.0.3440.106 safari/537.36
 [ 2018-8-27 14:51:42 ] pid: 4000

 [ 2018-8-27 14:51:50 ] info: /mosc/column
 [ 2018-8-27 14:51:50 ] brower: mozilla/5.0 (windows nt 6.1; win64; x64) applewebkit/537.36 (khtml, like gecko) chrome/68.0.3440.106 safari/537.36
 [ 2018-8-27 14:51:50 ] pid: 4000

 [ 2018-8-27 14:51:50 ] info: /mosc/api/column?page=1&limit=10
 [ 2018-8-27 14:51:50 ] brower: mozilla/5.0 (windows nt 6.1; win64; x64) applewebkit/537.36 (khtml, like gecko) chrome/68.0.3440.106 safari/537.36
 [ 2018-8-27 14:51:50 ] pid: 4000

 [ 2018-8-27 14:51:52 ] info: /mosc/message
 [ 2018-8-27 14:51:52 ] brower: mozilla/5.0 (windows nt 6.1; win64; x64) applewebkit/537.36 (khtml, like gecko) chrome/68.0.3440.106 safari/537.36
 [ 2018-8-27 14:51:52 ] pid: 4000

 [ 2018-8-27 14:51:52 ] info: /mosc/user_list
 [ 2018-8-27 14:51:52 ] brower: mozilla/5.0 (windows nt 6.1; win64; x64) applewebkit/537.36 (khtml, like gecko) chrome/68.0.3440.106 safari/537.36
 [ 2018-8-27 14:51:52 ] pid: 4000

 [ 2018-8-27 14:51:52 ] info: /mosc/user_list/api?page=1&limit=10
 [ 2018-8-27 14:51:52 ] brower: mozilla/5.0 (windows nt 6.1; win64; x64) applewebkit/537.36 (khtml, like gecko) chrome/68.0.3440.106 safari/537.36
 [ 2018-8-27 14:51:52 ] pid: 4000

 [ 2018-8-27 14:51:59 ] info: /mosc/user_list/update
 [ 2018-8-27 14:51:59 ] brower: mozilla/5.0 (windows nt 6.1; win64; x64) applewebkit/537.36 (khtml, like gecko) chrome/68.0.3440.106 safari/537.36
 [ 2018-8-27 14:51:59 ] pid: 4000

 [ 2018-8-27 14:52:06 ] info: /index/login
 [ 2018-8-27 14:52:06 ] brower: mozilla/5.0 (windows nt 6.1; win64; x64) applewebkit/537.36 (khtml, like gecko) chrome/68.0.3440.106 safari/537.36
 [ 2018-8-27 14:52:06 ] pid: 4000

 [ 2018-8-27 14:52:13 ] info: /index/login
 [ 2018-8-27 14:52:13 ] brower: mozilla/5.0 (windows nt 6.1; win64; x64) applewebkit/537.36 (khtml, like gecko) chrome/68.0.3440.106 safari/537.36
 [ 2018-8-27 14:52:13 ] pid: 4000

 [ 2018-8-27 14:52:18 ] info: /index/login
 [ 2018-8-27 14:52:18 ] brower: mozilla/5.0 (windows nt 6.1; win64; x64) applewebkit/537.36 (khtml, like gecko) chrome/68.0.3440.106 safari/537.36
 [ 2018-8-27 14:52:18 ] pid: 4000

 [ 2018-8-27 14:52:19 ] info: /index/login
 [ 2018-8-27 14:52:19 ] brower: mozilla/5.0 (windows nt 6.1; win64; x64) applewebkit/537.36 (khtml, like gecko) chrome/68.0.3440.106 safari/537.36
 [ 2018-8-27 14:52:19 ] pid: 4000

 [ 2018-8-27 14:52:19 ] info: /index/login
 [ 2018-8-27 14:52:19 ] brower: mozilla/5.0 (windows nt 6.1; win64; x64) applewebkit/537.36 (khtml, like gecko) chrome/68.0.3440.106 safari/537.36
 [ 2018-8-27 14:52:19 ] pid: 4000

 [ 2018-8-27 14:52:19 ] info: /index/login
 [ 2018-8-27 14:52:19 ] brower: mozilla/5.0 (windows nt 6.1; win64; x64) applewebkit/537.36 (khtml, like gecko) chrome/68.0.3440.106 safari/537.36
 [ 2018-8-27 14:52:19 ] pid: 4000

 [ 2018-8-27 14:52:19 ] info: /index/login
 [ 2018-8-27 14:52:19 ] brower: mozilla/5.0 (windows nt 6.1; win64; x64) applewebkit/537.36 (khtml, like gecko) chrome/68.0.3440.106 safari/537.36
 [ 2018-8-27 14:52:19 ] pid: 4000

 [ 2018-8-27 14:52:20 ] info: /index/login
 [ 2018-8-27 14:52:20 ] brower: mozilla/5.0 (windows nt 6.1; win64; x64) applewebkit/537.36 (khtml, like gecko) chrome/68.0.3440.106 safari/537.36
 [ 2018-8-27 14:52:20 ] pid: 4000

 [ 2018-8-27 14:52:21 ] info: /index/login
 [ 2018-8-27 14:52:21 ] brower: mozilla/5.0 (windows nt 6.1; win64; x64) applewebkit/537.36 (khtml, like gecko) chrome/68.0.3440.106 safari/537.36
 [ 2018-8-27 14:52:21 ] pid: 4000

 [ 2018-8-27 14:52:23 ] info: /index
 [ 2018-8-27 14:52:23 ] brower: mozilla/5.0 (windows nt 6.1; win64; x64) applewebkit/537.36 (khtml, like gecko) chrome/68.0.3440.106 safari/537.36
 [ 2018-8-27 14:52:23 ] pid: 4000

 [ 2018-8-27 14:52:23 ] info: /mosc/api/column?page=1&limit=20
 [ 2018-8-27 14:52:23 ] brower: mozilla/5.0 (windows nt 6.1; win64; x64) applewebkit/537.36 (khtml, like gecko) chrome/68.0.3440.106 safari/537.36
 [ 2018-8-27 14:52:23 ] pid: 4000

 [ 2018-8-27 14:52:23 ] info: /index/article_list?id=5b74edc60c835319d021ce02
 [ 2018-8-27 14:52:23 ] brower: mozilla/5.0 (windows nt 6.1; win64; x64) applewebkit/537.36 (khtml, like gecko) chrome/68.0.3440.106 safari/537.36
 [ 2018-8-27 14:52:23 ] pid: 4000

 [ 2018-8-27 14:52:23 ] info: /index/article/5b74f088e6d5511878395437
 [ 2018-8-27 14:52:23 ] brower: mozilla/5.0 (windows nt 6.1; win64; x64) applewebkit/537.36 (khtml, like gecko) chrome/68.0.3440.106 safari/537.36
 [ 2018-8-27 14:52:23 ] pid: 4000

 [ 2018-8-27 14:52:25 ] info: /index/loginout
 [ 2018-8-27 14:52:25 ] brower: mozilla/5.0 (windows nt 6.1; win64; x64) applewebkit/537.36 (khtml, like gecko) chrome/68.0.3440.106 safari/537.36
 [ 2018-8-27 14:52:25 ] pid: 4000

 [ 2018-8-27 14:52:25 ] info: /index
 [ 2018-8-27 14:52:25 ] brower: mozilla/5.0 (windows nt 6.1; win64; x64) applewebkit/537.36 (khtml, like gecko) chrome/68.0.3440.106 safari/537.36
 [ 2018-8-27 14:52:25 ] pid: 4000

 [ 2018-8-27 14:52:25 ] info: /mosc/api/column?page=1&limit=20
 [ 2018-8-27 14:52:25 ] brower: mozilla/5.0 (windows nt 6.1; win64; x64) applewebkit/537.36 (khtml, like gecko) chrome/68.0.3440.106 safari/537.36
 [ 2018-8-27 14:52:25 ] pid: 4000

 [ 2018-8-27 14:52:25 ] info: /index/article_list?id=5b74edc60c835319d021ce02
 [ 2018-8-27 14:52:25 ] brower: mozilla/5.0 (windows nt 6.1; win64; x64) applewebkit/537.36 (khtml, like gecko) chrome/68.0.3440.106 safari/537.36
 [ 2018-8-27 14:52:25 ] pid: 4000

 [ 2018-8-27 14:52:25 ] info: /index/article/5b74f088e6d5511878395437
 [ 2018-8-27 14:52:25 ] brower: mozilla/5.0 (windows nt 6.1; win64; x64) applewebkit/537.36 (khtml, like gecko) chrome/68.0.3440.106 safari/537.36
 [ 2018-8-27 14:52:25 ] pid: 4000

 [ 2018-8-27 14:53:05 ] info: /index/login
 [ 2018-8-27 14:53:05 ] brower: mozilla/5.0 (windows nt 6.1; win64; x64) applewebkit/537.36 (khtml, like gecko) chrome/68.0.3440.106 safari/537.36
 [ 2018-8-27 14:53:05 ] pid: 4000

 [ 2018-8-27 14:53:10 ] info: /index/login
 [ 2018-8-27 14:53:10 ] brower: mozilla/5.0 (windows nt 6.1; win64; x64) applewebkit/537.36 (khtml, like gecko) chrome/68.0.3440.106 safari/537.36
 [ 2018-8-27 14:53:10 ] pid: 4000

 [ 2018-8-27 14:53:12 ] info: /index/login
 [ 2018-8-27 14:53:12 ] brower: mozilla/5.0 (windows nt 6.1; win64; x64) applewebkit/537.36 (khtml, like gecko) chrome/68.0.3440.106 safari/537.36
 [ 2018-8-27 14:53:12 ] pid: 4000

 [ 2018-8-27 14:55:39 ] info: /index
 [ 2018-8-27 14:55:39 ] brower: mozilla/5.0 (windows nt 6.1; win64; x64) applewebkit/537.36 (khtml, like gecko) chrome/68.0.3440.106 safari/537.36
 [ 2018-8-27 14:55:39 ] pid: 4364

 [ 2018-8-27 14:55:39 ] info: /mosc/api/column?page=1&limit=20
 [ 2018-8-27 14:55:39 ] brower: mozilla/5.0 (windows nt 6.1; win64; x64) applewebkit/537.36 (khtml, like gecko) chrome/68.0.3440.106 safari/537.36
 [ 2018-8-27 14:55:39 ] pid: 4364

 [ 2018-8-27 14:55:39 ] info: /index/article_list?id=5b74edc60c835319d021ce02
 [ 2018-8-27 14:55:39 ] brower: mozilla/5.0 (windows nt 6.1; win64; x64) applewebkit/537.36 (khtml, like gecko) chrome/68.0.3440.106 safari/537.36
 [ 2018-8-27 14:55:39 ] pid: 4364

 [ 2018-8-27 14:55:39 ] info: /index/article/5b74f088e6d5511878395437
 [ 2018-8-27 14:55:39 ] brower: mozilla/5.0 (windows nt 6.1; win64; x64) applewebkit/537.36 (khtml, like gecko) chrome/68.0.3440.106 safari/537.36
 [ 2018-8-27 14:55:39 ] pid: 4364

 [ 2018-8-27 14:55:40 ] info: /index/login
 [ 2018-8-27 14:55:40 ] brower: mozilla/5.0 (windows nt 6.1; win64; x64) applewebkit/537.36 (khtml, like gecko) chrome/68.0.3440.106 safari/537.36
 [ 2018-8-27 14:55:40 ] pid: 4364

 [ 2018-8-27 14:55:45 ] info: /index/login
 [ 2018-8-27 14:55:45 ] brower: mozilla/5.0 (windows nt 6.1; win64; x64) applewebkit/537.36 (khtml, like gecko) chrome/68.0.3440.106 safari/537.36
 [ 2018-8-27 14:55:45 ] pid: 4364

 [ 2018-8-27 14:56:27 ] info: /index
 [ 2018-8-27 14:56:27 ] brower: mozilla/5.0 (windows nt 6.1; win64; x64) applewebkit/537.36 (khtml, like gecko) chrome/68.0.3440.106 safari/537.36
 [ 2018-8-27 14:56:27 ] pid: 3408

 [ 2018-8-27 14:56:27 ] info: /mosc/api/column?page=1&limit=20
 [ 2018-8-27 14:56:27 ] brower: mozilla/5.0 (windows nt 6.1; win64; x64) applewebkit/537.36 (khtml, like gecko) chrome/68.0.3440.106 safari/537.36
 [ 2018-8-27 14:56:27 ] pid: 3408

 [ 2018-8-27 14:56:27 ] info: /index/article_list?id=5b74edc60c835319d021ce02
 [ 2018-8-27 14:56:27 ] brower: mozilla/5.0 (windows nt 6.1; win64; x64) applewebkit/537.36 (khtml, like gecko) chrome/68.0.3440.106 safari/537.36
 [ 2018-8-27 14:56:27 ] pid: 3408

 [ 2018-8-27 14:56:27 ] info: /index/article/5b74f088e6d5511878395437
 [ 2018-8-27 14:56:27 ] brower: mozilla/5.0 (windows nt 6.1; win64; x64) applewebkit/537.36 (khtml, like gecko) chrome/68.0.3440.106 safari/537.36
 [ 2018-8-27 14:56:27 ] pid: 3408

 [ 2018-8-27 14:56:28 ] info: /index/login
 [ 2018-8-27 14:56:28 ] brower: mozilla/5.0 (windows nt 6.1; win64; x64) applewebkit/537.36 (khtml, like gecko) chrome/68.0.3440.106 safari/537.36
 [ 2018-8-27 14:56:28 ] pid: 3408

 [ 2018-8-27 14:56:32 ] info: /index/login
 [ 2018-8-27 14:56:32 ] brower: mozilla/5.0 (windows nt 6.1; win64; x64) applewebkit/537.36 (khtml, like gecko) chrome/68.0.3440.106 safari/537.36
 [ 2018-8-27 14:56:32 ] pid: 3408

 [ 2018-8-27 14:57:40 ] info: /index
 [ 2018-8-27 14:57:40 ] brower: mozilla/5.0 (windows nt 6.1; win64; x64) applewebkit/537.36 (khtml, like gecko) chrome/68.0.3440.106 safari/537.36
 [ 2018-8-27 14:57:40 ] pid: 3552

 [ 2018-8-27 14:57:40 ] info: /mosc/api/column?page=1&limit=20
 [ 2018-8-27 14:57:40 ] brower: mozilla/5.0 (windows nt 6.1; win64; x64) applewebkit/537.36 (khtml, like gecko) chrome/68.0.3440.106 safari/537.36
 [ 2018-8-27 14:57:40 ] pid: 3552

 [ 2018-8-27 14:57:40 ] info: /index/article_list?id=5b74edc60c835319d021ce02
 [ 2018-8-27 14:57:40 ] brower: mozilla/5.0 (windows nt 6.1; win64; x64) applewebkit/537.36 (khtml, like gecko) chrome/68.0.3440.106 safari/537.36
 [ 2018-8-27 14:57:40 ] pid: 3552

 [ 2018-8-27 14:57:40 ] info: /index/article/5b74f088e6d5511878395437
 [ 2018-8-27 14:57:40 ] brower: mozilla/5.0 (windows nt 6.1; win64; x64) applewebkit/537.36 (khtml, like gecko) chrome/68.0.3440.106 safari/537.36
 [ 2018-8-27 14:57:40 ] pid: 3552

 [ 2018-8-27 14:57:41 ] info: /index/login
 [ 2018-8-27 14:57:41 ] brower: mozilla/5.0 (windows nt 6.1; win64; x64) applewebkit/537.36 (khtml, like gecko) chrome/68.0.3440.106 safari/537.36
 [ 2018-8-27 14:57:41 ] pid: 3552

 [ 2018-8-27 14:57:46 ] info: /index/login
 [ 2018-8-27 14:57:46 ] brower: mozilla/5.0 (windows nt 6.1; win64; x64) applewebkit/537.36 (khtml, like gecko) chrome/68.0.3440.106 safari/537.36
 [ 2018-8-27 14:57:46 ] pid: 3552

 [ 2018-8-27 14:58:15 ] info: /index
 [ 2018-8-27 14:58:15 ] brower: mozilla/5.0 (windows nt 6.1; win64; x64) applewebkit/537.36 (khtml, like gecko) chrome/68.0.3440.106 safari/537.36
 [ 2018-8-27 14:58:15 ] pid: 4480

 [ 2018-8-27 14:58:16 ] info: /mosc/api/column?page=1&limit=20
 [ 2018-8-27 14:58:16 ] brower: mozilla/5.0 (windows nt 6.1; win64; x64) applewebkit/537.36 (khtml, like gecko) chrome/68.0.3440.106 safari/537.36
 [ 2018-8-27 14:58:16 ] pid: 4480

 [ 2018-8-27 14:58:16 ] info: /index/article_list?id=5b74edc60c835319d021ce02
 [ 2018-8-27 14:58:16 ] brower: mozilla/5.0 (windows nt 6.1; win64; x64) applewebkit/537.36 (khtml, like gecko) chrome/68.0.3440.106 safari/537.36
 [ 2018-8-27 14:58:16 ] pid: 4480

 [ 2018-8-27 14:58:16 ] info: /index/article/5b74f088e6d5511878395437
 [ 2018-8-27 14:58:16 ] brower: mozilla/5.0 (windows nt 6.1; win64; x64) applewebkit/537.36 (khtml, like gecko) chrome/68.0.3440.106 safari/537.36
 [ 2018-8-27 14:58:16 ] pid: 4480

 [ 2018-8-27 14:58:17 ] info: /index/login
 [ 2018-8-27 14:58:17 ] brower: mozilla/5.0 (windows nt 6.1; win64; x64) applewebkit/537.36 (khtml, like gecko) chrome/68.0.3440.106 safari/537.36
 [ 2018-8-27 14:58:17 ] pid: 4480

 [ 2018-8-27 14:58:22 ] info: /index/login
 [ 2018-8-27 14:58:22 ] brower: mozilla/5.0 (windows nt 6.1; win64; x64) applewebkit/537.36 (khtml, like gecko) chrome/68.0.3440.106 safari/537.36
 [ 2018-8-27 14:58:22 ] pid: 4480

 [ 2018-8-27 14:59:07 ] info: /index
 [ 2018-8-27 14:59:07 ] brower: mozilla/5.0 (windows nt 6.1; win64; x64) applewebkit/537.36 (khtml, like gecko) chrome/68.0.3440.106 safari/537.36
 [ 2018-8-27 14:59:07 ] pid: 5576

 [ 2018-8-27 14:59:07 ] info: /mosc/api/column?page=1&limit=20
 [ 2018-8-27 14:59:07 ] brower: mozilla/5.0 (windows nt 6.1; win64; x64) applewebkit/537.36 (khtml, like gecko) chrome/68.0.3440.106 safari/537.36
 [ 2018-8-27 14:59:07 ] pid: 5576

 [ 2018-8-27 14:59:07 ] info: /index/article_list?id=5b74edc60c835319d021ce02
 [ 2018-8-27 14:59:07 ] brower: mozilla/5.0 (windows nt 6.1; win64; x64) applewebkit/537.36 (khtml, like gecko) chrome/68.0.3440.106 safari/537.36
 [ 2018-8-27 14:59:07 ] pid: 5576

 [ 2018-8-27 14:59:07 ] info: /index/article/5b74f088e6d5511878395437
 [ 2018-8-27 14:59:07 ] brower: mozilla/5.0 (windows nt 6.1; win64; x64) applewebkit/537.36 (khtml, like gecko) chrome/68.0.3440.106 safari/537.36
 [ 2018-8-27 14:59:07 ] pid: 5576

 [ 2018-8-27 14:59:07 ] info: /index/login
 [ 2018-8-27 14:59:07 ] brower: mozilla/5.0 (windows nt 6.1; win64; x64) applewebkit/537.36 (khtml, like gecko) chrome/68.0.3440.106 safari/537.36
 [ 2018-8-27 14:59:07 ] pid: 5576

 [ 2018-8-27 14:59:11 ] info: /index/login
 [ 2018-8-27 14:59:11 ] brower: mozilla/5.0 (windows nt 6.1; win64; x64) applewebkit/537.36 (khtml, like gecko) chrome/68.0.3440.106 safari/537.36
 [ 2018-8-27 14:59:11 ] pid: 5576

 [ 2018-8-27 14:59:12 ] info: /index
 [ 2018-8-27 14:59:12 ] brower: mozilla/5.0 (windows nt 6.1; win64; x64) applewebkit/537.36 (khtml, like gecko) chrome/68.0.3440.106 safari/537.36
 [ 2018-8-27 14:59:12 ] pid: 5576

 [ 2018-8-27 14:59:13 ] info: /mosc/api/column?page=1&limit=20
 [ 2018-8-27 14:59:13 ] brower: mozilla/5.0 (windows nt 6.1; win64; x64) applewebkit/537.36 (khtml, like gecko) chrome/68.0.3440.106 safari/537.36
 [ 2018-8-27 14:59:13 ] pid: 5576

 [ 2018-8-27 14:59:13 ] info: /index/article_list?id=5b74edc60c835319d021ce02
 [ 2018-8-27 14:59:13 ] brower: mozilla/5.0 (windows nt 6.1; win64; x64) applewebkit/537.36 (khtml, like gecko) chrome/68.0.3440.106 safari/537.36
 [ 2018-8-27 14:59:13 ] pid: 5576

 [ 2018-8-27 14:59:13 ] info: /index/article/5b74f088e6d5511878395437
 [ 2018-8-27 14:59:13 ] brower: mozilla/5.0 (windows nt 6.1; win64; x64) applewebkit/537.36 (khtml, like gecko) chrome/68.0.3440.106 safari/537.36
 [ 2018-8-27 14:59:13 ] pid: 5576

 [ 2018-8-27 15:01:12 ] info: /mosc/user_list/update
 [ 2018-8-27 15:01:12 ] brower: mozilla/5.0 (windows nt 6.1; win64; x64) applewebkit/537.36 (khtml, like gecko) chrome/68.0.3440.106 safari/537.36
 [ 2018-8-27 15:01:12 ] pid: 5576

 [ 2018-8-27 15:01:12 ] info: /mosc/login
 [ 2018-8-27 15:01:12 ] brower: mozilla/5.0 (windows nt 6.1; win64; x64) applewebkit/537.36 (khtml, like gecko) chrome/68.0.3440.106 safari/537.36
 [ 2018-8-27 15:01:12 ] pid: 5576

 [ 2018-8-27 15:01:17 ] info: /mosc/user_list/update
 [ 2018-8-27 15:01:17 ] brower: mozilla/5.0 (windows nt 6.1; win64; x64) applewebkit/537.36 (khtml, like gecko) chrome/68.0.3440.106 safari/537.36
 [ 2018-8-27 15:01:17 ] pid: 5576

 [ 2018-8-27 15:01:17 ] info: /mosc/login
 [ 2018-8-27 15:01:17 ] brower: mozilla/5.0 (windows nt 6.1; win64; x64) applewebkit/537.36 (khtml, like gecko) chrome/68.0.3440.106 safari/537.36
 [ 2018-8-27 15:01:17 ] pid: 5576

 [ 2018-8-27 15:01:54 ] info: /mosc/user_list/update
 [ 2018-8-27 15:01:54 ] brower: mozilla/5.0 (windows nt 6.1; win64; x64) applewebkit/537.36 (khtml, like gecko) chrome/68.0.3440.106 safari/537.36
 [ 2018-8-27 15:01:54 ] pid: 5576

 [ 2018-8-27 15:01:54 ] info: /mosc/login
 [ 2018-8-27 15:01:54 ] brower: mozilla/5.0 (windows nt 6.1; win64; x64) applewebkit/537.36 (khtml, like gecko) chrome/68.0.3440.106 safari/537.36
 [ 2018-8-27 15:01:54 ] pid: 5576

 [ 2018-8-27 15:01:56 ] info: /mosc/user_list/update
 [ 2018-8-27 15:01:56 ] brower: mozilla/5.0 (windows nt 6.1; win64; x64) applewebkit/537.36 (khtml, like gecko) chrome/68.0.3440.106 safari/537.36
 [ 2018-8-27 15:01:56 ] pid: 5576

 [ 2018-8-27 15:01:56 ] info: /mosc/login
 [ 2018-8-27 15:01:56 ] brower: mozilla/5.0 (windows nt 6.1; win64; x64) applewebkit/537.36 (khtml, like gecko) chrome/68.0.3440.106 safari/537.36
 [ 2018-8-27 15:01:56 ] pid: 5576

 [ 2018-8-27 15:01:58 ] info: /mosc
 [ 2018-8-27 15:01:58 ] brower: mozilla/5.0 (windows nt 6.1; win64; x64) applewebkit/537.36 (khtml, like gecko) chrome/68.0.3440.106 safari/537.36
 [ 2018-8-27 15:01:58 ] pid: 5576

 [ 2018-8-27 15:01:58 ] info: /mosc/login
 [ 2018-8-27 15:01:58 ] brower: mozilla/5.0 (windows nt 6.1; win64; x64) applewebkit/537.36 (khtml, like gecko) chrome/68.0.3440.106 safari/537.36
 [ 2018-8-27 15:01:58 ] pid: 5576

 [ 2018-8-27 15:02:06 ] info: /mosc/login
 [ 2018-8-27 15:02:06 ] brower: mozilla/5.0 (windows nt 6.1; win64; x64) applewebkit/537.36 (khtml, like gecko) chrome/68.0.3440.106 safari/537.36
 [ 2018-8-27 15:02:06 ] pid: 5576

 [ 2018-8-27 15:02:06 ] info: /mosc
 [ 2018-8-27 15:02:06 ] brower: mozilla/5.0 (windows nt 6.1; win64; x64) applewebkit/537.36 (khtml, like gecko) chrome/68.0.3440.106 safari/537.36
 [ 2018-8-27 15:02:06 ] pid: 5576

 [ 2018-8-27 15:02:07 ] info: /mosc/home
 [ 2018-8-27 15:02:07 ] brower: mozilla/5.0 (windows nt 6.1; win64; x64) applewebkit/537.36 (khtml, like gecko) chrome/68.0.3440.106 safari/537.36
 [ 2018-8-27 15:02:07 ] pid: 5576

 [ 2018-8-27 15:02:07 ] info: /mosc/home/allCount/
 [ 2018-8-27 15:02:07 ] brower: mozilla/5.0 (windows nt 6.1; win64; x64) applewebkit/537.36 (khtml, like gecko) chrome/68.0.3440.106 safari/537.36
 [ 2018-8-27 15:02:07 ] pid: 5576

 [ 2018-8-27 15:02:07 ] info: /mosc/home/readCount/
 [ 2018-8-27 15:02:07 ] brower: mozilla/5.0 (windows nt 6.1; win64; x64) applewebkit/537.36 (khtml, like gecko) chrome/68.0.3440.106 safari/537.36
 [ 2018-8-27 15:02:07 ] pid: 5576

 [ 2018-8-27 15:02:07 ] info: /mosc/home/allUser/
 [ 2018-8-27 15:02:07 ] brower: mozilla/5.0 (windows nt 6.1; win64; x64) applewebkit/537.36 (khtml, like gecko) chrome/68.0.3440.106 safari/537.36
 [ 2018-8-27 15:02:07 ] pid: 5576

 [ 2018-8-27 15:02:07 ] info: /mosc/home/readColumn/
 [ 2018-8-27 15:02:07 ] brower: mozilla/5.0 (windows nt 6.1; win64; x64) applewebkit/537.36 (khtml, like gecko) chrome/68.0.3440.106 safari/537.36
 [ 2018-8-27 15:02:07 ] pid: 5576

 [ 2018-8-27 15:02:07 ] info: /mosc/home/allColumn/
 [ 2018-8-27 15:02:07 ] brower: mozilla/5.0 (windows nt 6.1; win64; x64) applewebkit/537.36 (khtml, like gecko) chrome/68.0.3440.106 safari/537.36
 [ 2018-8-27 15:02:07 ] pid: 5576

 [ 2018-8-27 15:02:08 ] info: /mosc/user_list
 [ 2018-8-27 15:02:08 ] brower: mozilla/5.0 (windows nt 6.1; win64; x64) applewebkit/537.36 (khtml, like gecko) chrome/68.0.3440.106 safari/537.36
 [ 2018-8-27 15:02:08 ] pid: 5576

 [ 2018-8-27 15:02:08 ] info: /mosc/user_list/api?page=1&limit=10
 [ 2018-8-27 15:02:08 ] brower: mozilla/5.0 (windows nt 6.1; win64; x64) applewebkit/537.36 (khtml, like gecko) chrome/68.0.3440.106 safari/537.36
 [ 2018-8-27 15:02:08 ] pid: 5576

 [ 2018-8-27 15:02:15 ] info: /mosc/user_list/update
 [ 2018-8-27 15:02:15 ] brower: mozilla/5.0 (windows nt 6.1; win64; x64) applewebkit/537.36 (khtml, like gecko) chrome/68.0.3440.106 safari/537.36
 [ 2018-8-27 15:02:15 ] pid: 5576

 [ 2018-8-27 15:02:22 ] info: /mosc/user_list/update
 [ 2018-8-27 15:02:22 ] brower: mozilla/5.0 (windows nt 6.1; win64; x64) applewebkit/537.36 (khtml, like gecko) chrome/68.0.3440.106 safari/537.36
 [ 2018-8-27 15:02:22 ] pid: 5576

 [ 2018-8-27 15:29:49 ] info: /index/login
 [ 2018-8-27 15:29:49 ] brower: mozilla/5.0 (windows nt 6.1; win64; x64) applewebkit/537.36 (khtml, like gecko) chrome/68.0.3440.106 safari/537.36
 [ 2018-8-27 15:29:49 ] pid: 5576

 [ 2018-8-27 15:34:16 ] info: /index
 [ 2018-8-27 15:34:16 ] brower: mozilla/5.0 (windows nt 6.1; win64; x64) applewebkit/537.36 (khtml, like gecko) chrome/68.0.3440.106 safari/537.36
 [ 2018-8-27 15:34:16 ] pid: 5576

 [ 2018-8-27 15:34:16 ] info: /mosc/api/column?page=1&limit=20
 [ 2018-8-27 15:34:16 ] brower: mozilla/5.0 (windows nt 6.1; win64; x64) applewebkit/537.36 (khtml, like gecko) chrome/68.0.3440.106 safari/537.36
 [ 2018-8-27 15:34:16 ] pid: 5576

 [ 2018-8-27 15:34:16 ] info: /index/article_list?id=5b74edc60c835319d021ce02
 [ 2018-8-27 15:34:16 ] brower: mozilla/5.0 (windows nt 6.1; win64; x64) applewebkit/537.36 (khtml, like gecko) chrome/68.0.3440.106 safari/537.36
 [ 2018-8-27 15:34:16 ] pid: 5576

 [ 2018-8-27 15:34:16 ] info: /index/article/5b74f088e6d5511878395437
 [ 2018-8-27 15:34:16 ] brower: mozilla/5.0 (windows nt 6.1; win64; x64) applewebkit/537.36 (khtml, like gecko) chrome/68.0.3440.106 safari/537.36
 [ 2018-8-27 15:34:16 ] pid: 5576

 [ 2018-8-27 15:34:18 ] info: /index/share
 [ 2018-8-27 15:34:18 ] brower: mozilla/5.0 (windows nt 6.1; win64; x64) applewebkit/537.36 (khtml, like gecko) chrome/68.0.3440.106 safari/537.36
 [ 2018-8-27 15:34:18 ] pid: 5576

 [ 2018-8-27 15:35:15 ] info: /index
 [ 2018-8-27 15:35:15 ] brower: mozilla/5.0 (windows nt 6.1; win64; x64) applewebkit/537.36 (khtml, like gecko) chrome/68.0.3440.106 safari/537.36
 [ 2018-8-27 15:35:15 ] pid: 5524

 [ 2018-8-27 15:35:15 ] info: /mosc/api/column?page=1&limit=20
 [ 2018-8-27 15:35:15 ] brower: mozilla/5.0 (windows nt 6.1; win64; x64) applewebkit/537.36 (khtml, like gecko) chrome/68.0.3440.106 safari/537.36
 [ 2018-8-27 15:35:15 ] pid: 5524

 [ 2018-8-27 15:35:15 ] info: /index/article_list?id=5b74edc60c835319d021ce02
 [ 2018-8-27 15:35:15 ] brower: mozilla/5.0 (windows nt 6.1; win64; x64) applewebkit/537.36 (khtml, like gecko) chrome/68.0.3440.106 safari/537.36
 [ 2018-8-27 15:35:15 ] pid: 5524

 [ 2018-8-27 15:35:15 ] info: /index/article/5b74f088e6d5511878395437
 [ 2018-8-27 15:35:15 ] brower: mozilla/5.0 (windows nt 6.1; win64; x64) applewebkit/537.36 (khtml, like gecko) chrome/68.0.3440.106 safari/537.36
 [ 2018-8-27 15:35:15 ] pid: 5524

 [ 2018-8-27 15:35:16 ] info: /index/share
 [ 2018-8-27 15:35:16 ] brower: mozilla/5.0 (windows nt 6.1; win64; x64) applewebkit/537.36 (khtml, like gecko) chrome/68.0.3440.106 safari/537.36
 [ 2018-8-27 15:35:16 ] pid: 5524

 [ 2018-8-27 15:38:15 ] info: /index
 [ 2018-8-27 15:38:15 ] brower: mozilla/5.0 (windows nt 6.1; win64; x64) applewebkit/537.36 (khtml, like gecko) chrome/68.0.3440.106 safari/537.36
 [ 2018-8-27 15:38:15 ] pid: 5524

 [ 2018-8-27 15:38:15 ] info: /mosc/api/column?page=1&limit=20
 [ 2018-8-27 15:38:15 ] brower: mozilla/5.0 (windows nt 6.1; win64; x64) applewebkit/537.36 (khtml, like gecko) chrome/68.0.3440.106 safari/537.36
 [ 2018-8-27 15:38:15 ] pid: 5524

 [ 2018-8-27 15:38:15 ] info: /index/article_list?id=5b74edc60c835319d021ce02
 [ 2018-8-27 15:38:15 ] brower: mozilla/5.0 (windows nt 6.1; win64; x64) applewebkit/537.36 (khtml, like gecko) chrome/68.0.3440.106 safari/537.36
 [ 2018-8-27 15:38:15 ] pid: 5524

 [ 2018-8-27 15:38:15 ] info: /index/article/5b74f088e6d5511878395437
 [ 2018-8-27 15:38:15 ] brower: mozilla/5.0 (windows nt 6.1; win64; x64) applewebkit/537.36 (khtml, like gecko) chrome/68.0.3440.106 safari/537.36
 [ 2018-8-27 15:38:15 ] pid: 5524

 [ 2018-8-27 15:38:16 ] info: /index/share
 [ 2018-8-27 15:38:16 ] brower: mozilla/5.0 (windows nt 6.1; win64; x64) applewebkit/537.36 (khtml, like gecko) chrome/68.0.3440.106 safari/537.36
 [ 2018-8-27 15:38:16 ] pid: 5524

 [ 2018-8-27 15:39:30 ] info: /index
 [ 2018-8-27 15:39:30 ] brower: mozilla/5.0 (windows nt 6.1; win64; x64) applewebkit/537.36 (khtml, like gecko) chrome/68.0.3440.106 safari/537.36
 [ 2018-8-27 15:39:30 ] pid: 5524

 [ 2018-8-27 15:39:31 ] info: /mosc/api/column?page=1&limit=20
 [ 2018-8-27 15:39:31 ] brower: mozilla/5.0 (windows nt 6.1; win64; x64) applewebkit/537.36 (khtml, like gecko) chrome/68.0.3440.106 safari/537.36
 [ 2018-8-27 15:39:31 ] pid: 5524

 [ 2018-8-27 15:39:31 ] info: /index/article_list?id=5b74edc60c835319d021ce02
 [ 2018-8-27 15:39:31 ] brower: mozilla/5.0 (windows nt 6.1; win64; x64) applewebkit/537.36 (khtml, like gecko) chrome/68.0.3440.106 safari/537.36
 [ 2018-8-27 15:39:31 ] pid: 5524

 [ 2018-8-27 15:39:31 ] info: /index/article/5b74f088e6d5511878395437
 [ 2018-8-27 15:39:31 ] brower: mozilla/5.0 (windows nt 6.1; win64; x64) applewebkit/537.36 (khtml, like gecko) chrome/68.0.3440.106 safari/537.36
 [ 2018-8-27 15:39:31 ] pid: 5524

 [ 2018-8-27 15:39:32 ] info: /index/share
 [ 2018-8-27 15:39:32 ] brower: mozilla/5.0 (windows nt 6.1; win64; x64) applewebkit/537.36 (khtml, like gecko) chrome/68.0.3440.106 safari/537.36
 [ 2018-8-27 15:39:32 ] pid: 5524

 [ 2018-8-27 15:42:47 ] info: /index
 [ 2018-8-27 15:42:47 ] brower: mozilla/5.0 (windows nt 6.1; win64; x64) applewebkit/537.36 (khtml, like gecko) chrome/68.0.3440.106 safari/537.36
 [ 2018-8-27 15:42:47 ] pid: 5524

 [ 2018-8-27 15:42:47 ] info: /mosc/api/column?page=1&limit=20
 [ 2018-8-27 15:42:47 ] brower: mozilla/5.0 (windows nt 6.1; win64; x64) applewebkit/537.36 (khtml, like gecko) chrome/68.0.3440.106 safari/537.36
 [ 2018-8-27 15:42:47 ] pid: 5524

 [ 2018-8-27 15:42:47 ] info: /index/article_list?id=5b74edc60c835319d021ce02
 [ 2018-8-27 15:42:47 ] brower: mozilla/5.0 (windows nt 6.1; win64; x64) applewebkit/537.36 (khtml, like gecko) chrome/68.0.3440.106 safari/537.36
 [ 2018-8-27 15:42:47 ] pid: 5524

 [ 2018-8-27 15:42:47 ] info: /index/article/5b74f088e6d5511878395437
 [ 2018-8-27 15:42:47 ] brower: mozilla/5.0 (windows nt 6.1; win64; x64) applewebkit/537.36 (khtml, like gecko) chrome/68.0.3440.106 safari/537.36
 [ 2018-8-27 15:42:47 ] pid: 5524

 [ 2018-8-27 15:42:48 ] info: /index/share
 [ 2018-8-27 15:42:48 ] brower: mozilla/5.0 (windows nt 6.1; win64; x64) applewebkit/537.36 (khtml, like gecko) chrome/68.0.3440.106 safari/537.36
 [ 2018-8-27 15:42:48 ] pid: 5524

 [ 2018-8-27 15:44:57 ] info: /index
 [ 2018-8-27 15:44:57 ] brower: mozilla/5.0 (windows nt 6.1; win64; x64) applewebkit/537.36 (khtml, like gecko) chrome/68.0.3440.106 safari/537.36
 [ 2018-8-27 15:44:57 ] pid: 5524

 [ 2018-8-27 15:44:57 ] info: /mosc/api/column?page=1&limit=20
 [ 2018-8-27 15:44:57 ] brower: mozilla/5.0 (windows nt 6.1; win64; x64) applewebkit/537.36 (khtml, like gecko) chrome/68.0.3440.106 safari/537.36
 [ 2018-8-27 15:44:57 ] pid: 5524

 [ 2018-8-27 15:44:57 ] info: /index/article_list?id=5b74edc60c835319d021ce02
 [ 2018-8-27 15:44:57 ] brower: mozilla/5.0 (windows nt 6.1; win64; x64) applewebkit/537.36 (khtml, like gecko) chrome/68.0.3440.106 safari/537.36
 [ 2018-8-27 15:44:57 ] pid: 5524

 [ 2018-8-27 15:44:57 ] info: /index/article/5b74f088e6d5511878395437
 [ 2018-8-27 15:44:57 ] brower: mozilla/5.0 (windows nt 6.1; win64; x64) applewebkit/537.36 (khtml, like gecko) chrome/68.0.3440.106 safari/537.36
 [ 2018-8-27 15:44:57 ] pid: 5524

 [ 2018-8-27 15:44:58 ] info: /index/share
 [ 2018-8-27 15:44:58 ] brower: mozilla/5.0 (windows nt 6.1; win64; x64) applewebkit/537.36 (khtml, like gecko) chrome/68.0.3440.106 safari/537.36
 [ 2018-8-27 15:44:58 ] pid: 5524

 [ 2018-8-27 15:47:44 ] info: /index
 [ 2018-8-27 15:47:44 ] brower: mozilla/5.0 (windows nt 6.1; win64; x64) applewebkit/537.36 (khtml, like gecko) chrome/68.0.3440.106 safari/537.36
 [ 2018-8-27 15:47:44 ] pid: 5524

 [ 2018-8-27 15:47:44 ] info: /mosc/api/column?page=1&limit=20
 [ 2018-8-27 15:47:44 ] brower: mozilla/5.0 (windows nt 6.1; win64; x64) applewebkit/537.36 (khtml, like gecko) chrome/68.0.3440.106 safari/537.36
 [ 2018-8-27 15:47:44 ] pid: 5524

 [ 2018-8-27 15:47:44 ] info: /index/article_list?id=5b74edc60c835319d021ce02
 [ 2018-8-27 15:47:44 ] brower: mozilla/5.0 (windows nt 6.1; win64; x64) applewebkit/537.36 (khtml, like gecko) chrome/68.0.3440.106 safari/537.36
 [ 2018-8-27 15:47:44 ] pid: 5524

 [ 2018-8-27 15:47:44 ] info: /index/article/5b74f088e6d5511878395437
 [ 2018-8-27 15:47:44 ] brower: mozilla/5.0 (windows nt 6.1; win64; x64) applewebkit/537.36 (khtml, like gecko) chrome/68.0.3440.106 safari/537.36
 [ 2018-8-27 15:47:44 ] pid: 5524

 [ 2018-8-27 15:47:46 ] info: /index/share
 [ 2018-8-27 15:47:46 ] brower: mozilla/5.0 (windows nt 6.1; win64; x64) applewebkit/537.36 (khtml, like gecko) chrome/68.0.3440.106 safari/537.36
 [ 2018-8-27 15:47:46 ] pid: 5524

 [ 2018-8-27 15:48:46 ] info: /index
 [ 2018-8-27 15:48:46 ] brower: mozilla/5.0 (windows nt 6.1; win64; x64) applewebkit/537.36 (khtml, like gecko) chrome/68.0.3440.106 safari/537.36
 [ 2018-8-27 15:48:46 ] pid: 5524

 [ 2018-8-27 15:48:46 ] info: /mosc/api/column?page=1&limit=20
 [ 2018-8-27 15:48:46 ] brower: mozilla/5.0 (windows nt 6.1; win64; x64) applewebkit/537.36 (khtml, like gecko) chrome/68.0.3440.106 safari/537.36
 [ 2018-8-27 15:48:46 ] pid: 5524

 [ 2018-8-27 15:48:46 ] info: /index/article_list?id=5b74edc60c835319d021ce02
 [ 2018-8-27 15:48:46 ] brower: mozilla/5.0 (windows nt 6.1; win64; x64) applewebkit/537.36 (khtml, like gecko) chrome/68.0.3440.106 safari/537.36
 [ 2018-8-27 15:48:46 ] pid: 5524

 [ 2018-8-27 15:48:46 ] info: /index/article/5b74f088e6d5511878395437
 [ 2018-8-27 15:48:46 ] brower: mozilla/5.0 (windows nt 6.1; win64; x64) applewebkit/537.36 (khtml, like gecko) chrome/68.0.3440.106 safari/537.36
 [ 2018-8-27 15:48:46 ] pid: 5524

 [ 2018-8-27 15:48:47 ] info: /index/share
 [ 2018-8-27 15:48:47 ] brower: mozilla/5.0 (windows nt 6.1; win64; x64) applewebkit/537.36 (khtml, like gecko) chrome/68.0.3440.106 safari/537.36
 [ 2018-8-27 15:48:47 ] pid: 5524

 [ 2018-8-27 15:57:36 ] info: /index
 [ 2018-8-27 15:57:36 ] brower: mozilla/5.0 (windows nt 6.1; win64; x64) applewebkit/537.36 (khtml, like gecko) chrome/68.0.3440.106 safari/537.36
 [ 2018-8-27 15:57:36 ] pid: 5524

 [ 2018-8-27 15:57:36 ] info: /mosc/api/column?page=1&limit=20
 [ 2018-8-27 15:57:36 ] brower: mozilla/5.0 (windows nt 6.1; win64; x64) applewebkit/537.36 (khtml, like gecko) chrome/68.0.3440.106 safari/537.36
 [ 2018-8-27 15:57:36 ] pid: 5524

 [ 2018-8-27 15:57:36 ] info: /index/article_list?id=5b74edc60c835319d021ce02
 [ 2018-8-27 15:57:36 ] brower: mozilla/5.0 (windows nt 6.1; win64; x64) applewebkit/537.36 (khtml, like gecko) chrome/68.0.3440.106 safari/537.36
 [ 2018-8-27 15:57:36 ] pid: 5524

 [ 2018-8-27 15:57:36 ] info: /index/article/5b74f088e6d5511878395437
 [ 2018-8-27 15:57:36 ] brower: mozilla/5.0 (windows nt 6.1; win64; x64) applewebkit/537.36 (khtml, like gecko) chrome/68.0.3440.106 safari/537.36
 [ 2018-8-27 15:57:36 ] pid: 5524

 [ 2018-8-27 15:57:37 ] info: /index/share
 [ 2018-8-27 15:57:37 ] brower: mozilla/5.0 (windows nt 6.1; win64; x64) applewebkit/537.36 (khtml, like gecko) chrome/68.0.3440.106 safari/537.36
 [ 2018-8-27 15:57:37 ] pid: 5524

 [ 2018-8-27 15:58:22 ] info: /index
 [ 2018-8-27 15:58:22 ] brower: mozilla/5.0 (windows nt 6.1; win64; x64) applewebkit/537.36 (khtml, like gecko) chrome/68.0.3440.106 safari/537.36
 [ 2018-8-27 15:58:22 ] pid: 5524

 [ 2018-8-27 15:58:22 ] info: /mosc/api/column?page=1&limit=20
 [ 2018-8-27 15:58:22 ] brower: mozilla/5.0 (windows nt 6.1; win64; x64) applewebkit/537.36 (khtml, like gecko) chrome/68.0.3440.106 safari/537.36
 [ 2018-8-27 15:58:22 ] pid: 5524

 [ 2018-8-27 15:58:22 ] info: /index/article_list?id=5b74edc60c835319d021ce02
 [ 2018-8-27 15:58:22 ] brower: mozilla/5.0 (windows nt 6.1; win64; x64) applewebkit/537.36 (khtml, like gecko) chrome/68.0.3440.106 safari/537.36
 [ 2018-8-27 15:58:22 ] pid: 5524

 [ 2018-8-27 15:58:22 ] info: /index/article/5b74f088e6d5511878395437
 [ 2018-8-27 15:58:22 ] brower: mozilla/5.0 (windows nt 6.1; win64; x64) applewebkit/537.36 (khtml, like gecko) chrome/68.0.3440.106 safari/537.36
 [ 2018-8-27 15:58:22 ] pid: 5524

 [ 2018-8-27 15:58:23 ] info: /index/share
 [ 2018-8-27 15:58:23 ] brower: mozilla/5.0 (windows nt 6.1; win64; x64) applewebkit/537.36 (khtml, like gecko) chrome/68.0.3440.106 safari/537.36
 [ 2018-8-27 15:58:23 ] pid: 5524

 [ 2018-8-27 15:58:36 ] info: /index
 [ 2018-8-27 15:58:36 ] brower: mozilla/5.0 (windows nt 6.1; win64; x64) applewebkit/537.36 (khtml, like gecko) chrome/68.0.3440.106 safari/537.36
 [ 2018-8-27 15:58:36 ] pid: 5524

 [ 2018-8-27 15:58:36 ] info: /mosc/api/column?page=1&limit=20
 [ 2018-8-27 15:58:36 ] brower: mozilla/5.0 (windows nt 6.1; win64; x64) applewebkit/537.36 (khtml, like gecko) chrome/68.0.3440.106 safari/537.36
 [ 2018-8-27 15:58:36 ] pid: 5524

 [ 2018-8-27 15:58:36 ] info: /index/article_list?id=5b74edc60c835319d021ce02
 [ 2018-8-27 15:58:36 ] brower: mozilla/5.0 (windows nt 6.1; win64; x64) applewebkit/537.36 (khtml, like gecko) chrome/68.0.3440.106 safari/537.36
 [ 2018-8-27 15:58:36 ] pid: 5524

 [ 2018-8-27 15:58:36 ] info: /index/article/5b74f088e6d5511878395437
 [ 2018-8-27 15:58:36 ] brower: mozilla/5.0 (windows nt 6.1; win64; x64) applewebkit/537.36 (khtml, like gecko) chrome/68.0.3440.106 safari/537.36
 [ 2018-8-27 15:58:36 ] pid: 5524

 [ 2018-8-27 15:58:37 ] info: /index/share
 [ 2018-8-27 15:58:37 ] brower: mozilla/5.0 (windows nt 6.1; win64; x64) applewebkit/537.36 (khtml, like gecko) chrome/68.0.3440.106 safari/537.36
 [ 2018-8-27 15:58:37 ] pid: 5524

 [ 2018-8-27 15:59:31 ] info: /index/share
 [ 2018-8-27 15:59:31 ] brower: mozilla/5.0 (windows nt 6.1; win64; x64) applewebkit/537.36 (khtml, like gecko) chrome/68.0.3440.106 safari/537.36
 [ 2018-8-27 15:59:31 ] pid: 5524

 [ 2018-8-27 15:59:47 ] info: /index
 [ 2018-8-27 15:59:47 ] brower: mozilla/5.0 (windows nt 6.1; win64; x64) applewebkit/537.36 (khtml, like gecko) chrome/68.0.3440.106 safari/537.36
 [ 2018-8-27 15:59:47 ] pid: 5524

 [ 2018-8-27 15:59:47 ] info: /mosc/api/column?page=1&limit=20
 [ 2018-8-27 15:59:47 ] brower: mozilla/5.0 (windows nt 6.1; win64; x64) applewebkit/537.36 (khtml, like gecko) chrome/68.0.3440.106 safari/537.36
 [ 2018-8-27 15:59:47 ] pid: 5524

 [ 2018-8-27 15:59:47 ] info: /index/article_list?id=5b74edc60c835319d021ce02
 [ 2018-8-27 15:59:47 ] brower: mozilla/5.0 (windows nt 6.1; win64; x64) applewebkit/537.36 (khtml, like gecko) chrome/68.0.3440.106 safari/537.36
 [ 2018-8-27 15:59:47 ] pid: 5524

 [ 2018-8-27 15:59:47 ] info: /index/article/5b74f088e6d5511878395437
 [ 2018-8-27 15:59:47 ] brower: mozilla/5.0 (windows nt 6.1; win64; x64) applewebkit/537.36 (khtml, like gecko) chrome/68.0.3440.106 safari/537.36
 [ 2018-8-27 15:59:47 ] pid: 5524

 [ 2018-8-27 15:59:48 ] info: /index/share
 [ 2018-8-27 15:59:48 ] brower: mozilla/5.0 (windows nt 6.1; win64; x64) applewebkit/537.36 (khtml, like gecko) chrome/68.0.3440.106 safari/537.36
 [ 2018-8-27 15:59:48 ] pid: 5524

 [ 2018-8-27 16:01:00 ] info: /index
 [ 2018-8-27 16:01:00 ] brower: mozilla/5.0 (windows nt 6.1; win64; x64) applewebkit/537.36 (khtml, like gecko) chrome/68.0.3440.106 safari/537.36
 [ 2018-8-27 16:01:00 ] pid: 5524

 [ 2018-8-27 16:01:00 ] info: /mosc/api/column?page=1&limit=20
 [ 2018-8-27 16:01:00 ] brower: mozilla/5.0 (windows nt 6.1; win64; x64) applewebkit/537.36 (khtml, like gecko) chrome/68.0.3440.106 safari/537.36
 [ 2018-8-27 16:01:00 ] pid: 5524

 [ 2018-8-27 16:01:00 ] info: /index/article_list?id=5b74edc60c835319d021ce02
 [ 2018-8-27 16:01:00 ] brower: mozilla/5.0 (windows nt 6.1; win64; x64) applewebkit/537.36 (khtml, like gecko) chrome/68.0.3440.106 safari/537.36
 [ 2018-8-27 16:01:00 ] pid: 5524

 [ 2018-8-27 16:01:00 ] info: /index/article/5b74f088e6d5511878395437
 [ 2018-8-27 16:01:00 ] brower: mozilla/5.0 (windows nt 6.1; win64; x64) applewebkit/537.36 (khtml, like gecko) chrome/68.0.3440.106 safari/537.36
 [ 2018-8-27 16:01:00 ] pid: 5524

 [ 2018-8-27 16:01:01 ] info: /index/share
 [ 2018-8-27 16:01:01 ] brower: mozilla/5.0 (windows nt 6.1; win64; x64) applewebkit/537.36 (khtml, like gecko) chrome/68.0.3440.106 safari/537.36
 [ 2018-8-27 16:01:01 ] pid: 5524

 [ 2018-8-27 16:01:50 ] info: /index
 [ 2018-8-27 16:01:50 ] brower: mozilla/5.0 (windows nt 6.1; win64; x64) applewebkit/537.36 (khtml, like gecko) chrome/68.0.3440.106 safari/537.36
 [ 2018-8-27 16:01:50 ] pid: 5524

 [ 2018-8-27 16:01:50 ] info: /mosc/api/column?page=1&limit=20
 [ 2018-8-27 16:01:50 ] brower: mozilla/5.0 (windows nt 6.1; win64; x64) applewebkit/537.36 (khtml, like gecko) chrome/68.0.3440.106 safari/537.36
 [ 2018-8-27 16:01:50 ] pid: 5524

 [ 2018-8-27 16:01:50 ] info: /index/article_list?id=5b74edc60c835319d021ce02
 [ 2018-8-27 16:01:50 ] brower: mozilla/5.0 (windows nt 6.1; win64; x64) applewebkit/537.36 (khtml, like gecko) chrome/68.0.3440.106 safari/537.36
 [ 2018-8-27 16:01:50 ] pid: 5524

 [ 2018-8-27 16:01:50 ] info: /index/article/5b74f088e6d5511878395437
 [ 2018-8-27 16:01:50 ] brower: mozilla/5.0 (windows nt 6.1; win64; x64) applewebkit/537.36 (khtml, like gecko) chrome/68.0.3440.106 safari/537.36
 [ 2018-8-27 16:01:50 ] pid: 5524

 [ 2018-8-27 16:01:51 ] info: /index/share
 [ 2018-8-27 16:01:51 ] brower: mozilla/5.0 (windows nt 6.1; win64; x64) applewebkit/537.36 (khtml, like gecko) chrome/68.0.3440.106 safari/537.36
 [ 2018-8-27 16:01:51 ] pid: 5524

 [ 2018-8-27 16:02:33 ] info: /index
 [ 2018-8-27 16:02:33 ] brower: mozilla/5.0 (windows nt 6.1; win64; x64) applewebkit/537.36 (khtml, like gecko) chrome/68.0.3440.106 safari/537.36
 [ 2018-8-27 16:02:33 ] pid: 5524

 [ 2018-8-27 16:02:34 ] info: /mosc/api/column?page=1&limit=20
 [ 2018-8-27 16:02:34 ] brower: mozilla/5.0 (windows nt 6.1; win64; x64) applewebkit/537.36 (khtml, like gecko) chrome/68.0.3440.106 safari/537.36
 [ 2018-8-27 16:02:34 ] pid: 5524

 [ 2018-8-27 16:02:34 ] info: /index/article_list?id=5b74edc60c835319d021ce02
 [ 2018-8-27 16:02:34 ] brower: mozilla/5.0 (windows nt 6.1; win64; x64) applewebkit/537.36 (khtml, like gecko) chrome/68.0.3440.106 safari/537.36
 [ 2018-8-27 16:02:34 ] pid: 5524

 [ 2018-8-27 16:02:34 ] info: /index/article/5b74f088e6d5511878395437
 [ 2018-8-27 16:02:34 ] brower: mozilla/5.0 (windows nt 6.1; win64; x64) applewebkit/537.36 (khtml, like gecko) chrome/68.0.3440.106 safari/537.36
 [ 2018-8-27 16:02:34 ] pid: 5524

 [ 2018-8-27 16:02:35 ] info: /index/share
 [ 2018-8-27 16:02:35 ] brower: mozilla/5.0 (windows nt 6.1; win64; x64) applewebkit/537.36 (khtml, like gecko) chrome/68.0.3440.106 safari/537.36
 [ 2018-8-27 16:02:35 ] pid: 5524

 [ 2018-8-27 16:03:43 ] info: /index
 [ 2018-8-27 16:03:43 ] brower: mozilla/5.0 (windows nt 6.1; win64; x64) applewebkit/537.36 (khtml, like gecko) chrome/68.0.3440.106 safari/537.36
 [ 2018-8-27 16:03:43 ] pid: 5524

 [ 2018-8-27 16:03:43 ] info: /mosc/api/column?page=1&limit=20
 [ 2018-8-27 16:03:43 ] brower: mozilla/5.0 (windows nt 6.1; win64; x64) applewebkit/537.36 (khtml, like gecko) chrome/68.0.3440.106 safari/537.36
 [ 2018-8-27 16:03:43 ] pid: 5524

 [ 2018-8-27 16:03:43 ] info: /index/article_list?id=5b74edc60c835319d021ce02
 [ 2018-8-27 16:03:43 ] brower: mozilla/5.0 (windows nt 6.1; win64; x64) applewebkit/537.36 (khtml, like gecko) chrome/68.0.3440.106 safari/537.36
 [ 2018-8-27 16:03:43 ] pid: 5524

 [ 2018-8-27 16:03:43 ] info: /index/article/5b74f088e6d5511878395437
 [ 2018-8-27 16:03:43 ] brower: mozilla/5.0 (windows nt 6.1; win64; x64) applewebkit/537.36 (khtml, like gecko) chrome/68.0.3440.106 safari/537.36
 [ 2018-8-27 16:03:43 ] pid: 5524

 [ 2018-8-27 16:03:44 ] info: /index/share
 [ 2018-8-27 16:03:44 ] brower: mozilla/5.0 (windows nt 6.1; win64; x64) applewebkit/537.36 (khtml, like gecko) chrome/68.0.3440.106 safari/537.36
 [ 2018-8-27 16:03:44 ] pid: 5524

 [ 2018-8-27 16:04:18 ] info: /index
 [ 2018-8-27 16:04:18 ] brower: mozilla/5.0 (windows nt 6.1; win64; x64) applewebkit/537.36 (khtml, like gecko) chrome/68.0.3440.106 safari/537.36
 [ 2018-8-27 16:04:18 ] pid: 5524

 [ 2018-8-27 16:04:18 ] info: /mosc/api/column?page=1&limit=20
 [ 2018-8-27 16:04:18 ] brower: mozilla/5.0 (windows nt 6.1; win64; x64) applewebkit/537.36 (khtml, like gecko) chrome/68.0.3440.106 safari/537.36
 [ 2018-8-27 16:04:18 ] pid: 5524

 [ 2018-8-27 16:04:18 ] info: /index/article_list?id=5b74edc60c835319d021ce02
 [ 2018-8-27 16:04:18 ] brower: mozilla/5.0 (windows nt 6.1; win64; x64) applewebkit/537.36 (khtml, like gecko) chrome/68.0.3440.106 safari/537.36
 [ 2018-8-27 16:04:18 ] pid: 5524

 [ 2018-8-27 16:04:18 ] info: /index/article/5b74f088e6d5511878395437
 [ 2018-8-27 16:04:18 ] brower: mozilla/5.0 (windows nt 6.1; win64; x64) applewebkit/537.36 (khtml, like gecko) chrome/68.0.3440.106 safari/537.36
 [ 2018-8-27 16:04:18 ] pid: 5524

 [ 2018-8-27 16:04:19 ] info: /index/share
 [ 2018-8-27 16:04:19 ] brower: mozilla/5.0 (windows nt 6.1; win64; x64) applewebkit/537.36 (khtml, like gecko) chrome/68.0.3440.106 safari/537.36
 [ 2018-8-27 16:04:19 ] pid: 5524

 [ 2018-8-27 16:07:09 ] info: /index/share
 [ 2018-8-27 16:07:09 ] brower: mozilla/5.0 (windows nt 6.1; win64; x64) applewebkit/537.36 (khtml, like gecko) chrome/68.0.3440.106 safari/537.36
 [ 2018-8-27 16:07:09 ] pid: 5524

 [ 2018-8-27 16:12:02 ] info: /index
 [ 2018-8-27 16:12:02 ] brower: mozilla/5.0 (windows nt 6.1; win64; x64) applewebkit/537.36 (khtml, like gecko) chrome/68.0.3440.106 safari/537.36
 [ 2018-8-27 16:12:02 ] pid: 5524

 [ 2018-8-27 16:12:03 ] info: /mosc/api/column?page=1&limit=20
 [ 2018-8-27 16:12:03 ] brower: mozilla/5.0 (windows nt 6.1; win64; x64) applewebkit/537.36 (khtml, like gecko) chrome/68.0.3440.106 safari/537.36
 [ 2018-8-27 16:12:03 ] pid: 5524

 [ 2018-8-27 16:12:03 ] info: /index/article_list?id=5b74edc60c835319d021ce02
 [ 2018-8-27 16:12:03 ] brower: mozilla/5.0 (windows nt 6.1; win64; x64) applewebkit/537.36 (khtml, like gecko) chrome/68.0.3440.106 safari/537.36
 [ 2018-8-27 16:12:03 ] pid: 5524

 [ 2018-8-27 16:12:03 ] info: /index/article/5b74f088e6d5511878395437
 [ 2018-8-27 16:12:03 ] brower: mozilla/5.0 (windows nt 6.1; win64; x64) applewebkit/537.36 (khtml, like gecko) chrome/68.0.3440.106 safari/537.36
 [ 2018-8-27 16:12:03 ] pid: 5524

 [ 2018-8-27 16:12:34 ] info: /index
 [ 2018-8-27 16:12:34 ] brower: mozilla/5.0 (windows nt 6.1; win64; x64) applewebkit/537.36 (khtml, like gecko) chrome/68.0.3440.106 safari/537.36
 [ 2018-8-27 16:12:34 ] pid: 5524

 [ 2018-8-27 16:12:35 ] info: /mosc/api/column?page=1&limit=20
 [ 2018-8-27 16:12:35 ] brower: mozilla/5.0 (windows nt 6.1; win64; x64) applewebkit/537.36 (khtml, like gecko) chrome/68.0.3440.106 safari/537.36
 [ 2018-8-27 16:12:35 ] pid: 5524

 [ 2018-8-27 16:12:35 ] info: /index/article_list?id=5b74edc60c835319d021ce02
 [ 2018-8-27 16:12:35 ] brower: mozilla/5.0 (windows nt 6.1; win64; x64) applewebkit/537.36 (khtml, like gecko) chrome/68.0.3440.106 safari/537.36
 [ 2018-8-27 16:12:35 ] pid: 5524

 [ 2018-8-27 16:12:35 ] info: /index/article/5b74f088e6d5511878395437
 [ 2018-8-27 16:12:35 ] brower: mozilla/5.0 (windows nt 6.1; win64; x64) applewebkit/537.36 (khtml, like gecko) chrome/68.0.3440.106 safari/537.36
 [ 2018-8-27 16:12:35 ] pid: 5524

 [ 2018-8-27 16:12:36 ] info: /index/share
 [ 2018-8-27 16:12:36 ] brower: mozilla/5.0 (windows nt 6.1; win64; x64) applewebkit/537.36 (khtml, like gecko) chrome/68.0.3440.106 safari/537.36
 [ 2018-8-27 16:12:36 ] pid: 5524

 [ 2018-8-27 16:13:00 ] info: /index
 [ 2018-8-27 16:13:00 ] brower: mozilla/5.0 (windows nt 6.1; win64; x64) applewebkit/537.36 (khtml, like gecko) chrome/68.0.3440.106 safari/537.36
 [ 2018-8-27 16:13:00 ] pid: 5524

 [ 2018-8-27 16:13:00 ] info: /mosc/api/column?page=1&limit=20
 [ 2018-8-27 16:13:00 ] brower: mozilla/5.0 (windows nt 6.1; win64; x64) applewebkit/537.36 (khtml, like gecko) chrome/68.0.3440.106 safari/537.36
 [ 2018-8-27 16:13:00 ] pid: 5524

 [ 2018-8-27 16:13:00 ] info: /index/article_list?id=5b74edc60c835319d021ce02
 [ 2018-8-27 16:13:00 ] brower: mozilla/5.0 (windows nt 6.1; win64; x64) applewebkit/537.36 (khtml, like gecko) chrome/68.0.3440.106 safari/537.36
 [ 2018-8-27 16:13:00 ] pid: 5524

 [ 2018-8-27 16:13:00 ] info: /index/article/5b74f088e6d5511878395437
 [ 2018-8-27 16:13:00 ] brower: mozilla/5.0 (windows nt 6.1; win64; x64) applewebkit/537.36 (khtml, like gecko) chrome/68.0.3440.106 safari/537.36
 [ 2018-8-27 16:13:00 ] pid: 5524

 [ 2018-8-27 16:13:02 ] info: /index/share
 [ 2018-8-27 16:13:02 ] brower: mozilla/5.0 (windows nt 6.1; win64; x64) applewebkit/537.36 (khtml, like gecko) chrome/68.0.3440.106 safari/537.36
 [ 2018-8-27 16:13:02 ] pid: 5524

 [ 2018-8-27 16:13:21 ] info: /index
 [ 2018-8-27 16:13:21 ] brower: mozilla/5.0 (windows nt 6.1; win64; x64) applewebkit/537.36 (khtml, like gecko) chrome/68.0.3440.106 safari/537.36
 [ 2018-8-27 16:13:21 ] pid: 5524

 [ 2018-8-27 16:13:22 ] info: /mosc/api/column?page=1&limit=20
 [ 2018-8-27 16:13:22 ] brower: mozilla/5.0 (windows nt 6.1; win64; x64) applewebkit/537.36 (khtml, like gecko) chrome/68.0.3440.106 safari/537.36
 [ 2018-8-27 16:13:22 ] pid: 5524

 [ 2018-8-27 16:13:22 ] info: /index/article_list?id=5b74edc60c835319d021ce02
 [ 2018-8-27 16:13:22 ] brower: mozilla/5.0 (windows nt 6.1; win64; x64) applewebkit/537.36 (khtml, like gecko) chrome/68.0.3440.106 safari/537.36
 [ 2018-8-27 16:13:22 ] pid: 5524

 [ 2018-8-27 16:13:22 ] info: /index/article/5b74f088e6d5511878395437
 [ 2018-8-27 16:13:22 ] brower: mozilla/5.0 (windows nt 6.1; win64; x64) applewebkit/537.36 (khtml, like gecko) chrome/68.0.3440.106 safari/537.36
 [ 2018-8-27 16:13:22 ] pid: 5524

 [ 2018-8-27 16:13:23 ] info: /index/share
 [ 2018-8-27 16:13:23 ] brower: mozilla/5.0 (windows nt 6.1; win64; x64) applewebkit/537.36 (khtml, like gecko) chrome/68.0.3440.106 safari/537.36
 [ 2018-8-27 16:13:23 ] pid: 5524

 [ 2018-8-27 16:13:58 ] info: /index
 [ 2018-8-27 16:13:58 ] brower: mozilla/5.0 (windows nt 6.1; win64; x64) applewebkit/537.36 (khtml, like gecko) chrome/68.0.3440.106 safari/537.36
 [ 2018-8-27 16:13:58 ] pid: 5524

 [ 2018-8-27 16:13:58 ] info: /mosc/api/column?page=1&limit=20
 [ 2018-8-27 16:13:58 ] brower: mozilla/5.0 (windows nt 6.1; win64; x64) applewebkit/537.36 (khtml, like gecko) chrome/68.0.3440.106 safari/537.36
 [ 2018-8-27 16:13:58 ] pid: 5524

 [ 2018-8-27 16:13:58 ] info: /index/article_list?id=5b74edc60c835319d021ce02
 [ 2018-8-27 16:13:58 ] brower: mozilla/5.0 (windows nt 6.1; win64; x64) applewebkit/537.36 (khtml, like gecko) chrome/68.0.3440.106 safari/537.36
 [ 2018-8-27 16:13:58 ] pid: 5524

 [ 2018-8-27 16:13:58 ] info: /index/article/5b74f088e6d5511878395437
 [ 2018-8-27 16:13:58 ] brower: mozilla/5.0 (windows nt 6.1; win64; x64) applewebkit/537.36 (khtml, like gecko) chrome/68.0.3440.106 safari/537.36
 [ 2018-8-27 16:13:58 ] pid: 5524

 [ 2018-8-27 16:14:00 ] info: /index/share
 [ 2018-8-27 16:14:00 ] brower: mozilla/5.0 (windows nt 6.1; win64; x64) applewebkit/537.36 (khtml, like gecko) chrome/68.0.3440.106 safari/537.36
 [ 2018-8-27 16:14:00 ] pid: 5524

 [ 2018-8-27 16:16:36 ] info: /index
 [ 2018-8-27 16:16:36 ] brower: mozilla/5.0 (windows nt 6.1; win64; x64) applewebkit/537.36 (khtml, like gecko) chrome/68.0.3440.106 safari/537.36
 [ 2018-8-27 16:16:36 ] pid: 5524

 [ 2018-8-27 16:16:37 ] info: /mosc/api/column?page=1&limit=20
 [ 2018-8-27 16:16:37 ] brower: mozilla/5.0 (windows nt 6.1; win64; x64) applewebkit/537.36 (khtml, like gecko) chrome/68.0.3440.106 safari/537.36
 [ 2018-8-27 16:16:37 ] pid: 5524

 [ 2018-8-27 16:16:37 ] info: /index/article_list?id=5b74edc60c835319d021ce02
 [ 2018-8-27 16:16:37 ] brower: mozilla/5.0 (windows nt 6.1; win64; x64) applewebkit/537.36 (khtml, like gecko) chrome/68.0.3440.106 safari/537.36
 [ 2018-8-27 16:16:37 ] pid: 5524

 [ 2018-8-27 16:16:37 ] info: /index/article/5b74f088e6d5511878395437
 [ 2018-8-27 16:16:37 ] brower: mozilla/5.0 (windows nt 6.1; win64; x64) applewebkit/537.36 (khtml, like gecko) chrome/68.0.3440.106 safari/537.36
 [ 2018-8-27 16:16:37 ] pid: 5524

 [ 2018-8-27 16:16:39 ] info: /index/share
 [ 2018-8-27 16:16:39 ] brower: mozilla/5.0 (windows nt 6.1; win64; x64) applewebkit/537.36 (khtml, like gecko) chrome/68.0.3440.106 safari/537.36
 [ 2018-8-27 16:16:39 ] pid: 5524

 [ 2018-8-27 16:17:44 ] info: /index
 [ 2018-8-27 16:17:44 ] brower: mozilla/5.0 (windows nt 6.1; win64; x64) applewebkit/537.36 (khtml, like gecko) chrome/68.0.3440.106 safari/537.36
 [ 2018-8-27 16:17:44 ] pid: 5524

 [ 2018-8-27 16:17:44 ] info: /mosc/api/column?page=1&limit=20
 [ 2018-8-27 16:17:44 ] brower: mozilla/5.0 (windows nt 6.1; win64; x64) applewebkit/537.36 (khtml, like gecko) chrome/68.0.3440.106 safari/537.36
 [ 2018-8-27 16:17:44 ] pid: 5524

 [ 2018-8-27 16:17:44 ] info: /index/article_list?id=5b74edc60c835319d021ce02
 [ 2018-8-27 16:17:44 ] brower: mozilla/5.0 (windows nt 6.1; win64; x64) applewebkit/537.36 (khtml, like gecko) chrome/68.0.3440.106 safari/537.36
 [ 2018-8-27 16:17:44 ] pid: 5524

 [ 2018-8-27 16:17:45 ] info: /index/article/5b74f088e6d5511878395437
 [ 2018-8-27 16:17:45 ] brower: mozilla/5.0 (windows nt 6.1; win64; x64) applewebkit/537.36 (khtml, like gecko) chrome/68.0.3440.106 safari/537.36
 [ 2018-8-27 16:17:45 ] pid: 5524

 [ 2018-8-27 16:17:45 ] info: /index/share
 [ 2018-8-27 16:17:45 ] brower: mozilla/5.0 (windows nt 6.1; win64; x64) applewebkit/537.36 (khtml, like gecko) chrome/68.0.3440.106 safari/537.36
 [ 2018-8-27 16:17:45 ] pid: 5524

 [ 2018-8-27 16:19:52 ] info: /index/share
 [ 2018-8-27 16:19:52 ] brower: mozilla/5.0 (windows nt 6.1; win64; x64) applewebkit/537.36 (khtml, like gecko) chrome/68.0.3440.106 safari/537.36
 [ 2018-8-27 16:19:52 ] pid: 5524

 [ 2018-8-27 16:22:37 ] info: /index
 [ 2018-8-27 16:22:37 ] brower: mozilla/5.0 (windows nt 6.1; win64; x64) applewebkit/537.36 (khtml, like gecko) chrome/68.0.3440.106 safari/537.36
 [ 2018-8-27 16:22:37 ] pid: 5524

 [ 2018-8-27 16:22:37 ] info: /mosc/api/column?page=1&limit=20
 [ 2018-8-27 16:22:37 ] brower: mozilla/5.0 (windows nt 6.1; win64; x64) applewebkit/537.36 (khtml, like gecko) chrome/68.0.3440.106 safari/537.36
 [ 2018-8-27 16:22:37 ] pid: 5524

 [ 2018-8-27 16:22:37 ] info: /index/article_list?id=5b74edc60c835319d021ce02
 [ 2018-8-27 16:22:37 ] brower: mozilla/5.0 (windows nt 6.1; win64; x64) applewebkit/537.36 (khtml, like gecko) chrome/68.0.3440.106 safari/537.36
 [ 2018-8-27 16:22:37 ] pid: 5524

 [ 2018-8-27 16:22:37 ] info: /index/article/5b74f088e6d5511878395437
 [ 2018-8-27 16:22:37 ] brower: mozilla/5.0 (windows nt 6.1; win64; x64) applewebkit/537.36 (khtml, like gecko) chrome/68.0.3440.106 safari/537.36
 [ 2018-8-27 16:22:37 ] pid: 5524

 [ 2018-8-27 16:22:39 ] info: /index/share
 [ 2018-8-27 16:22:39 ] brower: mozilla/5.0 (windows nt 6.1; win64; x64) applewebkit/537.36 (khtml, like gecko) chrome/68.0.3440.106 safari/537.36
 [ 2018-8-27 16:22:39 ] pid: 5524

 [ 2018-8-27 16:22:46 ] info: /index
 [ 2018-8-27 16:22:46 ] brower: mozilla/5.0 (windows nt 6.1; win64; x64) applewebkit/537.36 (khtml, like gecko) chrome/68.0.3440.106 safari/537.36
 [ 2018-8-27 16:22:46 ] pid: 5524

 [ 2018-8-27 16:22:46 ] info: /mosc/api/column?page=1&limit=20
 [ 2018-8-27 16:22:46 ] brower: mozilla/5.0 (windows nt 6.1; win64; x64) applewebkit/537.36 (khtml, like gecko) chrome/68.0.3440.106 safari/537.36
 [ 2018-8-27 16:22:46 ] pid: 5524

 [ 2018-8-27 16:22:46 ] info: /index/article_list?id=5b74edc60c835319d021ce02
 [ 2018-8-27 16:22:46 ] brower: mozilla/5.0 (windows nt 6.1; win64; x64) applewebkit/537.36 (khtml, like gecko) chrome/68.0.3440.106 safari/537.36
 [ 2018-8-27 16:22:46 ] pid: 5524

 [ 2018-8-27 16:22:46 ] info: /index/article/5b74f088e6d5511878395437
 [ 2018-8-27 16:22:46 ] brower: mozilla/5.0 (windows nt 6.1; win64; x64) applewebkit/537.36 (khtml, like gecko) chrome/68.0.3440.106 safari/537.36
 [ 2018-8-27 16:22:46 ] pid: 5524

 [ 2018-8-27 16:22:47 ] info: /index/share
 [ 2018-8-27 16:22:47 ] brower: mozilla/5.0 (windows nt 6.1; win64; x64) applewebkit/537.36 (khtml, like gecko) chrome/68.0.3440.106 safari/537.36
 [ 2018-8-27 16:22:47 ] pid: 5524

 [ 2018-8-27 16:23:00 ] info: /index
 [ 2018-8-27 16:23:00 ] brower: mozilla/5.0 (windows nt 6.1; win64; x64) applewebkit/537.36 (khtml, like gecko) chrome/68.0.3440.106 safari/537.36
 [ 2018-8-27 16:23:00 ] pid: 5524

 [ 2018-8-27 16:23:00 ] info: /mosc/api/column?page=1&limit=20
 [ 2018-8-27 16:23:00 ] brower: mozilla/5.0 (windows nt 6.1; win64; x64) applewebkit/537.36 (khtml, like gecko) chrome/68.0.3440.106 safari/537.36
 [ 2018-8-27 16:23:00 ] pid: 5524

 [ 2018-8-27 16:23:00 ] info: /index/article_list?id=5b74edc60c835319d021ce02
 [ 2018-8-27 16:23:00 ] brower: mozilla/5.0 (windows nt 6.1; win64; x64) applewebkit/537.36 (khtml, like gecko) chrome/68.0.3440.106 safari/537.36
 [ 2018-8-27 16:23:00 ] pid: 5524

 [ 2018-8-27 16:23:00 ] info: /index/article/5b74f088e6d5511878395437
 [ 2018-8-27 16:23:00 ] brower: mozilla/5.0 (windows nt 6.1; win64; x64) applewebkit/537.36 (khtml, like gecko) chrome/68.0.3440.106 safari/537.36
 [ 2018-8-27 16:23:00 ] pid: 5524

 [ 2018-8-27 16:23:01 ] info: /index/share
 [ 2018-8-27 16:23:01 ] brower: mozilla/5.0 (windows nt 6.1; win64; x64) applewebkit/537.36 (khtml, like gecko) chrome/68.0.3440.106 safari/537.36
 [ 2018-8-27 16:23:01 ] pid: 5524

 [ 2018-8-27 16:25:09 ] info: /index
 [ 2018-8-27 16:25:09 ] brower: mozilla/5.0 (windows nt 6.1; win64; x64) applewebkit/537.36 (khtml, like gecko) chrome/68.0.3440.106 safari/537.36
 [ 2018-8-27 16:25:09 ] pid: 5524

 [ 2018-8-27 16:25:09 ] info: /mosc/api/column?page=1&limit=20
 [ 2018-8-27 16:25:09 ] brower: mozilla/5.0 (windows nt 6.1; win64; x64) applewebkit/537.36 (khtml, like gecko) chrome/68.0.3440.106 safari/537.36
 [ 2018-8-27 16:25:09 ] pid: 5524

 [ 2018-8-27 16:25:09 ] info: /index/article_list?id=5b74edc60c835319d021ce02
 [ 2018-8-27 16:25:09 ] brower: mozilla/5.0 (windows nt 6.1; win64; x64) applewebkit/537.36 (khtml, like gecko) chrome/68.0.3440.106 safari/537.36
 [ 2018-8-27 16:25:09 ] pid: 5524

 [ 2018-8-27 16:25:09 ] info: /index/article/5b74f088e6d5511878395437
 [ 2018-8-27 16:25:09 ] brower: mozilla/5.0 (windows nt 6.1; win64; x64) applewebkit/537.36 (khtml, like gecko) chrome/68.0.3440.106 safari/537.36
 [ 2018-8-27 16:25:09 ] pid: 5524

 [ 2018-8-27 16:25:10 ] info: /index/share
 [ 2018-8-27 16:25:10 ] brower: mozilla/5.0 (windows nt 6.1; win64; x64) applewebkit/537.36 (khtml, like gecko) chrome/68.0.3440.106 safari/537.36
 [ 2018-8-27 16:25:10 ] pid: 5524

 [ 2018-8-27 16:25:25 ] info: /index
 [ 2018-8-27 16:25:25 ] brower: mozilla/5.0 (windows nt 6.1; win64; x64) applewebkit/537.36 (khtml, like gecko) chrome/68.0.3440.106 safari/537.36
 [ 2018-8-27 16:25:25 ] pid: 5524

 [ 2018-8-27 16:25:26 ] info: /mosc/api/column?page=1&limit=20
 [ 2018-8-27 16:25:26 ] brower: mozilla/5.0 (windows nt 6.1; win64; x64) applewebkit/537.36 (khtml, like gecko) chrome/68.0.3440.106 safari/537.36
 [ 2018-8-27 16:25:26 ] pid: 5524

 [ 2018-8-27 16:25:26 ] info: /index/article_list?id=5b74edc60c835319d021ce02
 [ 2018-8-27 16:25:26 ] brower: mozilla/5.0 (windows nt 6.1; win64; x64) applewebkit/537.36 (khtml, like gecko) chrome/68.0.3440.106 safari/537.36
 [ 2018-8-27 16:25:26 ] pid: 5524

 [ 2018-8-27 16:25:26 ] info: /index/article/5b74f088e6d5511878395437
 [ 2018-8-27 16:25:26 ] brower: mozilla/5.0 (windows nt 6.1; win64; x64) applewebkit/537.36 (khtml, like gecko) chrome/68.0.3440.106 safari/537.36
 [ 2018-8-27 16:25:26 ] pid: 5524

 [ 2018-8-27 16:25:27 ] info: /index/share
 [ 2018-8-27 16:25:27 ] brower: mozilla/5.0 (windows nt 6.1; win64; x64) applewebkit/537.36 (khtml, like gecko) chrome/68.0.3440.106 safari/537.36
 [ 2018-8-27 16:25:27 ] pid: 5524

