 [ 2018-8-31 14:32:13 ] info: /mosc/
 [ 2018-8-31 14:32:13 ] brower: mozilla/5.0 (windows nt 6.1; win64; x64) applewebkit/537.36 (khtml, like gecko) chrome/68.0.3440.106 safari/537.36
 [ 2018-8-31 14:32:13 ] pid: 5876

 [ 2018-8-31 14:32:15 ] info: /
 [ 2018-8-31 14:32:15 ] brower: mozilla/5.0 (windows nt 6.1; win64; x64) applewebkit/537.36 (khtml, like gecko) chrome/68.0.3440.106 safari/537.36
 [ 2018-8-31 14:32:15 ] pid: 5876

 [ 2018-8-31 14:32:15 ] info: /index
 [ 2018-8-31 14:32:15 ] brower: mozilla/5.0 (windows nt 6.1; win64; x64) applewebkit/537.36 (khtml, like gecko) chrome/68.0.3440.106 safari/537.36
 [ 2018-8-31 14:32:15 ] pid: 5876

 [ 2018-8-31 14:32:16 ] info: /mosc/api/column?page=1&limit=20
 [ 2018-8-31 14:32:16 ] brower: mozilla/5.0 (windows nt 6.1; win64; x64) applewebkit/537.36 (khtml, like gecko) chrome/68.0.3440.106 safari/537.36
 [ 2018-8-31 14:32:16 ] pid: 5876

 [ 2018-8-31 14:32:16 ] info: /index/article_list?id=5b74edc60c835319d021ce02
 [ 2018-8-31 14:32:16 ] brower: mozilla/5.0 (windows nt 6.1; win64; x64) applewebkit/537.36 (khtml, like gecko) chrome/68.0.3440.106 safari/537.36
 [ 2018-8-31 14:32:16 ] pid: 5876

 [ 2018-8-31 14:32:16 ] info: /index/article/5b87b96a9b2bf30af4102db0
 [ 2018-8-31 14:32:16 ] brower: mozilla/5.0 (windows nt 6.1; win64; x64) applewebkit/537.36 (khtml, like gecko) chrome/68.0.3440.106 safari/537.36
 [ 2018-8-31 14:32:16 ] pid: 5876

 [ 2018-8-31 14:32:25 ] info: /index
 [ 2018-8-31 14:32:25 ] brower: mozilla/5.0 (windows nt 6.1; win64; x64) applewebkit/537.36 (khtml, like gecko) chrome/68.0.3440.106 safari/537.36
 [ 2018-8-31 14:32:25 ] pid: 5876

 [ 2018-8-31 14:32:26 ] info: /mosc/api/column?page=1&limit=20
 [ 2018-8-31 14:32:26 ] brower: mozilla/5.0 (windows nt 6.1; win64; x64) applewebkit/537.36 (khtml, like gecko) chrome/68.0.3440.106 safari/537.36
 [ 2018-8-31 14:32:26 ] pid: 5876

 [ 2018-8-31 14:32:26 ] info: /index/article_list?id=5b74edc60c835319d021ce02
 [ 2018-8-31 14:32:26 ] brower: mozilla/5.0 (windows nt 6.1; win64; x64) applewebkit/537.36 (khtml, like gecko) chrome/68.0.3440.106 safari/537.36
 [ 2018-8-31 14:32:26 ] pid: 5876

 [ 2018-8-31 14:32:26 ] info: /index/article/5b87b96a9b2bf30af4102db0
 [ 2018-8-31 14:32:26 ] brower: mozilla/5.0 (windows nt 6.1; win64; x64) applewebkit/537.36 (khtml, like gecko) chrome/68.0.3440.106 safari/537.36
 [ 2018-8-31 14:32:26 ] pid: 5876

 [ 2018-8-31 14:32:29 ] info: /mosc
 [ 2018-8-31 14:32:29 ] brower: mozilla/5.0 (windows nt 6.1; win64; x64) applewebkit/537.36 (khtml, like gecko) chrome/68.0.3440.106 safari/537.36
 [ 2018-8-31 14:32:29 ] pid: 5876

 [ 2018-8-31 14:32:31 ] info: /mosc/home
 [ 2018-8-31 14:32:31 ] brower: mozilla/5.0 (windows nt 6.1; win64; x64) applewebkit/537.36 (khtml, like gecko) chrome/68.0.3440.106 safari/537.36
 [ 2018-8-31 14:32:31 ] pid: 5876

 [ 2018-8-31 14:32:31 ] info: /mosc/home/allCount/
 [ 2018-8-31 14:32:31 ] brower: mozilla/5.0 (windows nt 6.1; win64; x64) applewebkit/537.36 (khtml, like gecko) chrome/68.0.3440.106 safari/537.36
 [ 2018-8-31 14:32:31 ] pid: 5876

 [ 2018-8-31 14:32:31 ] info: /mosc/home/readCount/
 [ 2018-8-31 14:32:31 ] brower: mozilla/5.0 (windows nt 6.1; win64; x64) applewebkit/537.36 (khtml, like gecko) chrome/68.0.3440.106 safari/537.36
 [ 2018-8-31 14:32:31 ] pid: 5876

 [ 2018-8-31 14:32:31 ] info: /mosc/home/allUser/
 [ 2018-8-31 14:32:31 ] brower: mozilla/5.0 (windows nt 6.1; win64; x64) applewebkit/537.36 (khtml, like gecko) chrome/68.0.3440.106 safari/537.36
 [ 2018-8-31 14:32:31 ] pid: 5876

 [ 2018-8-31 14:32:31 ] info: /mosc/home/allColumn/
 [ 2018-8-31 14:32:31 ] brower: mozilla/5.0 (windows nt 6.1; win64; x64) applewebkit/537.36 (khtml, like gecko) chrome/68.0.3440.106 safari/537.36
 [ 2018-8-31 14:32:31 ] pid: 5876

 [ 2018-8-31 14:32:31 ] info: /mosc/home/readColumn/
 [ 2018-8-31 14:32:31 ] brower: mozilla/5.0 (windows nt 6.1; win64; x64) applewebkit/537.36 (khtml, like gecko) chrome/68.0.3440.106 safari/537.36
 [ 2018-8-31 14:32:31 ] pid: 5876

 [ 2018-8-31 14:32:33 ] info: /mosc/column
 [ 2018-8-31 14:32:33 ] brower: mozilla/5.0 (windows nt 6.1; win64; x64) applewebkit/537.36 (khtml, like gecko) chrome/68.0.3440.106 safari/537.36
 [ 2018-8-31 14:32:33 ] pid: 5876

 [ 2018-8-31 14:32:33 ] info: /mosc/api/column?page=1&limit=10
 [ 2018-8-31 14:32:33 ] brower: mozilla/5.0 (windows nt 6.1; win64; x64) applewebkit/537.36 (khtml, like gecko) chrome/68.0.3440.106 safari/537.36
 [ 2018-8-31 14:32:33 ] pid: 5876

 [ 2018-8-31 14:32:35 ] info: /mosc/article_list?id=5b74edc60c835319d021ce02&page=1
 [ 2018-8-31 14:32:35 ] brower: mozilla/5.0 (windows nt 6.1; win64; x64) applewebkit/537.36 (khtml, like gecko) chrome/68.0.3440.106 safari/537.36
 [ 2018-8-31 14:32:35 ] pid: 5876

 [ 2018-8-31 14:32:36 ] info: /mosc/article_list/delete?id=5b87b96a9b2bf30af4102db0
 [ 2018-8-31 14:32:36 ] brower: mozilla/5.0 (windows nt 6.1; win64; x64) applewebkit/537.36 (khtml, like gecko) chrome/68.0.3440.106 safari/537.36
 [ 2018-8-31 14:32:36 ] pid: 5876

 [ 2018-8-31 14:32:36 ] info: /mosc/article_list?id=5b74edc60c835319d021ce02&page=1
 [ 2018-8-31 14:32:36 ] brower: mozilla/5.0 (windows nt 6.1; win64; x64) applewebkit/537.36 (khtml, like gecko) chrome/68.0.3440.106 safari/537.36
 [ 2018-8-31 14:32:36 ] pid: 5876

 [ 2018-8-31 14:32:39 ] info: /index
 [ 2018-8-31 14:32:39 ] brower: mozilla/5.0 (windows nt 6.1; win64; x64) applewebkit/537.36 (khtml, like gecko) chrome/68.0.3440.106 safari/537.36
 [ 2018-8-31 14:32:39 ] pid: 5876

 [ 2018-8-31 14:32:39 ] info: /mosc/api/column?page=1&limit=20
 [ 2018-8-31 14:32:39 ] brower: mozilla/5.0 (windows nt 6.1; win64; x64) applewebkit/537.36 (khtml, like gecko) chrome/68.0.3440.106 safari/537.36
 [ 2018-8-31 14:32:39 ] pid: 5876

 [ 2018-8-31 14:32:39 ] info: /index/article_list?id=5b74edc60c835319d021ce02
 [ 2018-8-31 14:32:39 ] brower: mozilla/5.0 (windows nt 6.1; win64; x64) applewebkit/537.36 (khtml, like gecko) chrome/68.0.3440.106 safari/537.36
 [ 2018-8-31 14:32:39 ] pid: 5876

 [ 2018-8-31 14:32:39 ] info: /index/article/5b74f088e6d5511878395437
 [ 2018-8-31 14:32:39 ] brower: mozilla/5.0 (windows nt 6.1; win64; x64) applewebkit/537.36 (khtml, like gecko) chrome/68.0.3440.106 safari/537.36
 [ 2018-8-31 14:32:39 ] pid: 5876

 [ 2018-8-31 14:32:42 ] info: /index/share
 [ 2018-8-31 14:32:42 ] brower: mozilla/5.0 (windows nt 6.1; win64; x64) applewebkit/537.36 (khtml, like gecko) chrome/68.0.3440.106 safari/537.36
 [ 2018-8-31 14:32:42 ] pid: 5876

 [ 2018-8-31 14:56:08 ] info: /index
 [ 2018-8-31 14:56:08 ] brower: mozilla/5.0 (windows nt 6.1; win64; x64) applewebkit/537.36 (khtml, like gecko) chrome/68.0.3440.106 safari/537.36
 [ 2018-8-31 14:56:08 ] pid: 5876

 [ 2018-8-31 14:56:08 ] info: /mosc/api/column?page=1&limit=20
 [ 2018-8-31 14:56:08 ] brower: mozilla/5.0 (windows nt 6.1; win64; x64) applewebkit/537.36 (khtml, like gecko) chrome/68.0.3440.106 safari/537.36
 [ 2018-8-31 14:56:08 ] pid: 5876

 [ 2018-8-31 14:56:08 ] info: /index/article_list?id=5b74edc60c835319d021ce02
 [ 2018-8-31 14:56:08 ] brower: mozilla/5.0 (windows nt 6.1; win64; x64) applewebkit/537.36 (khtml, like gecko) chrome/68.0.3440.106 safari/537.36
 [ 2018-8-31 14:56:08 ] pid: 5876

 [ 2018-8-31 14:56:08 ] info: /index/article/5b74f088e6d5511878395437
 [ 2018-8-31 14:56:08 ] brower: mozilla/5.0 (windows nt 6.1; win64; x64) applewebkit/537.36 (khtml, like gecko) chrome/68.0.3440.106 safari/537.36
 [ 2018-8-31 14:56:08 ] pid: 5876

 [ 2018-8-31 14:56:15 ] info: /index/share
 [ 2018-8-31 14:56:15 ] brower: mozilla/5.0 (windows nt 6.1; win64; x64) applewebkit/537.36 (khtml, like gecko) chrome/68.0.3440.106 safari/537.36
 [ 2018-8-31 14:56:15 ] pid: 5876

 [ 2018-8-31 15:18:50 ] info: /index
 [ 2018-8-31 15:18:50 ] brower: mozilla/5.0 (windows nt 6.1; win64; x64) applewebkit/537.36 (khtml, like gecko) chrome/68.0.3440.106 safari/537.36
 [ 2018-8-31 15:18:50 ] pid: 5876

 [ 2018-8-31 15:18:50 ] info: /mosc/api/column?page=1&limit=20
 [ 2018-8-31 15:18:50 ] brower: mozilla/5.0 (windows nt 6.1; win64; x64) applewebkit/537.36 (khtml, like gecko) chrome/68.0.3440.106 safari/537.36
 [ 2018-8-31 15:18:50 ] pid: 5876

 [ 2018-8-31 15:18:50 ] info: /index/article_list?id=5b74edc60c835319d021ce02
 [ 2018-8-31 15:18:50 ] brower: mozilla/5.0 (windows nt 6.1; win64; x64) applewebkit/537.36 (khtml, like gecko) chrome/68.0.3440.106 safari/537.36
 [ 2018-8-31 15:18:50 ] pid: 5876

 [ 2018-8-31 15:18:50 ] info: /index/article/5b74f088e6d5511878395437
 [ 2018-8-31 15:18:50 ] brower: mozilla/5.0 (windows nt 6.1; win64; x64) applewebkit/537.36 (khtml, like gecko) chrome/68.0.3440.106 safari/537.36
 [ 2018-8-31 15:18:50 ] pid: 5876

 [ 2018-8-31 15:18:51 ] info: /index/share
 [ 2018-8-31 15:18:51 ] brower: mozilla/5.0 (windows nt 6.1; win64; x64) applewebkit/537.36 (khtml, like gecko) chrome/68.0.3440.106 safari/537.36
 [ 2018-8-31 15:18:51 ] pid: 5876

 [ 2018-8-31 15:20:30 ] info: /index
 [ 2018-8-31 15:20:30 ] brower: mozilla/5.0 (windows nt 6.1; win64; x64) applewebkit/537.36 (khtml, like gecko) chrome/68.0.3440.106 safari/537.36
 [ 2018-8-31 15:20:30 ] pid: 5876

 [ 2018-8-31 15:20:30 ] info: /mosc/api/column?page=1&limit=20
 [ 2018-8-31 15:20:30 ] brower: mozilla/5.0 (windows nt 6.1; win64; x64) applewebkit/537.36 (khtml, like gecko) chrome/68.0.3440.106 safari/537.36
 [ 2018-8-31 15:20:30 ] pid: 5876

 [ 2018-8-31 15:20:30 ] info: /index/article_list?id=5b74edc60c835319d021ce02
 [ 2018-8-31 15:20:30 ] brower: mozilla/5.0 (windows nt 6.1; win64; x64) applewebkit/537.36 (khtml, like gecko) chrome/68.0.3440.106 safari/537.36
 [ 2018-8-31 15:20:30 ] pid: 5876

 [ 2018-8-31 15:20:30 ] info: /index/article/5b74f088e6d5511878395437
 [ 2018-8-31 15:20:30 ] brower: mozilla/5.0 (windows nt 6.1; win64; x64) applewebkit/537.36 (khtml, like gecko) chrome/68.0.3440.106 safari/537.36
 [ 2018-8-31 15:20:30 ] pid: 5876

 [ 2018-8-31 15:20:31 ] info: /index/share
 [ 2018-8-31 15:20:31 ] brower: mozilla/5.0 (windows nt 6.1; win64; x64) applewebkit/537.36 (khtml, like gecko) chrome/68.0.3440.106 safari/537.36
 [ 2018-8-31 15:20:31 ] pid: 5876

 [ 2018-8-31 16:22:39 ] info: /index
 [ 2018-8-31 16:22:39 ] brower: mozilla/5.0 (windows nt 6.1; win64; x64) applewebkit/537.36 (khtml, like gecko) chrome/68.0.3440.106 safari/537.36
 [ 2018-8-31 16:22:39 ] pid: 5876

 [ 2018-8-31 16:22:39 ] info: /mosc/api/column?page=1&limit=20
 [ 2018-8-31 16:22:39 ] brower: mozilla/5.0 (windows nt 6.1; win64; x64) applewebkit/537.36 (khtml, like gecko) chrome/68.0.3440.106 safari/537.36
 [ 2018-8-31 16:22:39 ] pid: 5876

 [ 2018-8-31 16:22:39 ] info: /index/article_list?id=5b74edc60c835319d021ce02
 [ 2018-8-31 16:22:39 ] brower: mozilla/5.0 (windows nt 6.1; win64; x64) applewebkit/537.36 (khtml, like gecko) chrome/68.0.3440.106 safari/537.36
 [ 2018-8-31 16:22:39 ] pid: 5876

 [ 2018-8-31 16:22:39 ] info: /index/article/5b74f088e6d5511878395437
 [ 2018-8-31 16:22:39 ] brower: mozilla/5.0 (windows nt 6.1; win64; x64) applewebkit/537.36 (khtml, like gecko) chrome/68.0.3440.106 safari/537.36
 [ 2018-8-31 16:22:39 ] pid: 5876

 [ 2018-8-31 16:22:41 ] info: /index/share
 [ 2018-8-31 16:22:41 ] brower: mozilla/5.0 (windows nt 6.1; win64; x64) applewebkit/537.36 (khtml, like gecko) chrome/68.0.3440.106 safari/537.36
 [ 2018-8-31 16:22:41 ] pid: 5876

 [ 2018-8-31 16:23:08 ] info: /index
 [ 2018-8-31 16:23:08 ] brower: mozilla/5.0 (windows nt 6.1; win64; x64) applewebkit/537.36 (khtml, like gecko) chrome/68.0.3440.106 safari/537.36
 [ 2018-8-31 16:23:08 ] pid: 5876

 [ 2018-8-31 16:23:08 ] info: /mosc/api/column?page=1&limit=20
 [ 2018-8-31 16:23:08 ] brower: mozilla/5.0 (windows nt 6.1; win64; x64) applewebkit/537.36 (khtml, like gecko) chrome/68.0.3440.106 safari/537.36
 [ 2018-8-31 16:23:08 ] pid: 5876

 [ 2018-8-31 16:23:08 ] info: /index/article_list?id=5b74edc60c835319d021ce02
 [ 2018-8-31 16:23:08 ] brower: mozilla/5.0 (windows nt 6.1; win64; x64) applewebkit/537.36 (khtml, like gecko) chrome/68.0.3440.106 safari/537.36
 [ 2018-8-31 16:23:08 ] pid: 5876

 [ 2018-8-31 16:23:08 ] info: /index/article/5b74f088e6d5511878395437
 [ 2018-8-31 16:23:08 ] brower: mozilla/5.0 (windows nt 6.1; win64; x64) applewebkit/537.36 (khtml, like gecko) chrome/68.0.3440.106 safari/537.36
 [ 2018-8-31 16:23:08 ] pid: 5876

 [ 2018-8-31 16:23:09 ] info: /index/share
 [ 2018-8-31 16:23:09 ] brower: mozilla/5.0 (windows nt 6.1; win64; x64) applewebkit/537.36 (khtml, like gecko) chrome/68.0.3440.106 safari/537.36
 [ 2018-8-31 16:23:09 ] pid: 5876

 [ 2018-8-31 16:24:07 ] info: /index
 [ 2018-8-31 16:24:07 ] brower: mozilla/5.0 (windows nt 6.1; win64; x64) applewebkit/537.36 (khtml, like gecko) chrome/68.0.3440.106 safari/537.36
 [ 2018-8-31 16:24:07 ] pid: 5876

 [ 2018-8-31 16:24:07 ] info: /mosc/api/column?page=1&limit=20
 [ 2018-8-31 16:24:07 ] brower: mozilla/5.0 (windows nt 6.1; win64; x64) applewebkit/537.36 (khtml, like gecko) chrome/68.0.3440.106 safari/537.36
 [ 2018-8-31 16:24:07 ] pid: 5876

 [ 2018-8-31 16:24:07 ] info: /index/article_list?id=5b74edc60c835319d021ce02
 [ 2018-8-31 16:24:07 ] brower: mozilla/5.0 (windows nt 6.1; win64; x64) applewebkit/537.36 (khtml, like gecko) chrome/68.0.3440.106 safari/537.36
 [ 2018-8-31 16:24:07 ] pid: 5876

 [ 2018-8-31 16:24:07 ] info: /index/article/5b74f088e6d5511878395437
 [ 2018-8-31 16:24:07 ] brower: mozilla/5.0 (windows nt 6.1; win64; x64) applewebkit/537.36 (khtml, like gecko) chrome/68.0.3440.106 safari/537.36
 [ 2018-8-31 16:24:07 ] pid: 5876

 [ 2018-8-31 16:24:08 ] info: /index/share
 [ 2018-8-31 16:24:08 ] brower: mozilla/5.0 (windows nt 6.1; win64; x64) applewebkit/537.36 (khtml, like gecko) chrome/68.0.3440.106 safari/537.36
 [ 2018-8-31 16:24:08 ] pid: 5876

 [ 2018-8-31 16:24:27 ] info: /index
 [ 2018-8-31 16:24:27 ] brower: mozilla/5.0 (windows nt 6.1; win64; x64) applewebkit/537.36 (khtml, like gecko) chrome/68.0.3440.106 safari/537.36
 [ 2018-8-31 16:24:27 ] pid: 5876

 [ 2018-8-31 16:24:27 ] info: /mosc/api/column?page=1&limit=20
 [ 2018-8-31 16:24:27 ] brower: mozilla/5.0 (windows nt 6.1; win64; x64) applewebkit/537.36 (khtml, like gecko) chrome/68.0.3440.106 safari/537.36
 [ 2018-8-31 16:24:27 ] pid: 5876

 [ 2018-8-31 16:24:27 ] info: /index/article_list?id=5b74edc60c835319d021ce02
 [ 2018-8-31 16:24:27 ] brower: mozilla/5.0 (windows nt 6.1; win64; x64) applewebkit/537.36 (khtml, like gecko) chrome/68.0.3440.106 safari/537.36
 [ 2018-8-31 16:24:27 ] pid: 5876

 [ 2018-8-31 16:24:27 ] info: /index/article/5b74f088e6d5511878395437
 [ 2018-8-31 16:24:27 ] brower: mozilla/5.0 (windows nt 6.1; win64; x64) applewebkit/537.36 (khtml, like gecko) chrome/68.0.3440.106 safari/537.36
 [ 2018-8-31 16:24:27 ] pid: 5876

 [ 2018-8-31 16:24:39 ] info: /index
 [ 2018-8-31 16:24:39 ] brower: mozilla/5.0 (windows nt 6.1; win64; x64) applewebkit/537.36 (khtml, like gecko) chrome/68.0.3440.106 safari/537.36
 [ 2018-8-31 16:24:39 ] pid: 5876

 [ 2018-8-31 16:24:39 ] info: /mosc/api/column?page=1&limit=20
 [ 2018-8-31 16:24:39 ] brower: mozilla/5.0 (windows nt 6.1; win64; x64) applewebkit/537.36 (khtml, like gecko) chrome/68.0.3440.106 safari/537.36
 [ 2018-8-31 16:24:39 ] pid: 5876

 [ 2018-8-31 16:24:39 ] info: /index/article_list?id=5b74edc60c835319d021ce02
 [ 2018-8-31 16:24:39 ] brower: mozilla/5.0 (windows nt 6.1; win64; x64) applewebkit/537.36 (khtml, like gecko) chrome/68.0.3440.106 safari/537.36
 [ 2018-8-31 16:24:39 ] pid: 5876

 [ 2018-8-31 16:24:39 ] info: /index/article/5b74f088e6d5511878395437
 [ 2018-8-31 16:24:39 ] brower: mozilla/5.0 (windows nt 6.1; win64; x64) applewebkit/537.36 (khtml, like gecko) chrome/68.0.3440.106 safari/537.36
 [ 2018-8-31 16:24:39 ] pid: 5876

 [ 2018-8-31 16:24:40 ] info: /index/share
 [ 2018-8-31 16:24:40 ] brower: mozilla/5.0 (windows nt 6.1; win64; x64) applewebkit/537.36 (khtml, like gecko) chrome/68.0.3440.106 safari/537.36
 [ 2018-8-31 16:24:40 ] pid: 5876

 [ 2018-8-31 16:28:42 ] info: /index
 [ 2018-8-31 16:28:42 ] brower: mozilla/5.0 (windows nt 6.1; win64; x64) applewebkit/537.36 (khtml, like gecko) chrome/68.0.3440.106 safari/537.36
 [ 2018-8-31 16:28:42 ] pid: 5876

 [ 2018-8-31 16:28:43 ] info: /mosc/api/column?page=1&limit=20
 [ 2018-8-31 16:28:43 ] brower: mozilla/5.0 (windows nt 6.1; win64; x64) applewebkit/537.36 (khtml, like gecko) chrome/68.0.3440.106 safari/537.36
 [ 2018-8-31 16:28:43 ] pid: 5876

 [ 2018-8-31 16:28:43 ] info: /index/article_list?id=5b74edc60c835319d021ce02
 [ 2018-8-31 16:28:43 ] brower: mozilla/5.0 (windows nt 6.1; win64; x64) applewebkit/537.36 (khtml, like gecko) chrome/68.0.3440.106 safari/537.36
 [ 2018-8-31 16:28:43 ] pid: 5876

 [ 2018-8-31 16:28:43 ] info: /index/article/5b74f088e6d5511878395437
 [ 2018-8-31 16:28:43 ] brower: mozilla/5.0 (windows nt 6.1; win64; x64) applewebkit/537.36 (khtml, like gecko) chrome/68.0.3440.106 safari/537.36
 [ 2018-8-31 16:28:43 ] pid: 5876

 [ 2018-8-31 16:28:44 ] info: /index/share
 [ 2018-8-31 16:28:44 ] brower: mozilla/5.0 (windows nt 6.1; win64; x64) applewebkit/537.36 (khtml, like gecko) chrome/68.0.3440.106 safari/537.36
 [ 2018-8-31 16:28:44 ] pid: 5876

 [ 2018-8-31 16:29:03 ] info: /index
 [ 2018-8-31 16:29:03 ] brower: mozilla/5.0 (windows nt 6.1; win64; x64) applewebkit/537.36 (khtml, like gecko) chrome/68.0.3440.106 safari/537.36
 [ 2018-8-31 16:29:03 ] pid: 5876

 [ 2018-8-31 16:29:03 ] info: /mosc/api/column?page=1&limit=20
 [ 2018-8-31 16:29:03 ] brower: mozilla/5.0 (windows nt 6.1; win64; x64) applewebkit/537.36 (khtml, like gecko) chrome/68.0.3440.106 safari/537.36
 [ 2018-8-31 16:29:03 ] pid: 5876

 [ 2018-8-31 16:29:03 ] info: /index/article_list?id=5b74edc60c835319d021ce02
 [ 2018-8-31 16:29:03 ] brower: mozilla/5.0 (windows nt 6.1; win64; x64) applewebkit/537.36 (khtml, like gecko) chrome/68.0.3440.106 safari/537.36
 [ 2018-8-31 16:29:03 ] pid: 5876

 [ 2018-8-31 16:29:03 ] info: /index/article/5b74f088e6d5511878395437
 [ 2018-8-31 16:29:03 ] brower: mozilla/5.0 (windows nt 6.1; win64; x64) applewebkit/537.36 (khtml, like gecko) chrome/68.0.3440.106 safari/537.36
 [ 2018-8-31 16:29:03 ] pid: 5876

 [ 2018-8-31 16:29:04 ] info: /index/share
 [ 2018-8-31 16:29:04 ] brower: mozilla/5.0 (windows nt 6.1; win64; x64) applewebkit/537.36 (khtml, like gecko) chrome/68.0.3440.106 safari/537.36
 [ 2018-8-31 16:29:04 ] pid: 5876

 [ 2018-8-31 16:29:45 ] info: /index
 [ 2018-8-31 16:29:45 ] brower: mozilla/5.0 (windows nt 6.1; win64; x64) applewebkit/537.36 (khtml, like gecko) chrome/68.0.3440.106 safari/537.36
 [ 2018-8-31 16:29:45 ] pid: 5876

 [ 2018-8-31 16:29:46 ] info: /mosc/api/column?page=1&limit=20
 [ 2018-8-31 16:29:46 ] brower: mozilla/5.0 (windows nt 6.1; win64; x64) applewebkit/537.36 (khtml, like gecko) chrome/68.0.3440.106 safari/537.36
 [ 2018-8-31 16:29:46 ] pid: 5876

 [ 2018-8-31 16:29:46 ] info: /index/article_list?id=5b74edc60c835319d021ce02
 [ 2018-8-31 16:29:46 ] brower: mozilla/5.0 (windows nt 6.1; win64; x64) applewebkit/537.36 (khtml, like gecko) chrome/68.0.3440.106 safari/537.36
 [ 2018-8-31 16:29:46 ] pid: 5876

 [ 2018-8-31 16:29:46 ] info: /index/article/5b74f088e6d5511878395437
 [ 2018-8-31 16:29:46 ] brower: mozilla/5.0 (windows nt 6.1; win64; x64) applewebkit/537.36 (khtml, like gecko) chrome/68.0.3440.106 safari/537.36
 [ 2018-8-31 16:29:46 ] pid: 5876

 [ 2018-8-31 16:29:47 ] info: /index/share
 [ 2018-8-31 16:29:47 ] brower: mozilla/5.0 (windows nt 6.1; win64; x64) applewebkit/537.36 (khtml, like gecko) chrome/68.0.3440.106 safari/537.36
 [ 2018-8-31 16:29:47 ] pid: 5876

 [ 2018-8-31 16:30:34 ] info: /index
 [ 2018-8-31 16:30:34 ] brower: mozilla/5.0 (windows nt 6.1; win64; x64) applewebkit/537.36 (khtml, like gecko) chrome/68.0.3440.106 safari/537.36
 [ 2018-8-31 16:30:34 ] pid: 5876

 [ 2018-8-31 16:30:34 ] info: /mosc/api/column?page=1&limit=20
 [ 2018-8-31 16:30:34 ] brower: mozilla/5.0 (windows nt 6.1; win64; x64) applewebkit/537.36 (khtml, like gecko) chrome/68.0.3440.106 safari/537.36
 [ 2018-8-31 16:30:34 ] pid: 5876

 [ 2018-8-31 16:30:34 ] info: /index/article_list?id=5b74edc60c835319d021ce02
 [ 2018-8-31 16:30:34 ] brower: mozilla/5.0 (windows nt 6.1; win64; x64) applewebkit/537.36 (khtml, like gecko) chrome/68.0.3440.106 safari/537.36
 [ 2018-8-31 16:30:34 ] pid: 5876

 [ 2018-8-31 16:30:34 ] info: /index/article/5b74f088e6d5511878395437
 [ 2018-8-31 16:30:34 ] brower: mozilla/5.0 (windows nt 6.1; win64; x64) applewebkit/537.36 (khtml, like gecko) chrome/68.0.3440.106 safari/537.36
 [ 2018-8-31 16:30:34 ] pid: 5876

 [ 2018-8-31 16:30:35 ] info: /index/share
 [ 2018-8-31 16:30:35 ] brower: mozilla/5.0 (windows nt 6.1; win64; x64) applewebkit/537.36 (khtml, like gecko) chrome/68.0.3440.106 safari/537.36
 [ 2018-8-31 16:30:35 ] pid: 5876

 [ 2018-8-31 16:31:40 ] info: /index
 [ 2018-8-31 16:31:40 ] brower: mozilla/5.0 (windows nt 6.1; win64; x64) applewebkit/537.36 (khtml, like gecko) chrome/68.0.3440.106 safari/537.36
 [ 2018-8-31 16:31:40 ] pid: 5876

 [ 2018-8-31 16:31:40 ] info: /mosc/api/column?page=1&limit=20
 [ 2018-8-31 16:31:40 ] brower: mozilla/5.0 (windows nt 6.1; win64; x64) applewebkit/537.36 (khtml, like gecko) chrome/68.0.3440.106 safari/537.36
 [ 2018-8-31 16:31:40 ] pid: 5876

 [ 2018-8-31 16:31:40 ] info: /index/article_list?id=5b74edc60c835319d021ce02
 [ 2018-8-31 16:31:40 ] brower: mozilla/5.0 (windows nt 6.1; win64; x64) applewebkit/537.36 (khtml, like gecko) chrome/68.0.3440.106 safari/537.36
 [ 2018-8-31 16:31:40 ] pid: 5876

 [ 2018-8-31 16:31:40 ] info: /index/article/5b74f088e6d5511878395437
 [ 2018-8-31 16:31:40 ] brower: mozilla/5.0 (windows nt 6.1; win64; x64) applewebkit/537.36 (khtml, like gecko) chrome/68.0.3440.106 safari/537.36
 [ 2018-8-31 16:31:40 ] pid: 5876

 [ 2018-8-31 16:34:28 ] info: /index
 [ 2018-8-31 16:34:28 ] brower: mozilla/5.0 (windows nt 6.1; win64; x64) applewebkit/537.36 (khtml, like gecko) chrome/68.0.3440.106 safari/537.36
 [ 2018-8-31 16:34:28 ] pid: 5336

 [ 2018-8-31 16:34:28 ] info: /mosc/api/column?page=1&limit=20
 [ 2018-8-31 16:34:28 ] brower: mozilla/5.0 (windows nt 6.1; win64; x64) applewebkit/537.36 (khtml, like gecko) chrome/68.0.3440.106 safari/537.36
 [ 2018-8-31 16:34:28 ] pid: 5336

 [ 2018-8-31 16:34:28 ] info: /index/article_list?id=5b74edc60c835319d021ce02
 [ 2018-8-31 16:34:28 ] brower: mozilla/5.0 (windows nt 6.1; win64; x64) applewebkit/537.36 (khtml, like gecko) chrome/68.0.3440.106 safari/537.36
 [ 2018-8-31 16:34:28 ] pid: 5336

 [ 2018-8-31 16:34:28 ] info: /index/article/5b74f088e6d5511878395437
 [ 2018-8-31 16:34:28 ] brower: mozilla/5.0 (windows nt 6.1; win64; x64) applewebkit/537.36 (khtml, like gecko) chrome/68.0.3440.106 safari/537.36
 [ 2018-8-31 16:34:28 ] pid: 5336

 [ 2018-8-31 16:34:29 ] info: /index/share
 [ 2018-8-31 16:34:29 ] brower: mozilla/5.0 (windows nt 6.1; win64; x64) applewebkit/537.36 (khtml, like gecko) chrome/68.0.3440.106 safari/537.36
 [ 2018-8-31 16:34:29 ] pid: 5336

 [ 2018-8-31 16:34:33 ] info: /index/share
 [ 2018-8-31 16:34:33 ] brower: mozilla/5.0 (windows nt 6.1; win64; x64) applewebkit/537.36 (khtml, like gecko) chrome/68.0.3440.106 safari/537.36
 [ 2018-8-31 16:34:33 ] pid: 5336

 [ 2018-8-31 16:34:39 ] info: /index/share
 [ 2018-8-31 16:34:39 ] brower: mozilla/5.0 (windows nt 6.1; win64; x64) applewebkit/537.36 (khtml, like gecko) chrome/68.0.3440.106 safari/537.36
 [ 2018-8-31 16:34:39 ] pid: 5336

 [ 2018-8-31 16:36:33 ] info: /index/share
 [ 2018-8-31 16:36:33 ] brower: mozilla/5.0 (windows nt 6.1; win64; x64) applewebkit/537.36 (khtml, like gecko) chrome/68.0.3440.106 safari/537.36
 [ 2018-8-31 16:36:33 ] pid: 5336

 [ 2018-8-31 16:36:39 ] info: /index/share
 [ 2018-8-31 16:36:39 ] brower: mozilla/5.0 (windows nt 6.1; win64; x64) applewebkit/537.36 (khtml, like gecko) chrome/68.0.3440.106 safari/537.36
 [ 2018-8-31 16:36:39 ] pid: 5336

