 [ 2018-10-01 20:37:19 ] info: /
 [ 2018-10-01 20:37:19 ] brower: mozilla/5.0 (windows nt 10.0; wow64) applewebkit/537.36 (khtml, like gecko) chrome/63.0.3239.132 safari/537.36
 [ 2018-10-01 20:37:19 ] pid: 8756

 [ 2018-10-01 20:37:19 ] info: /index
 [ 2018-10-01 20:37:19 ] brower: mozilla/5.0 (windows nt 10.0; wow64) applewebkit/537.36 (khtml, like gecko) chrome/63.0.3239.132 safari/537.36
 [ 2018-10-01 20:37:19 ] pid: 8756

 [ 2018-10-01 20:37:20 ] info: /mosc/api/column?page=1&limit=20
 [ 2018-10-01 20:37:20 ] brower: mozilla/5.0 (windows nt 10.0; wow64) applewebkit/537.36 (khtml, like gecko) chrome/63.0.3239.132 safari/537.36
 [ 2018-10-01 20:37:20 ] pid: 8756

 [ 2018-10-01 20:37:28 ] info: /index/login
 [ 2018-10-01 20:37:28 ] brower: mozilla/5.0 (windows nt 10.0; wow64) applewebkit/537.36 (khtml, like gecko) chrome/63.0.3239.132 safari/537.36
 [ 2018-10-01 20:37:28 ] pid: 8756

 [ 2018-10-01 20:37:37 ] info: /index/login
 [ 2018-10-01 20:37:37 ] brower: mozilla/5.0 (windows nt 10.0; wow64) applewebkit/537.36 (khtml, like gecko) chrome/63.0.3239.132 safari/537.36
 [ 2018-10-01 20:37:37 ] pid: 8756

 [ 2018-10-01 20:37:39 ] info: /index
 [ 2018-10-01 20:37:39 ] brower: mozilla/5.0 (windows nt 10.0; wow64) applewebkit/537.36 (khtml, like gecko) chrome/63.0.3239.132 safari/537.36
 [ 2018-10-01 20:37:39 ] pid: 8756

 [ 2018-10-01 20:37:39 ] info: /mosc/api/column?page=1&limit=20
 [ 2018-10-01 20:37:39 ] brower: mozilla/5.0 (windows nt 10.0; wow64) applewebkit/537.36 (khtml, like gecko) chrome/63.0.3239.132 safari/537.36
 [ 2018-10-01 20:37:39 ] pid: 8756

 [ 2018-10-01 20:40:54 ] info: /mosc
 [ 2018-10-01 20:40:54 ] brower: mozilla/5.0 (windows nt 10.0; wow64) applewebkit/537.36 (khtml, like gecko) chrome/63.0.3239.132 safari/537.36
 [ 2018-10-01 20:40:54 ] pid: 8756

 [ 2018-10-01 20:40:55 ] info: /mosc/home
 [ 2018-10-01 20:40:55 ] brower: mozilla/5.0 (windows nt 10.0; wow64) applewebkit/537.36 (khtml, like gecko) chrome/63.0.3239.132 safari/537.36
 [ 2018-10-01 20:40:55 ] pid: 8756

 [ 2018-10-01 20:40:55 ] info: /mosc/home/allCount/
 [ 2018-10-01 20:40:55 ] brower: mozilla/5.0 (windows nt 10.0; wow64) applewebkit/537.36 (khtml, like gecko) chrome/63.0.3239.132 safari/537.36
 [ 2018-10-01 20:40:55 ] pid: 8756

 [ 2018-10-01 20:40:55 ] info: /mosc/home/readCount/
 [ 2018-10-01 20:40:55 ] brower: mozilla/5.0 (windows nt 10.0; wow64) applewebkit/537.36 (khtml, like gecko) chrome/63.0.3239.132 safari/537.36
 [ 2018-10-01 20:40:55 ] pid: 8756

 [ 2018-10-01 20:40:55 ] info: /mosc/home/allColumn/
 [ 2018-10-01 20:40:55 ] brower: mozilla/5.0 (windows nt 10.0; wow64) applewebkit/537.36 (khtml, like gecko) chrome/63.0.3239.132 safari/537.36
 [ 2018-10-01 20:40:55 ] pid: 8756

 [ 2018-10-01 20:40:55 ] info: /mosc/home/allUser/
 [ 2018-10-01 20:40:55 ] brower: mozilla/5.0 (windows nt 10.0; wow64) applewebkit/537.36 (khtml, like gecko) chrome/63.0.3239.132 safari/537.36
 [ 2018-10-01 20:40:55 ] pid: 8756

 [ 2018-10-01 20:40:55 ] info: /mosc/home/readColumn/
 [ 2018-10-01 20:40:55 ] brower: mozilla/5.0 (windows nt 10.0; wow64) applewebkit/537.36 (khtml, like gecko) chrome/63.0.3239.132 safari/537.36
 [ 2018-10-01 20:40:55 ] pid: 8756

 [ 2018-10-01 20:41:02 ] info: /mosc/column
 [ 2018-10-01 20:41:02 ] brower: mozilla/5.0 (windows nt 10.0; wow64) applewebkit/537.36 (khtml, like gecko) chrome/63.0.3239.132 safari/537.36
 [ 2018-10-01 20:41:02 ] pid: 8756

 [ 2018-10-01 20:41:02 ] info: /mosc/api/column?page=1&limit=10
 [ 2018-10-01 20:41:02 ] brower: mozilla/5.0 (windows nt 10.0; wow64) applewebkit/537.36 (khtml, like gecko) chrome/63.0.3239.132 safari/537.36
 [ 2018-10-01 20:41:02 ] pid: 8756

 [ 2018-10-01 20:41:04 ] info: /mosc/article_list?id=5afc2b371eefed2804bce8e7&page=1
 [ 2018-10-01 20:41:04 ] brower: mozilla/5.0 (windows nt 10.0; wow64) applewebkit/537.36 (khtml, like gecko) chrome/63.0.3239.132 safari/537.36
 [ 2018-10-01 20:41:04 ] pid: 8756

 [ 2018-10-01 20:41:08 ] info: /mosc/column/column_change?id=5afc2b371eefed2804bce8e7&page=1
 [ 2018-10-01 20:41:08 ] brower: mozilla/5.0 (windows nt 10.0; wow64) applewebkit/537.36 (khtml, like gecko) chrome/63.0.3239.132 safari/537.36
 [ 2018-10-01 20:41:08 ] pid: 8756

 [ 2018-10-01 20:41:08 ] info: /mosc/article_list?id=5afc2b371eefed2804bce8e7&page=1
 [ 2018-10-01 20:41:08 ] brower: mozilla/5.0 (windows nt 10.0; wow64) applewebkit/537.36 (khtml, like gecko) chrome/63.0.3239.132 safari/537.36
 [ 2018-10-01 20:41:08 ] pid: 8756

 [ 2018-10-01 20:41:10 ] info: /index
 [ 2018-10-01 20:41:10 ] brower: mozilla/5.0 (windows nt 10.0; wow64) applewebkit/537.36 (khtml, like gecko) chrome/63.0.3239.132 safari/537.36
 [ 2018-10-01 20:41:10 ] pid: 8756

 [ 2018-10-01 20:41:11 ] info: /mosc/api/column?page=1&limit=20
 [ 2018-10-01 20:41:11 ] brower: mozilla/5.0 (windows nt 10.0; wow64) applewebkit/537.36 (khtml, like gecko) chrome/63.0.3239.132 safari/537.36
 [ 2018-10-01 20:41:11 ] pid: 8756

 [ 2018-10-01 20:41:11 ] info: /index/article_list?id=5afc2b371eefed2804bce8e7
 [ 2018-10-01 20:41:11 ] brower: mozilla/5.0 (windows nt 10.0; wow64) applewebkit/537.36 (khtml, like gecko) chrome/63.0.3239.132 safari/537.36
 [ 2018-10-01 20:41:11 ] pid: 8756

 [ 2018-10-01 20:41:14 ] info: /mosc/article_editor/5afc2b511eefed2804bce8e8
 [ 2018-10-01 20:41:14 ] brower: mozilla/5.0 (windows nt 10.0; wow64) applewebkit/537.36 (khtml, like gecko) chrome/63.0.3239.132 safari/537.36
 [ 2018-10-01 20:41:14 ] pid: 8756

 [ 2018-10-01 20:42:00 ] info: /mosc/article_editor/5afc2b511eefed2804bce8e8
 [ 2018-10-01 20:42:00 ] brower: mozilla/5.0 (windows nt 10.0; wow64) applewebkit/537.36 (khtml, like gecko) chrome/63.0.3239.132 safari/537.36
 [ 2018-10-01 20:42:00 ] pid: 8756

 [ 2018-10-01 20:42:03 ] info: /mosc/article_editor/5afc2b511eefed2804bce8e8
 [ 2018-10-01 20:42:03 ] brower: mozilla/5.0 (windows nt 10.0; wow64) applewebkit/537.36 (khtml, like gecko) chrome/63.0.3239.132 safari/537.36
 [ 2018-10-01 20:42:03 ] pid: 8756

 [ 2018-10-01 20:42:03 ] info: /mosc/article_list?id=5afc2b371eefed2804bce8e7
 [ 2018-10-01 20:42:03 ] brower: mozilla/5.0 (windows nt 10.0; wow64) applewebkit/537.36 (khtml, like gecko) chrome/63.0.3239.132 safari/537.36
 [ 2018-10-01 20:42:03 ] pid: 8756

 [ 2018-10-01 20:42:05 ] info: /index
 [ 2018-10-01 20:42:05 ] brower: mozilla/5.0 (windows nt 10.0; wow64) applewebkit/537.36 (khtml, like gecko) chrome/63.0.3239.132 safari/537.36
 [ 2018-10-01 20:42:05 ] pid: 8756

 [ 2018-10-01 20:42:05 ] info: /mosc/api/column?page=1&limit=20
 [ 2018-10-01 20:42:05 ] brower: mozilla/5.0 (windows nt 10.0; wow64) applewebkit/537.36 (khtml, like gecko) chrome/63.0.3239.132 safari/537.36
 [ 2018-10-01 20:42:05 ] pid: 8756

 [ 2018-10-01 20:42:05 ] info: /index/article_list?id=5afc2b371eefed2804bce8e7
 [ 2018-10-01 20:42:05 ] brower: mozilla/5.0 (windows nt 10.0; wow64) applewebkit/537.36 (khtml, like gecko) chrome/63.0.3239.132 safari/537.36
 [ 2018-10-01 20:42:05 ] pid: 8756

 [ 2018-10-01 20:42:09 ] info: /mosc/article_editor/5afc2b511eefed2804bce8e8
 [ 2018-10-01 20:42:09 ] brower: mozilla/5.0 (windows nt 10.0; wow64) applewebkit/537.36 (khtml, like gecko) chrome/63.0.3239.132 safari/537.36
 [ 2018-10-01 20:42:09 ] pid: 8756

 [ 2018-10-01 20:42:12 ] info: /mosc/article_editor/5afc2b511eefed2804bce8e8
 [ 2018-10-01 20:42:12 ] brower: mozilla/5.0 (windows nt 10.0; wow64) applewebkit/537.36 (khtml, like gecko) chrome/63.0.3239.132 safari/537.36
 [ 2018-10-01 20:42:12 ] pid: 8756

 [ 2018-10-01 20:42:12 ] info: /mosc/article_list?id=5afc2b371eefed2804bce8e7
 [ 2018-10-01 20:42:12 ] brower: mozilla/5.0 (windows nt 10.0; wow64) applewebkit/537.36 (khtml, like gecko) chrome/63.0.3239.132 safari/537.36
 [ 2018-10-01 20:42:12 ] pid: 8756

 [ 2018-10-01 20:42:14 ] info: /index
 [ 2018-10-01 20:42:14 ] brower: mozilla/5.0 (windows nt 10.0; wow64) applewebkit/537.36 (khtml, like gecko) chrome/63.0.3239.132 safari/537.36
 [ 2018-10-01 20:42:14 ] pid: 8756

 [ 2018-10-01 20:42:14 ] info: /mosc/api/column?page=1&limit=20
 [ 2018-10-01 20:42:14 ] brower: mozilla/5.0 (windows nt 10.0; wow64) applewebkit/537.36 (khtml, like gecko) chrome/63.0.3239.132 safari/537.36
 [ 2018-10-01 20:42:14 ] pid: 8756

 [ 2018-10-01 20:42:14 ] info: /index/article_list?id=5afc2b371eefed2804bce8e7
 [ 2018-10-01 20:42:14 ] brower: mozilla/5.0 (windows nt 10.0; wow64) applewebkit/537.36 (khtml, like gecko) chrome/63.0.3239.132 safari/537.36
 [ 2018-10-01 20:42:14 ] pid: 8756

 [ 2018-10-01 20:42:15 ] info: /index/article/5afc2b511eefed2804bce8e8
 [ 2018-10-01 20:42:15 ] brower: mozilla/5.0 (windows nt 10.0; wow64) applewebkit/537.36 (khtml, like gecko) chrome/63.0.3239.132 safari/537.36
 [ 2018-10-01 20:42:15 ] pid: 8756

 [ 2018-10-01 20:46:56 ] info: /mosc/user_list
 [ 2018-10-01 20:46:56 ] brower: mozilla/5.0 (windows nt 10.0; wow64) applewebkit/537.36 (khtml, like gecko) chrome/63.0.3239.132 safari/537.36
 [ 2018-10-01 20:46:56 ] pid: 8756

 [ 2018-10-01 20:46:57 ] info: /mosc/user_list/api?page=1&limit=10
 [ 2018-10-01 20:46:57 ] brower: mozilla/5.0 (windows nt 10.0; wow64) applewebkit/537.36 (khtml, like gecko) chrome/63.0.3239.132 safari/537.36
 [ 2018-10-01 20:46:57 ] pid: 8756

