 [ 2018-8-16 10:50:43 ] info: /
 [ 2018-8-16 10:50:43 ] brower: mozilla/5.0 (windows nt 6.1; wow64) applewebkit/537.36 (khtml, like gecko) chrome/66.0.3359.139 safari/537.36
 [ 2018-8-16 10:50:43 ] pid: 3636

 [ 2018-8-16 10:50:43 ] info: /index
 [ 2018-8-16 10:50:43 ] brower: mozilla/5.0 (windows nt 6.1; wow64) applewebkit/537.36 (khtml, like gecko) chrome/66.0.3359.139 safari/537.36
 [ 2018-8-16 10:50:43 ] pid: 3636

 [ 2018-8-16 10:50:44 ] info: /mosc/api/column?page=1&limit=20
 [ 2018-8-16 10:50:44 ] brower: mozilla/5.0 (windows nt 6.1; wow64) applewebkit/537.36 (khtml, like gecko) chrome/66.0.3359.139 safari/537.36
 [ 2018-8-16 10:50:44 ] pid: 3636

 [ 2018-8-16 10:50:54 ] info: /mosc
 [ 2018-8-16 10:50:54 ] brower: mozilla/5.0 (windows nt 6.1; wow64) applewebkit/537.36 (khtml, like gecko) chrome/66.0.3359.139 safari/537.36
 [ 2018-8-16 10:50:54 ] pid: 3636

 [ 2018-8-16 10:50:57 ] info: /mosc/home
 [ 2018-8-16 10:50:57 ] brower: mozilla/5.0 (windows nt 6.1; wow64) applewebkit/537.36 (khtml, like gecko) chrome/66.0.3359.139 safari/537.36
 [ 2018-8-16 10:50:57 ] pid: 3636

 [ 2018-8-16 10:50:57 ] info: /mosc/home/allCount/
 [ 2018-8-16 10:50:57 ] brower: mozilla/5.0 (windows nt 6.1; wow64) applewebkit/537.36 (khtml, like gecko) chrome/66.0.3359.139 safari/537.36
 [ 2018-8-16 10:50:57 ] pid: 3636

 [ 2018-8-16 10:50:57 ] info: /mosc/home/readCount/
 [ 2018-8-16 10:50:57 ] brower: mozilla/5.0 (windows nt 6.1; wow64) applewebkit/537.36 (khtml, like gecko) chrome/66.0.3359.139 safari/537.36
 [ 2018-8-16 10:50:57 ] pid: 3636

 [ 2018-8-16 10:50:57 ] info: /mosc/home/allUser/
 [ 2018-8-16 10:50:57 ] brower: mozilla/5.0 (windows nt 6.1; wow64) applewebkit/537.36 (khtml, like gecko) chrome/66.0.3359.139 safari/537.36
 [ 2018-8-16 10:50:57 ] pid: 3636

 [ 2018-8-16 10:50:57 ] info: /mosc/home/allColumn/
 [ 2018-8-16 10:50:57 ] brower: mozilla/5.0 (windows nt 6.1; wow64) applewebkit/537.36 (khtml, like gecko) chrome/66.0.3359.139 safari/537.36
 [ 2018-8-16 10:50:57 ] pid: 3636

 [ 2018-8-16 10:50:57 ] info: /mosc/home/readColumn/
 [ 2018-8-16 10:50:57 ] brower: mozilla/5.0 (windows nt 6.1; wow64) applewebkit/537.36 (khtml, like gecko) chrome/66.0.3359.139 safari/537.36
 [ 2018-8-16 10:50:57 ] pid: 3636

 [ 2018-8-16 10:50:58 ] info: /mosc/column
 [ 2018-8-16 10:50:58 ] brower: mozilla/5.0 (windows nt 6.1; wow64) applewebkit/537.36 (khtml, like gecko) chrome/66.0.3359.139 safari/537.36
 [ 2018-8-16 10:50:58 ] pid: 3636

 [ 2018-8-16 10:50:58 ] info: /mosc/api/column?page=1&limit=10
 [ 2018-8-16 10:50:58 ] brower: mozilla/5.0 (windows nt 6.1; wow64) applewebkit/537.36 (khtml, like gecko) chrome/66.0.3359.139 safari/537.36
 [ 2018-8-16 10:50:58 ] pid: 3636

 [ 2018-8-16 10:53:45 ] info: /mosc/column/
 [ 2018-8-16 10:53:45 ] brower: mozilla/5.0 (windows nt 6.1; wow64) applewebkit/537.36 (khtml, like gecko) chrome/66.0.3359.139 safari/537.36
 [ 2018-8-16 10:53:45 ] pid: 3636

 [ 2018-8-16 10:53:45 ] info: /mosc/column?page=1
 [ 2018-8-16 10:53:45 ] brower: mozilla/5.0 (windows nt 6.1; wow64) applewebkit/537.36 (khtml, like gecko) chrome/66.0.3359.139 safari/537.36
 [ 2018-8-16 10:53:45 ] pid: 3636

 [ 2018-8-16 10:53:46 ] info: /mosc/api/column?page=1&limit=10
 [ 2018-8-16 10:53:46 ] brower: mozilla/5.0 (windows nt 6.1; wow64) applewebkit/537.36 (khtml, like gecko) chrome/66.0.3359.139 safari/537.36
 [ 2018-8-16 10:53:46 ] pid: 3636

 [ 2018-8-16 10:53:48 ] info: /mosc/article_list?id=5b74e739c6c7e80e3481fba8&page=1
 [ 2018-8-16 10:53:48 ] brower: mozilla/5.0 (windows nt 6.1; wow64) applewebkit/537.36 (khtml, like gecko) chrome/66.0.3359.139 safari/537.36
 [ 2018-8-16 10:53:48 ] pid: 3636

 [ 2018-8-16 10:53:57 ] info: /mosc/article_editor?column=5b74e739c6c7e80e3481fba8
 [ 2018-8-16 10:53:57 ] brower: mozilla/5.0 (windows nt 6.1; wow64) applewebkit/537.36 (khtml, like gecko) chrome/66.0.3359.139 safari/537.36
 [ 2018-8-16 10:53:57 ] pid: 3636

 [ 2018-8-16 10:54:13 ] info: /mosc/article_editor?column=5b74e739c6c7e80e3481fba8
 [ 2018-8-16 10:54:13 ] brower: mozilla/5.0 (windows nt 6.1; wow64) applewebkit/537.36 (khtml, like gecko) chrome/66.0.3359.139 safari/537.36
 [ 2018-8-16 10:54:13 ] pid: 3636

 [ 2018-8-16 10:55:00 ] info: /mosc/article_list?id=5b74e739c6c7e80e3481fba8&page=1
 [ 2018-8-16 10:55:00 ] brower: mozilla/5.0 (windows nt 6.1; wow64) applewebkit/537.36 (khtml, like gecko) chrome/66.0.3359.139 safari/537.36
 [ 2018-8-16 10:55:00 ] pid: 3636

 [ 2018-8-16 10:55:29 ] info: /mosc/article_editor?column=5b74e739c6c7e80e3481fba8
 [ 2018-8-16 10:55:29 ] brower: mozilla/5.0 (windows nt 6.1; wow64) applewebkit/537.36 (khtml, like gecko) chrome/66.0.3359.139 safari/537.36
 [ 2018-8-16 10:55:29 ] pid: 3636

 [ 2018-8-16 10:58:50 ] info: /mosc/article_editor?column=5b74e739c6c7e80e3481fba8
 [ 2018-8-16 10:58:50 ] brower: mozilla/5.0 (windows nt 6.1; wow64) applewebkit/537.36 (khtml, like gecko) chrome/66.0.3359.139 safari/537.36
 [ 2018-8-16 10:58:50 ] pid: 3636

 [ 2018-8-16 11:00:08 ] info: /mosc/article_editor/
 [ 2018-8-16 11:00:08 ] brower: mozilla/5.0 (windows nt 6.1; wow64) applewebkit/537.36 (khtml, like gecko) chrome/66.0.3359.139 safari/537.36
 [ 2018-8-16 11:00:08 ] pid: 3636

 [ 2018-8-16 11:00:08 ] info: /mosc/article_list?id=5b74e739c6c7e80e3481fba8
 [ 2018-8-16 11:00:08 ] brower: mozilla/5.0 (windows nt 6.1; wow64) applewebkit/537.36 (khtml, like gecko) chrome/66.0.3359.139 safari/537.36
 [ 2018-8-16 11:00:08 ] pid: 3636

 [ 2018-8-16 11:00:17 ] info: /
 [ 2018-8-16 11:00:17 ] brower: mozilla/5.0 (windows nt 6.1; wow64) applewebkit/537.36 (khtml, like gecko) chrome/66.0.3359.139 safari/537.36
 [ 2018-8-16 11:00:17 ] pid: 3636

 [ 2018-8-16 11:00:17 ] info: /index
 [ 2018-8-16 11:00:17 ] brower: mozilla/5.0 (windows nt 6.1; wow64) applewebkit/537.36 (khtml, like gecko) chrome/66.0.3359.139 safari/537.36
 [ 2018-8-16 11:00:17 ] pid: 3636

 [ 2018-8-16 11:00:17 ] info: /mosc/api/column?page=1&limit=20
 [ 2018-8-16 11:00:17 ] brower: mozilla/5.0 (windows nt 6.1; wow64) applewebkit/537.36 (khtml, like gecko) chrome/66.0.3359.139 safari/537.36
 [ 2018-8-16 11:00:17 ] pid: 3636

 [ 2018-8-16 11:00:17 ] info: /index/article_list?id=5b74e739c6c7e80e3481fba8
 [ 2018-8-16 11:00:17 ] brower: mozilla/5.0 (windows nt 6.1; wow64) applewebkit/537.36 (khtml, like gecko) chrome/66.0.3359.139 safari/537.36
 [ 2018-8-16 11:00:17 ] pid: 3636

 [ 2018-8-16 11:00:17 ] info: /index/5b74e8b8c6c7e80e3481fba9
 [ 2018-8-16 11:00:17 ] brower: mozilla/5.0 (windows nt 6.1; wow64) applewebkit/537.36 (khtml, like gecko) chrome/66.0.3359.139 safari/537.36
 [ 2018-8-16 11:00:17 ] pid: 3636

 [ 2018-8-16 11:05:14 ] info: /mosc/message
 [ 2018-8-16 11:05:14 ] brower: mozilla/5.0 (windows nt 6.1; wow64) applewebkit/537.36 (khtml, like gecko) chrome/66.0.3359.139 safari/537.36
 [ 2018-8-16 11:05:14 ] pid: 3636

 [ 2018-8-16 11:19:26 ] info: /mosc/column
 [ 2018-8-16 11:19:26 ] brower: mozilla/5.0 (windows nt 6.1; wow64) applewebkit/537.36 (khtml, like gecko) chrome/66.0.3359.139 safari/537.36
 [ 2018-8-16 11:19:26 ] pid: 3636

 [ 2018-8-16 11:19:26 ] info: /mosc/api/column?page=1&limit=10
 [ 2018-8-16 11:19:26 ] brower: mozilla/5.0 (windows nt 6.1; wow64) applewebkit/537.36 (khtml, like gecko) chrome/66.0.3359.139 safari/537.36
 [ 2018-8-16 11:19:26 ] pid: 3636

 [ 2018-8-16 11:19:27 ] info: /mosc/column/delete?postId=5b74e739c6c7e80e3481fba8
 [ 2018-8-16 11:19:27 ] brower: mozilla/5.0 (windows nt 6.1; wow64) applewebkit/537.36 (khtml, like gecko) chrome/66.0.3359.139 safari/537.36
 [ 2018-8-16 11:19:27 ] pid: 3636

 [ 2018-8-16 11:19:27 ] info: /mosc/api/column?page=1&limit=10
 [ 2018-8-16 11:19:27 ] brower: mozilla/5.0 (windows nt 6.1; wow64) applewebkit/537.36 (khtml, like gecko) chrome/66.0.3359.139 safari/537.36
 [ 2018-8-16 11:19:27 ] pid: 3636

 [ 2018-8-16 11:19:30 ] info: /mosc/loginout
 [ 2018-8-16 11:19:30 ] brower: mozilla/5.0 (windows nt 6.1; wow64) applewebkit/537.36 (khtml, like gecko) chrome/66.0.3359.139 safari/537.36
 [ 2018-8-16 11:19:30 ] pid: 3636

 [ 2018-8-16 11:19:30 ] info: /mosc/login
 [ 2018-8-16 11:19:30 ] brower: mozilla/5.0 (windows nt 6.1; wow64) applewebkit/537.36 (khtml, like gecko) chrome/66.0.3359.139 safari/537.36
 [ 2018-8-16 11:19:30 ] pid: 3636

 [ 2018-8-16 11:19:45 ] info: /mosc/login
 [ 2018-8-16 11:19:45 ] brower: mozilla/5.0 (windows nt 6.1; wow64) applewebkit/537.36 (khtml, like gecko) chrome/66.0.3359.139 safari/537.36
 [ 2018-8-16 11:19:45 ] pid: 3636

 [ 2018-8-16 11:19:45 ] info: /mosc
 [ 2018-8-16 11:19:45 ] brower: mozilla/5.0 (windows nt 6.1; wow64) applewebkit/537.36 (khtml, like gecko) chrome/66.0.3359.139 safari/537.36
 [ 2018-8-16 11:19:45 ] pid: 3636

 [ 2018-8-16 11:19:45 ] info: /mosc/home
 [ 2018-8-16 11:19:45 ] brower: mozilla/5.0 (windows nt 6.1; wow64) applewebkit/537.36 (khtml, like gecko) chrome/66.0.3359.139 safari/537.36
 [ 2018-8-16 11:19:45 ] pid: 3636

 [ 2018-8-16 11:19:45 ] info: /mosc/home/allCount/
 [ 2018-8-16 11:19:45 ] brower: mozilla/5.0 (windows nt 6.1; wow64) applewebkit/537.36 (khtml, like gecko) chrome/66.0.3359.139 safari/537.36
 [ 2018-8-16 11:19:45 ] pid: 3636

 [ 2018-8-16 11:19:45 ] info: /mosc/home/readCount/
 [ 2018-8-16 11:19:45 ] brower: mozilla/5.0 (windows nt 6.1; wow64) applewebkit/537.36 (khtml, like gecko) chrome/66.0.3359.139 safari/537.36
 [ 2018-8-16 11:19:45 ] pid: 3636

 [ 2018-8-16 11:19:45 ] info: /mosc/home/allUser/
 [ 2018-8-16 11:19:45 ] brower: mozilla/5.0 (windows nt 6.1; wow64) applewebkit/537.36 (khtml, like gecko) chrome/66.0.3359.139 safari/537.36
 [ 2018-8-16 11:19:45 ] pid: 3636

 [ 2018-8-16 11:19:45 ] info: /mosc/home/readColumn/
 [ 2018-8-16 11:19:45 ] brower: mozilla/5.0 (windows nt 6.1; wow64) applewebkit/537.36 (khtml, like gecko) chrome/66.0.3359.139 safari/537.36
 [ 2018-8-16 11:19:45 ] pid: 3636

 [ 2018-8-16 11:19:45 ] info: /mosc/home/allColumn/
 [ 2018-8-16 11:19:45 ] brower: mozilla/5.0 (windows nt 6.1; wow64) applewebkit/537.36 (khtml, like gecko) chrome/66.0.3359.139 safari/537.36
 [ 2018-8-16 11:19:45 ] pid: 3636

 [ 2018-8-16 11:19:46 ] info: /mosc/column
 [ 2018-8-16 11:19:46 ] brower: mozilla/5.0 (windows nt 6.1; wow64) applewebkit/537.36 (khtml, like gecko) chrome/66.0.3359.139 safari/537.36
 [ 2018-8-16 11:19:46 ] pid: 3636

 [ 2018-8-16 11:19:47 ] info: /mosc/api/column?page=1&limit=10
 [ 2018-8-16 11:19:47 ] brower: mozilla/5.0 (windows nt 6.1; wow64) applewebkit/537.36 (khtml, like gecko) chrome/66.0.3359.139 safari/537.36
 [ 2018-8-16 11:19:47 ] pid: 3636

 [ 2018-8-16 11:21:05 ] info: /mosc/loginout
 [ 2018-8-16 11:21:05 ] brower: mozilla/5.0 (windows nt 6.1; wow64) applewebkit/537.36 (khtml, like gecko) chrome/66.0.3359.139 safari/537.36
 [ 2018-8-16 11:21:05 ] pid: 3636

 [ 2018-8-16 11:21:05 ] info: /mosc/login
 [ 2018-8-16 11:21:05 ] brower: mozilla/5.0 (windows nt 6.1; wow64) applewebkit/537.36 (khtml, like gecko) chrome/66.0.3359.139 safari/537.36
 [ 2018-8-16 11:21:05 ] pid: 3636

 [ 2018-8-16 11:21:18 ] info: /mosc/login
 [ 2018-8-16 11:21:18 ] brower: mozilla/5.0 (windows nt 6.1; wow64) applewebkit/537.36 (khtml, like gecko) chrome/66.0.3359.139 safari/537.36
 [ 2018-8-16 11:21:18 ] pid: 6608

 [ 2018-8-16 11:21:18 ] info: /mosc
 [ 2018-8-16 11:21:18 ] brower: mozilla/5.0 (windows nt 6.1; wow64) applewebkit/537.36 (khtml, like gecko) chrome/66.0.3359.139 safari/537.36
 [ 2018-8-16 11:21:18 ] pid: 6608

 [ 2018-8-16 11:21:18 ] info: /mosc/home
 [ 2018-8-16 11:21:18 ] brower: mozilla/5.0 (windows nt 6.1; wow64) applewebkit/537.36 (khtml, like gecko) chrome/66.0.3359.139 safari/537.36
 [ 2018-8-16 11:21:18 ] pid: 6608

 [ 2018-8-16 11:21:18 ] info: /mosc/home/allCount/
 [ 2018-8-16 11:21:18 ] brower: mozilla/5.0 (windows nt 6.1; wow64) applewebkit/537.36 (khtml, like gecko) chrome/66.0.3359.139 safari/537.36
 [ 2018-8-16 11:21:18 ] pid: 6608

 [ 2018-8-16 11:21:18 ] info: /mosc/home/readCount/
 [ 2018-8-16 11:21:18 ] brower: mozilla/5.0 (windows nt 6.1; wow64) applewebkit/537.36 (khtml, like gecko) chrome/66.0.3359.139 safari/537.36
 [ 2018-8-16 11:21:18 ] pid: 6608

 [ 2018-8-16 11:21:18 ] info: /mosc/home/allUser/
 [ 2018-8-16 11:21:18 ] brower: mozilla/5.0 (windows nt 6.1; wow64) applewebkit/537.36 (khtml, like gecko) chrome/66.0.3359.139 safari/537.36
 [ 2018-8-16 11:21:18 ] pid: 6608

 [ 2018-8-16 11:21:19 ] info: /mosc/home/allColumn/
 [ 2018-8-16 11:21:19 ] brower: mozilla/5.0 (windows nt 6.1; wow64) applewebkit/537.36 (khtml, like gecko) chrome/66.0.3359.139 safari/537.36
 [ 2018-8-16 11:21:19 ] pid: 6608

 [ 2018-8-16 11:21:19 ] info: /mosc/home/readColumn/
 [ 2018-8-16 11:21:19 ] brower: mozilla/5.0 (windows nt 6.1; wow64) applewebkit/537.36 (khtml, like gecko) chrome/66.0.3359.139 safari/537.36
 [ 2018-8-16 11:21:19 ] pid: 6608

 [ 2018-8-16 11:21:36 ] info: /mosc/column
 [ 2018-8-16 11:21:36 ] brower: mozilla/5.0 (windows nt 6.1; wow64) applewebkit/537.36 (khtml, like gecko) chrome/66.0.3359.139 safari/537.36
 [ 2018-8-16 11:21:36 ] pid: 6608

 [ 2018-8-16 11:21:36 ] info: /mosc/api/column?page=1&limit=10
 [ 2018-8-16 11:21:36 ] brower: mozilla/5.0 (windows nt 6.1; wow64) applewebkit/537.36 (khtml, like gecko) chrome/66.0.3359.139 safari/537.36
 [ 2018-8-16 11:21:36 ] pid: 6608

 [ 2018-8-16 11:21:42 ] info: /mosc/column/
 [ 2018-8-16 11:21:42 ] brower: mozilla/5.0 (windows nt 6.1; wow64) applewebkit/537.36 (khtml, like gecko) chrome/66.0.3359.139 safari/537.36
 [ 2018-8-16 11:21:42 ] pid: 6608

 [ 2018-8-16 11:21:42 ] info: /mosc/column?page=1
 [ 2018-8-16 11:21:42 ] brower: mozilla/5.0 (windows nt 6.1; wow64) applewebkit/537.36 (khtml, like gecko) chrome/66.0.3359.139 safari/537.36
 [ 2018-8-16 11:21:42 ] pid: 6608

 [ 2018-8-16 11:21:42 ] info: /mosc/api/column?page=1&limit=10
 [ 2018-8-16 11:21:42 ] brower: mozilla/5.0 (windows nt 6.1; wow64) applewebkit/537.36 (khtml, like gecko) chrome/66.0.3359.139 safari/537.36
 [ 2018-8-16 11:21:42 ] pid: 6608

 [ 2018-8-16 11:26:38 ] info: /mosc/column
 [ 2018-8-16 11:26:38 ] brower: mozilla/5.0 (windows nt 6.1; wow64) applewebkit/537.36 (khtml, like gecko) chrome/66.0.3359.139 safari/537.36
 [ 2018-8-16 11:26:38 ] pid: 6396

 [ 2018-8-16 11:26:38 ] info: /mosc/api/column?page=1&limit=10
 [ 2018-8-16 11:26:38 ] brower: mozilla/5.0 (windows nt 6.1; wow64) applewebkit/537.36 (khtml, like gecko) chrome/66.0.3359.139 safari/537.36
 [ 2018-8-16 11:26:38 ] pid: 6396

 [ 2018-8-16 11:26:41 ] info: /mosc/article_list?id=5b74edc60c835319d021ce02&page=1
 [ 2018-8-16 11:26:41 ] brower: mozilla/5.0 (windows nt 6.1; wow64) applewebkit/537.36 (khtml, like gecko) chrome/66.0.3359.139 safari/537.36
 [ 2018-8-16 11:26:41 ] pid: 6396

 [ 2018-8-16 11:26:42 ] info: /mosc/article_editor?column=5b74edc60c835319d021ce02
 [ 2018-8-16 11:26:42 ] brower: mozilla/5.0 (windows nt 6.1; wow64) applewebkit/537.36 (khtml, like gecko) chrome/66.0.3359.139 safari/537.36
 [ 2018-8-16 11:26:42 ] pid: 6396

 [ 2018-8-16 11:26:49 ] info: /mosc/article_editor/
 [ 2018-8-16 11:26:49 ] brower: mozilla/5.0 (windows nt 6.1; wow64) applewebkit/537.36 (khtml, like gecko) chrome/66.0.3359.139 safari/537.36
 [ 2018-8-16 11:26:49 ] pid: 6396

 [ 2018-8-16 11:26:49 ] info: /mosc/article_list?id=5b74edc60c835319d021ce02
 [ 2018-8-16 11:26:49 ] brower: mozilla/5.0 (windows nt 6.1; wow64) applewebkit/537.36 (khtml, like gecko) chrome/66.0.3359.139 safari/537.36
 [ 2018-8-16 11:26:49 ] pid: 6396

 [ 2018-8-16 11:30:09 ] info: /mosc/column
 [ 2018-8-16 11:30:09 ] brower: mozilla/5.0 (windows nt 6.1; wow64) applewebkit/537.36 (khtml, like gecko) chrome/66.0.3359.139 safari/537.36
 [ 2018-8-16 11:30:09 ] pid: 6396

 [ 2018-8-16 11:30:10 ] info: /mosc/api/column?page=1&limit=10
 [ 2018-8-16 11:30:10 ] brower: mozilla/5.0 (windows nt 6.1; wow64) applewebkit/537.36 (khtml, like gecko) chrome/66.0.3359.139 safari/537.36
 [ 2018-8-16 11:30:10 ] pid: 6396

 [ 2018-8-16 11:30:11 ] info: /mosc/article_list?id=5b74edc60c835319d021ce02&page=1
 [ 2018-8-16 11:30:11 ] brower: mozilla/5.0 (windows nt 6.1; wow64) applewebkit/537.36 (khtml, like gecko) chrome/66.0.3359.139 safari/537.36
 [ 2018-8-16 11:30:11 ] pid: 6396

 [ 2018-8-16 11:30:14 ] info: /mosc/article_editor?column=5b74edc60c835319d021ce02
 [ 2018-8-16 11:30:14 ] brower: mozilla/5.0 (windows nt 6.1; wow64) applewebkit/537.36 (khtml, like gecko) chrome/66.0.3359.139 safari/537.36
 [ 2018-8-16 11:30:14 ] pid: 6396

 [ 2018-8-16 11:30:23 ] info: /mosc/article_editor/
 [ 2018-8-16 11:30:23 ] brower: mozilla/5.0 (windows nt 6.1; wow64) applewebkit/537.36 (khtml, like gecko) chrome/66.0.3359.139 safari/537.36
 [ 2018-8-16 11:30:23 ] pid: 6396

 [ 2018-8-16 11:30:23 ] info: /mosc/article_list?id=5b74edc60c835319d021ce02
 [ 2018-8-16 11:30:23 ] brower: mozilla/5.0 (windows nt 6.1; wow64) applewebkit/537.36 (khtml, like gecko) chrome/66.0.3359.139 safari/537.36
 [ 2018-8-16 11:30:23 ] pid: 6396

 [ 2018-8-16 11:33:15 ] info: /mosc
 [ 2018-8-16 11:33:15 ] brower: mozilla/5.0 (windows nt 6.1; wow64) applewebkit/537.36 (khtml, like gecko) chrome/66.0.3359.139 safari/537.36
 [ 2018-8-16 11:33:15 ] pid: 6264

 [ 2018-8-16 11:33:15 ] info: /mosc/home
 [ 2018-8-16 11:33:15 ] brower: mozilla/5.0 (windows nt 6.1; wow64) applewebkit/537.36 (khtml, like gecko) chrome/66.0.3359.139 safari/537.36
 [ 2018-8-16 11:33:15 ] pid: 6264

 [ 2018-8-16 11:33:15 ] info: /mosc/home/allCount/
 [ 2018-8-16 11:33:15 ] brower: mozilla/5.0 (windows nt 6.1; wow64) applewebkit/537.36 (khtml, like gecko) chrome/66.0.3359.139 safari/537.36
 [ 2018-8-16 11:33:15 ] pid: 6264

 [ 2018-8-16 11:33:15 ] info: /mosc/home/readCount/
 [ 2018-8-16 11:33:15 ] brower: mozilla/5.0 (windows nt 6.1; wow64) applewebkit/537.36 (khtml, like gecko) chrome/66.0.3359.139 safari/537.36
 [ 2018-8-16 11:33:15 ] pid: 6264

 [ 2018-8-16 11:33:15 ] info: /mosc/home/allUser/
 [ 2018-8-16 11:33:15 ] brower: mozilla/5.0 (windows nt 6.1; wow64) applewebkit/537.36 (khtml, like gecko) chrome/66.0.3359.139 safari/537.36
 [ 2018-8-16 11:33:15 ] pid: 6264

 [ 2018-8-16 11:33:15 ] info: /mosc/home/allColumn/
 [ 2018-8-16 11:33:15 ] brower: mozilla/5.0 (windows nt 6.1; wow64) applewebkit/537.36 (khtml, like gecko) chrome/66.0.3359.139 safari/537.36
 [ 2018-8-16 11:33:15 ] pid: 6264

 [ 2018-8-16 11:33:15 ] info: /mosc/home/readColumn/
 [ 2018-8-16 11:33:15 ] brower: mozilla/5.0 (windows nt 6.1; wow64) applewebkit/537.36 (khtml, like gecko) chrome/66.0.3359.139 safari/537.36
 [ 2018-8-16 11:33:15 ] pid: 6264

 [ 2018-8-16 11:33:16 ] info: /mosc/column
 [ 2018-8-16 11:33:16 ] brower: mozilla/5.0 (windows nt 6.1; wow64) applewebkit/537.36 (khtml, like gecko) chrome/66.0.3359.139 safari/537.36
 [ 2018-8-16 11:33:16 ] pid: 6264

 [ 2018-8-16 11:33:16 ] info: /mosc/api/column?page=1&limit=10
 [ 2018-8-16 11:33:16 ] brower: mozilla/5.0 (windows nt 6.1; wow64) applewebkit/537.36 (khtml, like gecko) chrome/66.0.3359.139 safari/537.36
 [ 2018-8-16 11:33:16 ] pid: 6264

 [ 2018-8-16 11:33:18 ] info: /mosc/article_list?id=5b74edc60c835319d021ce02&page=1
 [ 2018-8-16 11:33:18 ] brower: mozilla/5.0 (windows nt 6.1; wow64) applewebkit/537.36 (khtml, like gecko) chrome/66.0.3359.139 safari/537.36
 [ 2018-8-16 11:33:18 ] pid: 6264

 [ 2018-8-16 11:33:18 ] info: /mosc/article_editor?column=5b74edc60c835319d021ce02
 [ 2018-8-16 11:33:18 ] brower: mozilla/5.0 (windows nt 6.1; wow64) applewebkit/537.36 (khtml, like gecko) chrome/66.0.3359.139 safari/537.36
 [ 2018-8-16 11:33:18 ] pid: 6264

 [ 2018-8-16 11:33:28 ] info: /mosc/article_editor/
 [ 2018-8-16 11:33:28 ] brower: mozilla/5.0 (windows nt 6.1; wow64) applewebkit/537.36 (khtml, like gecko) chrome/66.0.3359.139 safari/537.36
 [ 2018-8-16 11:33:28 ] pid: 6264

 [ 2018-8-16 11:33:28 ] info: /mosc/article_list?id=5b74edc60c835319d021ce02
 [ 2018-8-16 11:33:28 ] brower: mozilla/5.0 (windows nt 6.1; wow64) applewebkit/537.36 (khtml, like gecko) chrome/66.0.3359.139 safari/537.36
 [ 2018-8-16 11:33:28 ] pid: 6264

 [ 2018-8-16 11:34:59 ] info: /index
 [ 2018-8-16 11:34:59 ] brower: mozilla/5.0 (windows nt 6.1; wow64) applewebkit/537.36 (khtml, like gecko) chrome/66.0.3359.139 safari/537.36
 [ 2018-8-16 11:34:59 ] pid: 6264

 [ 2018-8-16 11:34:59 ] info: /mosc/api/column?page=1&limit=20
 [ 2018-8-16 11:34:59 ] brower: mozilla/5.0 (windows nt 6.1; wow64) applewebkit/537.36 (khtml, like gecko) chrome/66.0.3359.139 safari/537.36
 [ 2018-8-16 11:34:59 ] pid: 6264

 [ 2018-8-16 11:35:01 ] info: /index
 [ 2018-8-16 11:35:01 ] brower: mozilla/5.0 (windows nt 6.1; wow64) applewebkit/537.36 (khtml, like gecko) chrome/66.0.3359.139 safari/537.36
 [ 2018-8-16 11:35:01 ] pid: 6264

 [ 2018-8-16 11:35:01 ] info: /mosc/api/column?page=1&limit=20
 [ 2018-8-16 11:35:01 ] brower: mozilla/5.0 (windows nt 6.1; wow64) applewebkit/537.36 (khtml, like gecko) chrome/66.0.3359.139 safari/537.36
 [ 2018-8-16 11:35:01 ] pid: 6264

 [ 2018-8-16 11:35:05 ] info: /mosc/column/column_change?id=5b74edc60c835319d021ce02&page=
 [ 2018-8-16 11:35:05 ] brower: mozilla/5.0 (windows nt 6.1; wow64) applewebkit/537.36 (khtml, like gecko) chrome/66.0.3359.139 safari/537.36
 [ 2018-8-16 11:35:05 ] pid: 6264

 [ 2018-8-16 11:35:05 ] info: /mosc/article_list?id=5b74edc60c835319d021ce02&page=
 [ 2018-8-16 11:35:05 ] brower: mozilla/5.0 (windows nt 6.1; wow64) applewebkit/537.36 (khtml, like gecko) chrome/66.0.3359.139 safari/537.36
 [ 2018-8-16 11:35:05 ] pid: 6264

 [ 2018-8-16 11:35:07 ] info: /index
 [ 2018-8-16 11:35:07 ] brower: mozilla/5.0 (windows nt 6.1; wow64) applewebkit/537.36 (khtml, like gecko) chrome/66.0.3359.139 safari/537.36
 [ 2018-8-16 11:35:07 ] pid: 6264

 [ 2018-8-16 11:35:07 ] info: /mosc/api/column?page=1&limit=20
 [ 2018-8-16 11:35:07 ] brower: mozilla/5.0 (windows nt 6.1; wow64) applewebkit/537.36 (khtml, like gecko) chrome/66.0.3359.139 safari/537.36
 [ 2018-8-16 11:35:07 ] pid: 6264

 [ 2018-8-16 11:35:07 ] info: /index/article_list?id=5b74edc60c835319d021ce02
 [ 2018-8-16 11:35:07 ] brower: mozilla/5.0 (windows nt 6.1; wow64) applewebkit/537.36 (khtml, like gecko) chrome/66.0.3359.139 safari/537.36
 [ 2018-8-16 11:35:07 ] pid: 6264

 [ 2018-8-16 11:35:07 ] info: /index/5b74f088e6d5511878395437
 [ 2018-8-16 11:35:07 ] brower: mozilla/5.0 (windows nt 6.1; wow64) applewebkit/537.36 (khtml, like gecko) chrome/66.0.3359.139 safari/537.36
 [ 2018-8-16 11:35:07 ] pid: 6264

 [ 2018-8-16 11:38:07 ] info: /mosc/article_editor/5b74f088e6d5511878395437
 [ 2018-8-16 11:38:07 ] brower: mozilla/5.0 (windows nt 6.1; wow64) applewebkit/537.36 (khtml, like gecko) chrome/66.0.3359.139 safari/537.36
 [ 2018-8-16 11:38:07 ] pid: 6264

 [ 2018-8-16 11:38:12 ] info: /mosc/article_editor/5b74f088e6d5511878395437
 [ 2018-8-16 11:38:12 ] brower: mozilla/5.0 (windows nt 6.1; wow64) applewebkit/537.36 (khtml, like gecko) chrome/66.0.3359.139 safari/537.36
 [ 2018-8-16 11:38:12 ] pid: 6264

 [ 2018-8-16 11:38:12 ] info: /mosc/article_list?id=5b74edc60c835319d021ce02
 [ 2018-8-16 11:38:12 ] brower: mozilla/5.0 (windows nt 6.1; wow64) applewebkit/537.36 (khtml, like gecko) chrome/66.0.3359.139 safari/537.36
 [ 2018-8-16 11:38:12 ] pid: 6264

 [ 2018-8-16 11:40:06 ] info: /mosc/message
 [ 2018-8-16 11:40:06 ] brower: mozilla/5.0 (windows nt 6.1; wow64) applewebkit/537.36 (khtml, like gecko) chrome/66.0.3359.139 safari/537.36
 [ 2018-8-16 11:40:06 ] pid: 6264

 [ 2018-8-16 11:43:35 ] info: /mosc/column
 [ 2018-8-16 11:43:35 ] brower: mozilla/5.0 (windows nt 6.1; wow64) applewebkit/537.36 (khtml, like gecko) chrome/66.0.3359.139 safari/537.36
 [ 2018-8-16 11:43:35 ] pid: 6264

 [ 2018-8-16 11:43:35 ] info: /mosc/api/column?page=1&limit=10
 [ 2018-8-16 11:43:35 ] brower: mozilla/5.0 (windows nt 6.1; wow64) applewebkit/537.36 (khtml, like gecko) chrome/66.0.3359.139 safari/537.36
 [ 2018-8-16 11:43:35 ] pid: 6264

 [ 2018-8-16 11:43:39 ] info: /mosc/message
 [ 2018-8-16 11:43:39 ] brower: mozilla/5.0 (windows nt 6.1; wow64) applewebkit/537.36 (khtml, like gecko) chrome/66.0.3359.139 safari/537.36
 [ 2018-8-16 11:43:39 ] pid: 6264

 [ 2018-8-16 11:43:40 ] info: /mosc/user_list
 [ 2018-8-16 11:43:40 ] brower: mozilla/5.0 (windows nt 6.1; wow64) applewebkit/537.36 (khtml, like gecko) chrome/66.0.3359.139 safari/537.36
 [ 2018-8-16 11:43:40 ] pid: 6264

 [ 2018-8-16 11:43:40 ] info: /mosc/user_list/api?page=1&limit=10
 [ 2018-8-16 11:43:40 ] brower: mozilla/5.0 (windows nt 6.1; wow64) applewebkit/537.36 (khtml, like gecko) chrome/66.0.3359.139 safari/537.36
 [ 2018-8-16 11:43:40 ] pid: 6264

 [ 2018-8-16 11:43:42 ] info: /mosc/message
 [ 2018-8-16 11:43:42 ] brower: mozilla/5.0 (windows nt 6.1; wow64) applewebkit/537.36 (khtml, like gecko) chrome/66.0.3359.139 safari/537.36
 [ 2018-8-16 11:43:42 ] pid: 6264

 [ 2018-8-16 11:43:43 ] info: /mosc/column
 [ 2018-8-16 11:43:43 ] brower: mozilla/5.0 (windows nt 6.1; wow64) applewebkit/537.36 (khtml, like gecko) chrome/66.0.3359.139 safari/537.36
 [ 2018-8-16 11:43:43 ] pid: 6264

 [ 2018-8-16 11:43:43 ] info: /mosc/api/column?page=1&limit=10
 [ 2018-8-16 11:43:43 ] brower: mozilla/5.0 (windows nt 6.1; wow64) applewebkit/537.36 (khtml, like gecko) chrome/66.0.3359.139 safari/537.36
 [ 2018-8-16 11:43:43 ] pid: 6264

 [ 2018-8-16 11:44:07 ] info: /mosc/user_list
 [ 2018-8-16 11:44:07 ] brower: mozilla/5.0 (windows nt 6.1; wow64) applewebkit/537.36 (khtml, like gecko) chrome/66.0.3359.139 safari/537.36
 [ 2018-8-16 11:44:07 ] pid: 6264

 [ 2018-8-16 11:44:07 ] info: /mosc/user_list/api?page=1&limit=10
 [ 2018-8-16 11:44:07 ] brower: mozilla/5.0 (windows nt 6.1; wow64) applewebkit/537.36 (khtml, like gecko) chrome/66.0.3359.139 safari/537.36
 [ 2018-8-16 11:44:07 ] pid: 6264

 [ 2018-8-16 11:44:13 ] info: /mosc/user_list/update
 [ 2018-8-16 11:44:13 ] brower: mozilla/5.0 (windows nt 6.1; wow64) applewebkit/537.36 (khtml, like gecko) chrome/66.0.3359.139 safari/537.36
 [ 2018-8-16 11:44:13 ] pid: 6264

 [ 2018-8-16 11:44:14 ] info: /mosc/column
 [ 2018-8-16 11:44:14 ] brower: mozilla/5.0 (windows nt 6.1; wow64) applewebkit/537.36 (khtml, like gecko) chrome/66.0.3359.139 safari/537.36
 [ 2018-8-16 11:44:14 ] pid: 6264

 [ 2018-8-16 11:44:14 ] info: /mosc/api/column?page=1&limit=10
 [ 2018-8-16 11:44:14 ] brower: mozilla/5.0 (windows nt 6.1; wow64) applewebkit/537.36 (khtml, like gecko) chrome/66.0.3359.139 safari/537.36
 [ 2018-8-16 11:44:14 ] pid: 6264

 [ 2018-8-16 11:44:15 ] info: /mosc/user_list
 [ 2018-8-16 11:44:15 ] brower: mozilla/5.0 (windows nt 6.1; wow64) applewebkit/537.36 (khtml, like gecko) chrome/66.0.3359.139 safari/537.36
 [ 2018-8-16 11:44:15 ] pid: 6264

 [ 2018-8-16 11:44:15 ] info: /mosc/user_list/api?page=1&limit=10
 [ 2018-8-16 11:44:15 ] brower: mozilla/5.0 (windows nt 6.1; wow64) applewebkit/537.36 (khtml, like gecko) chrome/66.0.3359.139 safari/537.36
 [ 2018-8-16 11:44:15 ] pid: 6264

