 [ 2-20-2019, 12:57:56 AM ] error: /robots.txt
 [ 2-20-2019, 12:57:56 AM ] brower: mozilla/5.0 (compatible; mj12bot/v1.4.8; http://mj12bot.com/)
 [ 2-20-2019, 12:57:56 AM ] err: 404

 [ 2-20-2019, 12:57:56 AM ] error: /robots.txt
 [ 2-20-2019, 12:57:56 AM ] brower: mozilla/5.0 (compatible; mj12bot/v1.4.8; http://mj12bot.com/)
 [ 2-20-2019, 12:57:56 AM ] err: Error: Failed to lookup view "404" in views directory "/usr/local/webserver/nginx/html/mosc/views"

 [ 2-20-2019, 1:51:11 AM ] error: /robots.txt
 [ 2-20-2019, 1:51:11 AM ] brower: mozilla/5.0 (compatible; googlebot/2.1; +http://www.google.com/bot.html)
 [ 2-20-2019, 1:51:11 AM ] err: 404

 [ 2-20-2019, 1:51:11 AM ] error: /robots.txt
 [ 2-20-2019, 1:51:11 AM ] brower: mozilla/5.0 (compatible; googlebot/2.1; +http://www.google.com/bot.html)
 [ 2-20-2019, 1:51:11 AM ] err: Error: Failed to lookup view "404" in views directory "/usr/local/webserver/nginx/html/mosc/views"

 [ 2-20-2019, 2:31:15 AM ] error: /robots.txt
 [ 2-20-2019, 2:31:15 AM ] brower: mozilla/5.0 (compatible; bingbot/2.0; +http://www.bing.com/bingbot.htm)
 [ 2-20-2019, 2:31:15 AM ] err: 404

 [ 2-20-2019, 2:31:15 AM ] error: /robots.txt
 [ 2-20-2019, 2:31:15 AM ] brower: mozilla/5.0 (compatible; bingbot/2.0; +http://www.bing.com/bingbot.htm)
 [ 2-20-2019, 2:31:15 AM ] err: Error: Failed to lookup view "404" in views directory "/usr/local/webserver/nginx/html/mosc/views"

 [ 2-20-2019, 3:55:43 AM ] error: /posts/592ae4f0cf647126d92a6c4e
 [ 2-20-2019, 3:55:43 AM ] brower: mozilla/5.0 (compatible; baiduspider/2.0; +http://www.baidu.com/search/spider.html)
 [ 2-20-2019, 3:55:43 AM ] err: 404

 [ 2-20-2019, 3:55:43 AM ] error: /posts/592ae4f0cf647126d92a6c4e
 [ 2-20-2019, 3:55:43 AM ] brower: mozilla/5.0 (compatible; baiduspider/2.0; +http://www.baidu.com/search/spider.html)
 [ 2-20-2019, 3:55:43 AM ] err: Error: Failed to lookup view "404" in views directory "/usr/local/webserver/nginx/html/mosc/views"

 [ 2-20-2019, 3:55:45 AM ] error: /robots.txt
 [ 2-20-2019, 3:55:45 AM ] brower: mozilla/5.0 (windows nt 5.1; rv:6.0.2) gecko/20100101 firefox/6.0.2
 [ 2-20-2019, 3:55:45 AM ] err: 404

 [ 2-20-2019, 3:55:45 AM ] error: /robots.txt
 [ 2-20-2019, 3:55:45 AM ] brower: mozilla/5.0 (windows nt 5.1; rv:6.0.2) gecko/20100101 firefox/6.0.2
 [ 2-20-2019, 3:55:45 AM ] err: Error: Failed to lookup view "404" in views directory "/usr/local/webserver/nginx/html/mosc/views"

 [ 2-20-2019, 4:24:08 AM ] error: /robots.txt
 [ 2-20-2019, 4:24:08 AM ] brower: mozilla/5.0 (compatible; ahrefsbot/6.1; +http://ahrefs.com/robot/)
 [ 2-20-2019, 4:24:08 AM ] err: 404

 [ 2-20-2019, 4:24:08 AM ] error: /robots.txt
 [ 2-20-2019, 4:24:08 AM ] brower: mozilla/5.0 (compatible; ahrefsbot/6.1; +http://ahrefs.com/robot/)
 [ 2-20-2019, 4:24:08 AM ] err: Error: Failed to lookup view "404" in views directory "/usr/local/webserver/nginx/html/mosc/views"

 [ 2-20-2019, 7:31:35 PM ] error: /?s=index/index/index&login=/login/&admin=///.js?
 [ 2-20-2019, 7:31:35 PM ] brower: mozilla/5.0 (compatible; baiduspider-render/2.0; +http://www.baidu.com/search/spider.html)
 [ 2-20-2019, 7:31:35 PM ] err: 404

 [ 2-20-2019, 7:31:35 PM ] error: /?s=index/index/index&login=/login/&admin=///.js?
 [ 2-20-2019, 7:31:35 PM ] brower: mozilla/5.0 (compatible; baiduspider-render/2.0; +http://www.baidu.com/search/spider.html)
 [ 2-20-2019, 7:31:35 PM ] err: Error: Failed to lookup view "404" in views directory "/usr/local/webserver/nginx/html/mosc/views"

 [ 2-20-2019, 7:31:35 PM ] error: /?s=captcha&test=@++eval++(++$_POST++[++a++]++)++;&login=/login/&admin=///.js?
 [ 2-20-2019, 7:31:35 PM ] brower: mozilla/5.0 (compatible; baiduspider-render/2.0; +http://www.baidu.com/search/spider.html)
 [ 2-20-2019, 7:31:35 PM ] err: 404

 [ 2-20-2019, 7:31:35 PM ] error: /?s=captcha&test=@++eval++(++$_POST++[++a++]++)++;&login=/login/&admin=///.js?
 [ 2-20-2019, 7:31:35 PM ] brower: mozilla/5.0 (compatible; baiduspider-render/2.0; +http://www.baidu.com/search/spider.html)
 [ 2-20-2019, 7:31:35 PM ] err: Error: Failed to lookup view "404" in views directory "/usr/local/webserver/nginx/html/mosc/views"

 [ 2-20-2019, 8:06:48 PM ] error: /fckeditor/editor/filemanager/browser/default/connectors/php/connector.php?Command=GetFoldersAndFiles&Type=File&CurrentFolder=/
 [ 2-20-2019, 8:06:48 PM ] brower: mozilla/5.0 (windows nt 6.3; win64; x64) applewebkit/537.36 (khtml, like gecko) chrome/67.0.3396.99 safari/537.36
 [ 2-20-2019, 8:06:48 PM ] err: 404

 [ 2-20-2019, 8:06:48 PM ] error: /fckeditor/editor/filemanager/browser/default/connectors/php/connector.php?Command=GetFoldersAndFiles&Type=File&CurrentFolder=/
 [ 2-20-2019, 8:06:48 PM ] brower: mozilla/5.0 (windows nt 6.3; win64; x64) applewebkit/537.36 (khtml, like gecko) chrome/67.0.3396.99 safari/537.36
 [ 2-20-2019, 8:06:48 PM ] err: Error: Failed to lookup view "404" in views directory "/usr/local/webserver/nginx/html/mosc/views"

 [ 2-20-2019, 8:10:19 PM ] error: /robots.txt
 [ 2-20-2019, 8:10:19 PM ] brower: mozilla/5.0 (compatible; yandexbot/3.0; +http://yandex.com/bots)
 [ 2-20-2019, 8:10:19 PM ] err: 404

 [ 2-20-2019, 8:10:19 PM ] error: /robots.txt
 [ 2-20-2019, 8:10:19 PM ] brower: mozilla/5.0 (compatible; yandexbot/3.0; +http://yandex.com/bots)
 [ 2-20-2019, 8:10:19 PM ] err: Error: Failed to lookup view "404" in views directory "/usr/local/webserver/nginx/html/mosc/views"

 [ 2-20-2019, 8:10:20 PM ] error: /robots.txt
 [ 2-20-2019, 8:10:20 PM ] brower: mozilla/5.0 (compatible; yandexbot/3.0; +http://yandex.com/bots)
 [ 2-20-2019, 8:10:20 PM ] err: 404

 [ 2-20-2019, 8:10:20 PM ] error: /robots.txt
 [ 2-20-2019, 8:10:20 PM ] brower: mozilla/5.0 (compatible; yandexbot/3.0; +http://yandex.com/bots)
 [ 2-20-2019, 8:10:20 PM ] err: Error: Failed to lookup view "404" in views directory "/usr/local/webserver/nginx/html/mosc/views"

 [ 2-20-2019, 8:10:20 PM ] error: /robots.txt
 [ 2-20-2019, 8:10:20 PM ] brower: mozilla/5.0 (compatible; yandexbot/3.0; +http://yandex.com/bots)
 [ 2-20-2019, 8:10:20 PM ] err: 404

 [ 2-20-2019, 8:10:20 PM ] error: /robots.txt
 [ 2-20-2019, 8:10:20 PM ] brower: mozilla/5.0 (compatible; yandexbot/3.0; +http://yandex.com/bots)
 [ 2-20-2019, 8:10:20 PM ] err: Error: Failed to lookup view "404" in views directory "/usr/local/webserver/nginx/html/mosc/views"

 [ 2-20-2019, 8:10:20 PM ] error: /robots.txt
 [ 2-20-2019, 8:10:20 PM ] brower: mozilla/5.0 (compatible; yandexbot/3.0; +http://yandex.com/bots)
 [ 2-20-2019, 8:10:20 PM ] err: 404

 [ 2-20-2019, 8:10:20 PM ] error: /robots.txt
 [ 2-20-2019, 8:10:20 PM ] brower: mozilla/5.0 (compatible; yandexbot/3.0; +http://yandex.com/bots)
 [ 2-20-2019, 8:10:20 PM ] err: Error: Failed to lookup view "404" in views directory "/usr/local/webserver/nginx/html/mosc/views"

 [ 2-20-2019, 8:33:05 PM ] error: /Jwlsjd_baaqifg.php
 [ 2-20-2019, 8:33:05 PM ] brower: mozilla/5.0 (windows nt 6.1; wow64) applewebkit/537.36 (khtml, like gecko) chrome/50.0.2661.75 safari/537.36
 [ 2-20-2019, 8:33:05 PM ] err: 404

 [ 2-20-2019, 8:33:05 PM ] error: /Jwlsjd_baaqifg.php
 [ 2-20-2019, 8:33:05 PM ] brower: mozilla/5.0 (windows nt 6.1; wow64) applewebkit/537.36 (khtml, like gecko) chrome/50.0.2661.75 safari/537.36
 [ 2-20-2019, 8:33:05 PM ] err: Error: Failed to lookup view "404" in views directory "/usr/local/webserver/nginx/html/mosc/views"

 [ 2-20-2019, 9:58:20 PM ] error: /CHANGELOG.txt
 [ 2-20-2019, 9:58:20 PM ] brower: mozilla/5.0 (macintosh; intel mac os x 10_11_5) applewebkit/537.36 (khtml, like gecko) chrome/50.0.2661.102 safari/537.36
 [ 2-20-2019, 9:58:20 PM ] err: 404

 [ 2-20-2019, 9:58:20 PM ] error: /CHANGELOG.txt
 [ 2-20-2019, 9:58:20 PM ] brower: mozilla/5.0 (macintosh; intel mac os x 10_11_5) applewebkit/537.36 (khtml, like gecko) chrome/50.0.2661.102 safari/537.36
 [ 2-20-2019, 9:58:20 PM ] err: Error: Failed to lookup view "404" in views directory "/usr/local/webserver/nginx/html/mosc/views"

 [ 2-20-2019, 10:41:03 PM ] error: /posts
 [ 2-20-2019, 10:41:03 PM ] brower: mozilla/5.0 (macintosh; intel mac os x 10_11_4) applewebkit/537.36 (khtml, like gecko) chrome/49.0.2623.110 safari/537.36
 [ 2-20-2019, 10:41:03 PM ] err: 404

 [ 2-20-2019, 10:41:03 PM ] error: /posts
 [ 2-20-2019, 10:41:03 PM ] brower: mozilla/5.0 (macintosh; intel mac os x 10_11_4) applewebkit/537.36 (khtml, like gecko) chrome/49.0.2623.110 safari/537.36
 [ 2-20-2019, 10:41:03 PM ] err: Error: Failed to lookup view "404" in views directory "/usr/local/webserver/nginx/html/mosc/views"

 [ 2-20-2019, 10:41:19 PM ] error: /posts
 [ 2-20-2019, 10:41:19 PM ] brower: mozilla/5.0 (windows nt 6.1; win64; x64) applewebkit/537.36 (khtml, like gecko) chrome/68.0.3440.106 safari/537.36
 [ 2-20-2019, 10:41:19 PM ] err: 404

 [ 2-20-2019, 10:41:19 PM ] error: /posts
 [ 2-20-2019, 10:41:19 PM ] brower: mozilla/5.0 (windows nt 6.1; win64; x64) applewebkit/537.36 (khtml, like gecko) chrome/68.0.3440.106 safari/537.36
 [ 2-20-2019, 10:41:19 PM ] err: Error: Failed to lookup view "404" in views directory "/usr/local/webserver/nginx/html/mosc/views"

 [ 2-20-2019, 11:37:04 PM ] error: /robots.txt
 [ 2-20-2019, 11:37:04 PM ] brower: mozilla/5.0 (compatible; bingbot/2.0; +http://www.bing.com/bingbot.htm)
 [ 2-20-2019, 11:37:04 PM ] err: 404

 [ 2-20-2019, 11:37:04 PM ] error: /robots.txt
 [ 2-20-2019, 11:37:04 PM ] brower: mozilla/5.0 (compatible; bingbot/2.0; +http://www.bing.com/bingbot.htm)
 [ 2-20-2019, 11:37:04 PM ] err: Error: Failed to lookup view "404" in views directory "/usr/local/webserver/nginx/html/mosc/views"

 [ 2-20-2019, 11:37:22 PM ] error: /robots.txt
 [ 2-20-2019, 11:37:22 PM ] brower: mozilla/5.0 (compatible; bingbot/2.0; +http://www.bing.com/bingbot.htm)
 [ 2-20-2019, 11:37:22 PM ] err: 404

 [ 2-20-2019, 11:37:22 PM ] error: /robots.txt
 [ 2-20-2019, 11:37:22 PM ] brower: mozilla/5.0 (compatible; bingbot/2.0; +http://www.bing.com/bingbot.htm)
 [ 2-20-2019, 11:37:22 PM ] err: Error: Failed to lookup view "404" in views directory "/usr/local/webserver/nginx/html/mosc/views"

 [ 2-20-2019, 11:37:46 PM ] error: /robots.txt
 [ 2-20-2019, 11:37:46 PM ] brower: mozilla/5.0 (compatible; bingbot/2.0; +http://www.bing.com/bingbot.htm)
 [ 2-20-2019, 11:37:46 PM ] err: 404

 [ 2-20-2019, 11:37:46 PM ] error: /robots.txt
 [ 2-20-2019, 11:37:46 PM ] brower: mozilla/5.0 (compatible; bingbot/2.0; +http://www.bing.com/bingbot.htm)
 [ 2-20-2019, 11:37:46 PM ] err: Error: Failed to lookup view "404" in views directory "/usr/local/webserver/nginx/html/mosc/views"

