 [ 2-21-2019, 12:59:51 AM ] error: /?s=captcha&test=@++eval++(++$_POST++[++a++]++)++;&login=/login/&admin=///.js?
 [ 2-21-2019, 12:59:51 AM ] brower: mozilla/5.0 (compatible; baiduspider-render/2.0; +http://www.baidu.com/search/spider.html)
 [ 2-21-2019, 12:59:51 AM ] err: 404

 [ 2-21-2019, 12:59:51 AM ] error: /?s=captcha&test=@++eval++(++$_POST++[++a++]++)++;&login=/login/&admin=///.js?
 [ 2-21-2019, 12:59:51 AM ] brower: mozilla/5.0 (compatible; baiduspider-render/2.0; +http://www.baidu.com/search/spider.html)
 [ 2-21-2019, 12:59:51 AM ] err: Error: Failed to lookup view "404" in views directory "/usr/local/webserver/nginx/html/mosc/views"

 [ 2-21-2019, 12:59:51 AM ] error: /static/.gitignore
 [ 2-21-2019, 12:59:51 AM ] brower: mozilla/5.0 (compatible; baiduspider-render/2.0; +http://www.baidu.com/search/spider.html)
 [ 2-21-2019, 12:59:51 AM ] err: 404

 [ 2-21-2019, 12:59:51 AM ] error: /static/.gitignore
 [ 2-21-2019, 12:59:51 AM ] brower: mozilla/5.0 (compatible; baiduspider-render/2.0; +http://www.baidu.com/search/spider.html)
 [ 2-21-2019, 12:59:51 AM ] err: Error: Failed to lookup view "404" in views directory "/usr/local/webserver/nginx/html/mosc/views"

 [ 2-21-2019, 12:59:51 AM ] error: /?s=index/index/index&login=/login/&admin=///.js?
 [ 2-21-2019, 12:59:51 AM ] brower: mozilla/5.0 (compatible; baiduspider-render/2.0; +http://www.baidu.com/search/spider.html)
 [ 2-21-2019, 12:59:51 AM ] err: 404

 [ 2-21-2019, 12:59:51 AM ] error: /?s=index/index/index&login=/login/&admin=///.js?
 [ 2-21-2019, 12:59:51 AM ] brower: mozilla/5.0 (compatible; baiduspider-render/2.0; +http://www.baidu.com/search/spider.html)
 [ 2-21-2019, 12:59:51 AM ] err: Error: Failed to lookup view "404" in views directory "/usr/local/webserver/nginx/html/mosc/views"

 [ 2-21-2019, 1:31:11 AM ] error: /robots.txt
 [ 2-21-2019, 1:31:11 AM ] brower: mozilla/5.0 (compatible; uptimebot/1.0; +http://www.uptime.com/uptimebot)
 [ 2-21-2019, 1:31:11 AM ] err: 404

 [ 2-21-2019, 1:31:11 AM ] error: /robots.txt
 [ 2-21-2019, 1:31:11 AM ] brower: mozilla/5.0 (compatible; uptimebot/1.0; +http://www.uptime.com/uptimebot)
 [ 2-21-2019, 1:31:11 AM ] err: Error: Failed to lookup view "404" in views directory "/usr/local/webserver/nginx/html/mosc/views"

 [ 2-21-2019, 1:42:04 AM ] error: /login/github
 [ 2-21-2019, 1:42:04 AM ] brower: mozilla/5.0 (windows nt 6.1; win64; x64) applewebkit/537.36 (khtml, like gecko) chrome/68.0.3440.106 safari/537.36
 [ 2-21-2019, 1:42:04 AM ] err: 404

 [ 2-21-2019, 1:42:04 AM ] error: /login/github
 [ 2-21-2019, 1:42:04 AM ] brower: mozilla/5.0 (windows nt 6.1; win64; x64) applewebkit/537.36 (khtml, like gecko) chrome/68.0.3440.106 safari/537.36
 [ 2-21-2019, 1:42:04 AM ] err: Error: Failed to lookup view "404" in views directory "/usr/local/webserver/nginx/html/mosc/views"

 [ 2-21-2019, 1:44:45 AM ] error: /index/login/github
 [ 2-21-2019, 1:44:45 AM ] brower: mozilla/5.0 (windows nt 6.1; win64; x64) applewebkit/537.36 (khtml, like gecko) chrome/68.0.3440.106 safari/537.36
 [ 2-21-2019, 1:44:45 AM ] err: 404

 [ 2-21-2019, 1:44:45 AM ] error: /index/login/github
 [ 2-21-2019, 1:44:45 AM ] brower: mozilla/5.0 (windows nt 6.1; win64; x64) applewebkit/537.36 (khtml, like gecko) chrome/68.0.3440.106 safari/537.36
 [ 2-21-2019, 1:44:45 AM ] err: Error: Failed to lookup view "404" in views directory "/usr/local/webserver/nginx/html/mosc/views"

