 [ 2018-8-15 11:24:28 ] error: /mosc/user_list/update/
 [ 2018-8-15 11:24:28 ] brower: mozilla/5.0 (windows nt 6.1; wow64) applewebkit/537.36 (khtml, like gecko) chrome/66.0.3359.139 safari/537.36
 [ 2018-8-15 11:24:28 ] err: TypeError: Cannot read property 'constructor' of undefined

 [ 2018-8-15 11:25:11 ] error: /mosc/user_list/update/
 [ 2018-8-15 11:25:11 ] brower: mozilla/5.0 (windows nt 6.1; wow64) applewebkit/537.36 (khtml, like gecko) chrome/66.0.3359.139 safari/537.36
 [ 2018-8-15 11:25:11 ] err: TypeError: Cannot read property 'constructor' of undefined

 [ 2018-8-15 11:26:46 ] error: /mosc/user_list/update/
 [ 2018-8-15 11:26:46 ] brower: mozilla/5.0 (windows nt 6.1; wow64) applewebkit/537.36 (khtml, like gecko) chrome/66.0.3359.139 safari/537.36
 [ 2018-8-15 11:26:46 ] err: TypeError: Cannot read property 'constructor' of undefined

 [ 2018-8-15 11:29:27 ] error: /mosc/user_list/update/
 [ 2018-8-15 11:29:27 ] brower: mozilla/5.0 (windows nt 6.1; wow64) applewebkit/537.36 (khtml, like gecko) chrome/66.0.3359.139 safari/537.36
 [ 2018-8-15 11:29:27 ] err: TypeError: Cannot read property 'constructor' of undefined

 [ 2018-8-15 11:30:45 ] error: /mosc/user_list/update/
 [ 2018-8-15 11:30:45 ] brower: mozilla/5.0 (windows nt 6.1; wow64) applewebkit/537.36 (khtml, like gecko) chrome/66.0.3359.139 safari/537.36
 [ 2018-8-15 11:30:45 ] err: TypeError: Cannot read property 'constructor' of undefined

 [ 2018-8-15 11:33:14 ] error: /mosc/user_list/update/
 [ 2018-8-15 11:33:14 ] brower: mozilla/5.0 (windows nt 6.1; wow64) applewebkit/537.36 (khtml, like gecko) chrome/66.0.3359.139 safari/537.36
 [ 2018-8-15 11:33:14 ] err: TypeError: Cannot read property 'constructor' of undefined

 [ 2018-8-15 11:34:23 ] error: /mosc/user_list/update/
 [ 2018-8-15 11:34:23 ] brower: mozilla/5.0 (windows nt 6.1; wow64) applewebkit/537.36 (khtml, like gecko) chrome/66.0.3359.139 safari/537.36
 [ 2018-8-15 11:34:23 ] err: TypeError: Cannot read property 'constructor' of undefined

 [ 2018-8-15 11:35:35 ] error: /mosc/user_list/update/
 [ 2018-8-15 11:35:35 ] brower: mozilla/5.0 (windows nt 6.1; wow64) applewebkit/537.36 (khtml, like gecko) chrome/66.0.3359.139 safari/537.36
 [ 2018-8-15 11:35:35 ] err: TypeError: Cannot read property 'constructor' of undefined

 [ 2018-8-15 11:36:53 ] error: /mosc/user_list/update/
 [ 2018-8-15 11:36:53 ] brower: mozilla/5.0 (windows nt 6.1; wow64) applewebkit/537.36 (khtml, like gecko) chrome/66.0.3359.139 safari/537.36
 [ 2018-8-15 11:36:53 ] err: TypeError: Cannot read property 'constructor' of undefined

 [ 2018-8-15 11:38:18 ] error: /mosc/user_list/update/
 [ 2018-8-15 11:38:18 ] brower: mozilla/5.0 (windows nt 6.1; wow64) applewebkit/537.36 (khtml, like gecko) chrome/66.0.3359.139 safari/537.36
 [ 2018-8-15 11:38:18 ] err: TypeError: Cannot read property 'constructor' of undefined

 [ 2018-8-15 11:39:31 ] error: /mosc/user_list/update/
 [ 2018-8-15 11:39:31 ] brower: mozilla/5.0 (windows nt 6.1; wow64) applewebkit/537.36 (khtml, like gecko) chrome/66.0.3359.139 safari/537.36
 [ 2018-8-15 11:39:31 ] err: TypeError: Cannot read property 'constructor' of undefined

 [ 2018-8-15 11:41:03 ] error: /mosc/user_list/update/
 [ 2018-8-15 11:41:03 ] brower: mozilla/5.0 (windows nt 6.1; wow64) applewebkit/537.36 (khtml, like gecko) chrome/66.0.3359.139 safari/537.36
 [ 2018-8-15 11:41:03 ] err: TypeError: Cannot read property 'constructor' of undefined

 [ 2018-8-15 11:41:09 ] error: /mosc/user_list/update/
 [ 2018-8-15 11:41:09 ] brower: mozilla/5.0 (windows nt 6.1; wow64) applewebkit/537.36 (khtml, like gecko) chrome/66.0.3359.139 safari/537.36
 [ 2018-8-15 11:41:09 ] err: TypeError: Cannot read property 'constructor' of undefined

 [ 2018-8-15 11:43:34 ] error: /mosc/user_list/update/
 [ 2018-8-15 11:43:34 ] brower: mozilla/5.0 (windows nt 6.1; wow64) applewebkit/537.36 (khtml, like gecko) chrome/66.0.3359.139 safari/537.36
 [ 2018-8-15 11:43:34 ] err: TypeError: Cannot read property 'constructor' of undefined

 [ 2018-8-15 11:46:32 ] error: /mosc/user_list/update/
 [ 2018-8-15 11:46:32 ] brower: mozilla/5.0 (windows nt 6.1; wow64) applewebkit/537.36 (khtml, like gecko) chrome/66.0.3359.139 safari/537.36
 [ 2018-8-15 11:46:32 ] err: TypeError: Cannot read property 'constructor' of undefined

 [ 2018-8-15 11:47:54 ] error: /mosc/user_list/update/
 [ 2018-8-15 11:47:54 ] brower: mozilla/5.0 (windows nt 6.1; wow64) applewebkit/537.36 (khtml, like gecko) chrome/66.0.3359.139 safari/537.36
 [ 2018-8-15 11:47:54 ] err: TypeError: Cannot read property 'constructor' of undefined

 [ 2018-8-15 11:48:05 ] error: /mosc/user_list/update/
 [ 2018-8-15 11:48:05 ] brower: mozilla/5.0 (windows nt 6.1; wow64) applewebkit/537.36 (khtml, like gecko) chrome/66.0.3359.139 safari/537.36
 [ 2018-8-15 11:48:05 ] err: TypeError: Cannot read property 'constructor' of undefined

 [ 2018-8-15 11:52:13 ] error: /mosc/user_list/update/
 [ 2018-8-15 11:52:13 ] brower: mozilla/5.0 (windows nt 6.1; wow64) applewebkit/537.36 (khtml, like gecko) chrome/66.0.3359.139 safari/537.36
 [ 2018-8-15 11:52:13 ] err: TypeError: Cannot read property 'constructor' of undefined

 [ 2018-8-15 11:53:00 ] error: /mosc/user_list/update/
 [ 2018-8-15 11:53:00 ] brower: mozilla/5.0 (windows nt 6.1; wow64) applewebkit/537.36 (khtml, like gecko) chrome/66.0.3359.139 safari/537.36
 [ 2018-8-15 11:53:00 ] err: TypeError: Cannot read property 'constructor' of undefined

 [ 2018-8-15 11:55:11 ] error: /mosc/user_list/update/
 [ 2018-8-15 11:55:11 ] brower: mozilla/5.0 (windows nt 6.1; wow64) applewebkit/537.36 (khtml, like gecko) chrome/66.0.3359.139 safari/537.36
 [ 2018-8-15 11:55:11 ] err: TypeError: Cannot read property 'constructor' of undefined

 [ 2018-8-15 11:58:20 ] error: /mosc/user_list/update
 [ 2018-8-15 11:58:20 ] brower: mozilla/5.0 (windows nt 6.1; wow64) applewebkit/537.36 (khtml, like gecko) chrome/66.0.3359.139 safari/537.36
 [ 2018-8-15 11:58:20 ] err: TypeError: Cannot read property 'constructor' of undefined

 [ 2018-8-15 13:32:58 ] error: /mosc/user_list/update
 [ 2018-8-15 13:32:58 ] brower: mozilla/5.0 (windows nt 6.1; wow64) applewebkit/537.36 (khtml, like gecko) chrome/66.0.3359.139 safari/537.36
 [ 2018-8-15 13:32:58 ] err: TypeError: Cannot read property 'constructor' of undefined

 [ 2018-8-15 13:34:18 ] error: /mosc/user_list/update/
 [ 2018-8-15 13:34:18 ] brower: mozilla/5.0 (windows nt 6.1; wow64) applewebkit/537.36 (khtml, like gecko) chrome/66.0.3359.139 safari/537.36
 [ 2018-8-15 13:34:18 ] err: TypeError: Cannot read property 'constructor' of undefined

 [ 2018-8-15 13:34:43 ] error: /mosc/user_list/update/
 [ 2018-8-15 13:34:43 ] brower: mozilla/5.0 (windows nt 6.1; wow64) applewebkit/537.36 (khtml, like gecko) chrome/66.0.3359.139 safari/537.36
 [ 2018-8-15 13:34:43 ] err: TypeError: Cannot read property 'constructor' of undefined

 [ 2018-8-15 13:35:56 ] error: /mosc/user_list/update/
 [ 2018-8-15 13:35:56 ] brower: mozilla/5.0 (windows nt 6.1; wow64) applewebkit/537.36 (khtml, like gecko) chrome/66.0.3359.139 safari/537.36
 [ 2018-8-15 13:35:56 ] err: TypeError: Cannot read property 'constructor' of undefined

 [ 2018-8-15 13:37:12 ] error: /mosc/user_list/update
 [ 2018-8-15 13:37:12 ] brower: mozilla/5.0 (windows nt 6.1; wow64) applewebkit/537.36 (khtml, like gecko) chrome/66.0.3359.139 safari/537.36
 [ 2018-8-15 13:37:12 ] err: TypeError: Cannot read property 'constructor' of undefined

 [ 2018-8-15 13:47:45 ] error: /mosc/face.jpg
 [ 2018-8-15 13:47:45 ] brower: mozilla/5.0 (windows nt 6.1; wow64) applewebkit/537.36 (khtml, like gecko) chrome/66.0.3359.139 safari/537.36
 [ 2018-8-15 13:47:45 ] err: 404

 [ 2018-8-15 13:47:45 ] error: /mosc/face.jpg
 [ 2018-8-15 13:47:45 ] brower: mozilla/5.0 (windows nt 6.1; wow64) applewebkit/537.36 (khtml, like gecko) chrome/66.0.3359.139 safari/537.36
 [ 2018-8-15 13:47:45 ] err: Error: Failed to lookup view "404" in views directory "E:\莫尚成\mosc\views"

 [ 2018-8-15 13:47:45 ] error: /mosc/js/weather.js
 [ 2018-8-15 13:47:45 ] brower: mozilla/5.0 (windows nt 6.1; wow64) applewebkit/537.36 (khtml, like gecko) chrome/66.0.3359.139 safari/537.36
 [ 2018-8-15 13:47:45 ] err: 404

 [ 2018-8-15 13:47:45 ] error: /mosc/js/weather.js
 [ 2018-8-15 13:47:45 ] brower: mozilla/5.0 (windows nt 6.1; wow64) applewebkit/537.36 (khtml, like gecko) chrome/66.0.3359.139 safari/537.36
 [ 2018-8-15 13:47:45 ] err: Error: Failed to lookup view "404" in views directory "E:\莫尚成\mosc\views"

 [ 2018-8-15 13:47:46 ] error: /mosc/js/weather.js
 [ 2018-8-15 13:47:46 ] brower: mozilla/5.0 (windows nt 6.1; wow64) applewebkit/537.36 (khtml, like gecko) chrome/66.0.3359.139 safari/537.36
 [ 2018-8-15 13:47:46 ] err: Error: Failed to lookup view "404" in views directory "E:\莫尚成\mosc\views"

 [ 2018-8-15 13:47:46 ] error: /mosc/js/weather.js
 [ 2018-8-15 13:47:46 ] brower: mozilla/5.0 (windows nt 6.1; wow64) applewebkit/537.36 (khtml, like gecko) chrome/66.0.3359.139 safari/537.36
 [ 2018-8-15 13:47:46 ] err: 404

 [ 2018-8-15 13:48:05 ] error: /mosc/user_list/update
 [ 2018-8-15 13:48:05 ] brower: mozilla/5.0 (windows nt 6.1; wow64) applewebkit/537.36 (khtml, like gecko) chrome/66.0.3359.139 safari/537.36
 [ 2018-8-15 13:48:05 ] err: TypeError: Cannot read property 'constructor' of undefined

 [ 2018-8-15 13:48:38 ] error: /mosc/js/weather.js
 [ 2018-8-15 13:48:38 ] brower: mozilla/5.0 (windows nt 6.1; wow64) applewebkit/537.36 (khtml, like gecko) chrome/66.0.3359.139 safari/537.36
 [ 2018-8-15 13:48:38 ] err: 404

 [ 2018-8-15 13:48:38 ] error: /mosc/js/weather.js
 [ 2018-8-15 13:48:38 ] brower: mozilla/5.0 (windows nt 6.1; wow64) applewebkit/537.36 (khtml, like gecko) chrome/66.0.3359.139 safari/537.36
 [ 2018-8-15 13:48:38 ] err: Error: Failed to lookup view "404" in views directory "E:\莫尚成\mosc\views"

 [ 2018-8-15 13:48:38 ] error: /mosc/face.jpg
 [ 2018-8-15 13:48:38 ] brower: mozilla/5.0 (windows nt 6.1; wow64) applewebkit/537.36 (khtml, like gecko) chrome/66.0.3359.139 safari/537.36
 [ 2018-8-15 13:48:38 ] err: 404

 [ 2018-8-15 13:48:38 ] error: /mosc/face.jpg
 [ 2018-8-15 13:48:38 ] brower: mozilla/5.0 (windows nt 6.1; wow64) applewebkit/537.36 (khtml, like gecko) chrome/66.0.3359.139 safari/537.36
 [ 2018-8-15 13:48:38 ] err: Error: Failed to lookup view "404" in views directory "E:\莫尚成\mosc\views"

 [ 2018-8-15 13:50:48 ] error: /mosc/face.jpg
 [ 2018-8-15 13:50:48 ] brower: mozilla/5.0 (windows nt 6.1; wow64) applewebkit/537.36 (khtml, like gecko) chrome/66.0.3359.139 safari/537.36
 [ 2018-8-15 13:50:48 ] err: 404

 [ 2018-8-15 13:50:48 ] error: /mosc/face.jpg
 [ 2018-8-15 13:50:48 ] brower: mozilla/5.0 (windows nt 6.1; wow64) applewebkit/537.36 (khtml, like gecko) chrome/66.0.3359.139 safari/537.36
 [ 2018-8-15 13:50:48 ] err: Error: Failed to lookup view "404" in views directory "E:\莫尚成\mosc\views"

 [ 2018-8-15 13:51:26 ] error: /mosc/user_list/update
 [ 2018-8-15 13:51:26 ] brower: mozilla/5.0 (windows nt 6.1; wow64) applewebkit/537.36 (khtml, like gecko) chrome/66.0.3359.139 safari/537.36
 [ 2018-8-15 13:51:26 ] err: TypeError: Cannot read property 'constructor' of undefined

 [ 2018-8-15 13:52:56 ] error: /mosc/user_list/update
 [ 2018-8-15 13:52:56 ] brower: mozilla/5.0 (windows nt 6.1; wow64) applewebkit/537.36 (khtml, like gecko) chrome/66.0.3359.139 safari/537.36
 [ 2018-8-15 13:52:56 ] err: TypeError: Cannot read property 'constructor' of undefined

 [ 2018-8-15 13:53:04 ] error: /mosc/user_list/update
 [ 2018-8-15 13:53:04 ] brower: mozilla/5.0 (windows nt 6.1; wow64) applewebkit/537.36 (khtml, like gecko) chrome/66.0.3359.139 safari/537.36
 [ 2018-8-15 13:53:04 ] err: TypeError: Cannot read property 'constructor' of undefined

 [ 2018-8-15 13:53:30 ] error: /mosc/user_list/update
 [ 2018-8-15 13:53:30 ] brower: mozilla/5.0 (windows nt 6.1; wow64) applewebkit/537.36 (khtml, like gecko) chrome/66.0.3359.139 safari/537.36
 [ 2018-8-15 13:53:30 ] err: TypeError: Cannot read property 'constructor' of undefined

 [ 2018-8-15 13:55:16 ] error: /mosc/user_list/update
 [ 2018-8-15 13:55:16 ] brower: mozilla/5.0 (windows nt 6.1; wow64) applewebkit/537.36 (khtml, like gecko) chrome/66.0.3359.139 safari/537.36
 [ 2018-8-15 13:55:16 ] err: TypeError: Cannot read property 'constructor' of undefined

 [ 2018-8-15 13:55:19 ] error: /mosc/user_list/update
 [ 2018-8-15 13:55:19 ] brower: mozilla/5.0 (windows nt 6.1; wow64) applewebkit/537.36 (khtml, like gecko) chrome/66.0.3359.139 safari/537.36
 [ 2018-8-15 13:55:19 ] err: TypeError: Cannot read property 'constructor' of undefined

 [ 2018-8-15 13:57:06 ] error: /mosc/user_list/update
 [ 2018-8-15 13:57:06 ] brower: mozilla/5.0 (windows nt 6.1; wow64) applewebkit/537.36 (khtml, like gecko) chrome/66.0.3359.139 safari/537.36
 [ 2018-8-15 13:57:06 ] err: TypeError: Cannot read property 'constructor' of undefined

 [ 2018-8-15 14:16:02 ] error: /mosc/message
 [ 2018-8-15 14:16:02 ] brower: mozilla/5.0 (windows nt 6.1; wow64) applewebkit/537.36 (khtml, like gecko) chrome/66.0.3359.139 safari/537.36
 [ 2018-8-15 14:16:02 ] err: Error: Failed to lookup view "404" in views directory "E:\莫尚成\mosc\views"

 [ 2018-8-15 14:16:02 ] error: /mosc/message
 [ 2018-8-15 14:16:02 ] brower: mozilla/5.0 (windows nt 6.1; wow64) applewebkit/537.36 (khtml, like gecko) chrome/66.0.3359.139 safari/537.36
 [ 2018-8-15 14:16:02 ] err: 404

 [ 2018-8-15 14:16:35 ] error: /mosc/message
 [ 2018-8-15 14:16:35 ] brower: mozilla/5.0 (windows nt 6.1; wow64) applewebkit/537.36 (khtml, like gecko) chrome/66.0.3359.139 safari/537.36
 [ 2018-8-15 14:16:35 ] err: 404

 [ 2018-8-15 14:16:35 ] error: /mosc/message
 [ 2018-8-15 14:16:35 ] brower: mozilla/5.0 (windows nt 6.1; wow64) applewebkit/537.36 (khtml, like gecko) chrome/66.0.3359.139 safari/537.36
 [ 2018-8-15 14:16:35 ] err: Error: Failed to lookup view "404" in views directory "E:\莫尚成\mosc\views"

 [ 2018-8-15 14:16:37 ] error: /mosc/message
 [ 2018-8-15 14:16:37 ] brower: mozilla/5.0 (windows nt 6.1; wow64) applewebkit/537.36 (khtml, like gecko) chrome/66.0.3359.139 safari/537.36
 [ 2018-8-15 14:16:37 ] err: Error: Failed to lookup view "404" in views directory "E:\莫尚成\mosc\views"

 [ 2018-8-15 14:16:37 ] error: /mosc/message
 [ 2018-8-15 14:16:37 ] brower: mozilla/5.0 (windows nt 6.1; wow64) applewebkit/537.36 (khtml, like gecko) chrome/66.0.3359.139 safari/537.36
 [ 2018-8-15 14:16:37 ] err: 404

 [ 2018-8-15 14:17:29 ] error: /mosc/message
 [ 2018-8-15 14:17:29 ] brower: mozilla/5.0 (windows nt 6.1; wow64) applewebkit/537.36 (khtml, like gecko) chrome/66.0.3359.139 safari/537.36
 [ 2018-8-15 14:17:29 ] err: Error: Failed to lookup view "/mosc/message" in views directory "E:\莫尚成\mosc\views"

